Namespace(arch='resnet56', batch_size=64, cuda=True, dataset='cifar10', decay_epoch=[20, 60, 150], depth=19, epochs=200, expand=True, gammas=[0.5, 0.5, 0.4], log='./log/finetune_CIFAR10-resnet56_zol_2.5e-5_alpha1.5_wd5e-4_0.2decay_warmup_3_grad_lr1e-3_2', log_interval=100, lr=0.001, momentum=0.9, no_cuda=False, refine='./logs/CIFAR10-resnet56_zol_2.5e-5_alpha1.5_wd5e-4_0.2decay_warmup_3/pruned_grad.pth.tar', resume='', s=0.0001, save='./logs/finetune_CIFAR10-resnet56_zol_2.5e-5_alpha1.5_wd5e-4_0.2decay_warmup_3_grad_lr1e-3_2/', seed=1, sr=False, start_epoch=0, test_batch_size=128, weight_decay=0.0005)
Files already downloaded and verified
Testing the loaded model...
main_finetune.py:207: UserWarning: volatile was removed and now has no effect. Use `with torch.no_grad():` instead.
  data, target = Variable(data, volatile=True), Variable(target)
/home/pruning/lib/python3.6/site-packages/torch/nn/_reduction.py:43: UserWarning: size_average and reduce args will be deprecated, please use reduction='sum' instead.
  warnings.warn(warning.format(ret))

Test set: Average loss: 0.4595, Accuracy: 8877/10000 (88.0%)

Train Epoch: 0 [0/50000 (0.0%)]	Loss: 0.043722
Train Epoch: 0 [6400/50000 (12.8%)]	Loss: 0.005088
Train Epoch: 0 [12800/50000 (25.6%)]	Loss: 0.056148
Train Epoch: 0 [19200/50000 (38.4%)]	Loss: 0.049998
Train Epoch: 0 [25600/50000 (51.2%)]	Loss: 0.021497
Train Epoch: 0 [32000/50000 (63.9%)]	Loss: 0.094215
Train Epoch: 0 [38400/50000 (76.7%)]	Loss: 0.005440
Train Epoch: 0 [44800/50000 (89.5%)]	Loss: 0.033236

Test set: Average loss: 0.2414, Accuracy: 9346/10000 (93.0%)

Train Epoch: 1 [0/50000 (0.0%)]	Loss: 0.009722
Train Epoch: 1 [6400/50000 (12.8%)]	Loss: 0.010116
Train Epoch: 1 [12800/50000 (25.6%)]	Loss: 0.066320
Train Epoch: 1 [19200/50000 (38.4%)]	Loss: 0.039680
Train Epoch: 1 [25600/50000 (51.2%)]	Loss: 0.013200
Train Epoch: 1 [32000/50000 (63.9%)]	Loss: 0.050840
Train Epoch: 1 [38400/50000 (76.7%)]	Loss: 0.025025
Train Epoch: 1 [44800/50000 (89.5%)]	Loss: 0.015608

Test set: Average loss: 0.2410, Accuracy: 9343/10000 (93.0%)

Train Epoch: 2 [0/50000 (0.0%)]	Loss: 0.016732
Train Epoch: 2 [6400/50000 (12.8%)]	Loss: 0.009802
Train Epoch: 2 [12800/50000 (25.6%)]	Loss: 0.015771
Train Epoch: 2 [19200/50000 (38.4%)]	Loss: 0.017852
Train Epoch: 2 [25600/50000 (51.2%)]	Loss: 0.014082
Train Epoch: 2 [32000/50000 (63.9%)]	Loss: 0.005043
Train Epoch: 2 [38400/50000 (76.7%)]	Loss: 0.015030
Train Epoch: 2 [44800/50000 (89.5%)]	Loss: 0.011119

Test set: Average loss: 0.2463, Accuracy: 9340/10000 (93.0%)

Train Epoch: 3 [0/50000 (0.0%)]	Loss: 0.032037
Train Epoch: 3 [6400/50000 (12.8%)]	Loss: 0.017724
Train Epoch: 3 [12800/50000 (25.6%)]	Loss: 0.013780
Train Epoch: 3 [19200/50000 (38.4%)]	Loss: 0.002766
Train Epoch: 3 [25600/50000 (51.2%)]	Loss: 0.063607
Train Epoch: 3 [32000/50000 (63.9%)]	Loss: 0.040326
Train Epoch: 3 [38400/50000 (76.7%)]	Loss: 0.013894
Train Epoch: 3 [44800/50000 (89.5%)]	Loss: 0.012158

Test set: Average loss: 0.2457, Accuracy: 9348/10000 (93.0%)

Train Epoch: 4 [0/50000 (0.0%)]	Loss: 0.069271
Train Epoch: 4 [6400/50000 (12.8%)]	Loss: 0.116371
Train Epoch: 4 [12800/50000 (25.6%)]	Loss: 0.009359
Train Epoch: 4 [19200/50000 (38.4%)]	Loss: 0.004493
Train Epoch: 4 [25600/50000 (51.2%)]	Loss: 0.004160
Train Epoch: 4 [32000/50000 (63.9%)]	Loss: 0.009392
Train Epoch: 4 [38400/50000 (76.7%)]	Loss: 0.015755
Train Epoch: 4 [44800/50000 (89.5%)]	Loss: 0.030067

Test set: Average loss: 0.2426, Accuracy: 9346/10000 (93.0%)

Train Epoch: 5 [0/50000 (0.0%)]	Loss: 0.007576
Train Epoch: 5 [6400/50000 (12.8%)]	Loss: 0.029742
Train Epoch: 5 [12800/50000 (25.6%)]	Loss: 0.022371
Train Epoch: 5 [19200/50000 (38.4%)]	Loss: 0.008532
Train Epoch: 5 [25600/50000 (51.2%)]	Loss: 0.002692
Train Epoch: 5 [32000/50000 (63.9%)]	Loss: 0.004927
Train Epoch: 5 [38400/50000 (76.7%)]	Loss: 0.014527
Train Epoch: 5 [44800/50000 (89.5%)]	Loss: 0.047362

Test set: Average loss: 0.2473, Accuracy: 9350/10000 (93.0%)

Train Epoch: 6 [0/50000 (0.0%)]	Loss: 0.003282
Train Epoch: 6 [6400/50000 (12.8%)]	Loss: 0.005921
Train Epoch: 6 [12800/50000 (25.6%)]	Loss: 0.016914
Train Epoch: 6 [19200/50000 (38.4%)]	Loss: 0.005824
Train Epoch: 6 [25600/50000 (51.2%)]	Loss: 0.021016
Train Epoch: 6 [32000/50000 (63.9%)]	Loss: 0.005574
Train Epoch: 6 [38400/50000 (76.7%)]	Loss: 0.006172
Train Epoch: 6 [44800/50000 (89.5%)]	Loss: 0.021602

Test set: Average loss: 0.2436, Accuracy: 9365/10000 (93.0%)

Train Epoch: 7 [0/50000 (0.0%)]	Loss: 0.010730
Train Epoch: 7 [6400/50000 (12.8%)]	Loss: 0.006138
Train Epoch: 7 [12800/50000 (25.6%)]	Loss: 0.060182
Train Epoch: 7 [19200/50000 (38.4%)]	Loss: 0.045374
Train Epoch: 7 [25600/50000 (51.2%)]	Loss: 0.016351
Train Epoch: 7 [32000/50000 (63.9%)]	Loss: 0.016248
Train Epoch: 7 [38400/50000 (76.7%)]	Loss: 0.002429
Train Epoch: 7 [44800/50000 (89.5%)]	Loss: 0.004708

Test set: Average loss: 0.2534, Accuracy: 9346/10000 (93.0%)

Train Epoch: 8 [0/50000 (0.0%)]	Loss: 0.061155
Train Epoch: 8 [6400/50000 (12.8%)]	Loss: 0.027004
Train Epoch: 8 [12800/50000 (25.6%)]	Loss: 0.013836
Train Epoch: 8 [19200/50000 (38.4%)]	Loss: 0.020789
Train Epoch: 8 [25600/50000 (51.2%)]	Loss: 0.002945
Train Epoch: 8 [32000/50000 (63.9%)]	Loss: 0.035359
Train Epoch: 8 [38400/50000 (76.7%)]	Loss: 0.003981
Train Epoch: 8 [44800/50000 (89.5%)]	Loss: 0.021101

Test set: Average loss: 0.2545, Accuracy: 9338/10000 (93.0%)

Train Epoch: 9 [0/50000 (0.0%)]	Loss: 0.043696
Train Epoch: 9 [6400/50000 (12.8%)]	Loss: 0.029511
Train Epoch: 9 [12800/50000 (25.6%)]	Loss: 0.025636
Train Epoch: 9 [19200/50000 (38.4%)]	Loss: 0.020814
Train Epoch: 9 [25600/50000 (51.2%)]	Loss: 0.006746
Train Epoch: 9 [32000/50000 (63.9%)]	Loss: 0.004817
Train Epoch: 9 [38400/50000 (76.7%)]	Loss: 0.006832
Train Epoch: 9 [44800/50000 (89.5%)]	Loss: 0.006806

Test set: Average loss: 0.2503, Accuracy: 9352/10000 (93.0%)

Train Epoch: 10 [0/50000 (0.0%)]	Loss: 0.008541
Train Epoch: 10 [6400/50000 (12.8%)]	Loss: 0.004509
Train Epoch: 10 [12800/50000 (25.6%)]	Loss: 0.037253
Train Epoch: 10 [19200/50000 (38.4%)]	Loss: 0.004715
Train Epoch: 10 [25600/50000 (51.2%)]	Loss: 0.066560
Train Epoch: 10 [32000/50000 (63.9%)]	Loss: 0.016048
Train Epoch: 10 [38400/50000 (76.7%)]	Loss: 0.023269
Train Epoch: 10 [44800/50000 (89.5%)]	Loss: 0.009598

Test set: Average loss: 0.2512, Accuracy: 9352/10000 (93.0%)

Train Epoch: 11 [0/50000 (0.0%)]	Loss: 0.001917
Train Epoch: 11 [6400/50000 (12.8%)]	Loss: 0.011226
Train Epoch: 11 [12800/50000 (25.6%)]	Loss: 0.009614
Train Epoch: 11 [19200/50000 (38.4%)]	Loss: 0.006399
Train Epoch: 11 [25600/50000 (51.2%)]	Loss: 0.005882
Train Epoch: 11 [32000/50000 (63.9%)]	Loss: 0.003923
Train Epoch: 11 [38400/50000 (76.7%)]	Loss: 0.008835
Train Epoch: 11 [44800/50000 (89.5%)]	Loss: 0.005881

Test set: Average loss: 0.2603, Accuracy: 9348/10000 (93.0%)

Train Epoch: 12 [0/50000 (0.0%)]	Loss: 0.031035
Train Epoch: 12 [6400/50000 (12.8%)]	Loss: 0.002917
Train Epoch: 12 [12800/50000 (25.6%)]	Loss: 0.065991
Train Epoch: 12 [19200/50000 (38.4%)]	Loss: 0.003135
Train Epoch: 12 [25600/50000 (51.2%)]	Loss: 0.023491
Train Epoch: 12 [32000/50000 (63.9%)]	Loss: 0.010296
Train Epoch: 12 [38400/50000 (76.7%)]	Loss: 0.028303
Train Epoch: 12 [44800/50000 (89.5%)]	Loss: 0.003183

Test set: Average loss: 0.2459, Accuracy: 9363/10000 (93.0%)

Train Epoch: 13 [0/50000 (0.0%)]	Loss: 0.042849
Train Epoch: 13 [6400/50000 (12.8%)]	Loss: 0.021152
Train Epoch: 13 [12800/50000 (25.6%)]	Loss: 0.013248
Train Epoch: 13 [19200/50000 (38.4%)]	Loss: 0.012482
Train Epoch: 13 [25600/50000 (51.2%)]	Loss: 0.040305
Train Epoch: 13 [32000/50000 (63.9%)]	Loss: 0.005939
Train Epoch: 13 [38400/50000 (76.7%)]	Loss: 0.035982
Train Epoch: 13 [44800/50000 (89.5%)]	Loss: 0.028969

Test set: Average loss: 0.2591, Accuracy: 9335/10000 (93.0%)

Train Epoch: 14 [0/50000 (0.0%)]	Loss: 0.012924
Train Epoch: 14 [6400/50000 (12.8%)]	Loss: 0.029765
Train Epoch: 14 [12800/50000 (25.6%)]	Loss: 0.017899
Train Epoch: 14 [19200/50000 (38.4%)]	Loss: 0.001711
Train Epoch: 14 [25600/50000 (51.2%)]	Loss: 0.033760
Train Epoch: 14 [32000/50000 (63.9%)]	Loss: 0.003676
Train Epoch: 14 [38400/50000 (76.7%)]	Loss: 0.010737
Train Epoch: 14 [44800/50000 (89.5%)]	Loss: 0.004210

Test set: Average loss: 0.2500, Accuracy: 9345/10000 (93.0%)

Train Epoch: 15 [0/50000 (0.0%)]	Loss: 0.019764
Train Epoch: 15 [6400/50000 (12.8%)]	Loss: 0.031776
Train Epoch: 15 [12800/50000 (25.6%)]	Loss: 0.005807
Train Epoch: 15 [19200/50000 (38.4%)]	Loss: 0.006473
Train Epoch: 15 [25600/50000 (51.2%)]	Loss: 0.009591
Train Epoch: 15 [32000/50000 (63.9%)]	Loss: 0.006387
Train Epoch: 15 [38400/50000 (76.7%)]	Loss: 0.005864
Train Epoch: 15 [44800/50000 (89.5%)]	Loss: 0.007056

Test set: Average loss: 0.2666, Accuracy: 9310/10000 (93.0%)

Train Epoch: 16 [0/50000 (0.0%)]	Loss: 0.012304
Train Epoch: 16 [6400/50000 (12.8%)]	Loss: 0.027115
Train Epoch: 16 [12800/50000 (25.6%)]	Loss: 0.016593
Train Epoch: 16 [19200/50000 (38.4%)]	Loss: 0.016626
Train Epoch: 16 [25600/50000 (51.2%)]	Loss: 0.006064
Train Epoch: 16 [32000/50000 (63.9%)]	Loss: 0.014049
Train Epoch: 16 [38400/50000 (76.7%)]	Loss: 0.008853
Train Epoch: 16 [44800/50000 (89.5%)]	Loss: 0.009830

Test set: Average loss: 0.2657, Accuracy: 9332/10000 (93.0%)

Train Epoch: 17 [0/50000 (0.0%)]	Loss: 0.005120
Train Epoch: 17 [6400/50000 (12.8%)]	Loss: 0.014250
Train Epoch: 17 [12800/50000 (25.6%)]	Loss: 0.017831
Train Epoch: 17 [19200/50000 (38.4%)]	Loss: 0.008796
Train Epoch: 17 [25600/50000 (51.2%)]	Loss: 0.018715
Train Epoch: 17 [32000/50000 (63.9%)]	Loss: 0.006458
Train Epoch: 17 [38400/50000 (76.7%)]	Loss: 0.010741
Train Epoch: 17 [44800/50000 (89.5%)]	Loss: 0.021256

Test set: Average loss: 0.2612, Accuracy: 9330/10000 (93.0%)

Train Epoch: 18 [0/50000 (0.0%)]	Loss: 0.004758
Train Epoch: 18 [6400/50000 (12.8%)]	Loss: 0.040310
Train Epoch: 18 [12800/50000 (25.6%)]	Loss: 0.001611
Train Epoch: 18 [19200/50000 (38.4%)]	Loss: 0.014720
Train Epoch: 18 [25600/50000 (51.2%)]	Loss: 0.003465
Train Epoch: 18 [32000/50000 (63.9%)]	Loss: 0.001713
Train Epoch: 18 [38400/50000 (76.7%)]	Loss: 0.008377
Train Epoch: 18 [44800/50000 (89.5%)]	Loss: 0.023965

Test set: Average loss: 0.2591, Accuracy: 9335/10000 (93.0%)

Train Epoch: 19 [0/50000 (0.0%)]	Loss: 0.019455
Train Epoch: 19 [6400/50000 (12.8%)]	Loss: 0.014998
Train Epoch: 19 [12800/50000 (25.6%)]	Loss: 0.017599
Train Epoch: 19 [19200/50000 (38.4%)]	Loss: 0.010494
Train Epoch: 19 [25600/50000 (51.2%)]	Loss: 0.023179
Train Epoch: 19 [32000/50000 (63.9%)]	Loss: 0.013632
Train Epoch: 19 [38400/50000 (76.7%)]	Loss: 0.054575
Train Epoch: 19 [44800/50000 (89.5%)]	Loss: 0.016167

Test set: Average loss: 0.2624, Accuracy: 9328/10000 (93.0%)

Train Epoch: 20 [0/50000 (0.0%)]	Loss: 0.002998
Train Epoch: 20 [6400/50000 (12.8%)]	Loss: 0.007571
Train Epoch: 20 [12800/50000 (25.6%)]	Loss: 0.038743
Train Epoch: 20 [19200/50000 (38.4%)]	Loss: 0.011518
Train Epoch: 20 [25600/50000 (51.2%)]	Loss: 0.003272
Train Epoch: 20 [32000/50000 (63.9%)]	Loss: 0.060711
Train Epoch: 20 [38400/50000 (76.7%)]	Loss: 0.004018
Train Epoch: 20 [44800/50000 (89.5%)]	Loss: 0.005407

Test set: Average loss: 0.2489, Accuracy: 9351/10000 (93.0%)

Train Epoch: 21 [0/50000 (0.0%)]	Loss: 0.009525
Train Epoch: 21 [6400/50000 (12.8%)]	Loss: 0.001362
Train Epoch: 21 [12800/50000 (25.6%)]	Loss: 0.018159
Train Epoch: 21 [19200/50000 (38.4%)]	Loss: 0.006519
Train Epoch: 21 [25600/50000 (51.2%)]	Loss: 0.003389
Train Epoch: 21 [32000/50000 (63.9%)]	Loss: 0.005556
Train Epoch: 21 [38400/50000 (76.7%)]	Loss: 0.011808
Train Epoch: 21 [44800/50000 (89.5%)]	Loss: 0.002799

Test set: Average loss: 0.2498, Accuracy: 9370/10000 (93.0%)

Train Epoch: 22 [0/50000 (0.0%)]	Loss: 0.004286
Train Epoch: 22 [6400/50000 (12.8%)]	Loss: 0.006143
Train Epoch: 22 [12800/50000 (25.6%)]	Loss: 0.007824
Train Epoch: 22 [19200/50000 (38.4%)]	Loss: 0.023201
Train Epoch: 22 [25600/50000 (51.2%)]	Loss: 0.003701
Train Epoch: 22 [32000/50000 (63.9%)]	Loss: 0.002229
Train Epoch: 22 [38400/50000 (76.7%)]	Loss: 0.014578
Train Epoch: 22 [44800/50000 (89.5%)]	Loss: 0.019131

Test set: Average loss: 0.2601, Accuracy: 9355/10000 (93.0%)

Train Epoch: 23 [0/50000 (0.0%)]	Loss: 0.019240
Train Epoch: 23 [6400/50000 (12.8%)]	Loss: 0.024969
Train Epoch: 23 [12800/50000 (25.6%)]	Loss: 0.005998
Train Epoch: 23 [19200/50000 (38.4%)]	Loss: 0.008850
Train Epoch: 23 [25600/50000 (51.2%)]	Loss: 0.019516
Train Epoch: 23 [32000/50000 (63.9%)]	Loss: 0.019522
Train Epoch: 23 [38400/50000 (76.7%)]	Loss: 0.002775
Train Epoch: 23 [44800/50000 (89.5%)]	Loss: 0.003777

Test set: Average loss: 0.2522, Accuracy: 9357/10000 (93.0%)

Train Epoch: 24 [0/50000 (0.0%)]	Loss: 0.008447
Train Epoch: 24 [6400/50000 (12.8%)]	Loss: 0.032856
Train Epoch: 24 [12800/50000 (25.6%)]	Loss: 0.002819
Train Epoch: 24 [19200/50000 (38.4%)]	Loss: 0.005615
Train Epoch: 24 [25600/50000 (51.2%)]	Loss: 0.002318
Train Epoch: 24 [32000/50000 (63.9%)]	Loss: 0.001433
Train Epoch: 24 [38400/50000 (76.7%)]	Loss: 0.003706
Train Epoch: 24 [44800/50000 (89.5%)]	Loss: 0.001524

Test set: Average loss: 0.2643, Accuracy: 9339/10000 (93.0%)

Train Epoch: 25 [0/50000 (0.0%)]	Loss: 0.008004
Train Epoch: 25 [6400/50000 (12.8%)]	Loss: 0.002393
Train Epoch: 25 [12800/50000 (25.6%)]	Loss: 0.036056
Train Epoch: 25 [19200/50000 (38.4%)]	Loss: 0.008751
Train Epoch: 25 [25600/50000 (51.2%)]	Loss: 0.004721
Train Epoch: 25 [32000/50000 (63.9%)]	Loss: 0.002907
Train Epoch: 25 [38400/50000 (76.7%)]	Loss: 0.005424
Train Epoch: 25 [44800/50000 (89.5%)]	Loss: 0.005498

Test set: Average loss: 0.2594, Accuracy: 9346/10000 (93.0%)

Train Epoch: 26 [0/50000 (0.0%)]	Loss: 0.003475
Train Epoch: 26 [6400/50000 (12.8%)]	Loss: 0.004077
Train Epoch: 26 [12800/50000 (25.6%)]	Loss: 0.007596
Train Epoch: 26 [19200/50000 (38.4%)]	Loss: 0.027621
Train Epoch: 26 [25600/50000 (51.2%)]	Loss: 0.051906
Train Epoch: 26 [32000/50000 (63.9%)]	Loss: 0.010991
Train Epoch: 26 [38400/50000 (76.7%)]	Loss: 0.043168
Train Epoch: 26 [44800/50000 (89.5%)]	Loss: 0.004654

Test set: Average loss: 0.2564, Accuracy: 9347/10000 (93.0%)

Train Epoch: 27 [0/50000 (0.0%)]	Loss: 0.007858
Train Epoch: 27 [6400/50000 (12.8%)]	Loss: 0.003572
Train Epoch: 27 [12800/50000 (25.6%)]	Loss: 0.003656
Train Epoch: 27 [19200/50000 (38.4%)]	Loss: 0.012414
Train Epoch: 27 [25600/50000 (51.2%)]	Loss: 0.007008
Train Epoch: 27 [32000/50000 (63.9%)]	Loss: 0.037740
Train Epoch: 27 [38400/50000 (76.7%)]	Loss: 0.008915
Train Epoch: 27 [44800/50000 (89.5%)]	Loss: 0.006658

Test set: Average loss: 0.2609, Accuracy: 9345/10000 (93.0%)

Train Epoch: 28 [0/50000 (0.0%)]	Loss: 0.003011
Train Epoch: 28 [6400/50000 (12.8%)]	Loss: 0.002225
Train Epoch: 28 [12800/50000 (25.6%)]	Loss: 0.008135
Train Epoch: 28 [19200/50000 (38.4%)]	Loss: 0.004770
Train Epoch: 28 [25600/50000 (51.2%)]	Loss: 0.003428
Train Epoch: 28 [32000/50000 (63.9%)]	Loss: 0.013357
Train Epoch: 28 [38400/50000 (76.7%)]	Loss: 0.002114
Train Epoch: 28 [44800/50000 (89.5%)]	Loss: 0.017162

Test set: Average loss: 0.2621, Accuracy: 9355/10000 (93.0%)

Train Epoch: 29 [0/50000 (0.0%)]	Loss: 0.004431
Train Epoch: 29 [6400/50000 (12.8%)]	Loss: 0.004517
Train Epoch: 29 [12800/50000 (25.6%)]	Loss: 0.006250
Train Epoch: 29 [19200/50000 (38.4%)]	Loss: 0.004532
Train Epoch: 29 [25600/50000 (51.2%)]	Loss: 0.071651
Train Epoch: 29 [32000/50000 (63.9%)]	Loss: 0.015909
Train Epoch: 29 [38400/50000 (76.7%)]	Loss: 0.043425
Train Epoch: 29 [44800/50000 (89.5%)]	Loss: 0.010923

Test set: Average loss: 0.2600, Accuracy: 9362/10000 (93.0%)

Train Epoch: 30 [0/50000 (0.0%)]	Loss: 0.001322
Train Epoch: 30 [6400/50000 (12.8%)]	Loss: 0.004619
Train Epoch: 30 [12800/50000 (25.6%)]	Loss: 0.002483
Train Epoch: 30 [19200/50000 (38.4%)]	Loss: 0.003224
Train Epoch: 30 [25600/50000 (51.2%)]	Loss: 0.019855
Train Epoch: 30 [32000/50000 (63.9%)]	Loss: 0.004775
Train Epoch: 30 [38400/50000 (76.7%)]	Loss: 0.024958
Train Epoch: 30 [44800/50000 (89.5%)]	Loss: 0.043286

Test set: Average loss: 0.2623, Accuracy: 9363/10000 (93.0%)

Train Epoch: 31 [0/50000 (0.0%)]	Loss: 0.033005
Train Epoch: 31 [6400/50000 (12.8%)]	Loss: 0.002881
Train Epoch: 31 [12800/50000 (25.6%)]	Loss: 0.017742
Train Epoch: 31 [19200/50000 (38.4%)]	Loss: 0.028866
Train Epoch: 31 [25600/50000 (51.2%)]	Loss: 0.002899
Train Epoch: 31 [32000/50000 (63.9%)]	Loss: 0.015915
Train Epoch: 31 [38400/50000 (76.7%)]	Loss: 0.004741
Train Epoch: 31 [44800/50000 (89.5%)]	Loss: 0.001860

Test set: Average loss: 0.2597, Accuracy: 9366/10000 (93.0%)

Train Epoch: 32 [0/50000 (0.0%)]	Loss: 0.002497
Train Epoch: 32 [6400/50000 (12.8%)]	Loss: 0.005962
Train Epoch: 32 [12800/50000 (25.6%)]	Loss: 0.005542
Train Epoch: 32 [19200/50000 (38.4%)]	Loss: 0.002991
Train Epoch: 32 [25600/50000 (51.2%)]	Loss: 0.001181
Train Epoch: 32 [32000/50000 (63.9%)]	Loss: 0.010258
Train Epoch: 32 [38400/50000 (76.7%)]	Loss: 0.007582
Train Epoch: 32 [44800/50000 (89.5%)]	Loss: 0.008965

Test set: Average loss: 0.2672, Accuracy: 9360/10000 (93.0%)

Train Epoch: 33 [0/50000 (0.0%)]	Loss: 0.004181
Train Epoch: 33 [6400/50000 (12.8%)]	Loss: 0.012194
Train Epoch: 33 [12800/50000 (25.6%)]	Loss: 0.002658
Train Epoch: 33 [19200/50000 (38.4%)]	Loss: 0.002690
Train Epoch: 33 [25600/50000 (51.2%)]	Loss: 0.014236
Train Epoch: 33 [32000/50000 (63.9%)]	Loss: 0.002044
Train Epoch: 33 [38400/50000 (76.7%)]	Loss: 0.007832
Train Epoch: 33 [44800/50000 (89.5%)]	Loss: 0.005838

Test set: Average loss: 0.2580, Accuracy: 9362/10000 (93.0%)

Train Epoch: 34 [0/50000 (0.0%)]	Loss: 0.004548
Train Epoch: 34 [6400/50000 (12.8%)]	Loss: 0.034848
Train Epoch: 34 [12800/50000 (25.6%)]	Loss: 0.001619
Train Epoch: 34 [19200/50000 (38.4%)]	Loss: 0.006958
Train Epoch: 34 [25600/50000 (51.2%)]	Loss: 0.003696
Train Epoch: 34 [32000/50000 (63.9%)]	Loss: 0.010565
Train Epoch: 34 [38400/50000 (76.7%)]	Loss: 0.008886
Train Epoch: 34 [44800/50000 (89.5%)]	Loss: 0.016558

Test set: Average loss: 0.2583, Accuracy: 9370/10000 (93.0%)

Train Epoch: 35 [0/50000 (0.0%)]	Loss: 0.015608
Train Epoch: 35 [6400/50000 (12.8%)]	Loss: 0.003565
Train Epoch: 35 [12800/50000 (25.6%)]	Loss: 0.003988
Train Epoch: 35 [19200/50000 (38.4%)]	Loss: 0.007823
Train Epoch: 35 [25600/50000 (51.2%)]	Loss: 0.004307
Train Epoch: 35 [32000/50000 (63.9%)]	Loss: 0.005795
Train Epoch: 35 [38400/50000 (76.7%)]	Loss: 0.006585
Train Epoch: 35 [44800/50000 (89.5%)]	Loss: 0.005681

Test set: Average loss: 0.2536, Accuracy: 9379/10000 (93.0%)

Train Epoch: 36 [0/50000 (0.0%)]	Loss: 0.003107
Train Epoch: 36 [6400/50000 (12.8%)]	Loss: 0.005173
Train Epoch: 36 [12800/50000 (25.6%)]	Loss: 0.002714
Train Epoch: 36 [19200/50000 (38.4%)]	Loss: 0.004872
Train Epoch: 36 [25600/50000 (51.2%)]	Loss: 0.017161
Train Epoch: 36 [32000/50000 (63.9%)]	Loss: 0.003699
Train Epoch: 36 [38400/50000 (76.7%)]	Loss: 0.002558
Train Epoch: 36 [44800/50000 (89.5%)]	Loss: 0.004057

Test set: Average loss: 0.2637, Accuracy: 9366/10000 (93.0%)

Train Epoch: 37 [0/50000 (0.0%)]	Loss: 0.001650
Train Epoch: 37 [6400/50000 (12.8%)]	Loss: 0.004938
Train Epoch: 37 [12800/50000 (25.6%)]	Loss: 0.010506
Train Epoch: 37 [19200/50000 (38.4%)]	Loss: 0.013969
Train Epoch: 37 [25600/50000 (51.2%)]	Loss: 0.004289
Train Epoch: 37 [32000/50000 (63.9%)]	Loss: 0.013499
Train Epoch: 37 [38400/50000 (76.7%)]	Loss: 0.012045
Train Epoch: 37 [44800/50000 (89.5%)]	Loss: 0.005636

Test set: Average loss: 0.2617, Accuracy: 9364/10000 (93.0%)

Train Epoch: 38 [0/50000 (0.0%)]	Loss: 0.006433
Train Epoch: 38 [6400/50000 (12.8%)]	Loss: 0.003703
Train Epoch: 38 [12800/50000 (25.6%)]	Loss: 0.017863
Train Epoch: 38 [19200/50000 (38.4%)]	Loss: 0.003031
Train Epoch: 38 [25600/50000 (51.2%)]	Loss: 0.002862
Train Epoch: 38 [32000/50000 (63.9%)]	Loss: 0.012756
Train Epoch: 38 [38400/50000 (76.7%)]	Loss: 0.003867
Train Epoch: 38 [44800/50000 (89.5%)]	Loss: 0.002791

Test set: Average loss: 0.2576, Accuracy: 9375/10000 (93.0%)

Train Epoch: 39 [0/50000 (0.0%)]	Loss: 0.022729
Train Epoch: 39 [6400/50000 (12.8%)]	Loss: 0.021590
Train Epoch: 39 [12800/50000 (25.6%)]	Loss: 0.004176
Train Epoch: 39 [19200/50000 (38.4%)]	Loss: 0.009590
Train Epoch: 39 [25600/50000 (51.2%)]	Loss: 0.060671
Train Epoch: 39 [32000/50000 (63.9%)]	Loss: 0.012979
Train Epoch: 39 [38400/50000 (76.7%)]	Loss: 0.003722
Train Epoch: 39 [44800/50000 (89.5%)]	Loss: 0.031586

Test set: Average loss: 0.2648, Accuracy: 9366/10000 (93.0%)

Train Epoch: 40 [0/50000 (0.0%)]	Loss: 0.006235
Train Epoch: 40 [6400/50000 (12.8%)]	Loss: 0.001939
Train Epoch: 40 [12800/50000 (25.6%)]	Loss: 0.004598
Train Epoch: 40 [19200/50000 (38.4%)]	Loss: 0.006478
Train Epoch: 40 [25600/50000 (51.2%)]	Loss: 0.003318
Train Epoch: 40 [32000/50000 (63.9%)]	Loss: 0.003230
Train Epoch: 40 [38400/50000 (76.7%)]	Loss: 0.001330
Train Epoch: 40 [44800/50000 (89.5%)]	Loss: 0.011565

Test set: Average loss: 0.2652, Accuracy: 9375/10000 (93.0%)

Train Epoch: 41 [0/50000 (0.0%)]	Loss: 0.015433
Train Epoch: 41 [6400/50000 (12.8%)]	Loss: 0.030668
Train Epoch: 41 [12800/50000 (25.6%)]	Loss: 0.006699
Train Epoch: 41 [19200/50000 (38.4%)]	Loss: 0.001356
Train Epoch: 41 [25600/50000 (51.2%)]	Loss: 0.001857
Train Epoch: 41 [32000/50000 (63.9%)]	Loss: 0.005296
Train Epoch: 41 [38400/50000 (76.7%)]	Loss: 0.025702
Train Epoch: 41 [44800/50000 (89.5%)]	Loss: 0.005369

Test set: Average loss: 0.2638, Accuracy: 9354/10000 (93.0%)

Train Epoch: 42 [0/50000 (0.0%)]	Loss: 0.014659
Train Epoch: 42 [6400/50000 (12.8%)]	Loss: 0.005226
Train Epoch: 42 [12800/50000 (25.6%)]	Loss: 0.011695
Train Epoch: 42 [19200/50000 (38.4%)]	Loss: 0.062856
Train Epoch: 42 [25600/50000 (51.2%)]	Loss: 0.001571
Train Epoch: 42 [32000/50000 (63.9%)]	Loss: 0.015376
Train Epoch: 42 [38400/50000 (76.7%)]	Loss: 0.001361
Train Epoch: 42 [44800/50000 (89.5%)]	Loss: 0.002570

Test set: Average loss: 0.2610, Accuracy: 9358/10000 (93.0%)

Train Epoch: 43 [0/50000 (0.0%)]	Loss: 0.003483
Train Epoch: 43 [6400/50000 (12.8%)]	Loss: 0.005550
Train Epoch: 43 [12800/50000 (25.6%)]	Loss: 0.001480
Train Epoch: 43 [19200/50000 (38.4%)]	Loss: 0.037332
Train Epoch: 43 [25600/50000 (51.2%)]	Loss: 0.002625
Train Epoch: 43 [32000/50000 (63.9%)]	Loss: 0.002724
Train Epoch: 43 [38400/50000 (76.7%)]	Loss: 0.007665
Train Epoch: 43 [44800/50000 (89.5%)]	Loss: 0.007829

Test set: Average loss: 0.2642, Accuracy: 9356/10000 (93.0%)

Train Epoch: 44 [0/50000 (0.0%)]	Loss: 0.006957
Train Epoch: 44 [6400/50000 (12.8%)]	Loss: 0.008420
Train Epoch: 44 [12800/50000 (25.6%)]	Loss: 0.005175
Train Epoch: 44 [19200/50000 (38.4%)]	Loss: 0.022023
Train Epoch: 44 [25600/50000 (51.2%)]	Loss: 0.053523
Train Epoch: 44 [32000/50000 (63.9%)]	Loss: 0.003351
Train Epoch: 44 [38400/50000 (76.7%)]	Loss: 0.006389
Train Epoch: 44 [44800/50000 (89.5%)]	Loss: 0.014217

Test set: Average loss: 0.2638, Accuracy: 9346/10000 (93.0%)

Train Epoch: 45 [0/50000 (0.0%)]	Loss: 0.008354
Train Epoch: 45 [6400/50000 (12.8%)]	Loss: 0.003867
Train Epoch: 45 [12800/50000 (25.6%)]	Loss: 0.044327
Train Epoch: 45 [19200/50000 (38.4%)]	Loss: 0.007818
Train Epoch: 45 [25600/50000 (51.2%)]	Loss: 0.004754
Train Epoch: 45 [32000/50000 (63.9%)]	Loss: 0.004790
Train Epoch: 45 [38400/50000 (76.7%)]	Loss: 0.006115
Train Epoch: 45 [44800/50000 (89.5%)]	Loss: 0.014332

Test set: Average loss: 0.2651, Accuracy: 9374/10000 (93.0%)

Train Epoch: 46 [0/50000 (0.0%)]	Loss: 0.004149
Train Epoch: 46 [6400/50000 (12.8%)]	Loss: 0.002924
Train Epoch: 46 [12800/50000 (25.6%)]	Loss: 0.007291
Train Epoch: 46 [19200/50000 (38.4%)]	Loss: 0.004676
Train Epoch: 46 [25600/50000 (51.2%)]	Loss: 0.000988
Train Epoch: 46 [32000/50000 (63.9%)]	Loss: 0.018130
Train Epoch: 46 [38400/50000 (76.7%)]	Loss: 0.006332
Train Epoch: 46 [44800/50000 (89.5%)]	Loss: 0.022863

Test set: Average loss: 0.2672, Accuracy: 9361/10000 (93.0%)

Train Epoch: 47 [0/50000 (0.0%)]	Loss: 0.017903
Train Epoch: 47 [6400/50000 (12.8%)]	Loss: 0.037177
Train Epoch: 47 [12800/50000 (25.6%)]	Loss: 0.009537
Train Epoch: 47 [19200/50000 (38.4%)]	Loss: 0.005317
Train Epoch: 47 [25600/50000 (51.2%)]	Loss: 0.003013
Train Epoch: 47 [32000/50000 (63.9%)]	Loss: 0.008842
Train Epoch: 47 [38400/50000 (76.7%)]	Loss: 0.033092
Train Epoch: 47 [44800/50000 (89.5%)]	Loss: 0.002220

Test set: Average loss: 0.2640, Accuracy: 9363/10000 (93.0%)

Train Epoch: 48 [0/50000 (0.0%)]	Loss: 0.006039
Train Epoch: 48 [6400/50000 (12.8%)]	Loss: 0.001436
Train Epoch: 48 [12800/50000 (25.6%)]	Loss: 0.002099
Train Epoch: 48 [19200/50000 (38.4%)]	Loss: 0.005075
Train Epoch: 48 [25600/50000 (51.2%)]	Loss: 0.003732
Train Epoch: 48 [32000/50000 (63.9%)]	Loss: 0.003159
Train Epoch: 48 [38400/50000 (76.7%)]	Loss: 0.004813
Train Epoch: 48 [44800/50000 (89.5%)]	Loss: 0.002995

Test set: Average loss: 0.2643, Accuracy: 9376/10000 (93.0%)

Train Epoch: 49 [0/50000 (0.0%)]	Loss: 0.001137
Train Epoch: 49 [6400/50000 (12.8%)]	Loss: 0.012760
Train Epoch: 49 [12800/50000 (25.6%)]	Loss: 0.001316
Train Epoch: 49 [19200/50000 (38.4%)]	Loss: 0.003276
Train Epoch: 49 [25600/50000 (51.2%)]	Loss: 0.003025
Train Epoch: 49 [32000/50000 (63.9%)]	Loss: 0.001864
Train Epoch: 49 [38400/50000 (76.7%)]	Loss: 0.007490
Train Epoch: 49 [44800/50000 (89.5%)]	Loss: 0.016732

Test set: Average loss: 0.2666, Accuracy: 9364/10000 (93.0%)

Train Epoch: 50 [0/50000 (0.0%)]	Loss: 0.007319
Train Epoch: 50 [6400/50000 (12.8%)]	Loss: 0.002577
Train Epoch: 50 [12800/50000 (25.6%)]	Loss: 0.004549
Train Epoch: 50 [19200/50000 (38.4%)]	Loss: 0.010443
Train Epoch: 50 [25600/50000 (51.2%)]	Loss: 0.016098
Train Epoch: 50 [32000/50000 (63.9%)]	Loss: 0.005585
Train Epoch: 50 [38400/50000 (76.7%)]	Loss: 0.009575
Train Epoch: 50 [44800/50000 (89.5%)]	Loss: 0.008835

Test set: Average loss: 0.2651, Accuracy: 9367/10000 (93.0%)

Train Epoch: 51 [0/50000 (0.0%)]	Loss: 0.005628
Train Epoch: 51 [6400/50000 (12.8%)]	Loss: 0.002559
Train Epoch: 51 [12800/50000 (25.6%)]	Loss: 0.002532
Train Epoch: 51 [19200/50000 (38.4%)]	Loss: 0.006099
Train Epoch: 51 [25600/50000 (51.2%)]	Loss: 0.027901
Train Epoch: 51 [32000/50000 (63.9%)]	Loss: 0.003018
Train Epoch: 51 [38400/50000 (76.7%)]	Loss: 0.003707
Train Epoch: 51 [44800/50000 (89.5%)]	Loss: 0.008434

Test set: Average loss: 0.2755, Accuracy: 9362/10000 (93.0%)

Train Epoch: 52 [0/50000 (0.0%)]	Loss: 0.002052
Train Epoch: 52 [6400/50000 (12.8%)]	Loss: 0.001663
Train Epoch: 52 [12800/50000 (25.6%)]	Loss: 0.002131
Train Epoch: 52 [19200/50000 (38.4%)]	Loss: 0.009168
Train Epoch: 52 [25600/50000 (51.2%)]	Loss: 0.007746
Train Epoch: 52 [32000/50000 (63.9%)]	Loss: 0.003676
Train Epoch: 52 [38400/50000 (76.7%)]	Loss: 0.001462
Train Epoch: 52 [44800/50000 (89.5%)]	Loss: 0.002494

Test set: Average loss: 0.2728, Accuracy: 9348/10000 (93.0%)

Train Epoch: 53 [0/50000 (0.0%)]	Loss: 0.013449
Train Epoch: 53 [6400/50000 (12.8%)]	Loss: 0.002669
Train Epoch: 53 [12800/50000 (25.6%)]	Loss: 0.014475
Train Epoch: 53 [19200/50000 (38.4%)]	Loss: 0.009567
Train Epoch: 53 [25600/50000 (51.2%)]	Loss: 0.002643
Train Epoch: 53 [32000/50000 (63.9%)]	Loss: 0.004560
Train Epoch: 53 [38400/50000 (76.7%)]	Loss: 0.003027
Train Epoch: 53 [44800/50000 (89.5%)]	Loss: 0.010371

Test set: Average loss: 0.2657, Accuracy: 9384/10000 (93.0%)

Train Epoch: 54 [0/50000 (0.0%)]	Loss: 0.002211
Train Epoch: 54 [6400/50000 (12.8%)]	Loss: 0.003563
Train Epoch: 54 [12800/50000 (25.6%)]	Loss: 0.010692
Train Epoch: 54 [19200/50000 (38.4%)]	Loss: 0.015190
Train Epoch: 54 [25600/50000 (51.2%)]	Loss: 0.004008
Train Epoch: 54 [32000/50000 (63.9%)]	Loss: 0.001013
Train Epoch: 54 [38400/50000 (76.7%)]	Loss: 0.014470
Train Epoch: 54 [44800/50000 (89.5%)]	Loss: 0.002723

Test set: Average loss: 0.2654, Accuracy: 9374/10000 (93.0%)

Train Epoch: 55 [0/50000 (0.0%)]	Loss: 0.018685
Train Epoch: 55 [6400/50000 (12.8%)]	Loss: 0.005485
Train Epoch: 55 [12800/50000 (25.6%)]	Loss: 0.003499
Train Epoch: 55 [19200/50000 (38.4%)]	Loss: 0.004423
Train Epoch: 55 [25600/50000 (51.2%)]	Loss: 0.010586
Train Epoch: 55 [32000/50000 (63.9%)]	Loss: 0.004710
Train Epoch: 55 [38400/50000 (76.7%)]	Loss: 0.001209
Train Epoch: 55 [44800/50000 (89.5%)]	Loss: 0.003997

Test set: Average loss: 0.2704, Accuracy: 9344/10000 (93.0%)

Train Epoch: 56 [0/50000 (0.0%)]	Loss: 0.005635
Train Epoch: 56 [6400/50000 (12.8%)]	Loss: 0.015028
Train Epoch: 56 [12800/50000 (25.6%)]	Loss: 0.002993
Train Epoch: 56 [19200/50000 (38.4%)]	Loss: 0.004565
Train Epoch: 56 [25600/50000 (51.2%)]	Loss: 0.093634
Train Epoch: 56 [32000/50000 (63.9%)]	Loss: 0.009479
Train Epoch: 56 [38400/50000 (76.7%)]	Loss: 0.018671
Train Epoch: 56 [44800/50000 (89.5%)]	Loss: 0.004503

Test set: Average loss: 0.2789, Accuracy: 9340/10000 (93.0%)

Train Epoch: 57 [0/50000 (0.0%)]	Loss: 0.010602
Train Epoch: 57 [6400/50000 (12.8%)]	Loss: 0.005786
Train Epoch: 57 [12800/50000 (25.6%)]	Loss: 0.005962
Train Epoch: 57 [19200/50000 (38.4%)]	Loss: 0.003202
Train Epoch: 57 [25600/50000 (51.2%)]	Loss: 0.001918
Train Epoch: 57 [32000/50000 (63.9%)]	Loss: 0.002584
Train Epoch: 57 [38400/50000 (76.7%)]	Loss: 0.016372
Train Epoch: 57 [44800/50000 (89.5%)]	Loss: 0.002010

Test set: Average loss: 0.2710, Accuracy: 9363/10000 (93.0%)

Train Epoch: 58 [0/50000 (0.0%)]	Loss: 0.003762
Train Epoch: 58 [6400/50000 (12.8%)]	Loss: 0.005549
Train Epoch: 58 [12800/50000 (25.6%)]	Loss: 0.016718
Train Epoch: 58 [19200/50000 (38.4%)]	Loss: 0.002491
Train Epoch: 58 [25600/50000 (51.2%)]	Loss: 0.003093
Train Epoch: 58 [32000/50000 (63.9%)]	Loss: 0.004949
Train Epoch: 58 [38400/50000 (76.7%)]	Loss: 0.018591
Train Epoch: 58 [44800/50000 (89.5%)]	Loss: 0.002631

Test set: Average loss: 0.2735, Accuracy: 9339/10000 (93.0%)

Train Epoch: 59 [0/50000 (0.0%)]	Loss: 0.002167
Train Epoch: 59 [6400/50000 (12.8%)]	Loss: 0.006038
Train Epoch: 59 [12800/50000 (25.6%)]	Loss: 0.002753
Train Epoch: 59 [19200/50000 (38.4%)]	Loss: 0.005634
Train Epoch: 59 [25600/50000 (51.2%)]	Loss: 0.003964
Train Epoch: 59 [32000/50000 (63.9%)]	Loss: 0.003703
Train Epoch: 59 [38400/50000 (76.7%)]	Loss: 0.013679
Train Epoch: 59 [44800/50000 (89.5%)]	Loss: 0.017779

Test set: Average loss: 0.2742, Accuracy: 9333/10000 (93.0%)

Train Epoch: 60 [0/50000 (0.0%)]	Loss: 0.017711
Train Epoch: 60 [6400/50000 (12.8%)]	Loss: 0.003195
Train Epoch: 60 [12800/50000 (25.6%)]	Loss: 0.002079
Train Epoch: 60 [19200/50000 (38.4%)]	Loss: 0.007308
Train Epoch: 60 [25600/50000 (51.2%)]	Loss: 0.004213
Train Epoch: 60 [32000/50000 (63.9%)]	Loss: 0.002710
Train Epoch: 60 [38400/50000 (76.7%)]	Loss: 0.002243
Train Epoch: 60 [44800/50000 (89.5%)]	Loss: 0.003835

Test set: Average loss: 0.2734, Accuracy: 9352/10000 (93.0%)

Train Epoch: 61 [0/50000 (0.0%)]	Loss: 0.004659
Train Epoch: 61 [6400/50000 (12.8%)]	Loss: 0.002860
Train Epoch: 61 [12800/50000 (25.6%)]	Loss: 0.018070
Train Epoch: 61 [19200/50000 (38.4%)]	Loss: 0.003021
Train Epoch: 61 [25600/50000 (51.2%)]	Loss: 0.009495
Train Epoch: 61 [32000/50000 (63.9%)]	Loss: 0.002749
Train Epoch: 61 [38400/50000 (76.7%)]	Loss: 0.019689
Train Epoch: 61 [44800/50000 (89.5%)]	Loss: 0.001183

Test set: Average loss: 0.2665, Accuracy: 9365/10000 (93.0%)

Train Epoch: 62 [0/50000 (0.0%)]	Loss: 0.002348
Train Epoch: 62 [6400/50000 (12.8%)]	Loss: 0.008433
Train Epoch: 62 [12800/50000 (25.6%)]	Loss: 0.037696
Train Epoch: 62 [19200/50000 (38.4%)]	Loss: 0.001654
Train Epoch: 62 [25600/50000 (51.2%)]	Loss: 0.030819
Train Epoch: 62 [32000/50000 (63.9%)]	Loss: 0.000889
Train Epoch: 62 [38400/50000 (76.7%)]	Loss: 0.001589
Train Epoch: 62 [44800/50000 (89.5%)]	Loss: 0.013412

Test set: Average loss: 0.2713, Accuracy: 9357/10000 (93.0%)

Train Epoch: 63 [0/50000 (0.0%)]	Loss: 0.002297
Train Epoch: 63 [6400/50000 (12.8%)]	Loss: 0.001270
Train Epoch: 63 [12800/50000 (25.6%)]	Loss: 0.005013
Train Epoch: 63 [19200/50000 (38.4%)]	Loss: 0.004151
Train Epoch: 63 [25600/50000 (51.2%)]	Loss: 0.011628
Train Epoch: 63 [32000/50000 (63.9%)]	Loss: 0.004201
Train Epoch: 63 [38400/50000 (76.7%)]	Loss: 0.001048
Train Epoch: 63 [44800/50000 (89.5%)]	Loss: 0.003190

Test set: Average loss: 0.2720, Accuracy: 9358/10000 (93.0%)

Train Epoch: 64 [0/50000 (0.0%)]	Loss: 0.003964
Train Epoch: 64 [6400/50000 (12.8%)]	Loss: 0.001686
Train Epoch: 64 [12800/50000 (25.6%)]	Loss: 0.006825
Train Epoch: 64 [19200/50000 (38.4%)]	Loss: 0.005048
Train Epoch: 64 [25600/50000 (51.2%)]	Loss: 0.005906
Train Epoch: 64 [32000/50000 (63.9%)]	Loss: 0.003800
Train Epoch: 64 [38400/50000 (76.7%)]	Loss: 0.010312
Train Epoch: 64 [44800/50000 (89.5%)]	Loss: 0.010827

Test set: Average loss: 0.2741, Accuracy: 9348/10000 (93.0%)

Train Epoch: 65 [0/50000 (0.0%)]	Loss: 0.003383
Train Epoch: 65 [6400/50000 (12.8%)]	Loss: 0.010067
Train Epoch: 65 [12800/50000 (25.6%)]	Loss: 0.002211
Train Epoch: 65 [19200/50000 (38.4%)]	Loss: 0.003166
Train Epoch: 65 [25600/50000 (51.2%)]	Loss: 0.001628
Train Epoch: 65 [32000/50000 (63.9%)]	Loss: 0.001286
Train Epoch: 65 [38400/50000 (76.7%)]	Loss: 0.003010
Train Epoch: 65 [44800/50000 (89.5%)]	Loss: 0.001380

Test set: Average loss: 0.2722, Accuracy: 9358/10000 (93.0%)

Train Epoch: 66 [0/50000 (0.0%)]	Loss: 0.002290
Train Epoch: 66 [6400/50000 (12.8%)]	Loss: 0.018992
Train Epoch: 66 [12800/50000 (25.6%)]	Loss: 0.000878
Train Epoch: 66 [19200/50000 (38.4%)]	Loss: 0.002279
Train Epoch: 66 [25600/50000 (51.2%)]	Loss: 0.005857
Train Epoch: 66 [32000/50000 (63.9%)]	Loss: 0.014284
Train Epoch: 66 [38400/50000 (76.7%)]	Loss: 0.001447
Train Epoch: 66 [44800/50000 (89.5%)]	Loss: 0.009309

Test set: Average loss: 0.2686, Accuracy: 9361/10000 (93.0%)

Train Epoch: 67 [0/50000 (0.0%)]	Loss: 0.002510
Train Epoch: 67 [6400/50000 (12.8%)]	Loss: 0.040158
Train Epoch: 67 [12800/50000 (25.6%)]	Loss: 0.019508
Train Epoch: 67 [19200/50000 (38.4%)]	Loss: 0.005039
Train Epoch: 67 [25600/50000 (51.2%)]	Loss: 0.003323
Train Epoch: 67 [32000/50000 (63.9%)]	Loss: 0.001300
Train Epoch: 67 [38400/50000 (76.7%)]	Loss: 0.012330
Train Epoch: 67 [44800/50000 (89.5%)]	Loss: 0.004041

Test set: Average loss: 0.2721, Accuracy: 9355/10000 (93.0%)

Train Epoch: 68 [0/50000 (0.0%)]	Loss: 0.006434
Train Epoch: 68 [6400/50000 (12.8%)]	Loss: 0.006721
Train Epoch: 68 [12800/50000 (25.6%)]	Loss: 0.001028
Train Epoch: 68 [19200/50000 (38.4%)]	Loss: 0.005206
Train Epoch: 68 [25600/50000 (51.2%)]	Loss: 0.004135
Train Epoch: 68 [32000/50000 (63.9%)]	Loss: 0.004635
Train Epoch: 68 [38400/50000 (76.7%)]	Loss: 0.011106
Train Epoch: 68 [44800/50000 (89.5%)]	Loss: 0.001636

Test set: Average loss: 0.2736, Accuracy: 9366/10000 (93.0%)

Train Epoch: 69 [0/50000 (0.0%)]	Loss: 0.063028
Train Epoch: 69 [6400/50000 (12.8%)]	Loss: 0.005712
Train Epoch: 69 [12800/50000 (25.6%)]	Loss: 0.003848
Train Epoch: 69 [19200/50000 (38.4%)]	Loss: 0.004001
Train Epoch: 69 [25600/50000 (51.2%)]	Loss: 0.004571
Train Epoch: 69 [32000/50000 (63.9%)]	Loss: 0.005253
Train Epoch: 69 [38400/50000 (76.7%)]	Loss: 0.005379
Train Epoch: 69 [44800/50000 (89.5%)]	Loss: 0.001527

Test set: Average loss: 0.2720, Accuracy: 9376/10000 (93.0%)

Train Epoch: 70 [0/50000 (0.0%)]	Loss: 0.014082
Train Epoch: 70 [6400/50000 (12.8%)]	Loss: 0.021666
Train Epoch: 70 [12800/50000 (25.6%)]	Loss: 0.002690
Train Epoch: 70 [19200/50000 (38.4%)]	Loss: 0.007614
Train Epoch: 70 [25600/50000 (51.2%)]	Loss: 0.001715
Train Epoch: 70 [32000/50000 (63.9%)]	Loss: 0.009113
Train Epoch: 70 [38400/50000 (76.7%)]	Loss: 0.011231
Train Epoch: 70 [44800/50000 (89.5%)]	Loss: 0.002558

Test set: Average loss: 0.2708, Accuracy: 9362/10000 (93.0%)

Train Epoch: 71 [0/50000 (0.0%)]	Loss: 0.002057
Train Epoch: 71 [6400/50000 (12.8%)]	Loss: 0.087625
Train Epoch: 71 [12800/50000 (25.6%)]	Loss: 0.001431
Train Epoch: 71 [19200/50000 (38.4%)]	Loss: 0.003344
Train Epoch: 71 [25600/50000 (51.2%)]	Loss: 0.003107
Train Epoch: 71 [32000/50000 (63.9%)]	Loss: 0.003242
Train Epoch: 71 [38400/50000 (76.7%)]	Loss: 0.001245
Train Epoch: 71 [44800/50000 (89.5%)]	Loss: 0.000994

Test set: Average loss: 0.2724, Accuracy: 9362/10000 (93.0%)

Train Epoch: 72 [0/50000 (0.0%)]	Loss: 0.002600
Train Epoch: 72 [6400/50000 (12.8%)]	Loss: 0.003380
Train Epoch: 72 [12800/50000 (25.6%)]	Loss: 0.004398
Train Epoch: 72 [19200/50000 (38.4%)]	Loss: 0.002487
Train Epoch: 72 [25600/50000 (51.2%)]	Loss: 0.003016
Train Epoch: 72 [32000/50000 (63.9%)]	Loss: 0.002880
Train Epoch: 72 [38400/50000 (76.7%)]	Loss: 0.002008
Train Epoch: 72 [44800/50000 (89.5%)]	Loss: 0.007241

Test set: Average loss: 0.2767, Accuracy: 9361/10000 (93.0%)

Train Epoch: 73 [0/50000 (0.0%)]	Loss: 0.004547
Train Epoch: 73 [6400/50000 (12.8%)]	Loss: 0.008938
Train Epoch: 73 [12800/50000 (25.6%)]	Loss: 0.003660
Train Epoch: 73 [19200/50000 (38.4%)]	Loss: 0.003848
Train Epoch: 73 [25600/50000 (51.2%)]	Loss: 0.014056
Train Epoch: 73 [32000/50000 (63.9%)]	Loss: 0.011027
Train Epoch: 73 [38400/50000 (76.7%)]	Loss: 0.002007
Train Epoch: 73 [44800/50000 (89.5%)]	Loss: 0.002290

Test set: Average loss: 0.2718, Accuracy: 9357/10000 (93.0%)

Train Epoch: 74 [0/50000 (0.0%)]	Loss: 0.002566
Train Epoch: 74 [6400/50000 (12.8%)]	Loss: 0.003596
Train Epoch: 74 [12800/50000 (25.6%)]	Loss: 0.004108
Train Epoch: 74 [19200/50000 (38.4%)]	Loss: 0.002648
Train Epoch: 74 [25600/50000 (51.2%)]	Loss: 0.009339
Train Epoch: 74 [32000/50000 (63.9%)]	Loss: 0.016493
Train Epoch: 74 [38400/50000 (76.7%)]	Loss: 0.026124
Train Epoch: 74 [44800/50000 (89.5%)]	Loss: 0.011084

Test set: Average loss: 0.2695, Accuracy: 9357/10000 (93.0%)

Train Epoch: 75 [0/50000 (0.0%)]	Loss: 0.016322
Train Epoch: 75 [6400/50000 (12.8%)]	Loss: 0.002594
Train Epoch: 75 [12800/50000 (25.6%)]	Loss: 0.004164
Train Epoch: 75 [19200/50000 (38.4%)]	Loss: 0.013099
Train Epoch: 75 [25600/50000 (51.2%)]	Loss: 0.004335
Train Epoch: 75 [32000/50000 (63.9%)]	Loss: 0.000859
Train Epoch: 75 [38400/50000 (76.7%)]	Loss: 0.003379
Train Epoch: 75 [44800/50000 (89.5%)]	Loss: 0.012241

Test set: Average loss: 0.2713, Accuracy: 9366/10000 (93.0%)

Train Epoch: 76 [0/50000 (0.0%)]	Loss: 0.004043
Train Epoch: 76 [6400/50000 (12.8%)]	Loss: 0.000999
Train Epoch: 76 [12800/50000 (25.6%)]	Loss: 0.003369
Train Epoch: 76 [19200/50000 (38.4%)]	Loss: 0.004387
Train Epoch: 76 [25600/50000 (51.2%)]	Loss: 0.006080
Train Epoch: 76 [32000/50000 (63.9%)]	Loss: 0.002865
Train Epoch: 76 [38400/50000 (76.7%)]	Loss: 0.002014
Train Epoch: 76 [44800/50000 (89.5%)]	Loss: 0.001389

Test set: Average loss: 0.2778, Accuracy: 9372/10000 (93.0%)

Train Epoch: 77 [0/50000 (0.0%)]	Loss: 0.015021
Train Epoch: 77 [6400/50000 (12.8%)]	Loss: 0.010212
Train Epoch: 77 [12800/50000 (25.6%)]	Loss: 0.012489
Train Epoch: 77 [19200/50000 (38.4%)]	Loss: 0.026328
Train Epoch: 77 [25600/50000 (51.2%)]	Loss: 0.002405
Train Epoch: 77 [32000/50000 (63.9%)]	Loss: 0.003316
Train Epoch: 77 [38400/50000 (76.7%)]	Loss: 0.056570
Train Epoch: 77 [44800/50000 (89.5%)]	Loss: 0.009539

Test set: Average loss: 0.2690, Accuracy: 9365/10000 (93.0%)

Train Epoch: 78 [0/50000 (0.0%)]	Loss: 0.002695
Train Epoch: 78 [6400/50000 (12.8%)]	Loss: 0.002037
Train Epoch: 78 [12800/50000 (25.6%)]	Loss: 0.009221
Train Epoch: 78 [19200/50000 (38.4%)]	Loss: 0.002720
Train Epoch: 78 [25600/50000 (51.2%)]	Loss: 0.001020
Train Epoch: 78 [32000/50000 (63.9%)]	Loss: 0.008119
Train Epoch: 78 [38400/50000 (76.7%)]	Loss: 0.004194
Train Epoch: 78 [44800/50000 (89.5%)]	Loss: 0.002047

Test set: Average loss: 0.2747, Accuracy: 9367/10000 (93.0%)

Train Epoch: 79 [0/50000 (0.0%)]	Loss: 0.006728
Train Epoch: 79 [6400/50000 (12.8%)]	Loss: 0.003455
Train Epoch: 79 [12800/50000 (25.6%)]	Loss: 0.004507
Train Epoch: 79 [19200/50000 (38.4%)]	Loss: 0.002050
Train Epoch: 79 [25600/50000 (51.2%)]	Loss: 0.001272
Train Epoch: 79 [32000/50000 (63.9%)]	Loss: 0.003730
Train Epoch: 79 [38400/50000 (76.7%)]	Loss: 0.011159
Train Epoch: 79 [44800/50000 (89.5%)]	Loss: 0.000948

Test set: Average loss: 0.2722, Accuracy: 9372/10000 (93.0%)

Train Epoch: 80 [0/50000 (0.0%)]	Loss: 0.002058
Train Epoch: 80 [6400/50000 (12.8%)]	Loss: 0.005934
Train Epoch: 80 [12800/50000 (25.6%)]	Loss: 0.003967
Train Epoch: 80 [19200/50000 (38.4%)]	Loss: 0.004739
Train Epoch: 80 [25600/50000 (51.2%)]	Loss: 0.004462
Train Epoch: 80 [32000/50000 (63.9%)]	Loss: 0.001620
Train Epoch: 80 [38400/50000 (76.7%)]	Loss: 0.002508
Train Epoch: 80 [44800/50000 (89.5%)]	Loss: 0.002195

Test set: Average loss: 0.2714, Accuracy: 9357/10000 (93.0%)

Train Epoch: 81 [0/50000 (0.0%)]	Loss: 0.003514
Train Epoch: 81 [6400/50000 (12.8%)]	Loss: 0.004420
Train Epoch: 81 [12800/50000 (25.6%)]	Loss: 0.003440
Train Epoch: 81 [19200/50000 (38.4%)]	Loss: 0.001034
Train Epoch: 81 [25600/50000 (51.2%)]	Loss: 0.001334
Train Epoch: 81 [32000/50000 (63.9%)]	Loss: 0.006051
Train Epoch: 81 [38400/50000 (76.7%)]	Loss: 0.003776
Train Epoch: 81 [44800/50000 (89.5%)]	Loss: 0.018431

Test set: Average loss: 0.2735, Accuracy: 9365/10000 (93.0%)

Train Epoch: 82 [0/50000 (0.0%)]	Loss: 0.002150
Train Epoch: 82 [6400/50000 (12.8%)]	Loss: 0.005764
Train Epoch: 82 [12800/50000 (25.6%)]	Loss: 0.010857
Train Epoch: 82 [19200/50000 (38.4%)]	Loss: 0.002477
Train Epoch: 82 [25600/50000 (51.2%)]	Loss: 0.001945
Train Epoch: 82 [32000/50000 (63.9%)]	Loss: 0.004705
Train Epoch: 82 [38400/50000 (76.7%)]	Loss: 0.003950
Train Epoch: 82 [44800/50000 (89.5%)]	Loss: 0.002814

Test set: Average loss: 0.2785, Accuracy: 9368/10000 (93.0%)

Train Epoch: 83 [0/50000 (0.0%)]	Loss: 0.002213
Train Epoch: 83 [6400/50000 (12.8%)]	Loss: 0.005355
Train Epoch: 83 [12800/50000 (25.6%)]	Loss: 0.000675
Train Epoch: 83 [19200/50000 (38.4%)]	Loss: 0.008602
Train Epoch: 83 [25600/50000 (51.2%)]	Loss: 0.022605
Train Epoch: 83 [32000/50000 (63.9%)]	Loss: 0.001935
Train Epoch: 83 [38400/50000 (76.7%)]	Loss: 0.005974
Train Epoch: 83 [44800/50000 (89.5%)]	Loss: 0.011300

Test set: Average loss: 0.2749, Accuracy: 9391/10000 (93.0%)

Train Epoch: 84 [0/50000 (0.0%)]	Loss: 0.002914
Train Epoch: 84 [6400/50000 (12.8%)]	Loss: 0.053772
Train Epoch: 84 [12800/50000 (25.6%)]	Loss: 0.010473
Train Epoch: 84 [19200/50000 (38.4%)]	Loss: 0.002573
Train Epoch: 84 [25600/50000 (51.2%)]	Loss: 0.012150
Train Epoch: 84 [32000/50000 (63.9%)]	Loss: 0.012258
Train Epoch: 84 [38400/50000 (76.7%)]	Loss: 0.003620
Train Epoch: 84 [44800/50000 (89.5%)]	Loss: 0.000825

Test set: Average loss: 0.2804, Accuracy: 9368/10000 (93.0%)

Train Epoch: 85 [0/50000 (0.0%)]	Loss: 0.003082
Train Epoch: 85 [6400/50000 (12.8%)]	Loss: 0.002320
Train Epoch: 85 [12800/50000 (25.6%)]	Loss: 0.004304
Train Epoch: 85 [19200/50000 (38.4%)]	Loss: 0.003027
Train Epoch: 85 [25600/50000 (51.2%)]	Loss: 0.000946
Train Epoch: 85 [32000/50000 (63.9%)]	Loss: 0.002297
Train Epoch: 85 [38400/50000 (76.7%)]	Loss: 0.006180
Train Epoch: 85 [44800/50000 (89.5%)]	Loss: 0.003773

Test set: Average loss: 0.2808, Accuracy: 9359/10000 (93.0%)

Train Epoch: 86 [0/50000 (0.0%)]	Loss: 0.057666
Train Epoch: 86 [6400/50000 (12.8%)]	Loss: 0.003914
Train Epoch: 86 [12800/50000 (25.6%)]	Loss: 0.002067
Train Epoch: 86 [19200/50000 (38.4%)]	Loss: 0.004316
Train Epoch: 86 [25600/50000 (51.2%)]	Loss: 0.001703
Train Epoch: 86 [32000/50000 (63.9%)]	Loss: 0.001991
Train Epoch: 86 [38400/50000 (76.7%)]	Loss: 0.003714
Train Epoch: 86 [44800/50000 (89.5%)]	Loss: 0.001447

Test set: Average loss: 0.2779, Accuracy: 9363/10000 (93.0%)

Train Epoch: 87 [0/50000 (0.0%)]	Loss: 0.002391
Train Epoch: 87 [6400/50000 (12.8%)]	Loss: 0.011042
Train Epoch: 87 [12800/50000 (25.6%)]	Loss: 0.004823
Train Epoch: 87 [19200/50000 (38.4%)]	Loss: 0.002282
Train Epoch: 87 [25600/50000 (51.2%)]	Loss: 0.001854
Train Epoch: 87 [32000/50000 (63.9%)]	Loss: 0.001565
Train Epoch: 87 [38400/50000 (76.7%)]	Loss: 0.003155
Train Epoch: 87 [44800/50000 (89.5%)]	Loss: 0.001954

Test set: Average loss: 0.2761, Accuracy: 9355/10000 (93.0%)

Train Epoch: 88 [0/50000 (0.0%)]	Loss: 0.015180
Train Epoch: 88 [6400/50000 (12.8%)]	Loss: 0.003737
Train Epoch: 88 [12800/50000 (25.6%)]	Loss: 0.004834
Train Epoch: 88 [19200/50000 (38.4%)]	Loss: 0.003225
Train Epoch: 88 [25600/50000 (51.2%)]	Loss: 0.004229
Train Epoch: 88 [32000/50000 (63.9%)]	Loss: 0.003376
Train Epoch: 88 [38400/50000 (76.7%)]	Loss: 0.001351
Train Epoch: 88 [44800/50000 (89.5%)]	Loss: 0.004082

Test set: Average loss: 0.2788, Accuracy: 9373/10000 (93.0%)

Train Epoch: 89 [0/50000 (0.0%)]	Loss: 0.001666
Train Epoch: 89 [6400/50000 (12.8%)]	Loss: 0.010552
Train Epoch: 89 [12800/50000 (25.6%)]	Loss: 0.005479
Train Epoch: 89 [19200/50000 (38.4%)]	Loss: 0.000760
Train Epoch: 89 [25600/50000 (51.2%)]	Loss: 0.001973
Train Epoch: 89 [32000/50000 (63.9%)]	Loss: 0.002829
Train Epoch: 89 [38400/50000 (76.7%)]	Loss: 0.003059
Train Epoch: 89 [44800/50000 (89.5%)]	Loss: 0.001929

Test set: Average loss: 0.2796, Accuracy: 9376/10000 (93.0%)

Train Epoch: 90 [0/50000 (0.0%)]	Loss: 0.002886
Train Epoch: 90 [6400/50000 (12.8%)]	Loss: 0.003896
Train Epoch: 90 [12800/50000 (25.6%)]	Loss: 0.002303
Train Epoch: 90 [19200/50000 (38.4%)]	Loss: 0.001533
Train Epoch: 90 [25600/50000 (51.2%)]	Loss: 0.041407
Train Epoch: 90 [32000/50000 (63.9%)]	Loss: 0.014237
Train Epoch: 90 [38400/50000 (76.7%)]	Loss: 0.003271
Train Epoch: 90 [44800/50000 (89.5%)]	Loss: 0.018226

Test set: Average loss: 0.2724, Accuracy: 9381/10000 (93.0%)

Train Epoch: 91 [0/50000 (0.0%)]	Loss: 0.001534
Train Epoch: 91 [6400/50000 (12.8%)]	Loss: 0.002902
Train Epoch: 91 [12800/50000 (25.6%)]	Loss: 0.001474
Train Epoch: 91 [19200/50000 (38.4%)]	Loss: 0.003835
Train Epoch: 91 [25600/50000 (51.2%)]	Loss: 0.001802
Train Epoch: 91 [32000/50000 (63.9%)]	Loss: 0.003577
Train Epoch: 91 [38400/50000 (76.7%)]	Loss: 0.004977
Train Epoch: 91 [44800/50000 (89.5%)]	Loss: 0.005339

Test set: Average loss: 0.2783, Accuracy: 9377/10000 (93.0%)

Train Epoch: 92 [0/50000 (0.0%)]	Loss: 0.002819
Train Epoch: 92 [6400/50000 (12.8%)]	Loss: 0.007273
Train Epoch: 92 [12800/50000 (25.6%)]	Loss: 0.003879
Train Epoch: 92 [19200/50000 (38.4%)]	Loss: 0.002571
Train Epoch: 92 [25600/50000 (51.2%)]	Loss: 0.001912
Train Epoch: 92 [32000/50000 (63.9%)]	Loss: 0.000827
Train Epoch: 92 [38400/50000 (76.7%)]	Loss: 0.009584
Train Epoch: 92 [44800/50000 (89.5%)]	Loss: 0.002601

Test set: Average loss: 0.2796, Accuracy: 9378/10000 (93.0%)

Train Epoch: 93 [0/50000 (0.0%)]	Loss: 0.005358
Train Epoch: 93 [6400/50000 (12.8%)]	Loss: 0.000913
Train Epoch: 93 [12800/50000 (25.6%)]	Loss: 0.003457
Train Epoch: 93 [19200/50000 (38.4%)]	Loss: 0.013286
Train Epoch: 93 [25600/50000 (51.2%)]	Loss: 0.002046
Train Epoch: 93 [32000/50000 (63.9%)]	Loss: 0.022688
Train Epoch: 93 [38400/50000 (76.7%)]	Loss: 0.001358
Train Epoch: 93 [44800/50000 (89.5%)]	Loss: 0.005833

Test set: Average loss: 0.2785, Accuracy: 9366/10000 (93.0%)

Train Epoch: 94 [0/50000 (0.0%)]	Loss: 0.006900
Train Epoch: 94 [6400/50000 (12.8%)]	Loss: 0.001686
Train Epoch: 94 [12800/50000 (25.6%)]	Loss: 0.001054
Train Epoch: 94 [19200/50000 (38.4%)]	Loss: 0.012662
Train Epoch: 94 [25600/50000 (51.2%)]	Loss: 0.026840
Train Epoch: 94 [32000/50000 (63.9%)]	Loss: 0.000928
Train Epoch: 94 [38400/50000 (76.7%)]	Loss: 0.039787
Train Epoch: 94 [44800/50000 (89.5%)]	Loss: 0.006057

Test set: Average loss: 0.2765, Accuracy: 9362/10000 (93.0%)

Train Epoch: 95 [0/50000 (0.0%)]	Loss: 0.001564
Train Epoch: 95 [6400/50000 (12.8%)]	Loss: 0.002062
Train Epoch: 95 [12800/50000 (25.6%)]	Loss: 0.002337
Train Epoch: 95 [19200/50000 (38.4%)]	Loss: 0.002528
Train Epoch: 95 [25600/50000 (51.2%)]	Loss: 0.003073
Train Epoch: 95 [32000/50000 (63.9%)]	Loss: 0.004104
Train Epoch: 95 [38400/50000 (76.7%)]	Loss: 0.004731
Train Epoch: 95 [44800/50000 (89.5%)]	Loss: 0.003838

Test set: Average loss: 0.2772, Accuracy: 9369/10000 (93.0%)

Train Epoch: 96 [0/50000 (0.0%)]	Loss: 0.033518
Train Epoch: 96 [6400/50000 (12.8%)]	Loss: 0.001487
Train Epoch: 96 [12800/50000 (25.6%)]	Loss: 0.004141
Train Epoch: 96 [19200/50000 (38.4%)]	Loss: 0.005165
Train Epoch: 96 [25600/50000 (51.2%)]	Loss: 0.008308
Train Epoch: 96 [32000/50000 (63.9%)]	Loss: 0.007883
Train Epoch: 96 [38400/50000 (76.7%)]	Loss: 0.013860
Train Epoch: 96 [44800/50000 (89.5%)]	Loss: 0.002124

Test set: Average loss: 0.2821, Accuracy: 9371/10000 (93.0%)

Train Epoch: 97 [0/50000 (0.0%)]	Loss: 0.001674
Train Epoch: 97 [6400/50000 (12.8%)]	Loss: 0.002919
Train Epoch: 97 [12800/50000 (25.6%)]	Loss: 0.011983
Train Epoch: 97 [19200/50000 (38.4%)]	Loss: 0.000952
Train Epoch: 97 [25600/50000 (51.2%)]	Loss: 0.018749
Train Epoch: 97 [32000/50000 (63.9%)]	Loss: 0.003228
Train Epoch: 97 [38400/50000 (76.7%)]	Loss: 0.008583
Train Epoch: 97 [44800/50000 (89.5%)]	Loss: 0.014794

Test set: Average loss: 0.2749, Accuracy: 9363/10000 (93.0%)

Train Epoch: 98 [0/50000 (0.0%)]	Loss: 0.003936
Train Epoch: 98 [6400/50000 (12.8%)]	Loss: 0.001085
Train Epoch: 98 [12800/50000 (25.6%)]	Loss: 0.004380
Train Epoch: 98 [19200/50000 (38.4%)]	Loss: 0.035960
Train Epoch: 98 [25600/50000 (51.2%)]	Loss: 0.001229
Train Epoch: 98 [32000/50000 (63.9%)]	Loss: 0.002996
Train Epoch: 98 [38400/50000 (76.7%)]	Loss: 0.002618
Train Epoch: 98 [44800/50000 (89.5%)]	Loss: 0.007147

Test set: Average loss: 0.2757, Accuracy: 9349/10000 (93.0%)

Train Epoch: 99 [0/50000 (0.0%)]	Loss: 0.005245
Train Epoch: 99 [6400/50000 (12.8%)]	Loss: 0.004070
Train Epoch: 99 [12800/50000 (25.6%)]	Loss: 0.003187
Train Epoch: 99 [19200/50000 (38.4%)]	Loss: 0.001061
Train Epoch: 99 [25600/50000 (51.2%)]	Loss: 0.007661
Train Epoch: 99 [32000/50000 (63.9%)]	Loss: 0.010787
Train Epoch: 99 [38400/50000 (76.7%)]	Loss: 0.002028
Train Epoch: 99 [44800/50000 (89.5%)]	Loss: 0.010137

Test set: Average loss: 0.2766, Accuracy: 9356/10000 (93.0%)

Train Epoch: 100 [0/50000 (0.0%)]	Loss: 0.010811
Train Epoch: 100 [6400/50000 (12.8%)]	Loss: 0.004291
Train Epoch: 100 [12800/50000 (25.6%)]	Loss: 0.001163
Train Epoch: 100 [19200/50000 (38.4%)]	Loss: 0.001909
Train Epoch: 100 [25600/50000 (51.2%)]	Loss: 0.009673
Train Epoch: 100 [32000/50000 (63.9%)]	Loss: 0.002128
Train Epoch: 100 [38400/50000 (76.7%)]	Loss: 0.005737
Train Epoch: 100 [44800/50000 (89.5%)]	Loss: 0.003213

Test set: Average loss: 0.2764, Accuracy: 9349/10000 (93.0%)

Train Epoch: 101 [0/50000 (0.0%)]	Loss: 0.000951
Train Epoch: 101 [6400/50000 (12.8%)]	Loss: 0.002053
Train Epoch: 101 [12800/50000 (25.6%)]	Loss: 0.009660
Train Epoch: 101 [19200/50000 (38.4%)]	Loss: 0.001151
Train Epoch: 101 [25600/50000 (51.2%)]	Loss: 0.005935
Train Epoch: 101 [32000/50000 (63.9%)]	Loss: 0.001554
Train Epoch: 101 [38400/50000 (76.7%)]	Loss: 0.021498
Train Epoch: 101 [44800/50000 (89.5%)]	Loss: 0.002206

Test set: Average loss: 0.2780, Accuracy: 9359/10000 (93.0%)

Train Epoch: 102 [0/50000 (0.0%)]	Loss: 0.005120
Train Epoch: 102 [6400/50000 (12.8%)]	Loss: 0.009964
Train Epoch: 102 [12800/50000 (25.6%)]	Loss: 0.001267
Train Epoch: 102 [19200/50000 (38.4%)]	Loss: 0.012479
Train Epoch: 102 [25600/50000 (51.2%)]	Loss: 0.001513
Train Epoch: 102 [32000/50000 (63.9%)]	Loss: 0.002139
Train Epoch: 102 [38400/50000 (76.7%)]	Loss: 0.002870
Train Epoch: 102 [44800/50000 (89.5%)]	Loss: 0.001245

Test set: Average loss: 0.2802, Accuracy: 9364/10000 (93.0%)

Train Epoch: 103 [0/50000 (0.0%)]	Loss: 0.001751
Train Epoch: 103 [6400/50000 (12.8%)]	Loss: 0.002260
Train Epoch: 103 [12800/50000 (25.6%)]	Loss: 0.004985
Train Epoch: 103 [19200/50000 (38.4%)]	Loss: 0.014291
Train Epoch: 103 [25600/50000 (51.2%)]	Loss: 0.006487
Train Epoch: 103 [32000/50000 (63.9%)]	Loss: 0.003851
Train Epoch: 103 [38400/50000 (76.7%)]	Loss: 0.003489
Train Epoch: 103 [44800/50000 (89.5%)]	Loss: 0.002205

Test set: Average loss: 0.2835, Accuracy: 9337/10000 (93.0%)

Train Epoch: 104 [0/50000 (0.0%)]	Loss: 0.029522
Train Epoch: 104 [6400/50000 (12.8%)]	Loss: 0.003179
Train Epoch: 104 [12800/50000 (25.6%)]	Loss: 0.004683
Train Epoch: 104 [19200/50000 (38.4%)]	Loss: 0.004325
Train Epoch: 104 [25600/50000 (51.2%)]	Loss: 0.003351
Train Epoch: 104 [32000/50000 (63.9%)]	Loss: 0.001534
Train Epoch: 104 [38400/50000 (76.7%)]	Loss: 0.002738
Train Epoch: 104 [44800/50000 (89.5%)]	Loss: 0.020341

Test set: Average loss: 0.2782, Accuracy: 9346/10000 (93.0%)

Train Epoch: 105 [0/50000 (0.0%)]	Loss: 0.010085
Train Epoch: 105 [6400/50000 (12.8%)]	Loss: 0.005966
Train Epoch: 105 [12800/50000 (25.6%)]	Loss: 0.008466
Train Epoch: 105 [19200/50000 (38.4%)]	Loss: 0.003238
Train Epoch: 105 [25600/50000 (51.2%)]	Loss: 0.001627
Train Epoch: 105 [32000/50000 (63.9%)]	Loss: 0.002030
Train Epoch: 105 [38400/50000 (76.7%)]	Loss: 0.003323
Train Epoch: 105 [44800/50000 (89.5%)]	Loss: 0.003652

Test set: Average loss: 0.2805, Accuracy: 9358/10000 (93.0%)

Train Epoch: 106 [0/50000 (0.0%)]	Loss: 0.001675
Train Epoch: 106 [6400/50000 (12.8%)]	Loss: 0.000852
Train Epoch: 106 [12800/50000 (25.6%)]	Loss: 0.004586
Train Epoch: 106 [19200/50000 (38.4%)]	Loss: 0.002480
Train Epoch: 106 [25600/50000 (51.2%)]	Loss: 0.001166
Train Epoch: 106 [32000/50000 (63.9%)]	Loss: 0.001175
Train Epoch: 106 [38400/50000 (76.7%)]	Loss: 0.001754
Train Epoch: 106 [44800/50000 (89.5%)]	Loss: 0.003860

Test set: Average loss: 0.2770, Accuracy: 9344/10000 (93.0%)

Train Epoch: 107 [0/50000 (0.0%)]	Loss: 0.001622
Train Epoch: 107 [6400/50000 (12.8%)]	Loss: 0.004421
Train Epoch: 107 [12800/50000 (25.6%)]	Loss: 0.002698
Train Epoch: 107 [19200/50000 (38.4%)]	Loss: 0.045469
Train Epoch: 107 [25600/50000 (51.2%)]	Loss: 0.001704
Train Epoch: 107 [32000/50000 (63.9%)]	Loss: 0.002837
Train Epoch: 107 [38400/50000 (76.7%)]	Loss: 0.001389
Train Epoch: 107 [44800/50000 (89.5%)]	Loss: 0.009673

Test set: Average loss: 0.2799, Accuracy: 9350/10000 (93.0%)

Train Epoch: 108 [0/50000 (0.0%)]	Loss: 0.008645
Train Epoch: 108 [6400/50000 (12.8%)]	Loss: 0.002214
Train Epoch: 108 [12800/50000 (25.6%)]	Loss: 0.002224
Train Epoch: 108 [19200/50000 (38.4%)]	Loss: 0.005571
Train Epoch: 108 [25600/50000 (51.2%)]	Loss: 0.001317
Train Epoch: 108 [32000/50000 (63.9%)]	Loss: 0.002548
Train Epoch: 108 [38400/50000 (76.7%)]	Loss: 0.001470
Train Epoch: 108 [44800/50000 (89.5%)]	Loss: 0.000979

Test set: Average loss: 0.2796, Accuracy: 9354/10000 (93.0%)

Train Epoch: 109 [0/50000 (0.0%)]	Loss: 0.000720
Train Epoch: 109 [6400/50000 (12.8%)]	Loss: 0.002433
Train Epoch: 109 [12800/50000 (25.6%)]	Loss: 0.002103
Train Epoch: 109 [19200/50000 (38.4%)]	Loss: 0.003808
Train Epoch: 109 [25600/50000 (51.2%)]	Loss: 0.002963
Train Epoch: 109 [32000/50000 (63.9%)]	Loss: 0.004365
Train Epoch: 109 [38400/50000 (76.7%)]	Loss: 0.002272
Train Epoch: 109 [44800/50000 (89.5%)]	Loss: 0.001541

Test set: Average loss: 0.2733, Accuracy: 9369/10000 (93.0%)

Train Epoch: 110 [0/50000 (0.0%)]	Loss: 0.004916
Train Epoch: 110 [6400/50000 (12.8%)]	Loss: 0.002119
Train Epoch: 110 [12800/50000 (25.6%)]	Loss: 0.006999
Train Epoch: 110 [19200/50000 (38.4%)]	Loss: 0.010389
Train Epoch: 110 [25600/50000 (51.2%)]	Loss: 0.004983
Train Epoch: 110 [32000/50000 (63.9%)]	Loss: 0.000829
Train Epoch: 110 [38400/50000 (76.7%)]	Loss: 0.002675
Train Epoch: 110 [44800/50000 (89.5%)]	Loss: 0.001445

Test set: Average loss: 0.2805, Accuracy: 9351/10000 (93.0%)

Train Epoch: 111 [0/50000 (0.0%)]	Loss: 0.002476
Train Epoch: 111 [6400/50000 (12.8%)]	Loss: 0.001839
Train Epoch: 111 [12800/50000 (25.6%)]	Loss: 0.001155
Train Epoch: 111 [19200/50000 (38.4%)]	Loss: 0.004403
Train Epoch: 111 [25600/50000 (51.2%)]	Loss: 0.002030
Train Epoch: 111 [32000/50000 (63.9%)]	Loss: 0.003747
Train Epoch: 111 [38400/50000 (76.7%)]	Loss: 0.002818
Train Epoch: 111 [44800/50000 (89.5%)]	Loss: 0.000973

Test set: Average loss: 0.2738, Accuracy: 9365/10000 (93.0%)

Train Epoch: 112 [0/50000 (0.0%)]	Loss: 0.039806
Train Epoch: 112 [6400/50000 (12.8%)]	Loss: 0.002397
Train Epoch: 112 [12800/50000 (25.6%)]	Loss: 0.018672
Train Epoch: 112 [19200/50000 (38.4%)]	Loss: 0.016928
Train Epoch: 112 [25600/50000 (51.2%)]	Loss: 0.002712
Train Epoch: 112 [32000/50000 (63.9%)]	Loss: 0.000566
Train Epoch: 112 [38400/50000 (76.7%)]	Loss: 0.002136
Train Epoch: 112 [44800/50000 (89.5%)]	Loss: 0.001135

Test set: Average loss: 0.2734, Accuracy: 9358/10000 (93.0%)

Train Epoch: 113 [0/50000 (0.0%)]	Loss: 0.014250
Train Epoch: 113 [6400/50000 (12.8%)]	Loss: 0.015635
Train Epoch: 113 [12800/50000 (25.6%)]	Loss: 0.001631
Train Epoch: 113 [19200/50000 (38.4%)]	Loss: 0.004223
Train Epoch: 113 [25600/50000 (51.2%)]	Loss: 0.001887
Train Epoch: 113 [32000/50000 (63.9%)]	Loss: 0.010773
Train Epoch: 113 [38400/50000 (76.7%)]	Loss: 0.001431
Train Epoch: 113 [44800/50000 (89.5%)]	Loss: 0.002525

Test set: Average loss: 0.2762, Accuracy: 9368/10000 (93.0%)

Train Epoch: 114 [0/50000 (0.0%)]	Loss: 0.003009
Train Epoch: 114 [6400/50000 (12.8%)]	Loss: 0.002492
Train Epoch: 114 [12800/50000 (25.6%)]	Loss: 0.002807
Train Epoch: 114 [19200/50000 (38.4%)]	Loss: 0.002249
Train Epoch: 114 [25600/50000 (51.2%)]	Loss: 0.003738
Train Epoch: 114 [32000/50000 (63.9%)]	Loss: 0.008845
Train Epoch: 114 [38400/50000 (76.7%)]	Loss: 0.001679
Train Epoch: 114 [44800/50000 (89.5%)]	Loss: 0.007256

Test set: Average loss: 0.2769, Accuracy: 9367/10000 (93.0%)

Train Epoch: 115 [0/50000 (0.0%)]	Loss: 0.000943
Train Epoch: 115 [6400/50000 (12.8%)]	Loss: 0.000900
Train Epoch: 115 [12800/50000 (25.6%)]	Loss: 0.007862
Train Epoch: 115 [19200/50000 (38.4%)]	Loss: 0.002552
Train Epoch: 115 [25600/50000 (51.2%)]	Loss: 0.003339
Train Epoch: 115 [32000/50000 (63.9%)]	Loss: 0.004256
Train Epoch: 115 [38400/50000 (76.7%)]	Loss: 0.003212
Train Epoch: 115 [44800/50000 (89.5%)]	Loss: 0.003767

Test set: Average loss: 0.2832, Accuracy: 9356/10000 (93.0%)

Train Epoch: 116 [0/50000 (0.0%)]	Loss: 0.003344
Train Epoch: 116 [6400/50000 (12.8%)]	Loss: 0.039686
Train Epoch: 116 [12800/50000 (25.6%)]	Loss: 0.001488
Train Epoch: 116 [19200/50000 (38.4%)]	Loss: 0.002895
Train Epoch: 116 [25600/50000 (51.2%)]	Loss: 0.003906
Train Epoch: 116 [32000/50000 (63.9%)]	Loss: 0.005933
Train Epoch: 116 [38400/50000 (76.7%)]	Loss: 0.002852
Train Epoch: 116 [44800/50000 (89.5%)]	Loss: 0.003964

Test set: Average loss: 0.2828, Accuracy: 9355/10000 (93.0%)

Train Epoch: 117 [0/50000 (0.0%)]	Loss: 0.000978
Train Epoch: 117 [6400/50000 (12.8%)]	Loss: 0.001965
Train Epoch: 117 [12800/50000 (25.6%)]	Loss: 0.004282
Train Epoch: 117 [19200/50000 (38.4%)]	Loss: 0.005457
Train Epoch: 117 [25600/50000 (51.2%)]	Loss: 0.012454
Train Epoch: 117 [32000/50000 (63.9%)]	Loss: 0.001267
Train Epoch: 117 [38400/50000 (76.7%)]	Loss: 0.004611
Train Epoch: 117 [44800/50000 (89.5%)]	Loss: 0.006220

Test set: Average loss: 0.2767, Accuracy: 9363/10000 (93.0%)

Train Epoch: 118 [0/50000 (0.0%)]	Loss: 0.001350
Train Epoch: 118 [6400/50000 (12.8%)]	Loss: 0.001708
Train Epoch: 118 [12800/50000 (25.6%)]	Loss: 0.005910
Train Epoch: 118 [19200/50000 (38.4%)]	Loss: 0.001888
Train Epoch: 118 [25600/50000 (51.2%)]	Loss: 0.005159
Train Epoch: 118 [32000/50000 (63.9%)]	Loss: 0.002929
Train Epoch: 118 [38400/50000 (76.7%)]	Loss: 0.005756
Train Epoch: 118 [44800/50000 (89.5%)]	Loss: 0.003980

Test set: Average loss: 0.2790, Accuracy: 9363/10000 (93.0%)

Train Epoch: 119 [0/50000 (0.0%)]	Loss: 0.031234
Train Epoch: 119 [6400/50000 (12.8%)]	Loss: 0.001125
Train Epoch: 119 [12800/50000 (25.6%)]	Loss: 0.001497
Train Epoch: 119 [19200/50000 (38.4%)]	Loss: 0.003644
Train Epoch: 119 [25600/50000 (51.2%)]	Loss: 0.005531
Train Epoch: 119 [32000/50000 (63.9%)]	Loss: 0.001897
Train Epoch: 119 [38400/50000 (76.7%)]	Loss: 0.003768
Train Epoch: 119 [44800/50000 (89.5%)]	Loss: 0.001795

Test set: Average loss: 0.2792, Accuracy: 9364/10000 (93.0%)

Train Epoch: 120 [0/50000 (0.0%)]	Loss: 0.001437
Train Epoch: 120 [6400/50000 (12.8%)]	Loss: 0.002093
Train Epoch: 120 [12800/50000 (25.6%)]	Loss: 0.003233
Train Epoch: 120 [19200/50000 (38.4%)]	Loss: 0.001276
Train Epoch: 120 [25600/50000 (51.2%)]	Loss: 0.006458
Train Epoch: 120 [32000/50000 (63.9%)]	Loss: 0.002948
Train Epoch: 120 [38400/50000 (76.7%)]	Loss: 0.002304
Train Epoch: 120 [44800/50000 (89.5%)]	Loss: 0.003049

Test set: Average loss: 0.2869, Accuracy: 9353/10000 (93.0%)

Train Epoch: 121 [0/50000 (0.0%)]	Loss: 0.007762
Train Epoch: 121 [6400/50000 (12.8%)]	Loss: 0.001701
Train Epoch: 121 [12800/50000 (25.6%)]	Loss: 0.004299
Train Epoch: 121 [19200/50000 (38.4%)]	Loss: 0.004219
Train Epoch: 121 [25600/50000 (51.2%)]	Loss: 0.019806
Train Epoch: 121 [32000/50000 (63.9%)]	Loss: 0.001843
Train Epoch: 121 [38400/50000 (76.7%)]	Loss: 0.025769
Train Epoch: 121 [44800/50000 (89.5%)]	Loss: 0.001496

Test set: Average loss: 0.2793, Accuracy: 9364/10000 (93.0%)

Train Epoch: 122 [0/50000 (0.0%)]	Loss: 0.002059
Train Epoch: 122 [6400/50000 (12.8%)]	Loss: 0.002184
Train Epoch: 122 [12800/50000 (25.6%)]	Loss: 0.002693
Train Epoch: 122 [19200/50000 (38.4%)]	Loss: 0.001912
Train Epoch: 122 [25600/50000 (51.2%)]	Loss: 0.002469
Train Epoch: 122 [32000/50000 (63.9%)]	Loss: 0.001735
Train Epoch: 122 [38400/50000 (76.7%)]	Loss: 0.001890
Train Epoch: 122 [44800/50000 (89.5%)]	Loss: 0.020871

Test set: Average loss: 0.2821, Accuracy: 9367/10000 (93.0%)

Train Epoch: 123 [0/50000 (0.0%)]	Loss: 0.002840
Train Epoch: 123 [6400/50000 (12.8%)]	Loss: 0.001824
Train Epoch: 123 [12800/50000 (25.6%)]	Loss: 0.006349
Train Epoch: 123 [19200/50000 (38.4%)]	Loss: 0.001262
Train Epoch: 123 [25600/50000 (51.2%)]	Loss: 0.010462
Train Epoch: 123 [32000/50000 (63.9%)]	Loss: 0.002260
Train Epoch: 123 [38400/50000 (76.7%)]	Loss: 0.003656
Train Epoch: 123 [44800/50000 (89.5%)]	Loss: 0.009039

Test set: Average loss: 0.2936, Accuracy: 9335/10000 (93.0%)

Train Epoch: 124 [0/50000 (0.0%)]	Loss: 0.015115
Train Epoch: 124 [6400/50000 (12.8%)]	Loss: 0.001389
Train Epoch: 124 [12800/50000 (25.6%)]	Loss: 0.001088
Train Epoch: 124 [19200/50000 (38.4%)]	Loss: 0.002014
Train Epoch: 124 [25600/50000 (51.2%)]	Loss: 0.003085
Train Epoch: 124 [32000/50000 (63.9%)]	Loss: 0.011233
Train Epoch: 124 [38400/50000 (76.7%)]	Loss: 0.006935
Train Epoch: 124 [44800/50000 (89.5%)]	Loss: 0.007611

Test set: Average loss: 0.2784, Accuracy: 9369/10000 (93.0%)

Train Epoch: 125 [0/50000 (0.0%)]	Loss: 0.015820
Train Epoch: 125 [6400/50000 (12.8%)]	Loss: 0.002660
Train Epoch: 125 [12800/50000 (25.6%)]	Loss: 0.000912
Train Epoch: 125 [19200/50000 (38.4%)]	Loss: 0.004436
Train Epoch: 125 [25600/50000 (51.2%)]	Loss: 0.004616
Train Epoch: 125 [32000/50000 (63.9%)]	Loss: 0.008685
Train Epoch: 125 [38400/50000 (76.7%)]	Loss: 0.012031
Train Epoch: 125 [44800/50000 (89.5%)]	Loss: 0.001505

Test set: Average loss: 0.2812, Accuracy: 9369/10000 (93.0%)

Train Epoch: 126 [0/50000 (0.0%)]	Loss: 0.005530
Train Epoch: 126 [6400/50000 (12.8%)]	Loss: 0.001466
Train Epoch: 126 [12800/50000 (25.6%)]	Loss: 0.001306
Train Epoch: 126 [19200/50000 (38.4%)]	Loss: 0.001579
Train Epoch: 126 [25600/50000 (51.2%)]	Loss: 0.001390
Train Epoch: 126 [32000/50000 (63.9%)]	Loss: 0.004910
Train Epoch: 126 [38400/50000 (76.7%)]	Loss: 0.000903
Train Epoch: 126 [44800/50000 (89.5%)]	Loss: 0.004895

Test set: Average loss: 0.2812, Accuracy: 9368/10000 (93.0%)

Train Epoch: 127 [0/50000 (0.0%)]	Loss: 0.001137
Train Epoch: 127 [6400/50000 (12.8%)]	Loss: 0.015741
Train Epoch: 127 [12800/50000 (25.6%)]	Loss: 0.011700
Train Epoch: 127 [19200/50000 (38.4%)]	Loss: 0.004092
Train Epoch: 127 [25600/50000 (51.2%)]	Loss: 0.003143
Train Epoch: 127 [32000/50000 (63.9%)]	Loss: 0.018333
Train Epoch: 127 [38400/50000 (76.7%)]	Loss: 0.002376
Train Epoch: 127 [44800/50000 (89.5%)]	Loss: 0.005229

Test set: Average loss: 0.2831, Accuracy: 9374/10000 (93.0%)

Train Epoch: 128 [0/50000 (0.0%)]	Loss: 0.003250
Train Epoch: 128 [6400/50000 (12.8%)]	Loss: 0.003050
Train Epoch: 128 [12800/50000 (25.6%)]	Loss: 0.001895
Train Epoch: 128 [19200/50000 (38.4%)]	Loss: 0.003217
Train Epoch: 128 [25600/50000 (51.2%)]	Loss: 0.002518
Train Epoch: 128 [32000/50000 (63.9%)]	Loss: 0.002327
Train Epoch: 128 [38400/50000 (76.7%)]	Loss: 0.002422
Train Epoch: 128 [44800/50000 (89.5%)]	Loss: 0.004736

Test set: Average loss: 0.2851, Accuracy: 9340/10000 (93.0%)

Train Epoch: 129 [0/50000 (0.0%)]	Loss: 0.005478
Train Epoch: 129 [6400/50000 (12.8%)]	Loss: 0.002651
Train Epoch: 129 [12800/50000 (25.6%)]	Loss: 0.010269
Train Epoch: 129 [19200/50000 (38.4%)]	Loss: 0.001617
Train Epoch: 129 [25600/50000 (51.2%)]	Loss: 0.003662
Train Epoch: 129 [32000/50000 (63.9%)]	Loss: 0.003369
Train Epoch: 129 [38400/50000 (76.7%)]	Loss: 0.010330
Train Epoch: 129 [44800/50000 (89.5%)]	Loss: 0.002135

Test set: Average loss: 0.2832, Accuracy: 9346/10000 (93.0%)

Train Epoch: 130 [0/50000 (0.0%)]	Loss: 0.002517
Train Epoch: 130 [6400/50000 (12.8%)]	Loss: 0.001395
Train Epoch: 130 [12800/50000 (25.6%)]	Loss: 0.015992
Train Epoch: 130 [19200/50000 (38.4%)]	Loss: 0.000853
Train Epoch: 130 [25600/50000 (51.2%)]	Loss: 0.001752
Train Epoch: 130 [32000/50000 (63.9%)]	Loss: 0.001520
Train Epoch: 130 [38400/50000 (76.7%)]	Loss: 0.001993
Train Epoch: 130 [44800/50000 (89.5%)]	Loss: 0.001351

Test set: Average loss: 0.2818, Accuracy: 9355/10000 (93.0%)

Train Epoch: 131 [0/50000 (0.0%)]	Loss: 0.003629
Train Epoch: 131 [6400/50000 (12.8%)]	Loss: 0.005619
Train Epoch: 131 [12800/50000 (25.6%)]	Loss: 0.004922
Train Epoch: 131 [19200/50000 (38.4%)]	Loss: 0.009417
Train Epoch: 131 [25600/50000 (51.2%)]	Loss: 0.007929
Train Epoch: 131 [32000/50000 (63.9%)]	Loss: 0.002056
Train Epoch: 131 [38400/50000 (76.7%)]	Loss: 0.010841
Train Epoch: 131 [44800/50000 (89.5%)]	Loss: 0.005458

Test set: Average loss: 0.2817, Accuracy: 9362/10000 (93.0%)

Train Epoch: 132 [0/50000 (0.0%)]	Loss: 0.029207
Train Epoch: 132 [6400/50000 (12.8%)]	Loss: 0.009929
Train Epoch: 132 [12800/50000 (25.6%)]	Loss: 0.002838
Train Epoch: 132 [19200/50000 (38.4%)]	Loss: 0.000932
Train Epoch: 132 [25600/50000 (51.2%)]	Loss: 0.005436
Train Epoch: 132 [32000/50000 (63.9%)]	Loss: 0.005562
Train Epoch: 132 [38400/50000 (76.7%)]	Loss: 0.014152
Train Epoch: 132 [44800/50000 (89.5%)]	Loss: 0.012012

Test set: Average loss: 0.2814, Accuracy: 9378/10000 (93.0%)

Train Epoch: 133 [0/50000 (0.0%)]	Loss: 0.002775
Train Epoch: 133 [6400/50000 (12.8%)]	Loss: 0.026062
Train Epoch: 133 [12800/50000 (25.6%)]	Loss: 0.002769
Train Epoch: 133 [19200/50000 (38.4%)]	Loss: 0.003012
Train Epoch: 133 [25600/50000 (51.2%)]	Loss: 0.001271
Train Epoch: 133 [32000/50000 (63.9%)]	Loss: 0.027196
Train Epoch: 133 [38400/50000 (76.7%)]	Loss: 0.002441
Train Epoch: 133 [44800/50000 (89.5%)]	Loss: 0.005230

Test set: Average loss: 0.2822, Accuracy: 9369/10000 (93.0%)

Train Epoch: 134 [0/50000 (0.0%)]	Loss: 0.006192
Train Epoch: 134 [6400/50000 (12.8%)]	Loss: 0.006406
Train Epoch: 134 [12800/50000 (25.6%)]	Loss: 0.011294
Train Epoch: 134 [19200/50000 (38.4%)]	Loss: 0.003052
Train Epoch: 134 [25600/50000 (51.2%)]	Loss: 0.003776
Train Epoch: 134 [32000/50000 (63.9%)]	Loss: 0.001885
Train Epoch: 134 [38400/50000 (76.7%)]	Loss: 0.004722
Train Epoch: 134 [44800/50000 (89.5%)]	Loss: 0.001207

Test set: Average loss: 0.2848, Accuracy: 9352/10000 (93.0%)

Train Epoch: 135 [0/50000 (0.0%)]	Loss: 0.001955
Train Epoch: 135 [6400/50000 (12.8%)]	Loss: 0.003397
Train Epoch: 135 [12800/50000 (25.6%)]	Loss: 0.002271
Train Epoch: 135 [19200/50000 (38.4%)]	Loss: 0.001405
Train Epoch: 135 [25600/50000 (51.2%)]	Loss: 0.020820
Train Epoch: 135 [32000/50000 (63.9%)]	Loss: 0.004082
Train Epoch: 135 [38400/50000 (76.7%)]	Loss: 0.002270
Train Epoch: 135 [44800/50000 (89.5%)]	Loss: 0.001319

Test set: Average loss: 0.2851, Accuracy: 9360/10000 (93.0%)

Train Epoch: 136 [0/50000 (0.0%)]	Loss: 0.002035
Train Epoch: 136 [6400/50000 (12.8%)]	Loss: 0.005556
Train Epoch: 136 [12800/50000 (25.6%)]	Loss: 0.006739
Train Epoch: 136 [19200/50000 (38.4%)]	Loss: 0.006790
Train Epoch: 136 [25600/50000 (51.2%)]	Loss: 0.011050
Train Epoch: 136 [32000/50000 (63.9%)]	Loss: 0.009664
Train Epoch: 136 [38400/50000 (76.7%)]	Loss: 0.010951
Train Epoch: 136 [44800/50000 (89.5%)]	Loss: 0.008553

Test set: Average loss: 0.2776, Accuracy: 9362/10000 (93.0%)

Train Epoch: 137 [0/50000 (0.0%)]	Loss: 0.001800
Train Epoch: 137 [6400/50000 (12.8%)]	Loss: 0.001734
Train Epoch: 137 [12800/50000 (25.6%)]	Loss: 0.023831
Train Epoch: 137 [19200/50000 (38.4%)]	Loss: 0.061331
Train Epoch: 137 [25600/50000 (51.2%)]	Loss: 0.002609
Train Epoch: 137 [32000/50000 (63.9%)]	Loss: 0.024108
Train Epoch: 137 [38400/50000 (76.7%)]	Loss: 0.001006
Train Epoch: 137 [44800/50000 (89.5%)]	Loss: 0.002847

Test set: Average loss: 0.2859, Accuracy: 9347/10000 (93.0%)

Train Epoch: 138 [0/50000 (0.0%)]	Loss: 0.015490
Train Epoch: 138 [6400/50000 (12.8%)]	Loss: 0.002865
Train Epoch: 138 [12800/50000 (25.6%)]	Loss: 0.007991
Train Epoch: 138 [19200/50000 (38.4%)]	Loss: 0.004550
Train Epoch: 138 [25600/50000 (51.2%)]	Loss: 0.001686
Train Epoch: 138 [32000/50000 (63.9%)]	Loss: 0.002002
Train Epoch: 138 [38400/50000 (76.7%)]	Loss: 0.001980
Train Epoch: 138 [44800/50000 (89.5%)]	Loss: 0.000790

Test set: Average loss: 0.2827, Accuracy: 9354/10000 (93.0%)

Train Epoch: 139 [0/50000 (0.0%)]	Loss: 0.002885
Train Epoch: 139 [6400/50000 (12.8%)]	Loss: 0.009055
Train Epoch: 139 [12800/50000 (25.6%)]	Loss: 0.009107
Train Epoch: 139 [19200/50000 (38.4%)]	Loss: 0.004729
Train Epoch: 139 [25600/50000 (51.2%)]	Loss: 0.002944
Train Epoch: 139 [32000/50000 (63.9%)]	Loss: 0.002517
Train Epoch: 139 [38400/50000 (76.7%)]	Loss: 0.000992
Train Epoch: 139 [44800/50000 (89.5%)]	Loss: 0.001171

Test set: Average loss: 0.2870, Accuracy: 9353/10000 (93.0%)

Train Epoch: 140 [0/50000 (0.0%)]	Loss: 0.000917
Train Epoch: 140 [6400/50000 (12.8%)]	Loss: 0.017440
Train Epoch: 140 [12800/50000 (25.6%)]	Loss: 0.001879
Train Epoch: 140 [19200/50000 (38.4%)]	Loss: 0.001164
Train Epoch: 140 [25600/50000 (51.2%)]	Loss: 0.001419
Train Epoch: 140 [32000/50000 (63.9%)]	Loss: 0.002032
Train Epoch: 140 [38400/50000 (76.7%)]	Loss: 0.002733
Train Epoch: 140 [44800/50000 (89.5%)]	Loss: 0.003663

Test set: Average loss: 0.2898, Accuracy: 9362/10000 (93.0%)

Train Epoch: 141 [0/50000 (0.0%)]	Loss: 0.006649
Train Epoch: 141 [6400/50000 (12.8%)]	Loss: 0.013305
Train Epoch: 141 [12800/50000 (25.6%)]	Loss: 0.005786
Train Epoch: 141 [19200/50000 (38.4%)]	Loss: 0.003114
Train Epoch: 141 [25600/50000 (51.2%)]	Loss: 0.001183
Train Epoch: 141 [32000/50000 (63.9%)]	Loss: 0.003758
Train Epoch: 141 [38400/50000 (76.7%)]	Loss: 0.003731
Train Epoch: 141 [44800/50000 (89.5%)]	Loss: 0.010514

Test set: Average loss: 0.2847, Accuracy: 9346/10000 (93.0%)

Train Epoch: 142 [0/50000 (0.0%)]	Loss: 0.007253
Train Epoch: 142 [6400/50000 (12.8%)]	Loss: 0.001559
Train Epoch: 142 [12800/50000 (25.6%)]	Loss: 0.001001
Train Epoch: 142 [19200/50000 (38.4%)]	Loss: 0.001353
Train Epoch: 142 [25600/50000 (51.2%)]	Loss: 0.004693
Train Epoch: 142 [32000/50000 (63.9%)]	Loss: 0.001681
Train Epoch: 142 [38400/50000 (76.7%)]	Loss: 0.004000
Train Epoch: 142 [44800/50000 (89.5%)]	Loss: 0.004952

Test set: Average loss: 0.2906, Accuracy: 9349/10000 (93.0%)

Train Epoch: 143 [0/50000 (0.0%)]	Loss: 0.002051
Train Epoch: 143 [6400/50000 (12.8%)]	Loss: 0.003812
Train Epoch: 143 [12800/50000 (25.6%)]	Loss: 0.002583
Train Epoch: 143 [19200/50000 (38.4%)]	Loss: 0.002696
Train Epoch: 143 [25600/50000 (51.2%)]	Loss: 0.001779
Train Epoch: 143 [32000/50000 (63.9%)]	Loss: 0.001113
Train Epoch: 143 [38400/50000 (76.7%)]	Loss: 0.005949
Train Epoch: 143 [44800/50000 (89.5%)]	Loss: 0.005201

Test set: Average loss: 0.2931, Accuracy: 9346/10000 (93.0%)

Train Epoch: 144 [0/50000 (0.0%)]	Loss: 0.001394
Train Epoch: 144 [6400/50000 (12.8%)]	Loss: 0.003111
Train Epoch: 144 [12800/50000 (25.6%)]	Loss: 0.001047
Train Epoch: 144 [19200/50000 (38.4%)]	Loss: 0.001509
Train Epoch: 144 [25600/50000 (51.2%)]	Loss: 0.002128
Train Epoch: 144 [32000/50000 (63.9%)]	Loss: 0.001665
Train Epoch: 144 [38400/50000 (76.7%)]	Loss: 0.002311
Train Epoch: 144 [44800/50000 (89.5%)]	Loss: 0.003827

Test set: Average loss: 0.2902, Accuracy: 9354/10000 (93.0%)

Train Epoch: 145 [0/50000 (0.0%)]	Loss: 0.005602
Train Epoch: 145 [6400/50000 (12.8%)]	Loss: 0.003898
Train Epoch: 145 [12800/50000 (25.6%)]	Loss: 0.001094
Train Epoch: 145 [19200/50000 (38.4%)]	Loss: 0.001250
Train Epoch: 145 [25600/50000 (51.2%)]	Loss: 0.001527
Train Epoch: 145 [32000/50000 (63.9%)]	Loss: 0.002922
Train Epoch: 145 [38400/50000 (76.7%)]	Loss: 0.004208
Train Epoch: 145 [44800/50000 (89.5%)]	Loss: 0.001289

Test set: Average loss: 0.2924, Accuracy: 9344/10000 (93.0%)

Train Epoch: 146 [0/50000 (0.0%)]	Loss: 0.003033
Train Epoch: 146 [6400/50000 (12.8%)]	Loss: 0.000977
Train Epoch: 146 [12800/50000 (25.6%)]	Loss: 0.007097
Train Epoch: 146 [19200/50000 (38.4%)]	Loss: 0.010530
Train Epoch: 146 [25600/50000 (51.2%)]	Loss: 0.001972
Train Epoch: 146 [32000/50000 (63.9%)]	Loss: 0.001032
Train Epoch: 146 [38400/50000 (76.7%)]	Loss: 0.028290
Train Epoch: 146 [44800/50000 (89.5%)]	Loss: 0.002315

Test set: Average loss: 0.2933, Accuracy: 9358/10000 (93.0%)

Train Epoch: 147 [0/50000 (0.0%)]	Loss: 0.003707
Train Epoch: 147 [6400/50000 (12.8%)]	Loss: 0.003747
Train Epoch: 147 [12800/50000 (25.6%)]	Loss: 0.001662
Train Epoch: 147 [19200/50000 (38.4%)]	Loss: 0.001754
Train Epoch: 147 [25600/50000 (51.2%)]	Loss: 0.001980
Train Epoch: 147 [32000/50000 (63.9%)]	Loss: 0.001695
Train Epoch: 147 [38400/50000 (76.7%)]	Loss: 0.005286
Train Epoch: 147 [44800/50000 (89.5%)]	Loss: 0.001695

Test set: Average loss: 0.2861, Accuracy: 9366/10000 (93.0%)

Train Epoch: 148 [0/50000 (0.0%)]	Loss: 0.005977
Train Epoch: 148 [6400/50000 (12.8%)]	Loss: 0.008744
Train Epoch: 148 [12800/50000 (25.6%)]	Loss: 0.003039
Train Epoch: 148 [19200/50000 (38.4%)]	Loss: 0.000760
Train Epoch: 148 [25600/50000 (51.2%)]	Loss: 0.003873
Train Epoch: 148 [32000/50000 (63.9%)]	Loss: 0.001905
Train Epoch: 148 [38400/50000 (76.7%)]	Loss: 0.005194
Train Epoch: 148 [44800/50000 (89.5%)]	Loss: 0.003331

Test set: Average loss: 0.2859, Accuracy: 9357/10000 (93.0%)

Train Epoch: 149 [0/50000 (0.0%)]	Loss: 0.001473
Train Epoch: 149 [6400/50000 (12.8%)]	Loss: 0.004032
Train Epoch: 149 [12800/50000 (25.6%)]	Loss: 0.003743
Train Epoch: 149 [19200/50000 (38.4%)]	Loss: 0.003177
Train Epoch: 149 [25600/50000 (51.2%)]	Loss: 0.002349
Train Epoch: 149 [32000/50000 (63.9%)]	Loss: 0.006729
Train Epoch: 149 [38400/50000 (76.7%)]	Loss: 0.001412
Train Epoch: 149 [44800/50000 (89.5%)]	Loss: 0.002832

Test set: Average loss: 0.2869, Accuracy: 9364/10000 (93.0%)

Train Epoch: 150 [0/50000 (0.0%)]	Loss: 0.001171
Train Epoch: 150 [6400/50000 (12.8%)]	Loss: 0.007305
Train Epoch: 150 [12800/50000 (25.6%)]	Loss: 0.001415
Train Epoch: 150 [19200/50000 (38.4%)]	Loss: 0.001411
Train Epoch: 150 [25600/50000 (51.2%)]	Loss: 0.004117
Train Epoch: 150 [32000/50000 (63.9%)]	Loss: 0.004950
Train Epoch: 150 [38400/50000 (76.7%)]	Loss: 0.001341
Train Epoch: 150 [44800/50000 (89.5%)]	Loss: 0.003536

Test set: Average loss: 0.2833, Accuracy: 9373/10000 (93.0%)

Train Epoch: 151 [0/50000 (0.0%)]	Loss: 0.002200
Train Epoch: 151 [6400/50000 (12.8%)]	Loss: 0.004235
Train Epoch: 151 [12800/50000 (25.6%)]	Loss: 0.001691
Train Epoch: 151 [19200/50000 (38.4%)]	Loss: 0.009908
Train Epoch: 151 [25600/50000 (51.2%)]	Loss: 0.003325
Train Epoch: 151 [32000/50000 (63.9%)]	Loss: 0.004542
Train Epoch: 151 [38400/50000 (76.7%)]	Loss: 0.002179
Train Epoch: 151 [44800/50000 (89.5%)]	Loss: 0.011463

Test set: Average loss: 0.2902, Accuracy: 9351/10000 (93.0%)

Train Epoch: 152 [0/50000 (0.0%)]	Loss: 0.002142
Train Epoch: 152 [6400/50000 (12.8%)]	Loss: 0.002733
Train Epoch: 152 [12800/50000 (25.6%)]	Loss: 0.004739
Train Epoch: 152 [19200/50000 (38.4%)]	Loss: 0.001001
Train Epoch: 152 [25600/50000 (51.2%)]	Loss: 0.005707
Train Epoch: 152 [32000/50000 (63.9%)]	Loss: 0.004591
Train Epoch: 152 [38400/50000 (76.7%)]	Loss: 0.002233
Train Epoch: 152 [44800/50000 (89.5%)]	Loss: 0.005490

Test set: Average loss: 0.2815, Accuracy: 9374/10000 (93.0%)

Train Epoch: 153 [0/50000 (0.0%)]	Loss: 0.039969
Train Epoch: 153 [6400/50000 (12.8%)]	Loss: 0.004291
Train Epoch: 153 [12800/50000 (25.6%)]	Loss: 0.001509
Train Epoch: 153 [19200/50000 (38.4%)]	Loss: 0.002028
Train Epoch: 153 [25600/50000 (51.2%)]	Loss: 0.001367
Train Epoch: 153 [32000/50000 (63.9%)]	Loss: 0.003511
Train Epoch: 153 [38400/50000 (76.7%)]	Loss: 0.022423
Train Epoch: 153 [44800/50000 (89.5%)]	Loss: 0.003947

Test set: Average loss: 0.2850, Accuracy: 9362/10000 (93.0%)

Train Epoch: 154 [0/50000 (0.0%)]	Loss: 0.002874
Train Epoch: 154 [6400/50000 (12.8%)]	Loss: 0.004852
Train Epoch: 154 [12800/50000 (25.6%)]	Loss: 0.003022
Train Epoch: 154 [19200/50000 (38.4%)]	Loss: 0.001568
Train Epoch: 154 [25600/50000 (51.2%)]	Loss: 0.001095
Train Epoch: 154 [32000/50000 (63.9%)]	Loss: 0.008064
Train Epoch: 154 [38400/50000 (76.7%)]	Loss: 0.001258
Train Epoch: 154 [44800/50000 (89.5%)]	Loss: 0.001320

Test set: Average loss: 0.2842, Accuracy: 9373/10000 (93.0%)

Train Epoch: 155 [0/50000 (0.0%)]	Loss: 0.000716
Train Epoch: 155 [6400/50000 (12.8%)]	Loss: 0.012087
Train Epoch: 155 [12800/50000 (25.6%)]	Loss: 0.001922
Train Epoch: 155 [19200/50000 (38.4%)]	Loss: 0.005292
Train Epoch: 155 [25600/50000 (51.2%)]	Loss: 0.000820
Train Epoch: 155 [32000/50000 (63.9%)]	Loss: 0.001834
Train Epoch: 155 [38400/50000 (76.7%)]	Loss: 0.005323
Train Epoch: 155 [44800/50000 (89.5%)]	Loss: 0.003658

Test set: Average loss: 0.2848, Accuracy: 9376/10000 (93.0%)

Train Epoch: 156 [0/50000 (0.0%)]	Loss: 0.003914
Train Epoch: 156 [6400/50000 (12.8%)]	Loss: 0.031528
Train Epoch: 156 [12800/50000 (25.6%)]	Loss: 0.005117
Train Epoch: 156 [19200/50000 (38.4%)]	Loss: 0.001897
Train Epoch: 156 [25600/50000 (51.2%)]	Loss: 0.002819
Train Epoch: 156 [32000/50000 (63.9%)]	Loss: 0.001278
Train Epoch: 156 [38400/50000 (76.7%)]	Loss: 0.003221
Train Epoch: 156 [44800/50000 (89.5%)]	Loss: 0.004852

Test set: Average loss: 0.2829, Accuracy: 9374/10000 (93.0%)

Train Epoch: 157 [0/50000 (0.0%)]	Loss: 0.002150
Train Epoch: 157 [6400/50000 (12.8%)]	Loss: 0.042501
Train Epoch: 157 [12800/50000 (25.6%)]	Loss: 0.003023
Train Epoch: 157 [19200/50000 (38.4%)]	Loss: 0.003751
Train Epoch: 157 [25600/50000 (51.2%)]	Loss: 0.001886
Train Epoch: 157 [32000/50000 (63.9%)]	Loss: 0.002334
Train Epoch: 157 [38400/50000 (76.7%)]	Loss: 0.001552
Train Epoch: 157 [44800/50000 (89.5%)]	Loss: 0.001925

Test set: Average loss: 0.2860, Accuracy: 9358/10000 (93.0%)

Train Epoch: 158 [0/50000 (0.0%)]	Loss: 0.000952
Train Epoch: 158 [6400/50000 (12.8%)]	Loss: 0.003269
Train Epoch: 158 [12800/50000 (25.6%)]	Loss: 0.003362
Train Epoch: 158 [19200/50000 (38.4%)]	Loss: 0.001728
Train Epoch: 158 [25600/50000 (51.2%)]	Loss: 0.001130
Train Epoch: 158 [32000/50000 (63.9%)]	Loss: 0.001558
Train Epoch: 158 [38400/50000 (76.7%)]	Loss: 0.001881
Train Epoch: 158 [44800/50000 (89.5%)]	Loss: 0.001400

Test set: Average loss: 0.2855, Accuracy: 9367/10000 (93.0%)

Train Epoch: 159 [0/50000 (0.0%)]	Loss: 0.000902
Train Epoch: 159 [6400/50000 (12.8%)]	Loss: 0.020250
Train Epoch: 159 [12800/50000 (25.6%)]	Loss: 0.001922
Train Epoch: 159 [19200/50000 (38.4%)]	Loss: 0.001890
Train Epoch: 159 [25600/50000 (51.2%)]	Loss: 0.001174
Train Epoch: 159 [32000/50000 (63.9%)]	Loss: 0.003646
Train Epoch: 159 [38400/50000 (76.7%)]	Loss: 0.006351
Train Epoch: 159 [44800/50000 (89.5%)]	Loss: 0.001654

Test set: Average loss: 0.2835, Accuracy: 9363/10000 (93.0%)

Train Epoch: 160 [0/50000 (0.0%)]	Loss: 0.004247
Train Epoch: 160 [6400/50000 (12.8%)]	Loss: 0.013944
Train Epoch: 160 [12800/50000 (25.6%)]	Loss: 0.004173
Train Epoch: 160 [19200/50000 (38.4%)]	Loss: 0.007132
Train Epoch: 160 [25600/50000 (51.2%)]	Loss: 0.005065
Train Epoch: 160 [32000/50000 (63.9%)]	Loss: 0.006182
Train Epoch: 160 [38400/50000 (76.7%)]	Loss: 0.003153
Train Epoch: 160 [44800/50000 (89.5%)]	Loss: 0.002919

Test set: Average loss: 0.2883, Accuracy: 9358/10000 (93.0%)

Train Epoch: 161 [0/50000 (0.0%)]	Loss: 0.001461
Train Epoch: 161 [6400/50000 (12.8%)]	Loss: 0.001260
Train Epoch: 161 [12800/50000 (25.6%)]	Loss: 0.003966
Train Epoch: 161 [19200/50000 (38.4%)]	Loss: 0.002842
Train Epoch: 161 [25600/50000 (51.2%)]	Loss: 0.002386
Train Epoch: 161 [32000/50000 (63.9%)]	Loss: 0.001483
Train Epoch: 161 [38400/50000 (76.7%)]	Loss: 0.002572
Train Epoch: 161 [44800/50000 (89.5%)]	Loss: 0.004298

Test set: Average loss: 0.2821, Accuracy: 9366/10000 (93.0%)

Train Epoch: 162 [0/50000 (0.0%)]	Loss: 0.005303
Train Epoch: 162 [6400/50000 (12.8%)]	Loss: 0.004779
Train Epoch: 162 [12800/50000 (25.6%)]	Loss: 0.005550
Train Epoch: 162 [19200/50000 (38.4%)]	Loss: 0.003421
Train Epoch: 162 [25600/50000 (51.2%)]	Loss: 0.001621
Train Epoch: 162 [32000/50000 (63.9%)]	Loss: 0.010543
Train Epoch: 162 [38400/50000 (76.7%)]	Loss: 0.001705
Train Epoch: 162 [44800/50000 (89.5%)]	Loss: 0.003469

Test set: Average loss: 0.2771, Accuracy: 9376/10000 (93.0%)

Train Epoch: 163 [0/50000 (0.0%)]	Loss: 0.007393
Train Epoch: 163 [6400/50000 (12.8%)]	Loss: 0.003826
Train Epoch: 163 [12800/50000 (25.6%)]	Loss: 0.001765
Train Epoch: 163 [19200/50000 (38.4%)]	Loss: 0.001910
Train Epoch: 163 [25600/50000 (51.2%)]	Loss: 0.001372
Train Epoch: 163 [32000/50000 (63.9%)]	Loss: 0.012524
Train Epoch: 163 [38400/50000 (76.7%)]	Loss: 0.001311
Train Epoch: 163 [44800/50000 (89.5%)]	Loss: 0.003175

Test set: Average loss: 0.2835, Accuracy: 9358/10000 (93.0%)

Train Epoch: 164 [0/50000 (0.0%)]	Loss: 0.002121
Train Epoch: 164 [6400/50000 (12.8%)]	Loss: 0.002011
Train Epoch: 164 [12800/50000 (25.6%)]	Loss: 0.005344
Train Epoch: 164 [19200/50000 (38.4%)]	Loss: 0.001191
Train Epoch: 164 [25600/50000 (51.2%)]	Loss: 0.004497
Train Epoch: 164 [32000/50000 (63.9%)]	Loss: 0.001074
Train Epoch: 164 [38400/50000 (76.7%)]	Loss: 0.006408
Train Epoch: 164 [44800/50000 (89.5%)]	Loss: 0.001748

Test set: Average loss: 0.2837, Accuracy: 9362/10000 (93.0%)

Train Epoch: 165 [0/50000 (0.0%)]	Loss: 0.009818
Train Epoch: 165 [6400/50000 (12.8%)]	Loss: 0.001511
Train Epoch: 165 [12800/50000 (25.6%)]	Loss: 0.001457
Train Epoch: 165 [19200/50000 (38.4%)]	Loss: 0.003783
Train Epoch: 165 [25600/50000 (51.2%)]	Loss: 0.000864
Train Epoch: 165 [32000/50000 (63.9%)]	Loss: 0.001530
Train Epoch: 165 [38400/50000 (76.7%)]	Loss: 0.001592
Train Epoch: 165 [44800/50000 (89.5%)]	Loss: 0.001359

Test set: Average loss: 0.2849, Accuracy: 9360/10000 (93.0%)

Train Epoch: 166 [0/50000 (0.0%)]	Loss: 0.015226
Train Epoch: 166 [6400/50000 (12.8%)]	Loss: 0.001690
Train Epoch: 166 [12800/50000 (25.6%)]	Loss: 0.001621
Train Epoch: 166 [19200/50000 (38.4%)]	Loss: 0.001294
Train Epoch: 166 [25600/50000 (51.2%)]	Loss: 0.004770
Train Epoch: 166 [32000/50000 (63.9%)]	Loss: 0.002965
Train Epoch: 166 [38400/50000 (76.7%)]	Loss: 0.003933
Train Epoch: 166 [44800/50000 (89.5%)]	Loss: 0.003077

Test set: Average loss: 0.2851, Accuracy: 9361/10000 (93.0%)

Train Epoch: 167 [0/50000 (0.0%)]	Loss: 0.002640
Train Epoch: 167 [6400/50000 (12.8%)]	Loss: 0.001709
Train Epoch: 167 [12800/50000 (25.6%)]	Loss: 0.011933
Train Epoch: 167 [19200/50000 (38.4%)]	Loss: 0.002095
Train Epoch: 167 [25600/50000 (51.2%)]	Loss: 0.004352
Train Epoch: 167 [32000/50000 (63.9%)]	Loss: 0.005968
Train Epoch: 167 [38400/50000 (76.7%)]	Loss: 0.002816
Train Epoch: 167 [44800/50000 (89.5%)]	Loss: 0.002378

Test set: Average loss: 0.2827, Accuracy: 9367/10000 (93.0%)

Train Epoch: 168 [0/50000 (0.0%)]	Loss: 0.008661
Train Epoch: 168 [6400/50000 (12.8%)]	Loss: 0.005720
Train Epoch: 168 [12800/50000 (25.6%)]	Loss: 0.002281
Train Epoch: 168 [19200/50000 (38.4%)]	Loss: 0.003717
Train Epoch: 168 [25600/50000 (51.2%)]	Loss: 0.003085
Train Epoch: 168 [32000/50000 (63.9%)]	Loss: 0.002797
Train Epoch: 168 [38400/50000 (76.7%)]	Loss: 0.001915
Train Epoch: 168 [44800/50000 (89.5%)]	Loss: 0.000957

Test set: Average loss: 0.2848, Accuracy: 9363/10000 (93.0%)

Train Epoch: 169 [0/50000 (0.0%)]	Loss: 0.023670
Train Epoch: 169 [6400/50000 (12.8%)]	Loss: 0.001089
Train Epoch: 169 [12800/50000 (25.6%)]	Loss: 0.003008
Train Epoch: 169 [19200/50000 (38.4%)]	Loss: 0.002226
Train Epoch: 169 [25600/50000 (51.2%)]	Loss: 0.003033
Train Epoch: 169 [32000/50000 (63.9%)]	Loss: 0.002984
Train Epoch: 169 [38400/50000 (76.7%)]	Loss: 0.003233
Train Epoch: 169 [44800/50000 (89.5%)]	Loss: 0.002247

Test set: Average loss: 0.2873, Accuracy: 9357/10000 (93.0%)

Train Epoch: 170 [0/50000 (0.0%)]	Loss: 0.002443
Train Epoch: 170 [6400/50000 (12.8%)]	Loss: 0.002699
Train Epoch: 170 [12800/50000 (25.6%)]	Loss: 0.004191
Train Epoch: 170 [19200/50000 (38.4%)]	Loss: 0.015308
Train Epoch: 170 [25600/50000 (51.2%)]	Loss: 0.001069
Train Epoch: 170 [32000/50000 (63.9%)]	Loss: 0.002273
Train Epoch: 170 [38400/50000 (76.7%)]	Loss: 0.001392
Train Epoch: 170 [44800/50000 (89.5%)]	Loss: 0.003577

Test set: Average loss: 0.2848, Accuracy: 9363/10000 (93.0%)

Train Epoch: 171 [0/50000 (0.0%)]	Loss: 0.001149
Train Epoch: 171 [6400/50000 (12.8%)]	Loss: 0.001262
Train Epoch: 171 [12800/50000 (25.6%)]	Loss: 0.001188
Train Epoch: 171 [19200/50000 (38.4%)]	Loss: 0.003598
Train Epoch: 171 [25600/50000 (51.2%)]	Loss: 0.002228
Train Epoch: 171 [32000/50000 (63.9%)]	Loss: 0.003583
Train Epoch: 171 [38400/50000 (76.7%)]	Loss: 0.001852
Train Epoch: 171 [44800/50000 (89.5%)]	Loss: 0.001836

Test set: Average loss: 0.2829, Accuracy: 9369/10000 (93.0%)

Train Epoch: 172 [0/50000 (0.0%)]	Loss: 0.007059
Train Epoch: 172 [6400/50000 (12.8%)]	Loss: 0.002731
Train Epoch: 172 [12800/50000 (25.6%)]	Loss: 0.001768
Train Epoch: 172 [19200/50000 (38.4%)]	Loss: 0.006037
Train Epoch: 172 [25600/50000 (51.2%)]	Loss: 0.001241
Train Epoch: 172 [32000/50000 (63.9%)]	Loss: 0.002247
Train Epoch: 172 [38400/50000 (76.7%)]	Loss: 0.014452
Train Epoch: 172 [44800/50000 (89.5%)]	Loss: 0.003523

Test set: Average loss: 0.2884, Accuracy: 9366/10000 (93.0%)

Train Epoch: 173 [0/50000 (0.0%)]	Loss: 0.004262
Train Epoch: 173 [6400/50000 (12.8%)]	Loss: 0.001122
Train Epoch: 173 [12800/50000 (25.6%)]	Loss: 0.001828
Train Epoch: 173 [19200/50000 (38.4%)]	Loss: 0.001634
Train Epoch: 173 [25600/50000 (51.2%)]	Loss: 0.000822
Train Epoch: 173 [32000/50000 (63.9%)]	Loss: 0.002375
Train Epoch: 173 [38400/50000 (76.7%)]	Loss: 0.003561
Train Epoch: 173 [44800/50000 (89.5%)]	Loss: 0.007362

Test set: Average loss: 0.2845, Accuracy: 9366/10000 (93.0%)

Train Epoch: 174 [0/50000 (0.0%)]	Loss: 0.004692
Train Epoch: 174 [6400/50000 (12.8%)]	Loss: 0.001786
Train Epoch: 174 [12800/50000 (25.6%)]	Loss: 0.004223
Train Epoch: 174 [19200/50000 (38.4%)]	Loss: 0.002044
Train Epoch: 174 [25600/50000 (51.2%)]	Loss: 0.001539
Train Epoch: 174 [32000/50000 (63.9%)]	Loss: 0.001559
Train Epoch: 174 [38400/50000 (76.7%)]	Loss: 0.001918
Train Epoch: 174 [44800/50000 (89.5%)]	Loss: 0.001974

Test set: Average loss: 0.2852, Accuracy: 9368/10000 (93.0%)

Train Epoch: 175 [0/50000 (0.0%)]	Loss: 0.003247
Train Epoch: 175 [6400/50000 (12.8%)]	Loss: 0.001507
Train Epoch: 175 [12800/50000 (25.6%)]	Loss: 0.010175
Train Epoch: 175 [19200/50000 (38.4%)]	Loss: 0.001238
Train Epoch: 175 [25600/50000 (51.2%)]	Loss: 0.001264
Train Epoch: 175 [32000/50000 (63.9%)]	Loss: 0.007492
Train Epoch: 175 [38400/50000 (76.7%)]	Loss: 0.003268
Train Epoch: 175 [44800/50000 (89.5%)]	Loss: 0.002238

Test set: Average loss: 0.2803, Accuracy: 9360/10000 (93.0%)

Train Epoch: 176 [0/50000 (0.0%)]	Loss: 0.001646
Train Epoch: 176 [6400/50000 (12.8%)]	Loss: 0.002629
Train Epoch: 176 [12800/50000 (25.6%)]	Loss: 0.001091
Train Epoch: 176 [19200/50000 (38.4%)]	Loss: 0.007459
Train Epoch: 176 [25600/50000 (51.2%)]	Loss: 0.001496
Train Epoch: 176 [32000/50000 (63.9%)]	Loss: 0.001646
Train Epoch: 176 [38400/50000 (76.7%)]	Loss: 0.016489
Train Epoch: 176 [44800/50000 (89.5%)]	Loss: 0.001224

Test set: Average loss: 0.2807, Accuracy: 9375/10000 (93.0%)

Train Epoch: 177 [0/50000 (0.0%)]	Loss: 0.002060
Train Epoch: 177 [6400/50000 (12.8%)]	Loss: 0.013673
Train Epoch: 177 [12800/50000 (25.6%)]	Loss: 0.002077
Train Epoch: 177 [19200/50000 (38.4%)]	Loss: 0.008121
Train Epoch: 177 [25600/50000 (51.2%)]	Loss: 0.001475
Train Epoch: 177 [32000/50000 (63.9%)]	Loss: 0.005378
Train Epoch: 177 [38400/50000 (76.7%)]	Loss: 0.001085
Train Epoch: 177 [44800/50000 (89.5%)]	Loss: 0.006354

Test set: Average loss: 0.2847, Accuracy: 9369/10000 (93.0%)

Train Epoch: 178 [0/50000 (0.0%)]	Loss: 0.001540
Train Epoch: 178 [6400/50000 (12.8%)]	Loss: 0.000784
Train Epoch: 178 [12800/50000 (25.6%)]	Loss: 0.006159
Train Epoch: 178 [19200/50000 (38.4%)]	Loss: 0.001912
Train Epoch: 178 [25600/50000 (51.2%)]	Loss: 0.002654
Train Epoch: 178 [32000/50000 (63.9%)]	Loss: 0.004585
Train Epoch: 178 [38400/50000 (76.7%)]	Loss: 0.001612
Train Epoch: 178 [44800/50000 (89.5%)]	Loss: 0.002495

Test set: Average loss: 0.2867, Accuracy: 9368/10000 (93.0%)

Train Epoch: 179 [0/50000 (0.0%)]	Loss: 0.000882
Train Epoch: 179 [6400/50000 (12.8%)]	Loss: 0.002344
Train Epoch: 179 [12800/50000 (25.6%)]	Loss: 0.001752
Train Epoch: 179 [19200/50000 (38.4%)]	Loss: 0.005948
Train Epoch: 179 [25600/50000 (51.2%)]	Loss: 0.002653
Train Epoch: 179 [32000/50000 (63.9%)]	Loss: 0.004746
Train Epoch: 179 [38400/50000 (76.7%)]	Loss: 0.010594
Train Epoch: 179 [44800/50000 (89.5%)]	Loss: 0.014793

Test set: Average loss: 0.2840, Accuracy: 9379/10000 (93.0%)

Train Epoch: 180 [0/50000 (0.0%)]	Loss: 0.005831
Train Epoch: 180 [6400/50000 (12.8%)]	Loss: 0.001443
Train Epoch: 180 [12800/50000 (25.6%)]	Loss: 0.004962
Train Epoch: 180 [19200/50000 (38.4%)]	Loss: 0.001604
Train Epoch: 180 [25600/50000 (51.2%)]	Loss: 0.005179
Train Epoch: 180 [32000/50000 (63.9%)]	Loss: 0.001463
Train Epoch: 180 [38400/50000 (76.7%)]	Loss: 0.003152
Train Epoch: 180 [44800/50000 (89.5%)]	Loss: 0.001430

Test set: Average loss: 0.2861, Accuracy: 9352/10000 (93.0%)

Train Epoch: 181 [0/50000 (0.0%)]	Loss: 0.000849
Train Epoch: 181 [6400/50000 (12.8%)]	Loss: 0.010464
Train Epoch: 181 [12800/50000 (25.6%)]	Loss: 0.004499
Train Epoch: 181 [19200/50000 (38.4%)]	Loss: 0.002080
Train Epoch: 181 [25600/50000 (51.2%)]	Loss: 0.001789
Train Epoch: 181 [32000/50000 (63.9%)]	Loss: 0.013052
Train Epoch: 181 [38400/50000 (76.7%)]	Loss: 0.004020
Train Epoch: 181 [44800/50000 (89.5%)]	Loss: 0.014057

Test set: Average loss: 0.2899, Accuracy: 9357/10000 (93.0%)

Train Epoch: 182 [0/50000 (0.0%)]	Loss: 0.003343
Train Epoch: 182 [6400/50000 (12.8%)]	Loss: 0.001284
Train Epoch: 182 [12800/50000 (25.6%)]	Loss: 0.002187
Train Epoch: 182 [19200/50000 (38.4%)]	Loss: 0.003996
Train Epoch: 182 [25600/50000 (51.2%)]	Loss: 0.002896
Train Epoch: 182 [32000/50000 (63.9%)]	Loss: 0.007478
Train Epoch: 182 [38400/50000 (76.7%)]	Loss: 0.001921
Train Epoch: 182 [44800/50000 (89.5%)]	Loss: 0.001564

Test set: Average loss: 0.2855, Accuracy: 9367/10000 (93.0%)

Train Epoch: 183 [0/50000 (0.0%)]	Loss: 0.002094
Train Epoch: 183 [6400/50000 (12.8%)]	Loss: 0.005042
Train Epoch: 183 [12800/50000 (25.6%)]	Loss: 0.001420
Train Epoch: 183 [19200/50000 (38.4%)]	Loss: 0.001901
Train Epoch: 183 [25600/50000 (51.2%)]	Loss: 0.002523
Train Epoch: 183 [32000/50000 (63.9%)]	Loss: 0.025179
Train Epoch: 183 [38400/50000 (76.7%)]	Loss: 0.004357
Train Epoch: 183 [44800/50000 (89.5%)]	Loss: 0.002466

Test set: Average loss: 0.2851, Accuracy: 9370/10000 (93.0%)

Train Epoch: 184 [0/50000 (0.0%)]	Loss: 0.006799
Train Epoch: 184 [6400/50000 (12.8%)]	Loss: 0.003567
Train Epoch: 184 [12800/50000 (25.6%)]	Loss: 0.000859
Train Epoch: 184 [19200/50000 (38.4%)]	Loss: 0.001258
Train Epoch: 184 [25600/50000 (51.2%)]	Loss: 0.004610
Train Epoch: 184 [32000/50000 (63.9%)]	Loss: 0.001521
Train Epoch: 184 [38400/50000 (76.7%)]	Loss: 0.020068
Train Epoch: 184 [44800/50000 (89.5%)]	Loss: 0.007287

Test set: Average loss: 0.2878, Accuracy: 9369/10000 (93.0%)

Train Epoch: 185 [0/50000 (0.0%)]	Loss: 0.003646
Train Epoch: 185 [6400/50000 (12.8%)]	Loss: 0.009340
Train Epoch: 185 [12800/50000 (25.6%)]	Loss: 0.005798
Train Epoch: 185 [19200/50000 (38.4%)]	Loss: 0.001669
Train Epoch: 185 [25600/50000 (51.2%)]	Loss: 0.001495
Train Epoch: 185 [32000/50000 (63.9%)]	Loss: 0.001354
Train Epoch: 185 [38400/50000 (76.7%)]	Loss: 0.001875
Train Epoch: 185 [44800/50000 (89.5%)]	Loss: 0.001897

Test set: Average loss: 0.2848, Accuracy: 9359/10000 (93.0%)

Train Epoch: 186 [0/50000 (0.0%)]	Loss: 0.000822
Train Epoch: 186 [6400/50000 (12.8%)]	Loss: 0.002317
Train Epoch: 186 [12800/50000 (25.6%)]	Loss: 0.001724
Train Epoch: 186 [19200/50000 (38.4%)]	Loss: 0.003085
Train Epoch: 186 [25600/50000 (51.2%)]	Loss: 0.001244
Train Epoch: 186 [32000/50000 (63.9%)]	Loss: 0.006888
Train Epoch: 186 [38400/50000 (76.7%)]	Loss: 0.002208
Train Epoch: 186 [44800/50000 (89.5%)]	Loss: 0.003762

Test set: Average loss: 0.2810, Accuracy: 9364/10000 (93.0%)

Train Epoch: 187 [0/50000 (0.0%)]	Loss: 0.003400
Train Epoch: 187 [6400/50000 (12.8%)]	Loss: 0.001656
Train Epoch: 187 [12800/50000 (25.6%)]	Loss: 0.001699
Train Epoch: 187 [19200/50000 (38.4%)]	Loss: 0.002865
Train Epoch: 187 [25600/50000 (51.2%)]	Loss: 0.004716
Train Epoch: 187 [32000/50000 (63.9%)]	Loss: 0.002278
Train Epoch: 187 [38400/50000 (76.7%)]	Loss: 0.002813
Train Epoch: 187 [44800/50000 (89.5%)]	Loss: 0.001752

Test set: Average loss: 0.2854, Accuracy: 9363/10000 (93.0%)

Train Epoch: 188 [0/50000 (0.0%)]	Loss: 0.005379
Train Epoch: 188 [6400/50000 (12.8%)]	Loss: 0.002769
Train Epoch: 188 [12800/50000 (25.6%)]	Loss: 0.002022
Train Epoch: 188 [19200/50000 (38.4%)]	Loss: 0.003899
Train Epoch: 188 [25600/50000 (51.2%)]	Loss: 0.005405
Train Epoch: 188 [32000/50000 (63.9%)]	Loss: 0.007272
Train Epoch: 188 [38400/50000 (76.7%)]	Loss: 0.001698
Train Epoch: 188 [44800/50000 (89.5%)]	Loss: 0.002479

Test set: Average loss: 0.2838, Accuracy: 9361/10000 (93.0%)

Train Epoch: 189 [0/50000 (0.0%)]	Loss: 0.003064
Train Epoch: 189 [6400/50000 (12.8%)]	Loss: 0.001785
Train Epoch: 189 [12800/50000 (25.6%)]	Loss: 0.002703
Train Epoch: 189 [19200/50000 (38.4%)]	Loss: 0.005513
Train Epoch: 189 [25600/50000 (51.2%)]	Loss: 0.002450
Train Epoch: 189 [32000/50000 (63.9%)]	Loss: 0.004669
Train Epoch: 189 [38400/50000 (76.7%)]	Loss: 0.013638
Train Epoch: 189 [44800/50000 (89.5%)]	Loss: 0.002440

Test set: Average loss: 0.2856, Accuracy: 9359/10000 (93.0%)

Train Epoch: 190 [0/50000 (0.0%)]	Loss: 0.001772
Train Epoch: 190 [6400/50000 (12.8%)]	Loss: 0.001205
Train Epoch: 190 [12800/50000 (25.6%)]	Loss: 0.001979
Train Epoch: 190 [19200/50000 (38.4%)]	Loss: 0.001193
Train Epoch: 190 [25600/50000 (51.2%)]	Loss: 0.001593
Train Epoch: 190 [32000/50000 (63.9%)]	Loss: 0.000946
Train Epoch: 190 [38400/50000 (76.7%)]	Loss: 0.003625
Train Epoch: 190 [44800/50000 (89.5%)]	Loss: 0.018286

Test set: Average loss: 0.2861, Accuracy: 9353/10000 (93.0%)

Train Epoch: 191 [0/50000 (0.0%)]	Loss: 0.002668
Train Epoch: 191 [6400/50000 (12.8%)]	Loss: 0.006219
Train Epoch: 191 [12800/50000 (25.6%)]	Loss: 0.013463
Train Epoch: 191 [19200/50000 (38.4%)]	Loss: 0.012454
Train Epoch: 191 [25600/50000 (51.2%)]	Loss: 0.005750
Train Epoch: 191 [32000/50000 (63.9%)]	Loss: 0.001462
Train Epoch: 191 [38400/50000 (76.7%)]	Loss: 0.009792
Train Epoch: 191 [44800/50000 (89.5%)]	Loss: 0.002575

Test set: Average loss: 0.2834, Accuracy: 9358/10000 (93.0%)

Train Epoch: 192 [0/50000 (0.0%)]	Loss: 0.003443
Train Epoch: 192 [6400/50000 (12.8%)]	Loss: 0.001206
Train Epoch: 192 [12800/50000 (25.6%)]	Loss: 0.002163
Train Epoch: 192 [19200/50000 (38.4%)]	Loss: 0.001549
Train Epoch: 192 [25600/50000 (51.2%)]	Loss: 0.007489
Train Epoch: 192 [32000/50000 (63.9%)]	Loss: 0.001267
Train Epoch: 192 [38400/50000 (76.7%)]	Loss: 0.001170
Train Epoch: 192 [44800/50000 (89.5%)]	Loss: 0.004380

Test set: Average loss: 0.2841, Accuracy: 9362/10000 (93.0%)

Train Epoch: 193 [0/50000 (0.0%)]	Loss: 0.019890
Train Epoch: 193 [6400/50000 (12.8%)]	Loss: 0.005553
Train Epoch: 193 [12800/50000 (25.6%)]	Loss: 0.004344
Train Epoch: 193 [19200/50000 (38.4%)]	Loss: 0.001265
Train Epoch: 193 [25600/50000 (51.2%)]	Loss: 0.004136
Train Epoch: 193 [32000/50000 (63.9%)]	Loss: 0.002363
Train Epoch: 193 [38400/50000 (76.7%)]	Loss: 0.001310
Train Epoch: 193 [44800/50000 (89.5%)]	Loss: 0.001476

Test set: Average loss: 0.2867, Accuracy: 9364/10000 (93.0%)

Train Epoch: 194 [0/50000 (0.0%)]	Loss: 0.005471
Train Epoch: 194 [6400/50000 (12.8%)]	Loss: 0.000933
Train Epoch: 194 [12800/50000 (25.6%)]	Loss: 0.002737
Train Epoch: 194 [19200/50000 (38.4%)]	Loss: 0.002530
Train Epoch: 194 [25600/50000 (51.2%)]	Loss: 0.006221
Train Epoch: 194 [32000/50000 (63.9%)]	Loss: 0.001126
Train Epoch: 194 [38400/50000 (76.7%)]	Loss: 0.000954
Train Epoch: 194 [44800/50000 (89.5%)]	Loss: 0.003523

Test set: Average loss: 0.2918, Accuracy: 9365/10000 (93.0%)

Train Epoch: 195 [0/50000 (0.0%)]	Loss: 0.005520
Train Epoch: 195 [6400/50000 (12.8%)]	Loss: 0.001203
Train Epoch: 195 [12800/50000 (25.6%)]	Loss: 0.001500
Train Epoch: 195 [19200/50000 (38.4%)]	Loss: 0.005832
Train Epoch: 195 [25600/50000 (51.2%)]	Loss: 0.002691
Train Epoch: 195 [32000/50000 (63.9%)]	Loss: 0.001375
Train Epoch: 195 [38400/50000 (76.7%)]	Loss: 0.008041
Train Epoch: 195 [44800/50000 (89.5%)]	Loss: 0.003416

Test set: Average loss: 0.2907, Accuracy: 9361/10000 (93.0%)

Train Epoch: 196 [0/50000 (0.0%)]	Loss: 0.010896
Train Epoch: 196 [6400/50000 (12.8%)]	Loss: 0.002613
Train Epoch: 196 [12800/50000 (25.6%)]	Loss: 0.001618
Train Epoch: 196 [19200/50000 (38.4%)]	Loss: 0.003093
Train Epoch: 196 [25600/50000 (51.2%)]	Loss: 0.001194
Train Epoch: 196 [32000/50000 (63.9%)]	Loss: 0.001868
Train Epoch: 196 [38400/50000 (76.7%)]	Loss: 0.001365
Train Epoch: 196 [44800/50000 (89.5%)]	Loss: 0.002742

Test set: Average loss: 0.2839, Accuracy: 9364/10000 (93.0%)

Train Epoch: 197 [0/50000 (0.0%)]	Loss: 0.001894
Train Epoch: 197 [6400/50000 (12.8%)]	Loss: 0.014980
Train Epoch: 197 [12800/50000 (25.6%)]	Loss: 0.001327
Train Epoch: 197 [19200/50000 (38.4%)]	Loss: 0.002599
Train Epoch: 197 [25600/50000 (51.2%)]	Loss: 0.004830
Train Epoch: 197 [32000/50000 (63.9%)]	Loss: 0.009694
Train Epoch: 197 [38400/50000 (76.7%)]	Loss: 0.003327
Train Epoch: 197 [44800/50000 (89.5%)]	Loss: 0.003797

Test set: Average loss: 0.2848, Accuracy: 9362/10000 (93.0%)

Train Epoch: 198 [0/50000 (0.0%)]	Loss: 0.002869
Train Epoch: 198 [6400/50000 (12.8%)]	Loss: 0.003311
Train Epoch: 198 [12800/50000 (25.6%)]	Loss: 0.002389
Train Epoch: 198 [19200/50000 (38.4%)]	Loss: 0.003170
Train Epoch: 198 [25600/50000 (51.2%)]	Loss: 0.004766
Train Epoch: 198 [32000/50000 (63.9%)]	Loss: 0.006537
Train Epoch: 198 [38400/50000 (76.7%)]	Loss: 0.003844
Train Epoch: 198 [44800/50000 (89.5%)]	Loss: 0.001845

Test set: Average loss: 0.2833, Accuracy: 9371/10000 (93.0%)

Train Epoch: 199 [0/50000 (0.0%)]	Loss: 0.003633
Train Epoch: 199 [6400/50000 (12.8%)]	Loss: 0.002005
Train Epoch: 199 [12800/50000 (25.6%)]	Loss: 0.004025
Train Epoch: 199 [19200/50000 (38.4%)]	Loss: 0.004323
Train Epoch: 199 [25600/50000 (51.2%)]	Loss: 0.001638
Train Epoch: 199 [32000/50000 (63.9%)]	Loss: 0.005839
Train Epoch: 199 [38400/50000 (76.7%)]	Loss: 0.003959
Train Epoch: 199 [44800/50000 (89.5%)]	Loss: 0.008600

Test set: Average loss: 0.2894, Accuracy: 9343/10000 (93.0%)

Best accuracy: 0.9391
