Namespace(arch='vgg16_linear', batch_size=64, cuda=True, dataset='cifar10', decay_epoch=[60, 150], depth=19, epochs=200, expand=False, gammas=[0.5, 0.4], log='./log/finetune_CIFAR10-vgg16fc_zol_3e-5_alpha1.5_wd5e-4_0.2decay_warmup_1_lr5e-4_2', log_interval=100, lr=0.0005, momentum=0.9, no_cuda=False, refine='./logs/CIFAR10-vgg16fc_zol_3e-5_alpha1.5_wd5e-4_0.2decay_warmup_1/pruned.pth.tar', resume='', s=0.0001, save='./logs/finetune_CIFAR10-vgg16fc_zol_3e-5_alpha1.5_wd5e-4_0.2decay_warmup_1_lr5e-4_2/', seed=1, sr=False, start_epoch=0, test_batch_size=128, weight_decay=0.0005)
Files already downloaded and verified
Testing the loaded model...
main_finetune.py:207: UserWarning: volatile was removed and now has no effect. Use `with torch.no_grad():` instead.
  data, target = Variable(data, volatile=True), Variable(target)
/home/pruning/lib/python3.6/site-packages/torch/nn/_reduction.py:43: UserWarning: size_average and reduce args will be deprecated, please use reduction='sum' instead.
  warnings.warn(warning.format(ret))

Test set: Average loss: 0.2975, Accuracy: 9338/10000 (93.0%)

Train Epoch: 0 [0/50000 (0.0%)]	Loss: 0.002065
Train Epoch: 0 [6400/50000 (12.8%)]	Loss: 0.001827
Train Epoch: 0 [12800/50000 (25.6%)]	Loss: 0.002064
Train Epoch: 0 [19200/50000 (38.4%)]	Loss: 0.002054
Train Epoch: 0 [25600/50000 (51.2%)]	Loss: 0.002774
Train Epoch: 0 [32000/50000 (63.9%)]	Loss: 0.003268
Train Epoch: 0 [38400/50000 (76.7%)]	Loss: 0.002051
Train Epoch: 0 [44800/50000 (89.5%)]	Loss: 0.001586

Test set: Average loss: 0.2903, Accuracy: 9356/10000 (93.0%)

Train Epoch: 1 [0/50000 (0.0%)]	Loss: 0.001619
Train Epoch: 1 [6400/50000 (12.8%)]	Loss: 0.002655
Train Epoch: 1 [12800/50000 (25.6%)]	Loss: 0.020088
Train Epoch: 1 [19200/50000 (38.4%)]	Loss: 0.003258
Train Epoch: 1 [25600/50000 (51.2%)]	Loss: 0.002138
Train Epoch: 1 [32000/50000 (63.9%)]	Loss: 0.002450
Train Epoch: 1 [38400/50000 (76.7%)]	Loss: 0.001811
Train Epoch: 1 [44800/50000 (89.5%)]	Loss: 0.002223

Test set: Average loss: 0.2909, Accuracy: 9371/10000 (93.0%)

Train Epoch: 2 [0/50000 (0.0%)]	Loss: 0.001835
Train Epoch: 2 [6400/50000 (12.8%)]	Loss: 0.002375
Train Epoch: 2 [12800/50000 (25.6%)]	Loss: 0.022294
Train Epoch: 2 [19200/50000 (38.4%)]	Loss: 0.014257
Train Epoch: 2 [25600/50000 (51.2%)]	Loss: 0.002233
Train Epoch: 2 [32000/50000 (63.9%)]	Loss: 0.061385
Train Epoch: 2 [38400/50000 (76.7%)]	Loss: 0.002955
Train Epoch: 2 [44800/50000 (89.5%)]	Loss: 0.001639

Test set: Average loss: 0.2900, Accuracy: 9376/10000 (93.0%)

Train Epoch: 3 [0/50000 (0.0%)]	Loss: 0.001600
Train Epoch: 3 [6400/50000 (12.8%)]	Loss: 0.001895
Train Epoch: 3 [12800/50000 (25.6%)]	Loss: 0.059349
Train Epoch: 3 [19200/50000 (38.4%)]	Loss: 0.006283
Train Epoch: 3 [25600/50000 (51.2%)]	Loss: 0.001974
Train Epoch: 3 [32000/50000 (63.9%)]	Loss: 0.001562
Train Epoch: 3 [38400/50000 (76.7%)]	Loss: 0.016566
Train Epoch: 3 [44800/50000 (89.5%)]	Loss: 0.001725

Test set: Average loss: 0.2864, Accuracy: 9353/10000 (93.0%)

Train Epoch: 4 [0/50000 (0.0%)]	Loss: 0.002137
Train Epoch: 4 [6400/50000 (12.8%)]	Loss: 0.002789
Train Epoch: 4 [12800/50000 (25.6%)]	Loss: 0.002354
Train Epoch: 4 [19200/50000 (38.4%)]	Loss: 0.002568
Train Epoch: 4 [25600/50000 (51.2%)]	Loss: 0.001931
Train Epoch: 4 [32000/50000 (63.9%)]	Loss: 0.003038
Train Epoch: 4 [38400/50000 (76.7%)]	Loss: 0.003167
Train Epoch: 4 [44800/50000 (89.5%)]	Loss: 0.002226

Test set: Average loss: 0.2874, Accuracy: 9360/10000 (93.0%)

Train Epoch: 5 [0/50000 (0.0%)]	Loss: 0.011022
Train Epoch: 5 [6400/50000 (12.8%)]	Loss: 0.003375
Train Epoch: 5 [12800/50000 (25.6%)]	Loss: 0.001678
Train Epoch: 5 [19200/50000 (38.4%)]	Loss: 0.002360
Train Epoch: 5 [25600/50000 (51.2%)]	Loss: 0.001937
Train Epoch: 5 [32000/50000 (63.9%)]	Loss: 0.001347
Train Epoch: 5 [38400/50000 (76.7%)]	Loss: 0.001840
Train Epoch: 5 [44800/50000 (89.5%)]	Loss: 0.001704

Test set: Average loss: 0.2847, Accuracy: 9366/10000 (93.0%)

Train Epoch: 6 [0/50000 (0.0%)]	Loss: 0.001592
Train Epoch: 6 [6400/50000 (12.8%)]	Loss: 0.003068
Train Epoch: 6 [12800/50000 (25.6%)]	Loss: 0.002074
Train Epoch: 6 [19200/50000 (38.4%)]	Loss: 0.002946
Train Epoch: 6 [25600/50000 (51.2%)]	Loss: 0.001965
Train Epoch: 6 [32000/50000 (63.9%)]	Loss: 0.002415
Train Epoch: 6 [38400/50000 (76.7%)]	Loss: 0.002222
Train Epoch: 6 [44800/50000 (89.5%)]	Loss: 0.002025

Test set: Average loss: 0.2911, Accuracy: 9373/10000 (93.0%)

Train Epoch: 7 [0/50000 (0.0%)]	Loss: 0.002707
Train Epoch: 7 [6400/50000 (12.8%)]	Loss: 0.002650
Train Epoch: 7 [12800/50000 (25.6%)]	Loss: 0.002466
Train Epoch: 7 [19200/50000 (38.4%)]	Loss: 0.002350
Train Epoch: 7 [25600/50000 (51.2%)]	Loss: 0.004180
Train Epoch: 7 [32000/50000 (63.9%)]	Loss: 0.001419
Train Epoch: 7 [38400/50000 (76.7%)]	Loss: 0.002090
Train Epoch: 7 [44800/50000 (89.5%)]	Loss: 0.001865

Test set: Average loss: 0.2872, Accuracy: 9374/10000 (93.0%)

Train Epoch: 8 [0/50000 (0.0%)]	Loss: 0.002325
Train Epoch: 8 [6400/50000 (12.8%)]	Loss: 0.001840
Train Epoch: 8 [12800/50000 (25.6%)]	Loss: 0.002184
Train Epoch: 8 [19200/50000 (38.4%)]	Loss: 0.015366
Train Epoch: 8 [25600/50000 (51.2%)]	Loss: 0.002372
Train Epoch: 8 [32000/50000 (63.9%)]	Loss: 0.001736
Train Epoch: 8 [38400/50000 (76.7%)]	Loss: 0.001558
Train Epoch: 8 [44800/50000 (89.5%)]	Loss: 0.001762

Test set: Average loss: 0.2899, Accuracy: 9367/10000 (93.0%)

Train Epoch: 9 [0/50000 (0.0%)]	Loss: 0.002084
Train Epoch: 9 [6400/50000 (12.8%)]	Loss: 0.001999
Train Epoch: 9 [12800/50000 (25.6%)]	Loss: 0.001930
Train Epoch: 9 [19200/50000 (38.4%)]	Loss: 0.005361
Train Epoch: 9 [25600/50000 (51.2%)]	Loss: 0.004757
Train Epoch: 9 [32000/50000 (63.9%)]	Loss: 0.001942
Train Epoch: 9 [38400/50000 (76.7%)]	Loss: 0.002128
Train Epoch: 9 [44800/50000 (89.5%)]	Loss: 0.001598

Test set: Average loss: 0.2920, Accuracy: 9367/10000 (93.0%)

Train Epoch: 10 [0/50000 (0.0%)]	Loss: 0.002028
Train Epoch: 10 [6400/50000 (12.8%)]	Loss: 0.002126
Train Epoch: 10 [12800/50000 (25.6%)]	Loss: 0.001952
Train Epoch: 10 [19200/50000 (38.4%)]	Loss: 0.002481
Train Epoch: 10 [25600/50000 (51.2%)]	Loss: 0.001687
Train Epoch: 10 [32000/50000 (63.9%)]	Loss: 0.014678
Train Epoch: 10 [38400/50000 (76.7%)]	Loss: 0.001555
Train Epoch: 10 [44800/50000 (89.5%)]	Loss: 0.002104

Test set: Average loss: 0.2898, Accuracy: 9377/10000 (93.0%)

Train Epoch: 11 [0/50000 (0.0%)]	Loss: 0.001872
Train Epoch: 11 [6400/50000 (12.8%)]	Loss: 0.003801
Train Epoch: 11 [12800/50000 (25.6%)]	Loss: 0.022478
Train Epoch: 11 [19200/50000 (38.4%)]	Loss: 0.004997
Train Epoch: 11 [25600/50000 (51.2%)]	Loss: 0.002829
Train Epoch: 11 [32000/50000 (63.9%)]	Loss: 0.005793
Train Epoch: 11 [38400/50000 (76.7%)]	Loss: 0.002445
Train Epoch: 11 [44800/50000 (89.5%)]	Loss: 0.001696

Test set: Average loss: 0.2941, Accuracy: 9365/10000 (93.0%)

Train Epoch: 12 [0/50000 (0.0%)]	Loss: 0.003696
Train Epoch: 12 [6400/50000 (12.8%)]	Loss: 0.029274
Train Epoch: 12 [12800/50000 (25.6%)]	Loss: 0.001649
Train Epoch: 12 [19200/50000 (38.4%)]	Loss: 0.002035
Train Epoch: 12 [25600/50000 (51.2%)]	Loss: 0.002209
Train Epoch: 12 [32000/50000 (63.9%)]	Loss: 0.001465
Train Epoch: 12 [38400/50000 (76.7%)]	Loss: 0.011824
Train Epoch: 12 [44800/50000 (89.5%)]	Loss: 0.002762

Test set: Average loss: 0.2948, Accuracy: 9372/10000 (93.0%)

Train Epoch: 13 [0/50000 (0.0%)]	Loss: 0.003330
Train Epoch: 13 [6400/50000 (12.8%)]	Loss: 0.010274
Train Epoch: 13 [12800/50000 (25.6%)]	Loss: 0.001612
Train Epoch: 13 [19200/50000 (38.4%)]	Loss: 0.001964
Train Epoch: 13 [25600/50000 (51.2%)]	Loss: 0.011999
Train Epoch: 13 [32000/50000 (63.9%)]	Loss: 0.002163
Train Epoch: 13 [38400/50000 (76.7%)]	Loss: 0.002802
Train Epoch: 13 [44800/50000 (89.5%)]	Loss: 0.003804

Test set: Average loss: 0.2965, Accuracy: 9376/10000 (93.0%)

Train Epoch: 14 [0/50000 (0.0%)]	Loss: 0.001926
Train Epoch: 14 [6400/50000 (12.8%)]	Loss: 0.004526
Train Epoch: 14 [12800/50000 (25.6%)]	Loss: 0.009983
Train Epoch: 14 [19200/50000 (38.4%)]	Loss: 0.001826
Train Epoch: 14 [25600/50000 (51.2%)]	Loss: 0.002665
Train Epoch: 14 [32000/50000 (63.9%)]	Loss: 0.001362
Train Epoch: 14 [38400/50000 (76.7%)]	Loss: 0.002106
Train Epoch: 14 [44800/50000 (89.5%)]	Loss: 0.002295

Test set: Average loss: 0.2947, Accuracy: 9363/10000 (93.0%)

Train Epoch: 15 [0/50000 (0.0%)]	Loss: 0.002329
Train Epoch: 15 [6400/50000 (12.8%)]	Loss: 0.005024
Train Epoch: 15 [12800/50000 (25.6%)]	Loss: 0.009253
Train Epoch: 15 [19200/50000 (38.4%)]	Loss: 0.001652
Train Epoch: 15 [25600/50000 (51.2%)]	Loss: 0.002765
Train Epoch: 15 [32000/50000 (63.9%)]	Loss: 0.001555
Train Epoch: 15 [38400/50000 (76.7%)]	Loss: 0.001844
Train Epoch: 15 [44800/50000 (89.5%)]	Loss: 0.002237

Test set: Average loss: 0.2977, Accuracy: 9349/10000 (93.0%)

Train Epoch: 16 [0/50000 (0.0%)]	Loss: 0.015750
Train Epoch: 16 [6400/50000 (12.8%)]	Loss: 0.001695
Train Epoch: 16 [12800/50000 (25.6%)]	Loss: 0.001614
Train Epoch: 16 [19200/50000 (38.4%)]	Loss: 0.001646
Train Epoch: 16 [25600/50000 (51.2%)]	Loss: 0.003178
Train Epoch: 16 [32000/50000 (63.9%)]	Loss: 0.001701
Train Epoch: 16 [38400/50000 (76.7%)]	Loss: 0.001667
Train Epoch: 16 [44800/50000 (89.5%)]	Loss: 0.001774

Test set: Average loss: 0.2945, Accuracy: 9372/10000 (93.0%)

Train Epoch: 17 [0/50000 (0.0%)]	Loss: 0.002419
Train Epoch: 17 [6400/50000 (12.8%)]	Loss: 0.001653
Train Epoch: 17 [12800/50000 (25.6%)]	Loss: 0.003349
Train Epoch: 17 [19200/50000 (38.4%)]	Loss: 0.001717
Train Epoch: 17 [25600/50000 (51.2%)]	Loss: 0.001451
Train Epoch: 17 [32000/50000 (63.9%)]	Loss: 0.001646
Train Epoch: 17 [38400/50000 (76.7%)]	Loss: 0.001542
Train Epoch: 17 [44800/50000 (89.5%)]	Loss: 0.042552

Test set: Average loss: 0.2937, Accuracy: 9370/10000 (93.0%)

Train Epoch: 18 [0/50000 (0.0%)]	Loss: 0.003984
Train Epoch: 18 [6400/50000 (12.8%)]	Loss: 0.001516
Train Epoch: 18 [12800/50000 (25.6%)]	Loss: 0.008498
Train Epoch: 18 [19200/50000 (38.4%)]	Loss: 0.001763
Train Epoch: 18 [25600/50000 (51.2%)]	Loss: 0.001764
Train Epoch: 18 [32000/50000 (63.9%)]	Loss: 0.001899
Train Epoch: 18 [38400/50000 (76.7%)]	Loss: 0.001861
Train Epoch: 18 [44800/50000 (89.5%)]	Loss: 0.001812

Test set: Average loss: 0.2937, Accuracy: 9385/10000 (93.0%)

Train Epoch: 19 [0/50000 (0.0%)]	Loss: 0.001825
Train Epoch: 19 [6400/50000 (12.8%)]	Loss: 0.004964
Train Epoch: 19 [12800/50000 (25.6%)]	Loss: 0.002394
Train Epoch: 19 [19200/50000 (38.4%)]	Loss: 0.001387
Train Epoch: 19 [25600/50000 (51.2%)]	Loss: 0.001780
Train Epoch: 19 [32000/50000 (63.9%)]	Loss: 0.002350
Train Epoch: 19 [38400/50000 (76.7%)]	Loss: 0.001442
Train Epoch: 19 [44800/50000 (89.5%)]	Loss: 0.001465

Test set: Average loss: 0.2956, Accuracy: 9378/10000 (93.0%)

Train Epoch: 20 [0/50000 (0.0%)]	Loss: 0.067479
Train Epoch: 20 [6400/50000 (12.8%)]	Loss: 0.002185
Train Epoch: 20 [12800/50000 (25.6%)]	Loss: 0.002189
Train Epoch: 20 [19200/50000 (38.4%)]	Loss: 0.002343
Train Epoch: 20 [25600/50000 (51.2%)]	Loss: 0.001833
Train Epoch: 20 [32000/50000 (63.9%)]	Loss: 0.001796
Train Epoch: 20 [38400/50000 (76.7%)]	Loss: 0.001345
Train Epoch: 20 [44800/50000 (89.5%)]	Loss: 0.001756

Test set: Average loss: 0.2919, Accuracy: 9383/10000 (93.0%)

Train Epoch: 21 [0/50000 (0.0%)]	Loss: 0.001908
Train Epoch: 21 [6400/50000 (12.8%)]	Loss: 0.001992
Train Epoch: 21 [12800/50000 (25.6%)]	Loss: 0.003400
Train Epoch: 21 [19200/50000 (38.4%)]	Loss: 0.001604
Train Epoch: 21 [25600/50000 (51.2%)]	Loss: 0.001761
Train Epoch: 21 [32000/50000 (63.9%)]	Loss: 0.002040
Train Epoch: 21 [38400/50000 (76.7%)]	Loss: 0.001874
Train Epoch: 21 [44800/50000 (89.5%)]	Loss: 0.005690

Test set: Average loss: 0.2931, Accuracy: 9381/10000 (93.0%)

Train Epoch: 22 [0/50000 (0.0%)]	Loss: 0.001565
Train Epoch: 22 [6400/50000 (12.8%)]	Loss: 0.002366
Train Epoch: 22 [12800/50000 (25.6%)]	Loss: 0.006973
Train Epoch: 22 [19200/50000 (38.4%)]	Loss: 0.001595
Train Epoch: 22 [25600/50000 (51.2%)]	Loss: 0.001919
Train Epoch: 22 [32000/50000 (63.9%)]	Loss: 0.001752
Train Epoch: 22 [38400/50000 (76.7%)]	Loss: 0.002113
Train Epoch: 22 [44800/50000 (89.5%)]	Loss: 0.002699

Test set: Average loss: 0.2975, Accuracy: 9386/10000 (93.0%)

Train Epoch: 23 [0/50000 (0.0%)]	Loss: 0.001802
Train Epoch: 23 [6400/50000 (12.8%)]	Loss: 0.001588
Train Epoch: 23 [12800/50000 (25.6%)]	Loss: 0.001562
Train Epoch: 23 [19200/50000 (38.4%)]	Loss: 0.001622
Train Epoch: 23 [25600/50000 (51.2%)]	Loss: 0.001807
Train Epoch: 23 [32000/50000 (63.9%)]	Loss: 0.002176
Train Epoch: 23 [38400/50000 (76.7%)]	Loss: 0.001544
Train Epoch: 23 [44800/50000 (89.5%)]	Loss: 0.002061

Test set: Average loss: 0.2986, Accuracy: 9378/10000 (93.0%)

Train Epoch: 24 [0/50000 (0.0%)]	Loss: 0.002065
Train Epoch: 24 [6400/50000 (12.8%)]	Loss: 0.002487
Train Epoch: 24 [12800/50000 (25.6%)]	Loss: 0.004690
Train Epoch: 24 [19200/50000 (38.4%)]	Loss: 0.002082
Train Epoch: 24 [25600/50000 (51.2%)]	Loss: 0.002570
Train Epoch: 24 [32000/50000 (63.9%)]	Loss: 0.005101
Train Epoch: 24 [38400/50000 (76.7%)]	Loss: 0.003655
Train Epoch: 24 [44800/50000 (89.5%)]	Loss: 0.001938

Test set: Average loss: 0.2999, Accuracy: 9365/10000 (93.0%)

Train Epoch: 25 [0/50000 (0.0%)]	Loss: 0.002089
Train Epoch: 25 [6400/50000 (12.8%)]	Loss: 0.002279
Train Epoch: 25 [12800/50000 (25.6%)]	Loss: 0.002100
Train Epoch: 25 [19200/50000 (38.4%)]	Loss: 0.002313
Train Epoch: 25 [25600/50000 (51.2%)]	Loss: 0.003133
Train Epoch: 25 [32000/50000 (63.9%)]	Loss: 0.010344
Train Epoch: 25 [38400/50000 (76.7%)]	Loss: 0.001713
Train Epoch: 25 [44800/50000 (89.5%)]	Loss: 0.002774

Test set: Average loss: 0.2983, Accuracy: 9374/10000 (93.0%)

Train Epoch: 26 [0/50000 (0.0%)]	Loss: 0.001692
Train Epoch: 26 [6400/50000 (12.8%)]	Loss: 0.002084
Train Epoch: 26 [12800/50000 (25.6%)]	Loss: 0.001985
Train Epoch: 26 [19200/50000 (38.4%)]	Loss: 0.002423
Train Epoch: 26 [25600/50000 (51.2%)]	Loss: 0.001434
Train Epoch: 26 [32000/50000 (63.9%)]	Loss: 0.002177
Train Epoch: 26 [38400/50000 (76.7%)]	Loss: 0.001572
Train Epoch: 26 [44800/50000 (89.5%)]	Loss: 0.001903

Test set: Average loss: 0.2924, Accuracy: 9382/10000 (93.0%)

Train Epoch: 27 [0/50000 (0.0%)]	Loss: 0.002362
Train Epoch: 27 [6400/50000 (12.8%)]	Loss: 0.002753
Train Epoch: 27 [12800/50000 (25.6%)]	Loss: 0.001758
Train Epoch: 27 [19200/50000 (38.4%)]	Loss: 0.002134
Train Epoch: 27 [25600/50000 (51.2%)]	Loss: 0.006804
Train Epoch: 27 [32000/50000 (63.9%)]	Loss: 0.002438
Train Epoch: 27 [38400/50000 (76.7%)]	Loss: 0.017208
Train Epoch: 27 [44800/50000 (89.5%)]	Loss: 0.001726

Test set: Average loss: 0.2985, Accuracy: 9368/10000 (93.0%)

Train Epoch: 28 [0/50000 (0.0%)]	Loss: 0.001745
Train Epoch: 28 [6400/50000 (12.8%)]	Loss: 0.001911
Train Epoch: 28 [12800/50000 (25.6%)]	Loss: 0.001820
Train Epoch: 28 [19200/50000 (38.4%)]	Loss: 0.001731
Train Epoch: 28 [25600/50000 (51.2%)]	Loss: 0.001569
Train Epoch: 28 [32000/50000 (63.9%)]	Loss: 0.001860
Train Epoch: 28 [38400/50000 (76.7%)]	Loss: 0.001564
Train Epoch: 28 [44800/50000 (89.5%)]	Loss: 0.001691

Test set: Average loss: 0.2909, Accuracy: 9390/10000 (93.0%)

Train Epoch: 29 [0/50000 (0.0%)]	Loss: 0.009687
Train Epoch: 29 [6400/50000 (12.8%)]	Loss: 0.001835
Train Epoch: 29 [12800/50000 (25.6%)]	Loss: 0.002424
Train Epoch: 29 [19200/50000 (38.4%)]	Loss: 0.002180
Train Epoch: 29 [25600/50000 (51.2%)]	Loss: 0.002633
Train Epoch: 29 [32000/50000 (63.9%)]	Loss: 0.001846
Train Epoch: 29 [38400/50000 (76.7%)]	Loss: 0.001585
Train Epoch: 29 [44800/50000 (89.5%)]	Loss: 0.001730

Test set: Average loss: 0.2978, Accuracy: 9390/10000 (93.0%)

Train Epoch: 30 [0/50000 (0.0%)]	Loss: 0.001611
Train Epoch: 30 [6400/50000 (12.8%)]	Loss: 0.002692
Train Epoch: 30 [12800/50000 (25.6%)]	Loss: 0.002709
Train Epoch: 30 [19200/50000 (38.4%)]	Loss: 0.001629
Train Epoch: 30 [25600/50000 (51.2%)]	Loss: 0.001471
Train Epoch: 30 [32000/50000 (63.9%)]	Loss: 0.002938
Train Epoch: 30 [38400/50000 (76.7%)]	Loss: 0.001407
Train Epoch: 30 [44800/50000 (89.5%)]	Loss: 0.002966

Test set: Average loss: 0.2960, Accuracy: 9382/10000 (93.0%)

Train Epoch: 31 [0/50000 (0.0%)]	Loss: 0.001624
Train Epoch: 31 [6400/50000 (12.8%)]	Loss: 0.002329
Train Epoch: 31 [12800/50000 (25.6%)]	Loss: 0.001679
Train Epoch: 31 [19200/50000 (38.4%)]	Loss: 0.001719
Train Epoch: 31 [25600/50000 (51.2%)]	Loss: 0.001498
Train Epoch: 31 [32000/50000 (63.9%)]	Loss: 0.002021
Train Epoch: 31 [38400/50000 (76.7%)]	Loss: 0.001786
Train Epoch: 31 [44800/50000 (89.5%)]	Loss: 0.001491

Test set: Average loss: 0.2955, Accuracy: 9390/10000 (93.0%)

Train Epoch: 32 [0/50000 (0.0%)]	Loss: 0.001983
Train Epoch: 32 [6400/50000 (12.8%)]	Loss: 0.003129
Train Epoch: 32 [12800/50000 (25.6%)]	Loss: 0.002225
Train Epoch: 32 [19200/50000 (38.4%)]	Loss: 0.002353
Train Epoch: 32 [25600/50000 (51.2%)]	Loss: 0.003803
Train Epoch: 32 [32000/50000 (63.9%)]	Loss: 0.002018
Train Epoch: 32 [38400/50000 (76.7%)]	Loss: 0.001561
Train Epoch: 32 [44800/50000 (89.5%)]	Loss: 0.001621

Test set: Average loss: 0.2976, Accuracy: 9368/10000 (93.0%)

Train Epoch: 33 [0/50000 (0.0%)]	Loss: 0.001570
Train Epoch: 33 [6400/50000 (12.8%)]	Loss: 0.001769
Train Epoch: 33 [12800/50000 (25.6%)]	Loss: 0.002045
Train Epoch: 33 [19200/50000 (38.4%)]	Loss: 0.002693
Train Epoch: 33 [25600/50000 (51.2%)]	Loss: 0.002116
Train Epoch: 33 [32000/50000 (63.9%)]	Loss: 0.002206
Train Epoch: 33 [38400/50000 (76.7%)]	Loss: 0.004989
Train Epoch: 33 [44800/50000 (89.5%)]	Loss: 0.001417

Test set: Average loss: 0.2919, Accuracy: 9384/10000 (93.0%)

Train Epoch: 34 [0/50000 (0.0%)]	Loss: 0.001741
Train Epoch: 34 [6400/50000 (12.8%)]	Loss: 0.001647
Train Epoch: 34 [12800/50000 (25.6%)]	Loss: 0.002155
Train Epoch: 34 [19200/50000 (38.4%)]	Loss: 0.001557
Train Epoch: 34 [25600/50000 (51.2%)]	Loss: 0.001499
Train Epoch: 34 [32000/50000 (63.9%)]	Loss: 0.001422
Train Epoch: 34 [38400/50000 (76.7%)]	Loss: 0.001888
Train Epoch: 34 [44800/50000 (89.5%)]	Loss: 0.001942

Test set: Average loss: 0.2919, Accuracy: 9368/10000 (93.0%)

Train Epoch: 35 [0/50000 (0.0%)]	Loss: 0.002314
Train Epoch: 35 [6400/50000 (12.8%)]	Loss: 0.002327
Train Epoch: 35 [12800/50000 (25.6%)]	Loss: 0.001409
Train Epoch: 35 [19200/50000 (38.4%)]	Loss: 0.001805
Train Epoch: 35 [25600/50000 (51.2%)]	Loss: 0.001638
Train Epoch: 35 [32000/50000 (63.9%)]	Loss: 0.003864
Train Epoch: 35 [38400/50000 (76.7%)]	Loss: 0.003446
Train Epoch: 35 [44800/50000 (89.5%)]	Loss: 0.001603

Test set: Average loss: 0.2944, Accuracy: 9382/10000 (93.0%)

Train Epoch: 36 [0/50000 (0.0%)]	Loss: 0.004020
Train Epoch: 36 [6400/50000 (12.8%)]	Loss: 0.002070
Train Epoch: 36 [12800/50000 (25.6%)]	Loss: 0.002038
Train Epoch: 36 [19200/50000 (38.4%)]	Loss: 0.001768
Train Epoch: 36 [25600/50000 (51.2%)]	Loss: 0.104141
Train Epoch: 36 [32000/50000 (63.9%)]	Loss: 0.001582
Train Epoch: 36 [38400/50000 (76.7%)]	Loss: 0.002224
Train Epoch: 36 [44800/50000 (89.5%)]	Loss: 0.001698

Test set: Average loss: 0.2972, Accuracy: 9370/10000 (93.0%)

Train Epoch: 37 [0/50000 (0.0%)]	Loss: 0.002986
Train Epoch: 37 [6400/50000 (12.8%)]	Loss: 0.002405
Train Epoch: 37 [12800/50000 (25.6%)]	Loss: 0.001735
Train Epoch: 37 [19200/50000 (38.4%)]	Loss: 0.001554
Train Epoch: 37 [25600/50000 (51.2%)]	Loss: 0.002213
Train Epoch: 37 [32000/50000 (63.9%)]	Loss: 0.001755
Train Epoch: 37 [38400/50000 (76.7%)]	Loss: 0.001415
Train Epoch: 37 [44800/50000 (89.5%)]	Loss: 0.003098

Test set: Average loss: 0.3005, Accuracy: 9365/10000 (93.0%)

Train Epoch: 38 [0/50000 (0.0%)]	Loss: 0.001821
Train Epoch: 38 [6400/50000 (12.8%)]	Loss: 0.001603
Train Epoch: 38 [12800/50000 (25.6%)]	Loss: 0.002027
Train Epoch: 38 [19200/50000 (38.4%)]	Loss: 0.001877
Train Epoch: 38 [25600/50000 (51.2%)]	Loss: 0.001686
Train Epoch: 38 [32000/50000 (63.9%)]	Loss: 0.002169
Train Epoch: 38 [38400/50000 (76.7%)]	Loss: 0.001591
Train Epoch: 38 [44800/50000 (89.5%)]	Loss: 0.001665

Test set: Average loss: 0.3035, Accuracy: 9361/10000 (93.0%)

Train Epoch: 39 [0/50000 (0.0%)]	Loss: 0.001570
Train Epoch: 39 [6400/50000 (12.8%)]	Loss: 0.003554
Train Epoch: 39 [12800/50000 (25.6%)]	Loss: 0.002177
Train Epoch: 39 [19200/50000 (38.4%)]	Loss: 0.001372
Train Epoch: 39 [25600/50000 (51.2%)]	Loss: 0.002112
Train Epoch: 39 [32000/50000 (63.9%)]	Loss: 0.001708
Train Epoch: 39 [38400/50000 (76.7%)]	Loss: 0.001701
Train Epoch: 39 [44800/50000 (89.5%)]	Loss: 0.001925

Test set: Average loss: 0.3062, Accuracy: 9367/10000 (93.0%)

Train Epoch: 40 [0/50000 (0.0%)]	Loss: 0.001894
Train Epoch: 40 [6400/50000 (12.8%)]	Loss: 0.018657
Train Epoch: 40 [12800/50000 (25.6%)]	Loss: 0.012302
Train Epoch: 40 [19200/50000 (38.4%)]	Loss: 0.003397
Train Epoch: 40 [25600/50000 (51.2%)]	Loss: 0.002652
Train Epoch: 40 [32000/50000 (63.9%)]	Loss: 0.001983
Train Epoch: 40 [38400/50000 (76.7%)]	Loss: 0.001861
Train Epoch: 40 [44800/50000 (89.5%)]	Loss: 0.001805

Test set: Average loss: 0.3040, Accuracy: 9371/10000 (93.0%)

Train Epoch: 41 [0/50000 (0.0%)]	Loss: 0.002476
Train Epoch: 41 [6400/50000 (12.8%)]	Loss: 0.002081
Train Epoch: 41 [12800/50000 (25.6%)]	Loss: 0.001538
Train Epoch: 41 [19200/50000 (38.4%)]	Loss: 0.003326
Train Epoch: 41 [25600/50000 (51.2%)]	Loss: 0.001450
Train Epoch: 41 [32000/50000 (63.9%)]	Loss: 0.004033
Train Epoch: 41 [38400/50000 (76.7%)]	Loss: 0.003751
Train Epoch: 41 [44800/50000 (89.5%)]	Loss: 0.002526

Test set: Average loss: 0.3024, Accuracy: 9368/10000 (93.0%)

Train Epoch: 42 [0/50000 (0.0%)]	Loss: 0.001443
Train Epoch: 42 [6400/50000 (12.8%)]	Loss: 0.002118
Train Epoch: 42 [12800/50000 (25.6%)]	Loss: 0.001659
Train Epoch: 42 [19200/50000 (38.4%)]	Loss: 0.002473
Train Epoch: 42 [25600/50000 (51.2%)]	Loss: 0.001652
Train Epoch: 42 [32000/50000 (63.9%)]	Loss: 0.001854
Train Epoch: 42 [38400/50000 (76.7%)]	Loss: 0.001787
Train Epoch: 42 [44800/50000 (89.5%)]	Loss: 0.001417

Test set: Average loss: 0.3042, Accuracy: 9382/10000 (93.0%)

Train Epoch: 43 [0/50000 (0.0%)]	Loss: 0.001601
Train Epoch: 43 [6400/50000 (12.8%)]	Loss: 0.001842
Train Epoch: 43 [12800/50000 (25.6%)]	Loss: 0.001670
Train Epoch: 43 [19200/50000 (38.4%)]	Loss: 0.001427
Train Epoch: 43 [25600/50000 (51.2%)]	Loss: 0.001846
Train Epoch: 43 [32000/50000 (63.9%)]	Loss: 0.001724
Train Epoch: 43 [38400/50000 (76.7%)]	Loss: 0.002340
Train Epoch: 43 [44800/50000 (89.5%)]	Loss: 0.003266

Test set: Average loss: 0.3054, Accuracy: 9352/10000 (93.0%)

Train Epoch: 44 [0/50000 (0.0%)]	Loss: 0.005119
Train Epoch: 44 [6400/50000 (12.8%)]	Loss: 0.001762
Train Epoch: 44 [12800/50000 (25.6%)]	Loss: 0.001677
Train Epoch: 44 [19200/50000 (38.4%)]	Loss: 0.001811
Train Epoch: 44 [25600/50000 (51.2%)]	Loss: 0.001635
Train Epoch: 44 [32000/50000 (63.9%)]	Loss: 0.001845
Train Epoch: 44 [38400/50000 (76.7%)]	Loss: 0.001947
Train Epoch: 44 [44800/50000 (89.5%)]	Loss: 0.002160

Test set: Average loss: 0.3000, Accuracy: 9368/10000 (93.0%)

Train Epoch: 45 [0/50000 (0.0%)]	Loss: 0.001555
Train Epoch: 45 [6400/50000 (12.8%)]	Loss: 0.001983
Train Epoch: 45 [12800/50000 (25.6%)]	Loss: 0.001757
Train Epoch: 45 [19200/50000 (38.4%)]	Loss: 0.002060
Train Epoch: 45 [25600/50000 (51.2%)]	Loss: 0.001995
Train Epoch: 45 [32000/50000 (63.9%)]	Loss: 0.001689
Train Epoch: 45 [38400/50000 (76.7%)]	Loss: 0.001428
Train Epoch: 45 [44800/50000 (89.5%)]	Loss: 0.004829

Test set: Average loss: 0.3017, Accuracy: 9381/10000 (93.0%)

Train Epoch: 46 [0/50000 (0.0%)]	Loss: 0.027258
Train Epoch: 46 [6400/50000 (12.8%)]	Loss: 0.001576
Train Epoch: 46 [12800/50000 (25.6%)]	Loss: 0.001855
Train Epoch: 46 [19200/50000 (38.4%)]	Loss: 0.001565
Train Epoch: 46 [25600/50000 (51.2%)]	Loss: 0.002090
Train Epoch: 46 [32000/50000 (63.9%)]	Loss: 0.034154
Train Epoch: 46 [38400/50000 (76.7%)]	Loss: 0.001918
Train Epoch: 46 [44800/50000 (89.5%)]	Loss: 0.001378

Test set: Average loss: 0.2993, Accuracy: 9376/10000 (93.0%)

Train Epoch: 47 [0/50000 (0.0%)]	Loss: 0.001627
Train Epoch: 47 [6400/50000 (12.8%)]	Loss: 0.002165
Train Epoch: 47 [12800/50000 (25.6%)]	Loss: 0.002460
Train Epoch: 47 [19200/50000 (38.4%)]	Loss: 0.001540
Train Epoch: 47 [25600/50000 (51.2%)]	Loss: 0.001821
Train Epoch: 47 [32000/50000 (63.9%)]	Loss: 0.001867
Train Epoch: 47 [38400/50000 (76.7%)]	Loss: 0.001828
Train Epoch: 47 [44800/50000 (89.5%)]	Loss: 0.002426

Test set: Average loss: 0.2986, Accuracy: 9393/10000 (93.0%)

Train Epoch: 48 [0/50000 (0.0%)]	Loss: 0.001731
Train Epoch: 48 [6400/50000 (12.8%)]	Loss: 0.002247
Train Epoch: 48 [12800/50000 (25.6%)]	Loss: 0.001805
Train Epoch: 48 [19200/50000 (38.4%)]	Loss: 0.001988
Train Epoch: 48 [25600/50000 (51.2%)]	Loss: 0.002540
Train Epoch: 48 [32000/50000 (63.9%)]	Loss: 0.002165
Train Epoch: 48 [38400/50000 (76.7%)]	Loss: 0.001635
Train Epoch: 48 [44800/50000 (89.5%)]	Loss: 0.059316

Test set: Average loss: 0.3000, Accuracy: 9378/10000 (93.0%)

Train Epoch: 49 [0/50000 (0.0%)]	Loss: 0.001793
Train Epoch: 49 [6400/50000 (12.8%)]	Loss: 0.001654
Train Epoch: 49 [12800/50000 (25.6%)]	Loss: 0.002545
Train Epoch: 49 [19200/50000 (38.4%)]	Loss: 0.001518
Train Epoch: 49 [25600/50000 (51.2%)]	Loss: 0.004878
Train Epoch: 49 [32000/50000 (63.9%)]	Loss: 0.001978
Train Epoch: 49 [38400/50000 (76.7%)]	Loss: 0.001639
Train Epoch: 49 [44800/50000 (89.5%)]	Loss: 0.001689

Test set: Average loss: 0.3076, Accuracy: 9352/10000 (93.0%)

Train Epoch: 50 [0/50000 (0.0%)]	Loss: 0.002056
Train Epoch: 50 [6400/50000 (12.8%)]	Loss: 0.003654
Train Epoch: 50 [12800/50000 (25.6%)]	Loss: 0.001534
Train Epoch: 50 [19200/50000 (38.4%)]	Loss: 0.002029
Train Epoch: 50 [25600/50000 (51.2%)]	Loss: 0.002823
Train Epoch: 50 [32000/50000 (63.9%)]	Loss: 0.001896
Train Epoch: 50 [38400/50000 (76.7%)]	Loss: 0.001627
Train Epoch: 50 [44800/50000 (89.5%)]	Loss: 0.001649

Test set: Average loss: 0.3058, Accuracy: 9372/10000 (93.0%)

Train Epoch: 51 [0/50000 (0.0%)]	Loss: 0.001565
Train Epoch: 51 [6400/50000 (12.8%)]	Loss: 0.001613
Train Epoch: 51 [12800/50000 (25.6%)]	Loss: 0.002081
Train Epoch: 51 [19200/50000 (38.4%)]	Loss: 0.002037
Train Epoch: 51 [25600/50000 (51.2%)]	Loss: 0.001669
Train Epoch: 51 [32000/50000 (63.9%)]	Loss: 0.001614
Train Epoch: 51 [38400/50000 (76.7%)]	Loss: 0.002369
Train Epoch: 51 [44800/50000 (89.5%)]	Loss: 0.002058

Test set: Average loss: 0.3048, Accuracy: 9366/10000 (93.0%)

Train Epoch: 52 [0/50000 (0.0%)]	Loss: 0.002582
Train Epoch: 52 [6400/50000 (12.8%)]	Loss: 0.001727
Train Epoch: 52 [12800/50000 (25.6%)]	Loss: 0.001347
Train Epoch: 52 [19200/50000 (38.4%)]	Loss: 0.001709
Train Epoch: 52 [25600/50000 (51.2%)]	Loss: 0.001578
Train Epoch: 52 [32000/50000 (63.9%)]	Loss: 0.001986
Train Epoch: 52 [38400/50000 (76.7%)]	Loss: 0.002654
Train Epoch: 52 [44800/50000 (89.5%)]	Loss: 0.002405

Test set: Average loss: 0.3040, Accuracy: 9387/10000 (93.0%)

Train Epoch: 53 [0/50000 (0.0%)]	Loss: 0.003348
Train Epoch: 53 [6400/50000 (12.8%)]	Loss: 0.001533
Train Epoch: 53 [12800/50000 (25.6%)]	Loss: 0.001419
Train Epoch: 53 [19200/50000 (38.4%)]	Loss: 0.001420
Train Epoch: 53 [25600/50000 (51.2%)]	Loss: 0.001965
Train Epoch: 53 [32000/50000 (63.9%)]	Loss: 0.001463
Train Epoch: 53 [38400/50000 (76.7%)]	Loss: 0.002102
Train Epoch: 53 [44800/50000 (89.5%)]	Loss: 0.001868

Test set: Average loss: 0.3044, Accuracy: 9370/10000 (93.0%)

Train Epoch: 54 [0/50000 (0.0%)]	Loss: 0.001809
Train Epoch: 54 [6400/50000 (12.8%)]	Loss: 0.002518
Train Epoch: 54 [12800/50000 (25.6%)]	Loss: 0.001613
Train Epoch: 54 [19200/50000 (38.4%)]	Loss: 0.001854
Train Epoch: 54 [25600/50000 (51.2%)]	Loss: 0.001533
Train Epoch: 54 [32000/50000 (63.9%)]	Loss: 0.001740
Train Epoch: 54 [38400/50000 (76.7%)]	Loss: 0.001901
Train Epoch: 54 [44800/50000 (89.5%)]	Loss: 0.002679

Test set: Average loss: 0.2987, Accuracy: 9372/10000 (93.0%)

Train Epoch: 55 [0/50000 (0.0%)]	Loss: 0.003347
Train Epoch: 55 [6400/50000 (12.8%)]	Loss: 0.020044
Train Epoch: 55 [12800/50000 (25.6%)]	Loss: 0.001946
Train Epoch: 55 [19200/50000 (38.4%)]	Loss: 0.002591
Train Epoch: 55 [25600/50000 (51.2%)]	Loss: 0.001863
Train Epoch: 55 [32000/50000 (63.9%)]	Loss: 0.001983
Train Epoch: 55 [38400/50000 (76.7%)]	Loss: 0.002946
Train Epoch: 55 [44800/50000 (89.5%)]	Loss: 0.002007

Test set: Average loss: 0.3031, Accuracy: 9368/10000 (93.0%)

Train Epoch: 56 [0/50000 (0.0%)]	Loss: 0.001457
Train Epoch: 56 [6400/50000 (12.8%)]	Loss: 0.002707
Train Epoch: 56 [12800/50000 (25.6%)]	Loss: 0.001613
Train Epoch: 56 [19200/50000 (38.4%)]	Loss: 0.001858
Train Epoch: 56 [25600/50000 (51.2%)]	Loss: 0.001824
Train Epoch: 56 [32000/50000 (63.9%)]	Loss: 0.001548
Train Epoch: 56 [38400/50000 (76.7%)]	Loss: 0.001524
Train Epoch: 56 [44800/50000 (89.5%)]	Loss: 0.001651

Test set: Average loss: 0.3004, Accuracy: 9378/10000 (93.0%)

Train Epoch: 57 [0/50000 (0.0%)]	Loss: 0.001707
Train Epoch: 57 [6400/50000 (12.8%)]	Loss: 0.001512
Train Epoch: 57 [12800/50000 (25.6%)]	Loss: 0.001459
Train Epoch: 57 [19200/50000 (38.4%)]	Loss: 0.001939
Train Epoch: 57 [25600/50000 (51.2%)]	Loss: 0.001357
Train Epoch: 57 [32000/50000 (63.9%)]	Loss: 0.002274
Train Epoch: 57 [38400/50000 (76.7%)]	Loss: 0.002126
Train Epoch: 57 [44800/50000 (89.5%)]	Loss: 0.002917

Test set: Average loss: 0.3017, Accuracy: 9374/10000 (93.0%)

Train Epoch: 58 [0/50000 (0.0%)]	Loss: 0.038287
Train Epoch: 58 [6400/50000 (12.8%)]	Loss: 0.001365
Train Epoch: 58 [12800/50000 (25.6%)]	Loss: 0.001602
Train Epoch: 58 [19200/50000 (38.4%)]	Loss: 0.002605
Train Epoch: 58 [25600/50000 (51.2%)]	Loss: 0.001915
Train Epoch: 58 [32000/50000 (63.9%)]	Loss: 0.001458
Train Epoch: 58 [38400/50000 (76.7%)]	Loss: 0.006554
Train Epoch: 58 [44800/50000 (89.5%)]	Loss: 0.001794

Test set: Average loss: 0.3038, Accuracy: 9374/10000 (93.0%)

Train Epoch: 59 [0/50000 (0.0%)]	Loss: 0.002206
Train Epoch: 59 [6400/50000 (12.8%)]	Loss: 0.003058
Train Epoch: 59 [12800/50000 (25.6%)]	Loss: 0.001895
Train Epoch: 59 [19200/50000 (38.4%)]	Loss: 0.001828
Train Epoch: 59 [25600/50000 (51.2%)]	Loss: 0.002020
Train Epoch: 59 [32000/50000 (63.9%)]	Loss: 0.001550
Train Epoch: 59 [38400/50000 (76.7%)]	Loss: 0.001528
Train Epoch: 59 [44800/50000 (89.5%)]	Loss: 0.001453

Test set: Average loss: 0.3022, Accuracy: 9376/10000 (93.0%)

Train Epoch: 60 [0/50000 (0.0%)]	Loss: 0.025981
Train Epoch: 60 [6400/50000 (12.8%)]	Loss: 0.001872
Train Epoch: 60 [12800/50000 (25.6%)]	Loss: 0.001874
Train Epoch: 60 [19200/50000 (38.4%)]	Loss: 0.003730
Train Epoch: 60 [25600/50000 (51.2%)]	Loss: 0.001546
Train Epoch: 60 [32000/50000 (63.9%)]	Loss: 0.001748
Train Epoch: 60 [38400/50000 (76.7%)]	Loss: 0.002227
Train Epoch: 60 [44800/50000 (89.5%)]	Loss: 0.002236

Test set: Average loss: 0.3023, Accuracy: 9379/10000 (93.0%)

Train Epoch: 61 [0/50000 (0.0%)]	Loss: 0.001924
Train Epoch: 61 [6400/50000 (12.8%)]	Loss: 0.001833
Train Epoch: 61 [12800/50000 (25.6%)]	Loss: 0.002104
Train Epoch: 61 [19200/50000 (38.4%)]	Loss: 0.002772
Train Epoch: 61 [25600/50000 (51.2%)]	Loss: 0.001671
Train Epoch: 61 [32000/50000 (63.9%)]	Loss: 0.001933
Train Epoch: 61 [38400/50000 (76.7%)]	Loss: 0.001615
Train Epoch: 61 [44800/50000 (89.5%)]	Loss: 0.001710

Test set: Average loss: 0.3012, Accuracy: 9380/10000 (93.0%)

Train Epoch: 62 [0/50000 (0.0%)]	Loss: 0.005132
Train Epoch: 62 [6400/50000 (12.8%)]	Loss: 0.001629
Train Epoch: 62 [12800/50000 (25.6%)]	Loss: 0.001522
Train Epoch: 62 [19200/50000 (38.4%)]	Loss: 0.001922
Train Epoch: 62 [25600/50000 (51.2%)]	Loss: 0.001456
Train Epoch: 62 [32000/50000 (63.9%)]	Loss: 0.001979
Train Epoch: 62 [38400/50000 (76.7%)]	Loss: 0.001780
Train Epoch: 62 [44800/50000 (89.5%)]	Loss: 0.001985

Test set: Average loss: 0.3022, Accuracy: 9387/10000 (93.0%)

Train Epoch: 63 [0/50000 (0.0%)]	Loss: 0.001951
Train Epoch: 63 [6400/50000 (12.8%)]	Loss: 0.001622
Train Epoch: 63 [12800/50000 (25.6%)]	Loss: 0.001297
Train Epoch: 63 [19200/50000 (38.4%)]	Loss: 0.002082
Train Epoch: 63 [25600/50000 (51.2%)]	Loss: 0.002000
Train Epoch: 63 [32000/50000 (63.9%)]	Loss: 0.001347
Train Epoch: 63 [38400/50000 (76.7%)]	Loss: 0.003090
Train Epoch: 63 [44800/50000 (89.5%)]	Loss: 0.001564

Test set: Average loss: 0.3016, Accuracy: 9377/10000 (93.0%)

Train Epoch: 64 [0/50000 (0.0%)]	Loss: 0.001843
Train Epoch: 64 [6400/50000 (12.8%)]	Loss: 0.001388
Train Epoch: 64 [12800/50000 (25.6%)]	Loss: 0.001711
Train Epoch: 64 [19200/50000 (38.4%)]	Loss: 0.001908
Train Epoch: 64 [25600/50000 (51.2%)]	Loss: 0.001669
Train Epoch: 64 [32000/50000 (63.9%)]	Loss: 0.001651
Train Epoch: 64 [38400/50000 (76.7%)]	Loss: 0.001656
Train Epoch: 64 [44800/50000 (89.5%)]	Loss: 0.001458

Test set: Average loss: 0.3006, Accuracy: 9376/10000 (93.0%)

Train Epoch: 65 [0/50000 (0.0%)]	Loss: 0.002618
Train Epoch: 65 [6400/50000 (12.8%)]	Loss: 0.002177
Train Epoch: 65 [12800/50000 (25.6%)]	Loss: 0.002514
Train Epoch: 65 [19200/50000 (38.4%)]	Loss: 0.003044
Train Epoch: 65 [25600/50000 (51.2%)]	Loss: 0.006053
Train Epoch: 65 [32000/50000 (63.9%)]	Loss: 0.001398
Train Epoch: 65 [38400/50000 (76.7%)]	Loss: 0.001804
Train Epoch: 65 [44800/50000 (89.5%)]	Loss: 0.001847

Test set: Average loss: 0.3000, Accuracy: 9382/10000 (93.0%)

Train Epoch: 66 [0/50000 (0.0%)]	Loss: 0.005175
Train Epoch: 66 [6400/50000 (12.8%)]	Loss: 0.001518
Train Epoch: 66 [12800/50000 (25.6%)]	Loss: 0.001645
Train Epoch: 66 [19200/50000 (38.4%)]	Loss: 0.001800
Train Epoch: 66 [25600/50000 (51.2%)]	Loss: 0.002303
Train Epoch: 66 [32000/50000 (63.9%)]	Loss: 0.001691
Train Epoch: 66 [38400/50000 (76.7%)]	Loss: 0.001984
Train Epoch: 66 [44800/50000 (89.5%)]	Loss: 0.010963

Test set: Average loss: 0.3007, Accuracy: 9371/10000 (93.0%)

Train Epoch: 67 [0/50000 (0.0%)]	Loss: 0.001641
Train Epoch: 67 [6400/50000 (12.8%)]	Loss: 0.002040
Train Epoch: 67 [12800/50000 (25.6%)]	Loss: 0.002248
Train Epoch: 67 [19200/50000 (38.4%)]	Loss: 0.002330
Train Epoch: 67 [25600/50000 (51.2%)]	Loss: 0.001697
Train Epoch: 67 [32000/50000 (63.9%)]	Loss: 0.001629
Train Epoch: 67 [38400/50000 (76.7%)]	Loss: 0.001753
Train Epoch: 67 [44800/50000 (89.5%)]	Loss: 0.002126

Test set: Average loss: 0.2998, Accuracy: 9378/10000 (93.0%)

Train Epoch: 68 [0/50000 (0.0%)]	Loss: 0.001663
Train Epoch: 68 [6400/50000 (12.8%)]	Loss: 0.002029
Train Epoch: 68 [12800/50000 (25.6%)]	Loss: 0.001839
Train Epoch: 68 [19200/50000 (38.4%)]	Loss: 0.001809
Train Epoch: 68 [25600/50000 (51.2%)]	Loss: 0.001617
Train Epoch: 68 [32000/50000 (63.9%)]	Loss: 0.001927
Train Epoch: 68 [38400/50000 (76.7%)]	Loss: 0.002019
Train Epoch: 68 [44800/50000 (89.5%)]	Loss: 0.003403

Test set: Average loss: 0.3004, Accuracy: 9383/10000 (93.0%)

Train Epoch: 69 [0/50000 (0.0%)]	Loss: 0.012885
Train Epoch: 69 [6400/50000 (12.8%)]	Loss: 0.002289
Train Epoch: 69 [12800/50000 (25.6%)]	Loss: 0.003627
Train Epoch: 69 [19200/50000 (38.4%)]	Loss: 0.001629
Train Epoch: 69 [25600/50000 (51.2%)]	Loss: 0.001507
Train Epoch: 69 [32000/50000 (63.9%)]	Loss: 0.001421
Train Epoch: 69 [38400/50000 (76.7%)]	Loss: 0.004178
Train Epoch: 69 [44800/50000 (89.5%)]	Loss: 0.002654

Test set: Average loss: 0.2986, Accuracy: 9384/10000 (93.0%)

Train Epoch: 70 [0/50000 (0.0%)]	Loss: 0.001988
Train Epoch: 70 [6400/50000 (12.8%)]	Loss: 0.002727
Train Epoch: 70 [12800/50000 (25.6%)]	Loss: 0.002115
Train Epoch: 70 [19200/50000 (38.4%)]	Loss: 0.001431
Train Epoch: 70 [25600/50000 (51.2%)]	Loss: 0.001628
Train Epoch: 70 [32000/50000 (63.9%)]	Loss: 0.001727
Train Epoch: 70 [38400/50000 (76.7%)]	Loss: 0.001797
Train Epoch: 70 [44800/50000 (89.5%)]	Loss: 0.001665

Test set: Average loss: 0.3005, Accuracy: 9373/10000 (93.0%)

Train Epoch: 71 [0/50000 (0.0%)]	Loss: 0.001530
Train Epoch: 71 [6400/50000 (12.8%)]	Loss: 0.001629
Train Epoch: 71 [12800/50000 (25.6%)]	Loss: 0.002177
Train Epoch: 71 [19200/50000 (38.4%)]	Loss: 0.002001
Train Epoch: 71 [25600/50000 (51.2%)]	Loss: 0.001945
Train Epoch: 71 [32000/50000 (63.9%)]	Loss: 0.002220
Train Epoch: 71 [38400/50000 (76.7%)]	Loss: 0.001784
Train Epoch: 71 [44800/50000 (89.5%)]	Loss: 0.001679

Test set: Average loss: 0.2952, Accuracy: 9399/10000 (93.0%)

Train Epoch: 72 [0/50000 (0.0%)]	Loss: 0.001754
Train Epoch: 72 [6400/50000 (12.8%)]	Loss: 0.002276
Train Epoch: 72 [12800/50000 (25.6%)]	Loss: 0.001889
Train Epoch: 72 [19200/50000 (38.4%)]	Loss: 0.001422
Train Epoch: 72 [25600/50000 (51.2%)]	Loss: 0.002048
Train Epoch: 72 [32000/50000 (63.9%)]	Loss: 0.001643
Train Epoch: 72 [38400/50000 (76.7%)]	Loss: 0.002702
Train Epoch: 72 [44800/50000 (89.5%)]	Loss: 0.001656

Test set: Average loss: 0.2962, Accuracy: 9394/10000 (93.0%)

Train Epoch: 73 [0/50000 (0.0%)]	Loss: 0.001608
Train Epoch: 73 [6400/50000 (12.8%)]	Loss: 0.002644
Train Epoch: 73 [12800/50000 (25.6%)]	Loss: 0.001602
Train Epoch: 73 [19200/50000 (38.4%)]	Loss: 0.001620
Train Epoch: 73 [25600/50000 (51.2%)]	Loss: 0.002205
Train Epoch: 73 [32000/50000 (63.9%)]	Loss: 0.001584
Train Epoch: 73 [38400/50000 (76.7%)]	Loss: 0.001462
Train Epoch: 73 [44800/50000 (89.5%)]	Loss: 0.002078

Test set: Average loss: 0.3012, Accuracy: 9400/10000 (94.0%)

Train Epoch: 74 [0/50000 (0.0%)]	Loss: 0.001702
Train Epoch: 74 [6400/50000 (12.8%)]	Loss: 0.001643
Train Epoch: 74 [12800/50000 (25.6%)]	Loss: 0.003522
Train Epoch: 74 [19200/50000 (38.4%)]	Loss: 0.001515
Train Epoch: 74 [25600/50000 (51.2%)]	Loss: 0.001944
Train Epoch: 74 [32000/50000 (63.9%)]	Loss: 0.001504
Train Epoch: 74 [38400/50000 (76.7%)]	Loss: 0.001638
Train Epoch: 74 [44800/50000 (89.5%)]	Loss: 0.001432

Test set: Average loss: 0.2986, Accuracy: 9397/10000 (93.0%)

Train Epoch: 75 [0/50000 (0.0%)]	Loss: 0.002907
Train Epoch: 75 [6400/50000 (12.8%)]	Loss: 0.006316
Train Epoch: 75 [12800/50000 (25.6%)]	Loss: 0.001588
Train Epoch: 75 [19200/50000 (38.4%)]	Loss: 0.001478
Train Epoch: 75 [25600/50000 (51.2%)]	Loss: 0.001796
Train Epoch: 75 [32000/50000 (63.9%)]	Loss: 0.001433
Train Epoch: 75 [38400/50000 (76.7%)]	Loss: 0.004971
Train Epoch: 75 [44800/50000 (89.5%)]	Loss: 0.001549

Test set: Average loss: 0.2998, Accuracy: 9379/10000 (93.0%)

Train Epoch: 76 [0/50000 (0.0%)]	Loss: 0.001527
Train Epoch: 76 [6400/50000 (12.8%)]	Loss: 0.002555
Train Epoch: 76 [12800/50000 (25.6%)]	Loss: 0.001674
Train Epoch: 76 [19200/50000 (38.4%)]	Loss: 0.001593
Train Epoch: 76 [25600/50000 (51.2%)]	Loss: 0.002069
Train Epoch: 76 [32000/50000 (63.9%)]	Loss: 0.016845
Train Epoch: 76 [38400/50000 (76.7%)]	Loss: 0.003914
Train Epoch: 76 [44800/50000 (89.5%)]	Loss: 0.001798

Test set: Average loss: 0.3003, Accuracy: 9406/10000 (94.0%)

Train Epoch: 77 [0/50000 (0.0%)]	Loss: 0.001547
Train Epoch: 77 [6400/50000 (12.8%)]	Loss: 0.001630
Train Epoch: 77 [12800/50000 (25.6%)]	Loss: 0.001722
Train Epoch: 77 [19200/50000 (38.4%)]	Loss: 0.001973
Train Epoch: 77 [25600/50000 (51.2%)]	Loss: 0.001531
Train Epoch: 77 [32000/50000 (63.9%)]	Loss: 0.002542
Train Epoch: 77 [38400/50000 (76.7%)]	Loss: 0.001909
Train Epoch: 77 [44800/50000 (89.5%)]	Loss: 0.001866

Test set: Average loss: 0.2988, Accuracy: 9390/10000 (93.0%)

Train Epoch: 78 [0/50000 (0.0%)]	Loss: 0.001582
Train Epoch: 78 [6400/50000 (12.8%)]	Loss: 0.001974
Train Epoch: 78 [12800/50000 (25.6%)]	Loss: 0.002463
Train Epoch: 78 [19200/50000 (38.4%)]	Loss: 0.002754
Train Epoch: 78 [25600/50000 (51.2%)]	Loss: 0.004669
Train Epoch: 78 [32000/50000 (63.9%)]	Loss: 0.001577
Train Epoch: 78 [38400/50000 (76.7%)]	Loss: 0.001491
Train Epoch: 78 [44800/50000 (89.5%)]	Loss: 0.002023

Test set: Average loss: 0.2944, Accuracy: 9403/10000 (94.0%)

Train Epoch: 79 [0/50000 (0.0%)]	Loss: 0.001776
Train Epoch: 79 [6400/50000 (12.8%)]	Loss: 0.009091
Train Epoch: 79 [12800/50000 (25.6%)]	Loss: 0.001555
Train Epoch: 79 [19200/50000 (38.4%)]	Loss: 0.002087
Train Epoch: 79 [25600/50000 (51.2%)]	Loss: 0.001515
Train Epoch: 79 [32000/50000 (63.9%)]	Loss: 0.001530
Train Epoch: 79 [38400/50000 (76.7%)]	Loss: 0.001850
Train Epoch: 79 [44800/50000 (89.5%)]	Loss: 0.002496

Test set: Average loss: 0.2961, Accuracy: 9406/10000 (94.0%)

Train Epoch: 80 [0/50000 (0.0%)]	Loss: 0.001507
Train Epoch: 80 [6400/50000 (12.8%)]	Loss: 0.001570
Train Epoch: 80 [12800/50000 (25.6%)]	Loss: 0.001649
Train Epoch: 80 [19200/50000 (38.4%)]	Loss: 0.001882
Train Epoch: 80 [25600/50000 (51.2%)]	Loss: 0.001486
Train Epoch: 80 [32000/50000 (63.9%)]	Loss: 0.001493
Train Epoch: 80 [38400/50000 (76.7%)]	Loss: 0.002588
Train Epoch: 80 [44800/50000 (89.5%)]	Loss: 0.001570

Test set: Average loss: 0.3023, Accuracy: 9389/10000 (93.0%)

Train Epoch: 81 [0/50000 (0.0%)]	Loss: 0.001455
Train Epoch: 81 [6400/50000 (12.8%)]	Loss: 0.001791
Train Epoch: 81 [12800/50000 (25.6%)]	Loss: 0.001950
Train Epoch: 81 [19200/50000 (38.4%)]	Loss: 0.001818
Train Epoch: 81 [25600/50000 (51.2%)]	Loss: 0.001638
Train Epoch: 81 [32000/50000 (63.9%)]	Loss: 0.014391
Train Epoch: 81 [38400/50000 (76.7%)]	Loss: 0.001749
Train Epoch: 81 [44800/50000 (89.5%)]	Loss: 0.001681

Test set: Average loss: 0.2995, Accuracy: 9392/10000 (93.0%)

Train Epoch: 82 [0/50000 (0.0%)]	Loss: 0.001724
Train Epoch: 82 [6400/50000 (12.8%)]	Loss: 0.002356
Train Epoch: 82 [12800/50000 (25.6%)]	Loss: 0.019745
Train Epoch: 82 [19200/50000 (38.4%)]	Loss: 0.001919
Train Epoch: 82 [25600/50000 (51.2%)]	Loss: 0.034236
Train Epoch: 82 [32000/50000 (63.9%)]	Loss: 0.001472
Train Epoch: 82 [38400/50000 (76.7%)]	Loss: 0.002043
Train Epoch: 82 [44800/50000 (89.5%)]	Loss: 0.003171

Test set: Average loss: 0.2952, Accuracy: 9405/10000 (94.0%)

Train Epoch: 83 [0/50000 (0.0%)]	Loss: 0.001707
Train Epoch: 83 [6400/50000 (12.8%)]	Loss: 0.001906
Train Epoch: 83 [12800/50000 (25.6%)]	Loss: 0.002014
Train Epoch: 83 [19200/50000 (38.4%)]	Loss: 0.001561
Train Epoch: 83 [25600/50000 (51.2%)]	Loss: 0.001451
Train Epoch: 83 [32000/50000 (63.9%)]	Loss: 0.001500
Train Epoch: 83 [38400/50000 (76.7%)]	Loss: 0.004473
Train Epoch: 83 [44800/50000 (89.5%)]	Loss: 0.001854

Test set: Average loss: 0.2995, Accuracy: 9395/10000 (93.0%)

Train Epoch: 84 [0/50000 (0.0%)]	Loss: 0.002101
Train Epoch: 84 [6400/50000 (12.8%)]	Loss: 0.002867
Train Epoch: 84 [12800/50000 (25.6%)]	Loss: 0.002098
Train Epoch: 84 [19200/50000 (38.4%)]	Loss: 0.002080
Train Epoch: 84 [25600/50000 (51.2%)]	Loss: 0.003294
Train Epoch: 84 [32000/50000 (63.9%)]	Loss: 0.002845
Train Epoch: 84 [38400/50000 (76.7%)]	Loss: 0.001490
Train Epoch: 84 [44800/50000 (89.5%)]	Loss: 0.001910

Test set: Average loss: 0.2996, Accuracy: 9394/10000 (93.0%)

Train Epoch: 85 [0/50000 (0.0%)]	Loss: 0.001585
Train Epoch: 85 [6400/50000 (12.8%)]	Loss: 0.001756
Train Epoch: 85 [12800/50000 (25.6%)]	Loss: 0.002489
Train Epoch: 85 [19200/50000 (38.4%)]	Loss: 0.001786
Train Epoch: 85 [25600/50000 (51.2%)]	Loss: 0.001723
Train Epoch: 85 [32000/50000 (63.9%)]	Loss: 0.001703
Train Epoch: 85 [38400/50000 (76.7%)]	Loss: 0.001616
Train Epoch: 85 [44800/50000 (89.5%)]	Loss: 0.001554

Test set: Average loss: 0.2992, Accuracy: 9409/10000 (94.0%)

Train Epoch: 86 [0/50000 (0.0%)]	Loss: 0.001511
Train Epoch: 86 [6400/50000 (12.8%)]	Loss: 0.001709
Train Epoch: 86 [12800/50000 (25.6%)]	Loss: 0.001974
Train Epoch: 86 [19200/50000 (38.4%)]	Loss: 0.001372
Train Epoch: 86 [25600/50000 (51.2%)]	Loss: 0.001782
Train Epoch: 86 [32000/50000 (63.9%)]	Loss: 0.001576
Train Epoch: 86 [38400/50000 (76.7%)]	Loss: 0.001755
Train Epoch: 86 [44800/50000 (89.5%)]	Loss: 0.001713

Test set: Average loss: 0.2981, Accuracy: 9407/10000 (94.0%)

Train Epoch: 87 [0/50000 (0.0%)]	Loss: 0.002370
Train Epoch: 87 [6400/50000 (12.8%)]	Loss: 0.001706
Train Epoch: 87 [12800/50000 (25.6%)]	Loss: 0.002383
Train Epoch: 87 [19200/50000 (38.4%)]	Loss: 0.002983
Train Epoch: 87 [25600/50000 (51.2%)]	Loss: 0.001833
Train Epoch: 87 [32000/50000 (63.9%)]	Loss: 0.001541
Train Epoch: 87 [38400/50000 (76.7%)]	Loss: 0.001728
Train Epoch: 87 [44800/50000 (89.5%)]	Loss: 0.002914

Test set: Average loss: 0.2980, Accuracy: 9407/10000 (94.0%)

Train Epoch: 88 [0/50000 (0.0%)]	Loss: 0.001739
Train Epoch: 88 [6400/50000 (12.8%)]	Loss: 0.001718
Train Epoch: 88 [12800/50000 (25.6%)]	Loss: 0.001533
Train Epoch: 88 [19200/50000 (38.4%)]	Loss: 0.001768
Train Epoch: 88 [25600/50000 (51.2%)]	Loss: 0.001718
Train Epoch: 88 [32000/50000 (63.9%)]	Loss: 0.001863
Train Epoch: 88 [38400/50000 (76.7%)]	Loss: 0.001892
Train Epoch: 88 [44800/50000 (89.5%)]	Loss: 0.001678

Test set: Average loss: 0.3039, Accuracy: 9388/10000 (93.0%)

Train Epoch: 89 [0/50000 (0.0%)]	Loss: 0.001668
Train Epoch: 89 [6400/50000 (12.8%)]	Loss: 0.001588
Train Epoch: 89 [12800/50000 (25.6%)]	Loss: 0.001644
Train Epoch: 89 [19200/50000 (38.4%)]	Loss: 0.002167
Train Epoch: 89 [25600/50000 (51.2%)]	Loss: 0.001494
Train Epoch: 89 [32000/50000 (63.9%)]	Loss: 0.001438
Train Epoch: 89 [38400/50000 (76.7%)]	Loss: 0.001805
Train Epoch: 89 [44800/50000 (89.5%)]	Loss: 0.002120

Test set: Average loss: 0.2979, Accuracy: 9409/10000 (94.0%)

Train Epoch: 90 [0/50000 (0.0%)]	Loss: 0.002307
Train Epoch: 90 [6400/50000 (12.8%)]	Loss: 0.001720
Train Epoch: 90 [12800/50000 (25.6%)]	Loss: 0.001661
Train Epoch: 90 [19200/50000 (38.4%)]	Loss: 0.001642
Train Epoch: 90 [25600/50000 (51.2%)]	Loss: 0.001970
Train Epoch: 90 [32000/50000 (63.9%)]	Loss: 0.001454
Train Epoch: 90 [38400/50000 (76.7%)]	Loss: 0.001994
Train Epoch: 90 [44800/50000 (89.5%)]	Loss: 0.001590

Test set: Average loss: 0.2951, Accuracy: 9393/10000 (93.0%)

Train Epoch: 91 [0/50000 (0.0%)]	Loss: 0.002051
Train Epoch: 91 [6400/50000 (12.8%)]	Loss: 0.003254
Train Epoch: 91 [12800/50000 (25.6%)]	Loss: 0.001500
Train Epoch: 91 [19200/50000 (38.4%)]	Loss: 0.001780
Train Epoch: 91 [25600/50000 (51.2%)]	Loss: 0.003073
Train Epoch: 91 [32000/50000 (63.9%)]	Loss: 0.001834
Train Epoch: 91 [38400/50000 (76.7%)]	Loss: 0.001896
Train Epoch: 91 [44800/50000 (89.5%)]	Loss: 0.002028

Test set: Average loss: 0.2987, Accuracy: 9394/10000 (93.0%)

Train Epoch: 92 [0/50000 (0.0%)]	Loss: 0.001797
Train Epoch: 92 [6400/50000 (12.8%)]	Loss: 0.001882
Train Epoch: 92 [12800/50000 (25.6%)]	Loss: 0.001449
Train Epoch: 92 [19200/50000 (38.4%)]	Loss: 0.002054
Train Epoch: 92 [25600/50000 (51.2%)]	Loss: 0.001678
Train Epoch: 92 [32000/50000 (63.9%)]	Loss: 0.001694
Train Epoch: 92 [38400/50000 (76.7%)]	Loss: 0.001757
Train Epoch: 92 [44800/50000 (89.5%)]	Loss: 0.001670

Test set: Average loss: 0.2983, Accuracy: 9412/10000 (94.0%)

Train Epoch: 93 [0/50000 (0.0%)]	Loss: 0.002035
Train Epoch: 93 [6400/50000 (12.8%)]	Loss: 0.001556
Train Epoch: 93 [12800/50000 (25.6%)]	Loss: 0.005541
Train Epoch: 93 [19200/50000 (38.4%)]	Loss: 0.001733
Train Epoch: 93 [25600/50000 (51.2%)]	Loss: 0.001534
Train Epoch: 93 [32000/50000 (63.9%)]	Loss: 0.002331
Train Epoch: 93 [38400/50000 (76.7%)]	Loss: 0.001607
Train Epoch: 93 [44800/50000 (89.5%)]	Loss: 0.001624

Test set: Average loss: 0.2982, Accuracy: 9397/10000 (93.0%)

Train Epoch: 94 [0/50000 (0.0%)]	Loss: 0.001901
Train Epoch: 94 [6400/50000 (12.8%)]	Loss: 0.001717
Train Epoch: 94 [12800/50000 (25.6%)]	Loss: 0.001786
Train Epoch: 94 [19200/50000 (38.4%)]	Loss: 0.001977
Train Epoch: 94 [25600/50000 (51.2%)]	Loss: 0.001769
Train Epoch: 94 [32000/50000 (63.9%)]	Loss: 0.001370
Train Epoch: 94 [38400/50000 (76.7%)]	Loss: 0.001830
Train Epoch: 94 [44800/50000 (89.5%)]	Loss: 0.001839

Test set: Average loss: 0.3021, Accuracy: 9400/10000 (94.0%)

Train Epoch: 95 [0/50000 (0.0%)]	Loss: 0.005347
Train Epoch: 95 [6400/50000 (12.8%)]	Loss: 0.001946
Train Epoch: 95 [12800/50000 (25.6%)]	Loss: 0.001652
Train Epoch: 95 [19200/50000 (38.4%)]	Loss: 0.001465
Train Epoch: 95 [25600/50000 (51.2%)]	Loss: 0.001632
Train Epoch: 95 [32000/50000 (63.9%)]	Loss: 0.001895
Train Epoch: 95 [38400/50000 (76.7%)]	Loss: 0.002241
Train Epoch: 95 [44800/50000 (89.5%)]	Loss: 0.003694

Test set: Average loss: 0.3033, Accuracy: 9390/10000 (93.0%)

Train Epoch: 96 [0/50000 (0.0%)]	Loss: 0.001669
Train Epoch: 96 [6400/50000 (12.8%)]	Loss: 0.002301
Train Epoch: 96 [12800/50000 (25.6%)]	Loss: 0.001602
Train Epoch: 96 [19200/50000 (38.4%)]	Loss: 0.001494
Train Epoch: 96 [25600/50000 (51.2%)]	Loss: 0.001578
Train Epoch: 96 [32000/50000 (63.9%)]	Loss: 0.001601
Train Epoch: 96 [38400/50000 (76.7%)]	Loss: 0.002334
Train Epoch: 96 [44800/50000 (89.5%)]	Loss: 0.001545

Test set: Average loss: 0.3015, Accuracy: 9397/10000 (93.0%)

Train Epoch: 97 [0/50000 (0.0%)]	Loss: 0.001933
Train Epoch: 97 [6400/50000 (12.8%)]	Loss: 0.002088
Train Epoch: 97 [12800/50000 (25.6%)]	Loss: 0.001729
Train Epoch: 97 [19200/50000 (38.4%)]	Loss: 0.002775
Train Epoch: 97 [25600/50000 (51.2%)]	Loss: 0.001841
Train Epoch: 97 [32000/50000 (63.9%)]	Loss: 0.001575
Train Epoch: 97 [38400/50000 (76.7%)]	Loss: 0.001720
Train Epoch: 97 [44800/50000 (89.5%)]	Loss: 0.002589

Test set: Average loss: 0.3000, Accuracy: 9389/10000 (93.0%)

Train Epoch: 98 [0/50000 (0.0%)]	Loss: 0.001827
Train Epoch: 98 [6400/50000 (12.8%)]	Loss: 0.001532
Train Epoch: 98 [12800/50000 (25.6%)]	Loss: 0.001884
Train Epoch: 98 [19200/50000 (38.4%)]	Loss: 0.003244
Train Epoch: 98 [25600/50000 (51.2%)]	Loss: 0.001407
Train Epoch: 98 [32000/50000 (63.9%)]	Loss: 0.001425
Train Epoch: 98 [38400/50000 (76.7%)]	Loss: 0.002051
Train Epoch: 98 [44800/50000 (89.5%)]	Loss: 0.001622

Test set: Average loss: 0.3018, Accuracy: 9387/10000 (93.0%)

Train Epoch: 99 [0/50000 (0.0%)]	Loss: 0.001661
Train Epoch: 99 [6400/50000 (12.8%)]	Loss: 0.001906
Train Epoch: 99 [12800/50000 (25.6%)]	Loss: 0.001840
Train Epoch: 99 [19200/50000 (38.4%)]	Loss: 0.001507
Train Epoch: 99 [25600/50000 (51.2%)]	Loss: 0.001783
Train Epoch: 99 [32000/50000 (63.9%)]	Loss: 0.002314
Train Epoch: 99 [38400/50000 (76.7%)]	Loss: 0.001469
Train Epoch: 99 [44800/50000 (89.5%)]	Loss: 0.001915

Test set: Average loss: 0.3018, Accuracy: 9391/10000 (93.0%)

Train Epoch: 100 [0/50000 (0.0%)]	Loss: 0.001666
Train Epoch: 100 [6400/50000 (12.8%)]	Loss: 0.001504
Train Epoch: 100 [12800/50000 (25.6%)]	Loss: 0.002519
Train Epoch: 100 [19200/50000 (38.4%)]	Loss: 0.001599
Train Epoch: 100 [25600/50000 (51.2%)]	Loss: 0.001457
Train Epoch: 100 [32000/50000 (63.9%)]	Loss: 0.001686
Train Epoch: 100 [38400/50000 (76.7%)]	Loss: 0.001983
Train Epoch: 100 [44800/50000 (89.5%)]	Loss: 0.002646

Test set: Average loss: 0.3020, Accuracy: 9386/10000 (93.0%)

Train Epoch: 101 [0/50000 (0.0%)]	Loss: 0.001780
Train Epoch: 101 [6400/50000 (12.8%)]	Loss: 0.001606
Train Epoch: 101 [12800/50000 (25.6%)]	Loss: 0.001578
Train Epoch: 101 [19200/50000 (38.4%)]	Loss: 0.001813
Train Epoch: 101 [25600/50000 (51.2%)]	Loss: 0.001551
Train Epoch: 101 [32000/50000 (63.9%)]	Loss: 0.003414
Train Epoch: 101 [38400/50000 (76.7%)]	Loss: 0.001872
Train Epoch: 101 [44800/50000 (89.5%)]	Loss: 0.001599

Test set: Average loss: 0.3043, Accuracy: 9377/10000 (93.0%)

Train Epoch: 102 [0/50000 (0.0%)]	Loss: 0.001938
Train Epoch: 102 [6400/50000 (12.8%)]	Loss: 0.001667
Train Epoch: 102 [12800/50000 (25.6%)]	Loss: 0.001835
Train Epoch: 102 [19200/50000 (38.4%)]	Loss: 0.001987
Train Epoch: 102 [25600/50000 (51.2%)]	Loss: 0.002576
Train Epoch: 102 [32000/50000 (63.9%)]	Loss: 0.002771
Train Epoch: 102 [38400/50000 (76.7%)]	Loss: 0.001647
Train Epoch: 102 [44800/50000 (89.5%)]	Loss: 0.001949

Test set: Average loss: 0.3031, Accuracy: 9384/10000 (93.0%)

Train Epoch: 103 [0/50000 (0.0%)]	Loss: 0.004167
Train Epoch: 103 [6400/50000 (12.8%)]	Loss: 0.001679
Train Epoch: 103 [12800/50000 (25.6%)]	Loss: 0.001545
Train Epoch: 103 [19200/50000 (38.4%)]	Loss: 0.001917
Train Epoch: 103 [25600/50000 (51.2%)]	Loss: 0.002476
Train Epoch: 103 [32000/50000 (63.9%)]	Loss: 0.001987
Train Epoch: 103 [38400/50000 (76.7%)]	Loss: 0.002248
Train Epoch: 103 [44800/50000 (89.5%)]	Loss: 0.001517

Test set: Average loss: 0.3016, Accuracy: 9389/10000 (93.0%)

Train Epoch: 104 [0/50000 (0.0%)]	Loss: 0.001677
Train Epoch: 104 [6400/50000 (12.8%)]	Loss: 0.002387
Train Epoch: 104 [12800/50000 (25.6%)]	Loss: 0.001839
Train Epoch: 104 [19200/50000 (38.4%)]	Loss: 0.002867
Train Epoch: 104 [25600/50000 (51.2%)]	Loss: 0.002221
Train Epoch: 104 [32000/50000 (63.9%)]	Loss: 0.002149
Train Epoch: 104 [38400/50000 (76.7%)]	Loss: 0.001471
Train Epoch: 104 [44800/50000 (89.5%)]	Loss: 0.001794

Test set: Average loss: 0.3040, Accuracy: 9379/10000 (93.0%)

Train Epoch: 105 [0/50000 (0.0%)]	Loss: 0.002224
Train Epoch: 105 [6400/50000 (12.8%)]	Loss: 0.004626
Train Epoch: 105 [12800/50000 (25.6%)]	Loss: 0.001586
Train Epoch: 105 [19200/50000 (38.4%)]	Loss: 0.001681
Train Epoch: 105 [25600/50000 (51.2%)]	Loss: 0.001897
Train Epoch: 105 [32000/50000 (63.9%)]	Loss: 0.009568
Train Epoch: 105 [38400/50000 (76.7%)]	Loss: 0.002160
Train Epoch: 105 [44800/50000 (89.5%)]	Loss: 0.001571

Test set: Average loss: 0.3016, Accuracy: 9385/10000 (93.0%)

Train Epoch: 106 [0/50000 (0.0%)]	Loss: 0.001569
Train Epoch: 106 [6400/50000 (12.8%)]	Loss: 0.001567
Train Epoch: 106 [12800/50000 (25.6%)]	Loss: 0.003011
Train Epoch: 106 [19200/50000 (38.4%)]	Loss: 0.001814
Train Epoch: 106 [25600/50000 (51.2%)]	Loss: 0.001889
Train Epoch: 106 [32000/50000 (63.9%)]	Loss: 0.002054
Train Epoch: 106 [38400/50000 (76.7%)]	Loss: 0.001775
Train Epoch: 106 [44800/50000 (89.5%)]	Loss: 0.001958

Test set: Average loss: 0.3010, Accuracy: 9387/10000 (93.0%)

Train Epoch: 107 [0/50000 (0.0%)]	Loss: 0.001727
Train Epoch: 107 [6400/50000 (12.8%)]	Loss: 0.002839
Train Epoch: 107 [12800/50000 (25.6%)]	Loss: 0.002135
Train Epoch: 107 [19200/50000 (38.4%)]	Loss: 0.002051
Train Epoch: 107 [25600/50000 (51.2%)]	Loss: 0.003245
Train Epoch: 107 [32000/50000 (63.9%)]	Loss: 0.003036
Train Epoch: 107 [38400/50000 (76.7%)]	Loss: 0.001924
Train Epoch: 107 [44800/50000 (89.5%)]	Loss: 0.001494

Test set: Average loss: 0.3024, Accuracy: 9389/10000 (93.0%)

Train Epoch: 108 [0/50000 (0.0%)]	Loss: 0.001695
Train Epoch: 108 [6400/50000 (12.8%)]	Loss: 0.001560
Train Epoch: 108 [12800/50000 (25.6%)]	Loss: 0.002105
Train Epoch: 108 [19200/50000 (38.4%)]	Loss: 0.001679
Train Epoch: 108 [25600/50000 (51.2%)]	Loss: 0.002277
Train Epoch: 108 [32000/50000 (63.9%)]	Loss: 0.002457
Train Epoch: 108 [38400/50000 (76.7%)]	Loss: 0.001966
Train Epoch: 108 [44800/50000 (89.5%)]	Loss: 0.001666

Test set: Average loss: 0.3031, Accuracy: 9400/10000 (94.0%)

Train Epoch: 109 [0/50000 (0.0%)]	Loss: 0.001492
Train Epoch: 109 [6400/50000 (12.8%)]	Loss: 0.002370
Train Epoch: 109 [12800/50000 (25.6%)]	Loss: 0.002374
Train Epoch: 109 [19200/50000 (38.4%)]	Loss: 0.002654
Train Epoch: 109 [25600/50000 (51.2%)]	Loss: 0.001507
Train Epoch: 109 [32000/50000 (63.9%)]	Loss: 0.002040
Train Epoch: 109 [38400/50000 (76.7%)]	Loss: 0.001816
Train Epoch: 109 [44800/50000 (89.5%)]	Loss: 0.004350

Test set: Average loss: 0.3031, Accuracy: 9390/10000 (93.0%)

Train Epoch: 110 [0/50000 (0.0%)]	Loss: 0.001819
Train Epoch: 110 [6400/50000 (12.8%)]	Loss: 0.002250
Train Epoch: 110 [12800/50000 (25.6%)]	Loss: 0.001563
Train Epoch: 110 [19200/50000 (38.4%)]	Loss: 0.001843
Train Epoch: 110 [25600/50000 (51.2%)]	Loss: 0.002283
Train Epoch: 110 [32000/50000 (63.9%)]	Loss: 0.001567
Train Epoch: 110 [38400/50000 (76.7%)]	Loss: 0.001729
Train Epoch: 110 [44800/50000 (89.5%)]	Loss: 0.001752

Test set: Average loss: 0.3019, Accuracy: 9403/10000 (94.0%)

Train Epoch: 111 [0/50000 (0.0%)]	Loss: 0.001735
Train Epoch: 111 [6400/50000 (12.8%)]	Loss: 0.012022
Train Epoch: 111 [12800/50000 (25.6%)]	Loss: 0.001619
Train Epoch: 111 [19200/50000 (38.4%)]	Loss: 0.002930
Train Epoch: 111 [25600/50000 (51.2%)]	Loss: 0.002408
Train Epoch: 111 [32000/50000 (63.9%)]	Loss: 0.002588
Train Epoch: 111 [38400/50000 (76.7%)]	Loss: 0.001930
Train Epoch: 111 [44800/50000 (89.5%)]	Loss: 0.002176

Test set: Average loss: 0.3066, Accuracy: 9398/10000 (93.0%)

Train Epoch: 112 [0/50000 (0.0%)]	Loss: 0.001772
Train Epoch: 112 [6400/50000 (12.8%)]	Loss: 0.001982
Train Epoch: 112 [12800/50000 (25.6%)]	Loss: 0.002087
Train Epoch: 112 [19200/50000 (38.4%)]	Loss: 0.003122
Train Epoch: 112 [25600/50000 (51.2%)]	Loss: 0.006846
Train Epoch: 112 [32000/50000 (63.9%)]	Loss: 0.002060
Train Epoch: 112 [38400/50000 (76.7%)]	Loss: 0.002485
Train Epoch: 112 [44800/50000 (89.5%)]	Loss: 0.001567

Test set: Average loss: 0.3095, Accuracy: 9387/10000 (93.0%)

Train Epoch: 113 [0/50000 (0.0%)]	Loss: 0.001395
Train Epoch: 113 [6400/50000 (12.8%)]	Loss: 0.001854
Train Epoch: 113 [12800/50000 (25.6%)]	Loss: 0.001457
Train Epoch: 113 [19200/50000 (38.4%)]	Loss: 0.001826
Train Epoch: 113 [25600/50000 (51.2%)]	Loss: 0.001534
Train Epoch: 113 [32000/50000 (63.9%)]	Loss: 0.001727
Train Epoch: 113 [38400/50000 (76.7%)]	Loss: 0.001704
Train Epoch: 113 [44800/50000 (89.5%)]	Loss: 0.001500

Test set: Average loss: 0.3052, Accuracy: 9391/10000 (93.0%)

Train Epoch: 114 [0/50000 (0.0%)]	Loss: 0.001820
Train Epoch: 114 [6400/50000 (12.8%)]	Loss: 0.001732
Train Epoch: 114 [12800/50000 (25.6%)]	Loss: 0.001589
Train Epoch: 114 [19200/50000 (38.4%)]	Loss: 0.001836
Train Epoch: 114 [25600/50000 (51.2%)]	Loss: 0.001903
Train Epoch: 114 [32000/50000 (63.9%)]	Loss: 0.001561
Train Epoch: 114 [38400/50000 (76.7%)]	Loss: 0.001617
Train Epoch: 114 [44800/50000 (89.5%)]	Loss: 0.001993

Test set: Average loss: 0.3049, Accuracy: 9399/10000 (93.0%)

Train Epoch: 115 [0/50000 (0.0%)]	Loss: 0.002555
Train Epoch: 115 [6400/50000 (12.8%)]	Loss: 0.002308
Train Epoch: 115 [12800/50000 (25.6%)]	Loss: 0.001631
Train Epoch: 115 [19200/50000 (38.4%)]	Loss: 0.001955
Train Epoch: 115 [25600/50000 (51.2%)]	Loss: 0.001438
Train Epoch: 115 [32000/50000 (63.9%)]	Loss: 0.001720
Train Epoch: 115 [38400/50000 (76.7%)]	Loss: 0.001816
Train Epoch: 115 [44800/50000 (89.5%)]	Loss: 0.001859

Test set: Average loss: 0.3027, Accuracy: 9391/10000 (93.0%)

Train Epoch: 116 [0/50000 (0.0%)]	Loss: 0.001458
Train Epoch: 116 [6400/50000 (12.8%)]	Loss: 0.002033
Train Epoch: 116 [12800/50000 (25.6%)]	Loss: 0.001819
Train Epoch: 116 [19200/50000 (38.4%)]	Loss: 0.001913
Train Epoch: 116 [25600/50000 (51.2%)]	Loss: 0.002134
Train Epoch: 116 [32000/50000 (63.9%)]	Loss: 0.001448
Train Epoch: 116 [38400/50000 (76.7%)]	Loss: 0.001805
Train Epoch: 116 [44800/50000 (89.5%)]	Loss: 0.002245

Test set: Average loss: 0.3028, Accuracy: 9402/10000 (94.0%)

Train Epoch: 117 [0/50000 (0.0%)]	Loss: 0.002002
Train Epoch: 117 [6400/50000 (12.8%)]	Loss: 0.001644
Train Epoch: 117 [12800/50000 (25.6%)]	Loss: 0.001834
Train Epoch: 117 [19200/50000 (38.4%)]	Loss: 0.001961
Train Epoch: 117 [25600/50000 (51.2%)]	Loss: 0.001848
Train Epoch: 117 [32000/50000 (63.9%)]	Loss: 0.001894
Train Epoch: 117 [38400/50000 (76.7%)]	Loss: 0.001544
Train Epoch: 117 [44800/50000 (89.5%)]	Loss: 0.001745

Test set: Average loss: 0.3002, Accuracy: 9387/10000 (93.0%)

Train Epoch: 118 [0/50000 (0.0%)]	Loss: 0.001885
Train Epoch: 118 [6400/50000 (12.8%)]	Loss: 0.027534
Train Epoch: 118 [12800/50000 (25.6%)]	Loss: 0.001726
Train Epoch: 118 [19200/50000 (38.4%)]	Loss: 0.001863
Train Epoch: 118 [25600/50000 (51.2%)]	Loss: 0.001680
Train Epoch: 118 [32000/50000 (63.9%)]	Loss: 0.001601
Train Epoch: 118 [38400/50000 (76.7%)]	Loss: 0.001785
Train Epoch: 118 [44800/50000 (89.5%)]	Loss: 0.001662

Test set: Average loss: 0.3061, Accuracy: 9394/10000 (93.0%)

Train Epoch: 119 [0/50000 (0.0%)]	Loss: 0.001581
Train Epoch: 119 [6400/50000 (12.8%)]	Loss: 0.001630
Train Epoch: 119 [12800/50000 (25.6%)]	Loss: 0.001531
Train Epoch: 119 [19200/50000 (38.4%)]	Loss: 0.001819
Train Epoch: 119 [25600/50000 (51.2%)]	Loss: 0.001760
Train Epoch: 119 [32000/50000 (63.9%)]	Loss: 0.001603
Train Epoch: 119 [38400/50000 (76.7%)]	Loss: 0.002144
Train Epoch: 119 [44800/50000 (89.5%)]	Loss: 0.001580

Test set: Average loss: 0.3067, Accuracy: 9392/10000 (93.0%)

Train Epoch: 120 [0/50000 (0.0%)]	Loss: 0.005094
Train Epoch: 120 [6400/50000 (12.8%)]	Loss: 0.004530
Train Epoch: 120 [12800/50000 (25.6%)]	Loss: 0.001864
Train Epoch: 120 [19200/50000 (38.4%)]	Loss: 0.001727
Train Epoch: 120 [25600/50000 (51.2%)]	Loss: 0.001806
Train Epoch: 120 [32000/50000 (63.9%)]	Loss: 0.001755
Train Epoch: 120 [38400/50000 (76.7%)]	Loss: 0.002286
Train Epoch: 120 [44800/50000 (89.5%)]	Loss: 0.001594

Test set: Average loss: 0.3039, Accuracy: 9392/10000 (93.0%)

Train Epoch: 121 [0/50000 (0.0%)]	Loss: 0.002379
Train Epoch: 121 [6400/50000 (12.8%)]	Loss: 0.002783
Train Epoch: 121 [12800/50000 (25.6%)]	Loss: 0.003753
Train Epoch: 121 [19200/50000 (38.4%)]	Loss: 0.001592
Train Epoch: 121 [25600/50000 (51.2%)]	Loss: 0.001453
Train Epoch: 121 [32000/50000 (63.9%)]	Loss: 0.001738
Train Epoch: 121 [38400/50000 (76.7%)]	Loss: 0.001949
Train Epoch: 121 [44800/50000 (89.5%)]	Loss: 0.001550

Test set: Average loss: 0.3013, Accuracy: 9391/10000 (93.0%)

Train Epoch: 122 [0/50000 (0.0%)]	Loss: 0.002981
Train Epoch: 122 [6400/50000 (12.8%)]	Loss: 0.001722
Train Epoch: 122 [12800/50000 (25.6%)]	Loss: 0.001706
Train Epoch: 122 [19200/50000 (38.4%)]	Loss: 0.001635
Train Epoch: 122 [25600/50000 (51.2%)]	Loss: 0.001685
Train Epoch: 122 [32000/50000 (63.9%)]	Loss: 0.001583
Train Epoch: 122 [38400/50000 (76.7%)]	Loss: 0.001929
Train Epoch: 122 [44800/50000 (89.5%)]	Loss: 0.002078

Test set: Average loss: 0.3043, Accuracy: 9386/10000 (93.0%)

Train Epoch: 123 [0/50000 (0.0%)]	Loss: 0.001896
Train Epoch: 123 [6400/50000 (12.8%)]	Loss: 0.001516
Train Epoch: 123 [12800/50000 (25.6%)]	Loss: 0.001514
Train Epoch: 123 [19200/50000 (38.4%)]	Loss: 0.002186
Train Epoch: 123 [25600/50000 (51.2%)]	Loss: 0.002850
Train Epoch: 123 [32000/50000 (63.9%)]	Loss: 0.001760
Train Epoch: 123 [38400/50000 (76.7%)]	Loss: 0.001990
Train Epoch: 123 [44800/50000 (89.5%)]	Loss: 0.001648

Test set: Average loss: 0.3050, Accuracy: 9385/10000 (93.0%)

Train Epoch: 124 [0/50000 (0.0%)]	Loss: 0.001757
Train Epoch: 124 [6400/50000 (12.8%)]	Loss: 0.001560
Train Epoch: 124 [12800/50000 (25.6%)]	Loss: 0.001742
Train Epoch: 124 [19200/50000 (38.4%)]	Loss: 0.001976
Train Epoch: 124 [25600/50000 (51.2%)]	Loss: 0.001414
Train Epoch: 124 [32000/50000 (63.9%)]	Loss: 0.002003
Train Epoch: 124 [38400/50000 (76.7%)]	Loss: 0.001432
Train Epoch: 124 [44800/50000 (89.5%)]	Loss: 0.001570

Test set: Average loss: 0.3007, Accuracy: 9399/10000 (93.0%)

Train Epoch: 125 [0/50000 (0.0%)]	Loss: 0.002238
Train Epoch: 125 [6400/50000 (12.8%)]	Loss: 0.003413
Train Epoch: 125 [12800/50000 (25.6%)]	Loss: 0.001830
Train Epoch: 125 [19200/50000 (38.4%)]	Loss: 0.001775
Train Epoch: 125 [25600/50000 (51.2%)]	Loss: 0.001732
Train Epoch: 125 [32000/50000 (63.9%)]	Loss: 0.001854
Train Epoch: 125 [38400/50000 (76.7%)]	Loss: 0.001698
Train Epoch: 125 [44800/50000 (89.5%)]	Loss: 0.001787

Test set: Average loss: 0.3068, Accuracy: 9395/10000 (93.0%)

Train Epoch: 126 [0/50000 (0.0%)]	Loss: 0.002413
Train Epoch: 126 [6400/50000 (12.8%)]	Loss: 0.001665
Train Epoch: 126 [12800/50000 (25.6%)]	Loss: 0.001934
Train Epoch: 126 [19200/50000 (38.4%)]	Loss: 0.001718
Train Epoch: 126 [25600/50000 (51.2%)]	Loss: 0.001731
Train Epoch: 126 [32000/50000 (63.9%)]	Loss: 0.001536
Train Epoch: 126 [38400/50000 (76.7%)]	Loss: 0.029678
Train Epoch: 126 [44800/50000 (89.5%)]	Loss: 0.001424

Test set: Average loss: 0.3022, Accuracy: 9398/10000 (93.0%)

Train Epoch: 127 [0/50000 (0.0%)]	Loss: 0.001966
Train Epoch: 127 [6400/50000 (12.8%)]	Loss: 0.001621
Train Epoch: 127 [12800/50000 (25.6%)]	Loss: 0.001891
Train Epoch: 127 [19200/50000 (38.4%)]	Loss: 0.002000
Train Epoch: 127 [25600/50000 (51.2%)]	Loss: 0.001542
Train Epoch: 127 [32000/50000 (63.9%)]	Loss: 0.001515
Train Epoch: 127 [38400/50000 (76.7%)]	Loss: 0.002112
Train Epoch: 127 [44800/50000 (89.5%)]	Loss: 0.001736

Test set: Average loss: 0.3039, Accuracy: 9394/10000 (93.0%)

Train Epoch: 128 [0/50000 (0.0%)]	Loss: 0.003094
Train Epoch: 128 [6400/50000 (12.8%)]	Loss: 0.001821
Train Epoch: 128 [12800/50000 (25.6%)]	Loss: 0.001659
Train Epoch: 128 [19200/50000 (38.4%)]	Loss: 0.001780
Train Epoch: 128 [25600/50000 (51.2%)]	Loss: 0.001786
Train Epoch: 128 [32000/50000 (63.9%)]	Loss: 0.002010
Train Epoch: 128 [38400/50000 (76.7%)]	Loss: 0.001889
Train Epoch: 128 [44800/50000 (89.5%)]	Loss: 0.002063

Test set: Average loss: 0.3055, Accuracy: 9400/10000 (94.0%)

Train Epoch: 129 [0/50000 (0.0%)]	Loss: 0.001753
Train Epoch: 129 [6400/50000 (12.8%)]	Loss: 0.001610
Train Epoch: 129 [12800/50000 (25.6%)]	Loss: 0.001875
Train Epoch: 129 [19200/50000 (38.4%)]	Loss: 0.001590
Train Epoch: 129 [25600/50000 (51.2%)]	Loss: 0.001938
Train Epoch: 129 [32000/50000 (63.9%)]	Loss: 0.001987
Train Epoch: 129 [38400/50000 (76.7%)]	Loss: 0.002809
Train Epoch: 129 [44800/50000 (89.5%)]	Loss: 0.002060

Test set: Average loss: 0.3035, Accuracy: 9387/10000 (93.0%)

Train Epoch: 130 [0/50000 (0.0%)]	Loss: 0.001502
Train Epoch: 130 [6400/50000 (12.8%)]	Loss: 0.002193
Train Epoch: 130 [12800/50000 (25.6%)]	Loss: 0.001921
Train Epoch: 130 [19200/50000 (38.4%)]	Loss: 0.002157
Train Epoch: 130 [25600/50000 (51.2%)]	Loss: 0.002053
Train Epoch: 130 [32000/50000 (63.9%)]	Loss: 0.001854
Train Epoch: 130 [38400/50000 (76.7%)]	Loss: 0.001728
Train Epoch: 130 [44800/50000 (89.5%)]	Loss: 0.001569

Test set: Average loss: 0.3042, Accuracy: 9394/10000 (93.0%)

Train Epoch: 131 [0/50000 (0.0%)]	Loss: 0.001574
Train Epoch: 131 [6400/50000 (12.8%)]	Loss: 0.002150
Train Epoch: 131 [12800/50000 (25.6%)]	Loss: 0.001749
Train Epoch: 131 [19200/50000 (38.4%)]	Loss: 0.001689
Train Epoch: 131 [25600/50000 (51.2%)]	Loss: 0.001779
Train Epoch: 131 [32000/50000 (63.9%)]	Loss: 0.001714
Train Epoch: 131 [38400/50000 (76.7%)]	Loss: 0.001603
Train Epoch: 131 [44800/50000 (89.5%)]	Loss: 0.001702

Test set: Average loss: 0.3051, Accuracy: 9395/10000 (93.0%)

Train Epoch: 132 [0/50000 (0.0%)]	Loss: 0.001598
Train Epoch: 132 [6400/50000 (12.8%)]	Loss: 0.002108
Train Epoch: 132 [12800/50000 (25.6%)]	Loss: 0.001709
Train Epoch: 132 [19200/50000 (38.4%)]	Loss: 0.001819
Train Epoch: 132 [25600/50000 (51.2%)]	Loss: 0.001722
Train Epoch: 132 [32000/50000 (63.9%)]	Loss: 0.002468
Train Epoch: 132 [38400/50000 (76.7%)]	Loss: 0.001459
Train Epoch: 132 [44800/50000 (89.5%)]	Loss: 0.001494

Test set: Average loss: 0.3051, Accuracy: 9391/10000 (93.0%)

Train Epoch: 133 [0/50000 (0.0%)]	Loss: 0.002161
Train Epoch: 133 [6400/50000 (12.8%)]	Loss: 0.002512
Train Epoch: 133 [12800/50000 (25.6%)]	Loss: 0.001638
Train Epoch: 133 [19200/50000 (38.4%)]	Loss: 0.001552
Train Epoch: 133 [25600/50000 (51.2%)]	Loss: 0.001779
Train Epoch: 133 [32000/50000 (63.9%)]	Loss: 0.002676
Train Epoch: 133 [38400/50000 (76.7%)]	Loss: 0.001879
Train Epoch: 133 [44800/50000 (89.5%)]	Loss: 0.001693

Test set: Average loss: 0.3042, Accuracy: 9404/10000 (94.0%)

Train Epoch: 134 [0/50000 (0.0%)]	Loss: 0.001504
Train Epoch: 134 [6400/50000 (12.8%)]	Loss: 0.001751
Train Epoch: 134 [12800/50000 (25.6%)]	Loss: 0.001717
Train Epoch: 134 [19200/50000 (38.4%)]	Loss: 0.002232
Train Epoch: 134 [25600/50000 (51.2%)]	Loss: 0.001734
Train Epoch: 134 [32000/50000 (63.9%)]	Loss: 0.002055
Train Epoch: 134 [38400/50000 (76.7%)]	Loss: 0.002037
Train Epoch: 134 [44800/50000 (89.5%)]	Loss: 0.001890

Test set: Average loss: 0.3058, Accuracy: 9394/10000 (93.0%)

Train Epoch: 135 [0/50000 (0.0%)]	Loss: 0.001823
Train Epoch: 135 [6400/50000 (12.8%)]	Loss: 0.001845
Train Epoch: 135 [12800/50000 (25.6%)]	Loss: 0.002378
Train Epoch: 135 [19200/50000 (38.4%)]	Loss: 0.001975
Train Epoch: 135 [25600/50000 (51.2%)]	Loss: 0.001746
Train Epoch: 135 [32000/50000 (63.9%)]	Loss: 0.002017
Train Epoch: 135 [38400/50000 (76.7%)]	Loss: 0.001792
Train Epoch: 135 [44800/50000 (89.5%)]	Loss: 0.001771

Test set: Average loss: 0.3040, Accuracy: 9400/10000 (94.0%)

Train Epoch: 136 [0/50000 (0.0%)]	Loss: 0.001573
Train Epoch: 136 [6400/50000 (12.8%)]	Loss: 0.001739
Train Epoch: 136 [12800/50000 (25.6%)]	Loss: 0.001492
Train Epoch: 136 [19200/50000 (38.4%)]	Loss: 0.001985
Train Epoch: 136 [25600/50000 (51.2%)]	Loss: 0.001638
Train Epoch: 136 [32000/50000 (63.9%)]	Loss: 0.001710
Train Epoch: 136 [38400/50000 (76.7%)]	Loss: 0.001530
Train Epoch: 136 [44800/50000 (89.5%)]	Loss: 0.001487

Test set: Average loss: 0.3032, Accuracy: 9400/10000 (94.0%)

Train Epoch: 137 [0/50000 (0.0%)]	Loss: 0.001798
Train Epoch: 137 [6400/50000 (12.8%)]	Loss: 0.001839
Train Epoch: 137 [12800/50000 (25.6%)]	Loss: 0.001523
Train Epoch: 137 [19200/50000 (38.4%)]	Loss: 0.001810
Train Epoch: 137 [25600/50000 (51.2%)]	Loss: 0.001482
Train Epoch: 137 [32000/50000 (63.9%)]	Loss: 0.001567
Train Epoch: 137 [38400/50000 (76.7%)]	Loss: 0.001562
Train Epoch: 137 [44800/50000 (89.5%)]	Loss: 0.001906

Test set: Average loss: 0.3037, Accuracy: 9392/10000 (93.0%)

Train Epoch: 138 [0/50000 (0.0%)]	Loss: 0.001559
Train Epoch: 138 [6400/50000 (12.8%)]	Loss: 0.001611
Train Epoch: 138 [12800/50000 (25.6%)]	Loss: 0.002075
Train Epoch: 138 [19200/50000 (38.4%)]	Loss: 0.002146
Train Epoch: 138 [25600/50000 (51.2%)]	Loss: 0.001815
Train Epoch: 138 [32000/50000 (63.9%)]	Loss: 0.001941
Train Epoch: 138 [38400/50000 (76.7%)]	Loss: 0.001710
Train Epoch: 138 [44800/50000 (89.5%)]	Loss: 0.001871

Test set: Average loss: 0.3055, Accuracy: 9391/10000 (93.0%)

Train Epoch: 139 [0/50000 (0.0%)]	Loss: 0.001905
Train Epoch: 139 [6400/50000 (12.8%)]	Loss: 0.002165
Train Epoch: 139 [12800/50000 (25.6%)]	Loss: 0.001688
Train Epoch: 139 [19200/50000 (38.4%)]	Loss: 0.001747
Train Epoch: 139 [25600/50000 (51.2%)]	Loss: 0.001729
Train Epoch: 139 [32000/50000 (63.9%)]	Loss: 0.002657
Train Epoch: 139 [38400/50000 (76.7%)]	Loss: 0.002196
Train Epoch: 139 [44800/50000 (89.5%)]	Loss: 0.009884

Test set: Average loss: 0.3047, Accuracy: 9386/10000 (93.0%)

Train Epoch: 140 [0/50000 (0.0%)]	Loss: 0.002016
Train Epoch: 140 [6400/50000 (12.8%)]	Loss: 0.001974
Train Epoch: 140 [12800/50000 (25.6%)]	Loss: 0.001953
Train Epoch: 140 [19200/50000 (38.4%)]	Loss: 0.002067
Train Epoch: 140 [25600/50000 (51.2%)]	Loss: 0.001952
Train Epoch: 140 [32000/50000 (63.9%)]	Loss: 0.001519
Train Epoch: 140 [38400/50000 (76.7%)]	Loss: 0.001711
Train Epoch: 140 [44800/50000 (89.5%)]	Loss: 0.001473

Test set: Average loss: 0.3051, Accuracy: 9389/10000 (93.0%)

Train Epoch: 141 [0/50000 (0.0%)]	Loss: 0.001898
Train Epoch: 141 [6400/50000 (12.8%)]	Loss: 0.003192
Train Epoch: 141 [12800/50000 (25.6%)]	Loss: 0.001621
Train Epoch: 141 [19200/50000 (38.4%)]	Loss: 0.001531
Train Epoch: 141 [25600/50000 (51.2%)]	Loss: 0.002218
Train Epoch: 141 [32000/50000 (63.9%)]	Loss: 0.001566
Train Epoch: 141 [38400/50000 (76.7%)]	Loss: 0.001490
Train Epoch: 141 [44800/50000 (89.5%)]	Loss: 0.001689

Test set: Average loss: 0.3039, Accuracy: 9401/10000 (94.0%)

Train Epoch: 142 [0/50000 (0.0%)]	Loss: 0.001773
Train Epoch: 142 [6400/50000 (12.8%)]	Loss: 0.002151
Train Epoch: 142 [12800/50000 (25.6%)]	Loss: 0.001712
Train Epoch: 142 [19200/50000 (38.4%)]	Loss: 0.001711
Train Epoch: 142 [25600/50000 (51.2%)]	Loss: 0.001647
Train Epoch: 142 [32000/50000 (63.9%)]	Loss: 0.001885
Train Epoch: 142 [38400/50000 (76.7%)]	Loss: 0.001640
Train Epoch: 142 [44800/50000 (89.5%)]	Loss: 0.002147

Test set: Average loss: 0.3055, Accuracy: 9387/10000 (93.0%)

Train Epoch: 143 [0/50000 (0.0%)]	Loss: 0.001539
Train Epoch: 143 [6400/50000 (12.8%)]	Loss: 0.001951
Train Epoch: 143 [12800/50000 (25.6%)]	Loss: 0.001721
Train Epoch: 143 [19200/50000 (38.4%)]	Loss: 0.002125
Train Epoch: 143 [25600/50000 (51.2%)]	Loss: 0.001742
Train Epoch: 143 [32000/50000 (63.9%)]	Loss: 0.001796
Train Epoch: 143 [38400/50000 (76.7%)]	Loss: 0.001491
Train Epoch: 143 [44800/50000 (89.5%)]	Loss: 0.002451

Test set: Average loss: 0.3029, Accuracy: 9398/10000 (93.0%)

Train Epoch: 144 [0/50000 (0.0%)]	Loss: 0.001631
Train Epoch: 144 [6400/50000 (12.8%)]	Loss: 0.003582
Train Epoch: 144 [12800/50000 (25.6%)]	Loss: 0.001601
Train Epoch: 144 [19200/50000 (38.4%)]	Loss: 0.001863
Train Epoch: 144 [25600/50000 (51.2%)]	Loss: 0.001474
Train Epoch: 144 [32000/50000 (63.9%)]	Loss: 0.001511
Train Epoch: 144 [38400/50000 (76.7%)]	Loss: 0.001791
Train Epoch: 144 [44800/50000 (89.5%)]	Loss: 0.001926

Test set: Average loss: 0.3079, Accuracy: 9398/10000 (93.0%)

Train Epoch: 145 [0/50000 (0.0%)]	Loss: 0.001632
Train Epoch: 145 [6400/50000 (12.8%)]	Loss: 0.002999
Train Epoch: 145 [12800/50000 (25.6%)]	Loss: 0.002284
Train Epoch: 145 [19200/50000 (38.4%)]	Loss: 0.001860
Train Epoch: 145 [25600/50000 (51.2%)]	Loss: 0.001483
Train Epoch: 145 [32000/50000 (63.9%)]	Loss: 0.001769
Train Epoch: 145 [38400/50000 (76.7%)]	Loss: 0.001799
Train Epoch: 145 [44800/50000 (89.5%)]	Loss: 0.001775

Test set: Average loss: 0.3064, Accuracy: 9397/10000 (93.0%)

Train Epoch: 146 [0/50000 (0.0%)]	Loss: 0.002730
Train Epoch: 146 [6400/50000 (12.8%)]	Loss: 0.001731
Train Epoch: 146 [12800/50000 (25.6%)]	Loss: 0.001554
Train Epoch: 146 [19200/50000 (38.4%)]	Loss: 0.001914
Train Epoch: 146 [25600/50000 (51.2%)]	Loss: 0.001590
Train Epoch: 146 [32000/50000 (63.9%)]	Loss: 0.001675
Train Epoch: 146 [38400/50000 (76.7%)]	Loss: 0.001796
Train Epoch: 146 [44800/50000 (89.5%)]	Loss: 0.001583

Test set: Average loss: 0.3060, Accuracy: 9399/10000 (93.0%)

Train Epoch: 147 [0/50000 (0.0%)]	Loss: 0.001486
Train Epoch: 147 [6400/50000 (12.8%)]	Loss: 0.001703
Train Epoch: 147 [12800/50000 (25.6%)]	Loss: 0.004444
Train Epoch: 147 [19200/50000 (38.4%)]	Loss: 0.001764
Train Epoch: 147 [25600/50000 (51.2%)]	Loss: 0.010111
Train Epoch: 147 [32000/50000 (63.9%)]	Loss: 0.001543
Train Epoch: 147 [38400/50000 (76.7%)]	Loss: 0.001735
Train Epoch: 147 [44800/50000 (89.5%)]	Loss: 0.001601

Test set: Average loss: 0.3054, Accuracy: 9395/10000 (93.0%)

Train Epoch: 148 [0/50000 (0.0%)]	Loss: 0.001945
Train Epoch: 148 [6400/50000 (12.8%)]	Loss: 0.001712
Train Epoch: 148 [12800/50000 (25.6%)]	Loss: 0.001961
Train Epoch: 148 [19200/50000 (38.4%)]	Loss: 0.001806
Train Epoch: 148 [25600/50000 (51.2%)]	Loss: 0.002187
Train Epoch: 148 [32000/50000 (63.9%)]	Loss: 0.001645
Train Epoch: 148 [38400/50000 (76.7%)]	Loss: 0.002569
Train Epoch: 148 [44800/50000 (89.5%)]	Loss: 0.002026

Test set: Average loss: 0.3068, Accuracy: 9391/10000 (93.0%)

Train Epoch: 149 [0/50000 (0.0%)]	Loss: 0.001729
Train Epoch: 149 [6400/50000 (12.8%)]	Loss: 0.001536
Train Epoch: 149 [12800/50000 (25.6%)]	Loss: 0.001696
Train Epoch: 149 [19200/50000 (38.4%)]	Loss: 0.001396
Train Epoch: 149 [25600/50000 (51.2%)]	Loss: 0.001956
Train Epoch: 149 [32000/50000 (63.9%)]	Loss: 0.002489
Train Epoch: 149 [38400/50000 (76.7%)]	Loss: 0.001650
Train Epoch: 149 [44800/50000 (89.5%)]	Loss: 0.002032

Test set: Average loss: 0.3033, Accuracy: 9406/10000 (94.0%)

Train Epoch: 150 [0/50000 (0.0%)]	Loss: 0.001627
Train Epoch: 150 [6400/50000 (12.8%)]	Loss: 0.002057
Train Epoch: 150 [12800/50000 (25.6%)]	Loss: 0.001993
Train Epoch: 150 [19200/50000 (38.4%)]	Loss: 0.001721
Train Epoch: 150 [25600/50000 (51.2%)]	Loss: 0.001598
Train Epoch: 150 [32000/50000 (63.9%)]	Loss: 0.001559
Train Epoch: 150 [38400/50000 (76.7%)]	Loss: 0.001702
Train Epoch: 150 [44800/50000 (89.5%)]	Loss: 0.001941

Test set: Average loss: 0.3056, Accuracy: 9394/10000 (93.0%)

Train Epoch: 151 [0/50000 (0.0%)]	Loss: 0.002298
Train Epoch: 151 [6400/50000 (12.8%)]	Loss: 0.001629
Train Epoch: 151 [12800/50000 (25.6%)]	Loss: 0.005271
Train Epoch: 151 [19200/50000 (38.4%)]	Loss: 0.001806
Train Epoch: 151 [25600/50000 (51.2%)]	Loss: 0.001872
Train Epoch: 151 [32000/50000 (63.9%)]	Loss: 0.001642
Train Epoch: 151 [38400/50000 (76.7%)]	Loss: 0.005184
Train Epoch: 151 [44800/50000 (89.5%)]	Loss: 0.002036

Test set: Average loss: 0.3063, Accuracy: 9393/10000 (93.0%)

Train Epoch: 152 [0/50000 (0.0%)]	Loss: 0.001658
Train Epoch: 152 [6400/50000 (12.8%)]	Loss: 0.001719
Train Epoch: 152 [12800/50000 (25.6%)]	Loss: 0.001716
Train Epoch: 152 [19200/50000 (38.4%)]	Loss: 0.001479
Train Epoch: 152 [25600/50000 (51.2%)]	Loss: 0.001731
Train Epoch: 152 [32000/50000 (63.9%)]	Loss: 0.001762
Train Epoch: 152 [38400/50000 (76.7%)]	Loss: 0.001707
Train Epoch: 152 [44800/50000 (89.5%)]	Loss: 0.002200

Test set: Average loss: 0.3073, Accuracy: 9396/10000 (93.0%)

Train Epoch: 153 [0/50000 (0.0%)]	Loss: 0.002203
Train Epoch: 153 [6400/50000 (12.8%)]	Loss: 0.001559
Train Epoch: 153 [12800/50000 (25.6%)]	Loss: 0.001966
Train Epoch: 153 [19200/50000 (38.4%)]	Loss: 0.001543
Train Epoch: 153 [25600/50000 (51.2%)]	Loss: 0.002466
Train Epoch: 153 [32000/50000 (63.9%)]	Loss: 0.003092
Train Epoch: 153 [38400/50000 (76.7%)]	Loss: 0.001973
Train Epoch: 153 [44800/50000 (89.5%)]	Loss: 0.001633

Test set: Average loss: 0.3033, Accuracy: 9391/10000 (93.0%)

Train Epoch: 154 [0/50000 (0.0%)]	Loss: 0.001761
Train Epoch: 154 [6400/50000 (12.8%)]	Loss: 0.001724
Train Epoch: 154 [12800/50000 (25.6%)]	Loss: 0.002126
Train Epoch: 154 [19200/50000 (38.4%)]	Loss: 0.002010
Train Epoch: 154 [25600/50000 (51.2%)]	Loss: 0.001746
Train Epoch: 154 [32000/50000 (63.9%)]	Loss: 0.002255
Train Epoch: 154 [38400/50000 (76.7%)]	Loss: 0.001751
Train Epoch: 154 [44800/50000 (89.5%)]	Loss: 0.002044

Test set: Average loss: 0.3040, Accuracy: 9397/10000 (93.0%)

Train Epoch: 155 [0/50000 (0.0%)]	Loss: 0.002646
Train Epoch: 155 [6400/50000 (12.8%)]	Loss: 0.002078
Train Epoch: 155 [12800/50000 (25.6%)]	Loss: 0.001604
Train Epoch: 155 [19200/50000 (38.4%)]	Loss: 0.001789
Train Epoch: 155 [25600/50000 (51.2%)]	Loss: 0.001576
Train Epoch: 155 [32000/50000 (63.9%)]	Loss: 0.002394
Train Epoch: 155 [38400/50000 (76.7%)]	Loss: 0.001800
Train Epoch: 155 [44800/50000 (89.5%)]	Loss: 0.003074

Test set: Average loss: 0.3035, Accuracy: 9391/10000 (93.0%)

Train Epoch: 156 [0/50000 (0.0%)]	Loss: 0.001858
Train Epoch: 156 [6400/50000 (12.8%)]	Loss: 0.002049
Train Epoch: 156 [12800/50000 (25.6%)]	Loss: 0.001786
Train Epoch: 156 [19200/50000 (38.4%)]	Loss: 0.002060
Train Epoch: 156 [25600/50000 (51.2%)]	Loss: 0.002033
Train Epoch: 156 [32000/50000 (63.9%)]	Loss: 0.001875
Train Epoch: 156 [38400/50000 (76.7%)]	Loss: 0.001597
Train Epoch: 156 [44800/50000 (89.5%)]	Loss: 0.002569

Test set: Average loss: 0.3058, Accuracy: 9395/10000 (93.0%)

Train Epoch: 157 [0/50000 (0.0%)]	Loss: 0.001533
Train Epoch: 157 [6400/50000 (12.8%)]	Loss: 0.001663
Train Epoch: 157 [12800/50000 (25.6%)]	Loss: 0.001895
Train Epoch: 157 [19200/50000 (38.4%)]	Loss: 0.003092
Train Epoch: 157 [25600/50000 (51.2%)]	Loss: 0.001821
Train Epoch: 157 [32000/50000 (63.9%)]	Loss: 0.001521
Train Epoch: 157 [38400/50000 (76.7%)]	Loss: 0.001528
Train Epoch: 157 [44800/50000 (89.5%)]	Loss: 0.005957

Test set: Average loss: 0.3031, Accuracy: 9400/10000 (94.0%)

Train Epoch: 158 [0/50000 (0.0%)]	Loss: 0.002594
Train Epoch: 158 [6400/50000 (12.8%)]	Loss: 0.002165
Train Epoch: 158 [12800/50000 (25.6%)]	Loss: 0.001662
Train Epoch: 158 [19200/50000 (38.4%)]	Loss: 0.001900
Train Epoch: 158 [25600/50000 (51.2%)]	Loss: 0.001913
Train Epoch: 158 [32000/50000 (63.9%)]	Loss: 0.001707
Train Epoch: 158 [38400/50000 (76.7%)]	Loss: 0.001853
Train Epoch: 158 [44800/50000 (89.5%)]	Loss: 0.002019

Test set: Average loss: 0.3043, Accuracy: 9405/10000 (94.0%)

Train Epoch: 159 [0/50000 (0.0%)]	Loss: 0.001771
Train Epoch: 159 [6400/50000 (12.8%)]	Loss: 0.001854
Train Epoch: 159 [12800/50000 (25.6%)]	Loss: 0.001754
Train Epoch: 159 [19200/50000 (38.4%)]	Loss: 0.003523
Train Epoch: 159 [25600/50000 (51.2%)]	Loss: 0.001804
Train Epoch: 159 [32000/50000 (63.9%)]	Loss: 0.001703
Train Epoch: 159 [38400/50000 (76.7%)]	Loss: 0.001569
Train Epoch: 159 [44800/50000 (89.5%)]	Loss: 0.001797

Test set: Average loss: 0.3037, Accuracy: 9392/10000 (93.0%)

Train Epoch: 160 [0/50000 (0.0%)]	Loss: 0.002235
Train Epoch: 160 [6400/50000 (12.8%)]	Loss: 0.001877
Train Epoch: 160 [12800/50000 (25.6%)]	Loss: 0.001683
Train Epoch: 160 [19200/50000 (38.4%)]	Loss: 0.001604
Train Epoch: 160 [25600/50000 (51.2%)]	Loss: 0.002309
Train Epoch: 160 [32000/50000 (63.9%)]	Loss: 0.003090
Train Epoch: 160 [38400/50000 (76.7%)]	Loss: 0.002015
Train Epoch: 160 [44800/50000 (89.5%)]	Loss: 0.001701

Test set: Average loss: 0.3078, Accuracy: 9394/10000 (93.0%)

Train Epoch: 161 [0/50000 (0.0%)]	Loss: 0.001636
Train Epoch: 161 [6400/50000 (12.8%)]	Loss: 0.001526
Train Epoch: 161 [12800/50000 (25.6%)]	Loss: 0.001653
Train Epoch: 161 [19200/50000 (38.4%)]	Loss: 0.001773
Train Epoch: 161 [25600/50000 (51.2%)]	Loss: 0.003667
Train Epoch: 161 [32000/50000 (63.9%)]	Loss: 0.001749
Train Epoch: 161 [38400/50000 (76.7%)]	Loss: 0.001742
Train Epoch: 161 [44800/50000 (89.5%)]	Loss: 0.004625

Test set: Average loss: 0.3059, Accuracy: 9389/10000 (93.0%)

Train Epoch: 162 [0/50000 (0.0%)]	Loss: 0.001656
Train Epoch: 162 [6400/50000 (12.8%)]	Loss: 0.003442
Train Epoch: 162 [12800/50000 (25.6%)]	Loss: 0.001796
Train Epoch: 162 [19200/50000 (38.4%)]	Loss: 0.001912
Train Epoch: 162 [25600/50000 (51.2%)]	Loss: 0.001793
Train Epoch: 162 [32000/50000 (63.9%)]	Loss: 0.001834
Train Epoch: 162 [38400/50000 (76.7%)]	Loss: 0.001877
Train Epoch: 162 [44800/50000 (89.5%)]	Loss: 0.001502

Test set: Average loss: 0.3057, Accuracy: 9390/10000 (93.0%)

Train Epoch: 163 [0/50000 (0.0%)]	Loss: 0.002429
Train Epoch: 163 [6400/50000 (12.8%)]	Loss: 0.001796
Train Epoch: 163 [12800/50000 (25.6%)]	Loss: 0.001519
Train Epoch: 163 [19200/50000 (38.4%)]	Loss: 0.001535
Train Epoch: 163 [25600/50000 (51.2%)]	Loss: 0.001640
Train Epoch: 163 [32000/50000 (63.9%)]	Loss: 0.001438
Train Epoch: 163 [38400/50000 (76.7%)]	Loss: 0.001674
Train Epoch: 163 [44800/50000 (89.5%)]	Loss: 0.001606

Test set: Average loss: 0.3049, Accuracy: 9394/10000 (93.0%)

Train Epoch: 164 [0/50000 (0.0%)]	Loss: 0.001680
Train Epoch: 164 [6400/50000 (12.8%)]	Loss: 0.001526
Train Epoch: 164 [12800/50000 (25.6%)]	Loss: 0.001611
Train Epoch: 164 [19200/50000 (38.4%)]	Loss: 0.001830
Train Epoch: 164 [25600/50000 (51.2%)]	Loss: 0.001627
Train Epoch: 164 [32000/50000 (63.9%)]	Loss: 0.001837
Train Epoch: 164 [38400/50000 (76.7%)]	Loss: 0.001748
Train Epoch: 164 [44800/50000 (89.5%)]	Loss: 0.001671

Test set: Average loss: 0.3031, Accuracy: 9389/10000 (93.0%)

Train Epoch: 165 [0/50000 (0.0%)]	Loss: 0.002055
Train Epoch: 165 [6400/50000 (12.8%)]	Loss: 0.001957
Train Epoch: 165 [12800/50000 (25.6%)]	Loss: 0.002319
Train Epoch: 165 [19200/50000 (38.4%)]	Loss: 0.001706
Train Epoch: 165 [25600/50000 (51.2%)]	Loss: 0.001818
Train Epoch: 165 [32000/50000 (63.9%)]	Loss: 0.001489
Train Epoch: 165 [38400/50000 (76.7%)]	Loss: 0.002379
Train Epoch: 165 [44800/50000 (89.5%)]	Loss: 0.001801

Test set: Average loss: 0.3028, Accuracy: 9393/10000 (93.0%)

Train Epoch: 166 [0/50000 (0.0%)]	Loss: 0.001822
Train Epoch: 166 [6400/50000 (12.8%)]	Loss: 0.002193
Train Epoch: 166 [12800/50000 (25.6%)]	Loss: 0.001989
Train Epoch: 166 [19200/50000 (38.4%)]	Loss: 0.001736
Train Epoch: 166 [25600/50000 (51.2%)]	Loss: 0.001600
Train Epoch: 166 [32000/50000 (63.9%)]	Loss: 0.001775
Train Epoch: 166 [38400/50000 (76.7%)]	Loss: 0.002776
Train Epoch: 166 [44800/50000 (89.5%)]	Loss: 0.002824

Test set: Average loss: 0.3040, Accuracy: 9400/10000 (94.0%)

Train Epoch: 167 [0/50000 (0.0%)]	Loss: 0.001726
Train Epoch: 167 [6400/50000 (12.8%)]	Loss: 0.001702
Train Epoch: 167 [12800/50000 (25.6%)]	Loss: 0.001633
Train Epoch: 167 [19200/50000 (38.4%)]	Loss: 0.005465
Train Epoch: 167 [25600/50000 (51.2%)]	Loss: 0.002049
Train Epoch: 167 [32000/50000 (63.9%)]	Loss: 0.001895
Train Epoch: 167 [38400/50000 (76.7%)]	Loss: 0.001941
Train Epoch: 167 [44800/50000 (89.5%)]	Loss: 0.001981

Test set: Average loss: 0.3038, Accuracy: 9390/10000 (93.0%)

Train Epoch: 168 [0/50000 (0.0%)]	Loss: 0.002440
Train Epoch: 168 [6400/50000 (12.8%)]	Loss: 0.002034
Train Epoch: 168 [12800/50000 (25.6%)]	Loss: 0.002748
Train Epoch: 168 [19200/50000 (38.4%)]	Loss: 0.002189
Train Epoch: 168 [25600/50000 (51.2%)]	Loss: 0.001537
Train Epoch: 168 [32000/50000 (63.9%)]	Loss: 0.002162
Train Epoch: 168 [38400/50000 (76.7%)]	Loss: 0.001531
Train Epoch: 168 [44800/50000 (89.5%)]	Loss: 0.001766

Test set: Average loss: 0.3033, Accuracy: 9392/10000 (93.0%)

Train Epoch: 169 [0/50000 (0.0%)]	Loss: 0.001601
Train Epoch: 169 [6400/50000 (12.8%)]	Loss: 0.001979
Train Epoch: 169 [12800/50000 (25.6%)]	Loss: 0.002227
Train Epoch: 169 [19200/50000 (38.4%)]	Loss: 0.001693
Train Epoch: 169 [25600/50000 (51.2%)]	Loss: 0.002337
Train Epoch: 169 [32000/50000 (63.9%)]	Loss: 0.002360
Train Epoch: 169 [38400/50000 (76.7%)]	Loss: 0.001785
Train Epoch: 169 [44800/50000 (89.5%)]	Loss: 0.002165

Test set: Average loss: 0.3042, Accuracy: 9399/10000 (93.0%)

Train Epoch: 170 [0/50000 (0.0%)]	Loss: 0.001743
Train Epoch: 170 [6400/50000 (12.8%)]	Loss: 0.001709
Train Epoch: 170 [12800/50000 (25.6%)]	Loss: 0.001548
Train Epoch: 170 [19200/50000 (38.4%)]	Loss: 0.001628
Train Epoch: 170 [25600/50000 (51.2%)]	Loss: 0.001958
Train Epoch: 170 [32000/50000 (63.9%)]	Loss: 0.001859
Train Epoch: 170 [38400/50000 (76.7%)]	Loss: 0.001488
Train Epoch: 170 [44800/50000 (89.5%)]	Loss: 0.001696

Test set: Average loss: 0.3050, Accuracy: 9399/10000 (93.0%)

Train Epoch: 171 [0/50000 (0.0%)]	Loss: 0.001832
Train Epoch: 171 [6400/50000 (12.8%)]	Loss: 0.001730
Train Epoch: 171 [12800/50000 (25.6%)]	Loss: 0.001682
Train Epoch: 171 [19200/50000 (38.4%)]	Loss: 0.003214
Train Epoch: 171 [25600/50000 (51.2%)]	Loss: 0.001805
Train Epoch: 171 [32000/50000 (63.9%)]	Loss: 0.001626
Train Epoch: 171 [38400/50000 (76.7%)]	Loss: 0.001664
Train Epoch: 171 [44800/50000 (89.5%)]	Loss: 0.001935

Test set: Average loss: 0.3059, Accuracy: 9393/10000 (93.0%)

Train Epoch: 172 [0/50000 (0.0%)]	Loss: 0.001930
Train Epoch: 172 [6400/50000 (12.8%)]	Loss: 0.001734
Train Epoch: 172 [12800/50000 (25.6%)]	Loss: 0.001690
Train Epoch: 172 [19200/50000 (38.4%)]	Loss: 0.001873
Train Epoch: 172 [25600/50000 (51.2%)]	Loss: 0.001682
Train Epoch: 172 [32000/50000 (63.9%)]	Loss: 0.001765
Train Epoch: 172 [38400/50000 (76.7%)]	Loss: 0.002181
Train Epoch: 172 [44800/50000 (89.5%)]	Loss: 0.001946

Test set: Average loss: 0.3058, Accuracy: 9393/10000 (93.0%)

Train Epoch: 173 [0/50000 (0.0%)]	Loss: 0.001510
Train Epoch: 173 [6400/50000 (12.8%)]	Loss: 0.001539
Train Epoch: 173 [12800/50000 (25.6%)]	Loss: 0.001813
Train Epoch: 173 [19200/50000 (38.4%)]	Loss: 0.001854
Train Epoch: 173 [25600/50000 (51.2%)]	Loss: 0.001693
Train Epoch: 173 [32000/50000 (63.9%)]	Loss: 0.001652
Train Epoch: 173 [38400/50000 (76.7%)]	Loss: 0.001638
Train Epoch: 173 [44800/50000 (89.5%)]	Loss: 0.001662

Test set: Average loss: 0.3029, Accuracy: 9398/10000 (93.0%)

Train Epoch: 174 [0/50000 (0.0%)]	Loss: 0.002324
Train Epoch: 174 [6400/50000 (12.8%)]	Loss: 0.001894
Train Epoch: 174 [12800/50000 (25.6%)]	Loss: 0.002408
Train Epoch: 174 [19200/50000 (38.4%)]	Loss: 0.001880
Train Epoch: 174 [25600/50000 (51.2%)]	Loss: 0.002137
Train Epoch: 174 [32000/50000 (63.9%)]	Loss: 0.008591
Train Epoch: 174 [38400/50000 (76.7%)]	Loss: 0.002447
Train Epoch: 174 [44800/50000 (89.5%)]	Loss: 0.001612

Test set: Average loss: 0.3049, Accuracy: 9398/10000 (93.0%)

Train Epoch: 175 [0/50000 (0.0%)]	Loss: 0.003012
Train Epoch: 175 [6400/50000 (12.8%)]	Loss: 0.001566
Train Epoch: 175 [12800/50000 (25.6%)]	Loss: 0.001807
Train Epoch: 175 [19200/50000 (38.4%)]	Loss: 0.001602
Train Epoch: 175 [25600/50000 (51.2%)]	Loss: 0.002017
Train Epoch: 175 [32000/50000 (63.9%)]	Loss: 0.002229
Train Epoch: 175 [38400/50000 (76.7%)]	Loss: 0.002764
Train Epoch: 175 [44800/50000 (89.5%)]	Loss: 0.001696

Test set: Average loss: 0.3069, Accuracy: 9389/10000 (93.0%)

Train Epoch: 176 [0/50000 (0.0%)]	Loss: 0.001812
Train Epoch: 176 [6400/50000 (12.8%)]	Loss: 0.001876
Train Epoch: 176 [12800/50000 (25.6%)]	Loss: 0.002036
Train Epoch: 176 [19200/50000 (38.4%)]	Loss: 0.001656
Train Epoch: 176 [25600/50000 (51.2%)]	Loss: 0.001629
Train Epoch: 176 [32000/50000 (63.9%)]	Loss: 0.022269
Train Epoch: 176 [38400/50000 (76.7%)]	Loss: 0.001518
Train Epoch: 176 [44800/50000 (89.5%)]	Loss: 0.001666

Test set: Average loss: 0.3071, Accuracy: 9389/10000 (93.0%)

Train Epoch: 177 [0/50000 (0.0%)]	Loss: 0.001572
Train Epoch: 177 [6400/50000 (12.8%)]	Loss: 0.001777
Train Epoch: 177 [12800/50000 (25.6%)]	Loss: 0.002685
Train Epoch: 177 [19200/50000 (38.4%)]	Loss: 0.001473
Train Epoch: 177 [25600/50000 (51.2%)]	Loss: 0.002136
Train Epoch: 177 [32000/50000 (63.9%)]	Loss: 0.001709
Train Epoch: 177 [38400/50000 (76.7%)]	Loss: 0.001706
Train Epoch: 177 [44800/50000 (89.5%)]	Loss: 0.001943

Test set: Average loss: 0.3071, Accuracy: 9394/10000 (93.0%)

Train Epoch: 178 [0/50000 (0.0%)]	Loss: 0.001631
Train Epoch: 178 [6400/50000 (12.8%)]	Loss: 0.005216
Train Epoch: 178 [12800/50000 (25.6%)]	Loss: 0.001844
Train Epoch: 178 [19200/50000 (38.4%)]	Loss: 0.001864
Train Epoch: 178 [25600/50000 (51.2%)]	Loss: 0.001851
Train Epoch: 178 [32000/50000 (63.9%)]	Loss: 0.001564
Train Epoch: 178 [38400/50000 (76.7%)]	Loss: 0.001738
Train Epoch: 178 [44800/50000 (89.5%)]	Loss: 0.001960

Test set: Average loss: 0.3077, Accuracy: 9391/10000 (93.0%)

Train Epoch: 179 [0/50000 (0.0%)]	Loss: 0.001851
Train Epoch: 179 [6400/50000 (12.8%)]	Loss: 0.001443
Train Epoch: 179 [12800/50000 (25.6%)]	Loss: 0.003731
Train Epoch: 179 [19200/50000 (38.4%)]	Loss: 0.001688
Train Epoch: 179 [25600/50000 (51.2%)]	Loss: 0.001559
Train Epoch: 179 [32000/50000 (63.9%)]	Loss: 0.002200
Train Epoch: 179 [38400/50000 (76.7%)]	Loss: 0.001839
Train Epoch: 179 [44800/50000 (89.5%)]	Loss: 0.001642

Test set: Average loss: 0.3041, Accuracy: 9394/10000 (93.0%)

Train Epoch: 180 [0/50000 (0.0%)]	Loss: 0.001907
Train Epoch: 180 [6400/50000 (12.8%)]	Loss: 0.001626
Train Epoch: 180 [12800/50000 (25.6%)]	Loss: 0.001585
Train Epoch: 180 [19200/50000 (38.4%)]	Loss: 0.001674
Train Epoch: 180 [25600/50000 (51.2%)]	Loss: 0.001957
Train Epoch: 180 [32000/50000 (63.9%)]	Loss: 0.002745
Train Epoch: 180 [38400/50000 (76.7%)]	Loss: 0.002211
Train Epoch: 180 [44800/50000 (89.5%)]	Loss: 0.001470

Test set: Average loss: 0.3044, Accuracy: 9396/10000 (93.0%)

Train Epoch: 181 [0/50000 (0.0%)]	Loss: 0.001434
Train Epoch: 181 [6400/50000 (12.8%)]	Loss: 0.001692
Train Epoch: 181 [12800/50000 (25.6%)]	Loss: 0.001699
Train Epoch: 181 [19200/50000 (38.4%)]	Loss: 0.001713
Train Epoch: 181 [25600/50000 (51.2%)]	Loss: 0.001646
Train Epoch: 181 [32000/50000 (63.9%)]	Loss: 0.002033
Train Epoch: 181 [38400/50000 (76.7%)]	Loss: 0.001949
Train Epoch: 181 [44800/50000 (89.5%)]	Loss: 0.001987

Test set: Average loss: 0.3065, Accuracy: 9394/10000 (93.0%)

Train Epoch: 182 [0/50000 (0.0%)]	Loss: 0.001676
Train Epoch: 182 [6400/50000 (12.8%)]	Loss: 0.001518
Train Epoch: 182 [12800/50000 (25.6%)]	Loss: 0.001560
Train Epoch: 182 [19200/50000 (38.4%)]	Loss: 0.002101
Train Epoch: 182 [25600/50000 (51.2%)]	Loss: 0.001589
Train Epoch: 182 [32000/50000 (63.9%)]	Loss: 0.001398
Train Epoch: 182 [38400/50000 (76.7%)]	Loss: 0.001618
Train Epoch: 182 [44800/50000 (89.5%)]	Loss: 0.001523

Test set: Average loss: 0.3063, Accuracy: 9396/10000 (93.0%)

Train Epoch: 183 [0/50000 (0.0%)]	Loss: 0.002342
Train Epoch: 183 [6400/50000 (12.8%)]	Loss: 0.001585
Train Epoch: 183 [12800/50000 (25.6%)]	Loss: 0.001601
Train Epoch: 183 [19200/50000 (38.4%)]	Loss: 0.001806
Train Epoch: 183 [25600/50000 (51.2%)]	Loss: 0.001838
Train Epoch: 183 [32000/50000 (63.9%)]	Loss: 0.002196
Train Epoch: 183 [38400/50000 (76.7%)]	Loss: 0.002589
Train Epoch: 183 [44800/50000 (89.5%)]	Loss: 0.002287

Test set: Average loss: 0.3035, Accuracy: 9391/10000 (93.0%)

Train Epoch: 184 [0/50000 (0.0%)]	Loss: 0.001734
Train Epoch: 184 [6400/50000 (12.8%)]	Loss: 0.001781
Train Epoch: 184 [12800/50000 (25.6%)]	Loss: 0.001808
Train Epoch: 184 [19200/50000 (38.4%)]	Loss: 0.001907
Train Epoch: 184 [25600/50000 (51.2%)]	Loss: 0.003274
Train Epoch: 184 [32000/50000 (63.9%)]	Loss: 0.001862
Train Epoch: 184 [38400/50000 (76.7%)]	Loss: 0.002204
Train Epoch: 184 [44800/50000 (89.5%)]	Loss: 0.001927

Test set: Average loss: 0.3059, Accuracy: 9390/10000 (93.0%)

Train Epoch: 185 [0/50000 (0.0%)]	Loss: 0.001592
Train Epoch: 185 [6400/50000 (12.8%)]	Loss: 0.001806
Train Epoch: 185 [12800/50000 (25.6%)]	Loss: 0.001977
Train Epoch: 185 [19200/50000 (38.4%)]	Loss: 0.001847
Train Epoch: 185 [25600/50000 (51.2%)]	Loss: 0.002196
Train Epoch: 185 [32000/50000 (63.9%)]	Loss: 0.001961
Train Epoch: 185 [38400/50000 (76.7%)]	Loss: 0.001984
Train Epoch: 185 [44800/50000 (89.5%)]	Loss: 0.001861

Test set: Average loss: 0.3028, Accuracy: 9401/10000 (94.0%)

Train Epoch: 186 [0/50000 (0.0%)]	Loss: 0.001728
Train Epoch: 186 [6400/50000 (12.8%)]	Loss: 0.001910
Train Epoch: 186 [12800/50000 (25.6%)]	Loss: 0.001893
Train Epoch: 186 [19200/50000 (38.4%)]	Loss: 0.002044
Train Epoch: 186 [25600/50000 (51.2%)]	Loss: 0.002039
Train Epoch: 186 [32000/50000 (63.9%)]	Loss: 0.001682
Train Epoch: 186 [38400/50000 (76.7%)]	Loss: 0.001676
Train Epoch: 186 [44800/50000 (89.5%)]	Loss: 0.002362

Test set: Average loss: 0.3049, Accuracy: 9393/10000 (93.0%)

Train Epoch: 187 [0/50000 (0.0%)]	Loss: 0.001545
Train Epoch: 187 [6400/50000 (12.8%)]	Loss: 0.002817
Train Epoch: 187 [12800/50000 (25.6%)]	Loss: 0.001736
Train Epoch: 187 [19200/50000 (38.4%)]	Loss: 0.001712
Train Epoch: 187 [25600/50000 (51.2%)]	Loss: 0.001601
Train Epoch: 187 [32000/50000 (63.9%)]	Loss: 0.002428
Train Epoch: 187 [38400/50000 (76.7%)]	Loss: 0.002088
Train Epoch: 187 [44800/50000 (89.5%)]	Loss: 0.001937

Test set: Average loss: 0.3031, Accuracy: 9401/10000 (94.0%)

Train Epoch: 188 [0/50000 (0.0%)]	Loss: 0.002422
Train Epoch: 188 [6400/50000 (12.8%)]	Loss: 0.001623
Train Epoch: 188 [12800/50000 (25.6%)]	Loss: 0.001731
Train Epoch: 188 [19200/50000 (38.4%)]	Loss: 0.001682
Train Epoch: 188 [25600/50000 (51.2%)]	Loss: 0.001954
Train Epoch: 188 [32000/50000 (63.9%)]	Loss: 0.001569
Train Epoch: 188 [38400/50000 (76.7%)]	Loss: 0.002970
Train Epoch: 188 [44800/50000 (89.5%)]	Loss: 0.001602

Test set: Average loss: 0.3048, Accuracy: 9396/10000 (93.0%)

Train Epoch: 189 [0/50000 (0.0%)]	Loss: 0.001410
Train Epoch: 189 [6400/50000 (12.8%)]	Loss: 0.001664
Train Epoch: 189 [12800/50000 (25.6%)]	Loss: 0.001444
Train Epoch: 189 [19200/50000 (38.4%)]	Loss: 0.001620
Train Epoch: 189 [25600/50000 (51.2%)]	Loss: 0.001671
Train Epoch: 189 [32000/50000 (63.9%)]	Loss: 0.001759
Train Epoch: 189 [38400/50000 (76.7%)]	Loss: 0.003170
Train Epoch: 189 [44800/50000 (89.5%)]	Loss: 0.001688

Test set: Average loss: 0.3058, Accuracy: 9392/10000 (93.0%)

Train Epoch: 190 [0/50000 (0.0%)]	Loss: 0.001638
Train Epoch: 190 [6400/50000 (12.8%)]	Loss: 0.002314
Train Epoch: 190 [12800/50000 (25.6%)]	Loss: 0.001912
Train Epoch: 190 [19200/50000 (38.4%)]	Loss: 0.002043
Train Epoch: 190 [25600/50000 (51.2%)]	Loss: 0.001592
Train Epoch: 190 [32000/50000 (63.9%)]	Loss: 0.002917
Train Epoch: 190 [38400/50000 (76.7%)]	Loss: 0.001750
Train Epoch: 190 [44800/50000 (89.5%)]	Loss: 0.001920

Test set: Average loss: 0.3037, Accuracy: 9389/10000 (93.0%)

Train Epoch: 191 [0/50000 (0.0%)]	Loss: 0.001869
Train Epoch: 191 [6400/50000 (12.8%)]	Loss: 0.001398
Train Epoch: 191 [12800/50000 (25.6%)]	Loss: 0.001698
Train Epoch: 191 [19200/50000 (38.4%)]	Loss: 0.001890
Train Epoch: 191 [25600/50000 (51.2%)]	Loss: 0.001479
Train Epoch: 191 [32000/50000 (63.9%)]	Loss: 0.001615
Train Epoch: 191 [38400/50000 (76.7%)]	Loss: 0.001596
Train Epoch: 191 [44800/50000 (89.5%)]	Loss: 0.001658

Test set: Average loss: 0.3059, Accuracy: 9408/10000 (94.0%)

Train Epoch: 192 [0/50000 (0.0%)]	Loss: 0.001585
Train Epoch: 192 [6400/50000 (12.8%)]	Loss: 0.001892
Train Epoch: 192 [12800/50000 (25.6%)]	Loss: 0.001679
Train Epoch: 192 [19200/50000 (38.4%)]	Loss: 0.002000
Train Epoch: 192 [25600/50000 (51.2%)]	Loss: 0.003263
Train Epoch: 192 [32000/50000 (63.9%)]	Loss: 0.002226
Train Epoch: 192 [38400/50000 (76.7%)]	Loss: 0.002290
Train Epoch: 192 [44800/50000 (89.5%)]	Loss: 0.001687

Test set: Average loss: 0.3038, Accuracy: 9395/10000 (93.0%)

Train Epoch: 193 [0/50000 (0.0%)]	Loss: 0.001682
Train Epoch: 193 [6400/50000 (12.8%)]	Loss: 0.001647
Train Epoch: 193 [12800/50000 (25.6%)]	Loss: 0.001495
Train Epoch: 193 [19200/50000 (38.4%)]	Loss: 0.002074
Train Epoch: 193 [25600/50000 (51.2%)]	Loss: 0.001574
Train Epoch: 193 [32000/50000 (63.9%)]	Loss: 0.001578
Train Epoch: 193 [38400/50000 (76.7%)]	Loss: 0.001726
Train Epoch: 193 [44800/50000 (89.5%)]	Loss: 0.001754

Test set: Average loss: 0.3035, Accuracy: 9399/10000 (93.0%)

Train Epoch: 194 [0/50000 (0.0%)]	Loss: 0.001560
Train Epoch: 194 [6400/50000 (12.8%)]	Loss: 0.001878
Train Epoch: 194 [12800/50000 (25.6%)]	Loss: 0.001682
Train Epoch: 194 [19200/50000 (38.4%)]	Loss: 0.001735
Train Epoch: 194 [25600/50000 (51.2%)]	Loss: 0.001807
Train Epoch: 194 [32000/50000 (63.9%)]	Loss: 0.001673
Train Epoch: 194 [38400/50000 (76.7%)]	Loss: 0.001630
Train Epoch: 194 [44800/50000 (89.5%)]	Loss: 0.001768

Test set: Average loss: 0.3014, Accuracy: 9396/10000 (93.0%)

Train Epoch: 195 [0/50000 (0.0%)]	Loss: 0.001939
Train Epoch: 195 [6400/50000 (12.8%)]	Loss: 0.002177
Train Epoch: 195 [12800/50000 (25.6%)]	Loss: 0.002199
Train Epoch: 195 [19200/50000 (38.4%)]	Loss: 0.002029
Train Epoch: 195 [25600/50000 (51.2%)]	Loss: 0.001907
Train Epoch: 195 [32000/50000 (63.9%)]	Loss: 0.001603
Train Epoch: 195 [38400/50000 (76.7%)]	Loss: 0.001706
Train Epoch: 195 [44800/50000 (89.5%)]	Loss: 0.001599

Test set: Average loss: 0.3039, Accuracy: 9383/10000 (93.0%)

Train Epoch: 196 [0/50000 (0.0%)]	Loss: 0.003797
Train Epoch: 196 [6400/50000 (12.8%)]	Loss: 0.001855
Train Epoch: 196 [12800/50000 (25.6%)]	Loss: 0.002393
Train Epoch: 196 [19200/50000 (38.4%)]	Loss: 0.002004
Train Epoch: 196 [25600/50000 (51.2%)]	Loss: 0.001689
Train Epoch: 196 [32000/50000 (63.9%)]	Loss: 0.001524
Train Epoch: 196 [38400/50000 (76.7%)]	Loss: 0.001628
Train Epoch: 196 [44800/50000 (89.5%)]	Loss: 0.001725

Test set: Average loss: 0.3047, Accuracy: 9401/10000 (94.0%)

Train Epoch: 197 [0/50000 (0.0%)]	Loss: 0.006278
Train Epoch: 197 [6400/50000 (12.8%)]	Loss: 0.001764
Train Epoch: 197 [12800/50000 (25.6%)]	Loss: 0.002076
Train Epoch: 197 [19200/50000 (38.4%)]	Loss: 0.002157
Train Epoch: 197 [25600/50000 (51.2%)]	Loss: 0.001806
Train Epoch: 197 [32000/50000 (63.9%)]	Loss: 0.001601
Train Epoch: 197 [38400/50000 (76.7%)]	Loss: 0.001691
Train Epoch: 197 [44800/50000 (89.5%)]	Loss: 0.001563

Test set: Average loss: 0.3035, Accuracy: 9396/10000 (93.0%)

Train Epoch: 198 [0/50000 (0.0%)]	Loss: 0.001906
Train Epoch: 198 [6400/50000 (12.8%)]	Loss: 0.001632
Train Epoch: 198 [12800/50000 (25.6%)]	Loss: 0.002114
Train Epoch: 198 [19200/50000 (38.4%)]	Loss: 0.001616
Train Epoch: 198 [25600/50000 (51.2%)]	Loss: 0.002106
Train Epoch: 198 [32000/50000 (63.9%)]	Loss: 0.001721
Train Epoch: 198 [38400/50000 (76.7%)]	Loss: 0.001613
Train Epoch: 198 [44800/50000 (89.5%)]	Loss: 0.001648

Test set: Average loss: 0.3043, Accuracy: 9396/10000 (93.0%)

Train Epoch: 199 [0/50000 (0.0%)]	Loss: 0.001700
Train Epoch: 199 [6400/50000 (12.8%)]	Loss: 0.001647
Train Epoch: 199 [12800/50000 (25.6%)]	Loss: 0.001576
Train Epoch: 199 [19200/50000 (38.4%)]	Loss: 0.001628
Train Epoch: 199 [25600/50000 (51.2%)]	Loss: 0.001727
Train Epoch: 199 [32000/50000 (63.9%)]	Loss: 0.002050
Train Epoch: 199 [38400/50000 (76.7%)]	Loss: 0.001729
Train Epoch: 199 [44800/50000 (89.5%)]	Loss: 0.001783

Test set: Average loss: 0.3069, Accuracy: 9391/10000 (93.0%)

Best accuracy: 0.9412
