Namespace(arch='resnet56', aux_lambda=0.0001, auxiliary_classifier=False, batch_size=64, cuda=True, dataset='cifar10', decay_epoch=[30, 80, 150], depth=19, epochs=200, expand=True, gammas=[0.5, 0.5, 0.4], log='./log/finetune_CIFAR10-resnet56_zol_5e-5_alpha1.4_wd5e-4_0.2decay_warmup_3_tunelr1_grad_1', log_interval=100, lr=0.001, momentum=0.9, no_cuda=False, refine='./logs/CIFAR10-resnet56_zol_5e-5_alpha1.4_wd5e-4_0.2decay_warmup_3/pruned_fixed.pth.tar', resume='', s=0.0001, save='./logs/finetune_CIFAR10-resnet56_zol_5e-5_alpha1.4_wd5e-4_0.2decay_warmup_3_tunelr1_grad_1/', seed=666, sr=False, start_epoch=0, test_batch_size=128, weight_decay=0.0005)
Files already downloaded and verified
Testing the loaded model...
/home/pruning/lib/python3.6/site-packages/torch/nn/_reduction.py:43: UserWarning: size_average and reduce args will be deprecated, please use reduction='sum' instead.
  warnings.warn(warning.format(ret))

Test set: Average loss: 0.4196, Accuracy: 9087/10000 (90.0%)

  + Number of FLOPs: 0.35G
  + Number of FLOPs: 0.76G
FLOPs remains 0.46534955501556396
Train Epoch: 0 [0/50000 (0.0%)]	Loss: 0.006195
Train Epoch: 0 [6400/50000 (12.8%)]	Loss: 0.020795
Train Epoch: 0 [12800/50000 (25.6%)]	Loss: 0.008396
Train Epoch: 0 [19200/50000 (38.4%)]	Loss: 0.013715
Train Epoch: 0 [25600/50000 (51.2%)]	Loss: 0.047558
Train Epoch: 0 [32000/50000 (63.9%)]	Loss: 0.027434
Train Epoch: 0 [38400/50000 (76.7%)]	Loss: 0.010238
Train Epoch: 0 [44800/50000 (89.5%)]	Loss: 0.039104

Test set: Average loss: 0.2784, Accuracy: 9316/10000 (93.0%)

Train Epoch: 1 [0/50000 (0.0%)]	Loss: 0.003423
Train Epoch: 1 [6400/50000 (12.8%)]	Loss: 0.023975
Train Epoch: 1 [12800/50000 (25.6%)]	Loss: 0.016092
Train Epoch: 1 [19200/50000 (38.4%)]	Loss: 0.010033
Train Epoch: 1 [25600/50000 (51.2%)]	Loss: 0.070491
Train Epoch: 1 [32000/50000 (63.9%)]	Loss: 0.013510
Train Epoch: 1 [38400/50000 (76.7%)]	Loss: 0.007038
Train Epoch: 1 [44800/50000 (89.5%)]	Loss: 0.008691

Test set: Average loss: 0.2858, Accuracy: 9301/10000 (93.0%)

Train Epoch: 2 [0/50000 (0.0%)]	Loss: 0.010511
Train Epoch: 2 [6400/50000 (12.8%)]	Loss: 0.024856
Train Epoch: 2 [12800/50000 (25.6%)]	Loss: 0.011980
Train Epoch: 2 [19200/50000 (38.4%)]	Loss: 0.005119
Train Epoch: 2 [25600/50000 (51.2%)]	Loss: 0.052890
Train Epoch: 2 [32000/50000 (63.9%)]	Loss: 0.013632
Train Epoch: 2 [38400/50000 (76.7%)]	Loss: 0.038307
Train Epoch: 2 [44800/50000 (89.5%)]	Loss: 0.036460

Test set: Average loss: 0.2777, Accuracy: 9298/10000 (92.0%)

Train Epoch: 3 [0/50000 (0.0%)]	Loss: 0.014145
Train Epoch: 3 [6400/50000 (12.8%)]	Loss: 0.003426
Train Epoch: 3 [12800/50000 (25.6%)]	Loss: 0.003435
Train Epoch: 3 [19200/50000 (38.4%)]	Loss: 0.005578
Train Epoch: 3 [25600/50000 (51.2%)]	Loss: 0.055724
Train Epoch: 3 [32000/50000 (63.9%)]	Loss: 0.006857
Train Epoch: 3 [38400/50000 (76.7%)]	Loss: 0.016040
Train Epoch: 3 [44800/50000 (89.5%)]	Loss: 0.029570

Test set: Average loss: 0.2917, Accuracy: 9294/10000 (92.0%)

Train Epoch: 4 [0/50000 (0.0%)]	Loss: 0.005720
Train Epoch: 4 [6400/50000 (12.8%)]	Loss: 0.006988
Train Epoch: 4 [12800/50000 (25.6%)]	Loss: 0.026104
Train Epoch: 4 [19200/50000 (38.4%)]	Loss: 0.008458
Train Epoch: 4 [25600/50000 (51.2%)]	Loss: 0.034804
Train Epoch: 4 [32000/50000 (63.9%)]	Loss: 0.009186
Train Epoch: 4 [38400/50000 (76.7%)]	Loss: 0.026536
Train Epoch: 4 [44800/50000 (89.5%)]	Loss: 0.010750

Test set: Average loss: 0.2864, Accuracy: 9298/10000 (92.0%)

Train Epoch: 5 [0/50000 (0.0%)]	Loss: 0.007311
Train Epoch: 5 [6400/50000 (12.8%)]	Loss: 0.004670
Train Epoch: 5 [12800/50000 (25.6%)]	Loss: 0.012581
Train Epoch: 5 [19200/50000 (38.4%)]	Loss: 0.054392
Train Epoch: 5 [25600/50000 (51.2%)]	Loss: 0.048233
Train Epoch: 5 [32000/50000 (63.9%)]	Loss: 0.025573
Train Epoch: 5 [38400/50000 (76.7%)]	Loss: 0.018060
Train Epoch: 5 [44800/50000 (89.5%)]	Loss: 0.023047

Test set: Average loss: 0.2930, Accuracy: 9288/10000 (92.0%)

Train Epoch: 6 [0/50000 (0.0%)]	Loss: 0.033839
Train Epoch: 6 [6400/50000 (12.8%)]	Loss: 0.007515
Train Epoch: 6 [12800/50000 (25.6%)]	Loss: 0.016057
Train Epoch: 6 [19200/50000 (38.4%)]	Loss: 0.015886
Train Epoch: 6 [25600/50000 (51.2%)]	Loss: 0.020580
Train Epoch: 6 [32000/50000 (63.9%)]	Loss: 0.075781
Train Epoch: 6 [38400/50000 (76.7%)]	Loss: 0.065192
Train Epoch: 6 [44800/50000 (89.5%)]	Loss: 0.042940

Test set: Average loss: 0.2973, Accuracy: 9272/10000 (92.0%)

Train Epoch: 7 [0/50000 (0.0%)]	Loss: 0.015874
Train Epoch: 7 [6400/50000 (12.8%)]	Loss: 0.023166
Train Epoch: 7 [12800/50000 (25.6%)]	Loss: 0.013906
Train Epoch: 7 [19200/50000 (38.4%)]	Loss: 0.006599
Train Epoch: 7 [25600/50000 (51.2%)]	Loss: 0.045305
Train Epoch: 7 [32000/50000 (63.9%)]	Loss: 0.022714
Train Epoch: 7 [38400/50000 (76.7%)]	Loss: 0.070117
Train Epoch: 7 [44800/50000 (89.5%)]	Loss: 0.003979

Test set: Average loss: 0.2902, Accuracy: 9299/10000 (92.0%)

Train Epoch: 8 [0/50000 (0.0%)]	Loss: 0.007844
Train Epoch: 8 [6400/50000 (12.8%)]	Loss: 0.011989
Train Epoch: 8 [12800/50000 (25.6%)]	Loss: 0.024714
Train Epoch: 8 [19200/50000 (38.4%)]	Loss: 0.003887
Train Epoch: 8 [25600/50000 (51.2%)]	Loss: 0.027335
Train Epoch: 8 [32000/50000 (63.9%)]	Loss: 0.021935
Train Epoch: 8 [38400/50000 (76.7%)]	Loss: 0.006100
Train Epoch: 8 [44800/50000 (89.5%)]	Loss: 0.014401

Test set: Average loss: 0.2986, Accuracy: 9293/10000 (92.0%)

Train Epoch: 9 [0/50000 (0.0%)]	Loss: 0.011083
Train Epoch: 9 [6400/50000 (12.8%)]	Loss: 0.019272
Train Epoch: 9 [12800/50000 (25.6%)]	Loss: 0.005179
Train Epoch: 9 [19200/50000 (38.4%)]	Loss: 0.077580
Train Epoch: 9 [25600/50000 (51.2%)]	Loss: 0.011593
Train Epoch: 9 [32000/50000 (63.9%)]	Loss: 0.007877
Train Epoch: 9 [38400/50000 (76.7%)]	Loss: 0.014235
Train Epoch: 9 [44800/50000 (89.5%)]	Loss: 0.030897

Test set: Average loss: 0.2890, Accuracy: 9259/10000 (92.0%)

Train Epoch: 10 [0/50000 (0.0%)]	Loss: 0.007223
Train Epoch: 10 [6400/50000 (12.8%)]	Loss: 0.005075
Train Epoch: 10 [12800/50000 (25.6%)]	Loss: 0.005834
Train Epoch: 10 [19200/50000 (38.4%)]	Loss: 0.009297
Train Epoch: 10 [25600/50000 (51.2%)]	Loss: 0.009836
Train Epoch: 10 [32000/50000 (63.9%)]	Loss: 0.003821
Train Epoch: 10 [38400/50000 (76.7%)]	Loss: 0.001543
Train Epoch: 10 [44800/50000 (89.5%)]	Loss: 0.003518

Test set: Average loss: 0.2925, Accuracy: 9296/10000 (92.0%)

Train Epoch: 11 [0/50000 (0.0%)]	Loss: 0.057900
Train Epoch: 11 [6400/50000 (12.8%)]	Loss: 0.019802
Train Epoch: 11 [12800/50000 (25.6%)]	Loss: 0.039774
Train Epoch: 11 [19200/50000 (38.4%)]	Loss: 0.003138
Train Epoch: 11 [25600/50000 (51.2%)]	Loss: 0.009344
Train Epoch: 11 [32000/50000 (63.9%)]	Loss: 0.004384
Train Epoch: 11 [38400/50000 (76.7%)]	Loss: 0.029426
Train Epoch: 11 [44800/50000 (89.5%)]	Loss: 0.007598

Test set: Average loss: 0.2926, Accuracy: 9315/10000 (93.0%)

Train Epoch: 12 [0/50000 (0.0%)]	Loss: 0.004957
Train Epoch: 12 [6400/50000 (12.8%)]	Loss: 0.024917
Train Epoch: 12 [12800/50000 (25.6%)]	Loss: 0.023189
Train Epoch: 12 [19200/50000 (38.4%)]	Loss: 0.038071
Train Epoch: 12 [25600/50000 (51.2%)]	Loss: 0.012431
Train Epoch: 12 [32000/50000 (63.9%)]	Loss: 0.035967
Train Epoch: 12 [38400/50000 (76.7%)]	Loss: 0.066793
Train Epoch: 12 [44800/50000 (89.5%)]	Loss: 0.004776

Test set: Average loss: 0.2981, Accuracy: 9264/10000 (92.0%)

Train Epoch: 13 [0/50000 (0.0%)]	Loss: 0.015903
Train Epoch: 13 [6400/50000 (12.8%)]	Loss: 0.003021
Train Epoch: 13 [12800/50000 (25.6%)]	Loss: 0.014524
Train Epoch: 13 [19200/50000 (38.4%)]	Loss: 0.003839
Train Epoch: 13 [25600/50000 (51.2%)]	Loss: 0.022661
Train Epoch: 13 [32000/50000 (63.9%)]	Loss: 0.020348
Train Epoch: 13 [38400/50000 (76.7%)]	Loss: 0.057316
Train Epoch: 13 [44800/50000 (89.5%)]	Loss: 0.008768

Test set: Average loss: 0.2955, Accuracy: 9296/10000 (92.0%)

Train Epoch: 14 [0/50000 (0.0%)]	Loss: 0.006489
Train Epoch: 14 [6400/50000 (12.8%)]	Loss: 0.008980
Train Epoch: 14 [12800/50000 (25.6%)]	Loss: 0.009688
Train Epoch: 14 [19200/50000 (38.4%)]	Loss: 0.009215
Train Epoch: 14 [25600/50000 (51.2%)]	Loss: 0.017306
Train Epoch: 14 [32000/50000 (63.9%)]	Loss: 0.004390
Train Epoch: 14 [38400/50000 (76.7%)]	Loss: 0.006961
Train Epoch: 14 [44800/50000 (89.5%)]	Loss: 0.015504

Test set: Average loss: 0.2991, Accuracy: 9284/10000 (92.0%)

Train Epoch: 15 [0/50000 (0.0%)]	Loss: 0.037899
Train Epoch: 15 [6400/50000 (12.8%)]	Loss: 0.025823
Train Epoch: 15 [12800/50000 (25.6%)]	Loss: 0.002573
Train Epoch: 15 [19200/50000 (38.4%)]	Loss: 0.001447
Train Epoch: 15 [25600/50000 (51.2%)]	Loss: 0.011562
Train Epoch: 15 [32000/50000 (63.9%)]	Loss: 0.005088
Train Epoch: 15 [38400/50000 (76.7%)]	Loss: 0.033572
Train Epoch: 15 [44800/50000 (89.5%)]	Loss: 0.009754

Test set: Average loss: 0.2990, Accuracy: 9314/10000 (93.0%)

Train Epoch: 16 [0/50000 (0.0%)]	Loss: 0.031509
Train Epoch: 16 [6400/50000 (12.8%)]	Loss: 0.004330
Train Epoch: 16 [12800/50000 (25.6%)]	Loss: 0.040247
Train Epoch: 16 [19200/50000 (38.4%)]	Loss: 0.009117
Train Epoch: 16 [25600/50000 (51.2%)]	Loss: 0.015392
Train Epoch: 16 [32000/50000 (63.9%)]	Loss: 0.066992
Train Epoch: 16 [38400/50000 (76.7%)]	Loss: 0.026045
Train Epoch: 16 [44800/50000 (89.5%)]	Loss: 0.002838

Test set: Average loss: 0.2987, Accuracy: 9277/10000 (92.0%)

Train Epoch: 17 [0/50000 (0.0%)]	Loss: 0.023057
Train Epoch: 17 [6400/50000 (12.8%)]	Loss: 0.021670
Train Epoch: 17 [12800/50000 (25.6%)]	Loss: 0.007219
Train Epoch: 17 [19200/50000 (38.4%)]	Loss: 0.045083
Train Epoch: 17 [25600/50000 (51.2%)]	Loss: 0.062339
Train Epoch: 17 [32000/50000 (63.9%)]	Loss: 0.003851
Train Epoch: 17 [38400/50000 (76.7%)]	Loss: 0.007546
Train Epoch: 17 [44800/50000 (89.5%)]	Loss: 0.005017

Test set: Average loss: 0.3108, Accuracy: 9269/10000 (92.0%)

Train Epoch: 18 [0/50000 (0.0%)]	Loss: 0.008694
Train Epoch: 18 [6400/50000 (12.8%)]	Loss: 0.001658
Train Epoch: 18 [12800/50000 (25.6%)]	Loss: 0.039283
Train Epoch: 18 [19200/50000 (38.4%)]	Loss: 0.007628
Train Epoch: 18 [25600/50000 (51.2%)]	Loss: 0.039370
Train Epoch: 18 [32000/50000 (63.9%)]	Loss: 0.006350
Train Epoch: 18 [38400/50000 (76.7%)]	Loss: 0.005315
Train Epoch: 18 [44800/50000 (89.5%)]	Loss: 0.031024

Test set: Average loss: 0.2973, Accuracy: 9271/10000 (92.0%)

Train Epoch: 19 [0/50000 (0.0%)]	Loss: 0.004314
Train Epoch: 19 [6400/50000 (12.8%)]	Loss: 0.008152
Train Epoch: 19 [12800/50000 (25.6%)]	Loss: 0.030555
Train Epoch: 19 [19200/50000 (38.4%)]	Loss: 0.011477
Train Epoch: 19 [25600/50000 (51.2%)]	Loss: 0.005778
Train Epoch: 19 [32000/50000 (63.9%)]	Loss: 0.006198
Train Epoch: 19 [38400/50000 (76.7%)]	Loss: 0.019082
Train Epoch: 19 [44800/50000 (89.5%)]	Loss: 0.001782

Test set: Average loss: 0.3038, Accuracy: 9280/10000 (92.0%)

Train Epoch: 20 [0/50000 (0.0%)]	Loss: 0.014768
Train Epoch: 20 [6400/50000 (12.8%)]	Loss: 0.021537
Train Epoch: 20 [12800/50000 (25.6%)]	Loss: 0.024593
Train Epoch: 20 [19200/50000 (38.4%)]	Loss: 0.002525
Train Epoch: 20 [25600/50000 (51.2%)]	Loss: 0.004822
Train Epoch: 20 [32000/50000 (63.9%)]	Loss: 0.008350
Train Epoch: 20 [38400/50000 (76.7%)]	Loss: 0.028454
Train Epoch: 20 [44800/50000 (89.5%)]	Loss: 0.013681

Test set: Average loss: 0.3032, Accuracy: 9288/10000 (92.0%)

Train Epoch: 21 [0/50000 (0.0%)]	Loss: 0.016019
Train Epoch: 21 [6400/50000 (12.8%)]	Loss: 0.034132
Train Epoch: 21 [12800/50000 (25.6%)]	Loss: 0.001994
Train Epoch: 21 [19200/50000 (38.4%)]	Loss: 0.005053
Train Epoch: 21 [25600/50000 (51.2%)]	Loss: 0.049019
Train Epoch: 21 [32000/50000 (63.9%)]	Loss: 0.008039
Train Epoch: 21 [38400/50000 (76.7%)]	Loss: 0.031873
Train Epoch: 21 [44800/50000 (89.5%)]	Loss: 0.022735

Test set: Average loss: 0.2961, Accuracy: 9330/10000 (93.0%)

Train Epoch: 22 [0/50000 (0.0%)]	Loss: 0.058364
Train Epoch: 22 [6400/50000 (12.8%)]	Loss: 0.038766
Train Epoch: 22 [12800/50000 (25.6%)]	Loss: 0.002313
Train Epoch: 22 [19200/50000 (38.4%)]	Loss: 0.010541
Train Epoch: 22 [25600/50000 (51.2%)]	Loss: 0.006207
Train Epoch: 22 [32000/50000 (63.9%)]	Loss: 0.018578
Train Epoch: 22 [38400/50000 (76.7%)]	Loss: 0.017946
Train Epoch: 22 [44800/50000 (89.5%)]	Loss: 0.027633

Test set: Average loss: 0.3011, Accuracy: 9298/10000 (92.0%)

Train Epoch: 23 [0/50000 (0.0%)]	Loss: 0.050843
Train Epoch: 23 [6400/50000 (12.8%)]	Loss: 0.022445
Train Epoch: 23 [12800/50000 (25.6%)]	Loss: 0.026276
Train Epoch: 23 [19200/50000 (38.4%)]	Loss: 0.006169
Train Epoch: 23 [25600/50000 (51.2%)]	Loss: 0.053304
Train Epoch: 23 [32000/50000 (63.9%)]	Loss: 0.036517
Train Epoch: 23 [38400/50000 (76.7%)]	Loss: 0.036913
Train Epoch: 23 [44800/50000 (89.5%)]	Loss: 0.004263

Test set: Average loss: 0.3190, Accuracy: 9270/10000 (92.0%)

Train Epoch: 24 [0/50000 (0.0%)]	Loss: 0.026191
Train Epoch: 24 [6400/50000 (12.8%)]	Loss: 0.006845
Train Epoch: 24 [12800/50000 (25.6%)]	Loss: 0.028687
Train Epoch: 24 [19200/50000 (38.4%)]	Loss: 0.043281
Train Epoch: 24 [25600/50000 (51.2%)]	Loss: 0.012352
Train Epoch: 24 [32000/50000 (63.9%)]	Loss: 0.026403
Train Epoch: 24 [38400/50000 (76.7%)]	Loss: 0.006226
Train Epoch: 24 [44800/50000 (89.5%)]	Loss: 0.032048

Test set: Average loss: 0.2981, Accuracy: 9278/10000 (92.0%)

Train Epoch: 25 [0/50000 (0.0%)]	Loss: 0.015128
Train Epoch: 25 [6400/50000 (12.8%)]	Loss: 0.013526
Train Epoch: 25 [12800/50000 (25.6%)]	Loss: 0.017259
Train Epoch: 25 [19200/50000 (38.4%)]	Loss: 0.005410
Train Epoch: 25 [25600/50000 (51.2%)]	Loss: 0.004829
Train Epoch: 25 [32000/50000 (63.9%)]	Loss: 0.014803
Train Epoch: 25 [38400/50000 (76.7%)]	Loss: 0.013702
Train Epoch: 25 [44800/50000 (89.5%)]	Loss: 0.052474

Test set: Average loss: 0.3102, Accuracy: 9292/10000 (92.0%)

Train Epoch: 26 [0/50000 (0.0%)]	Loss: 0.007497
Train Epoch: 26 [6400/50000 (12.8%)]	Loss: 0.122907
Train Epoch: 26 [12800/50000 (25.6%)]	Loss: 0.003502
Train Epoch: 26 [19200/50000 (38.4%)]	Loss: 0.006656
Train Epoch: 26 [25600/50000 (51.2%)]	Loss: 0.021952
Train Epoch: 26 [32000/50000 (63.9%)]	Loss: 0.007019
Train Epoch: 26 [38400/50000 (76.7%)]	Loss: 0.001553
Train Epoch: 26 [44800/50000 (89.5%)]	Loss: 0.082077

Test set: Average loss: 0.3030, Accuracy: 9271/10000 (92.0%)

Train Epoch: 27 [0/50000 (0.0%)]	Loss: 0.003852
Train Epoch: 27 [6400/50000 (12.8%)]	Loss: 0.002805
Train Epoch: 27 [12800/50000 (25.6%)]	Loss: 0.007130
Train Epoch: 27 [19200/50000 (38.4%)]	Loss: 0.002974
Train Epoch: 27 [25600/50000 (51.2%)]	Loss: 0.020471
Train Epoch: 27 [32000/50000 (63.9%)]	Loss: 0.008792
Train Epoch: 27 [38400/50000 (76.7%)]	Loss: 0.023141
Train Epoch: 27 [44800/50000 (89.5%)]	Loss: 0.052641

Test set: Average loss: 0.3006, Accuracy: 9293/10000 (92.0%)

Train Epoch: 28 [0/50000 (0.0%)]	Loss: 0.003764
Train Epoch: 28 [6400/50000 (12.8%)]	Loss: 0.004646
Train Epoch: 28 [12800/50000 (25.6%)]	Loss: 0.038530
Train Epoch: 28 [19200/50000 (38.4%)]	Loss: 0.019357
Train Epoch: 28 [25600/50000 (51.2%)]	Loss: 0.002970
Train Epoch: 28 [32000/50000 (63.9%)]	Loss: 0.004798
Train Epoch: 28 [38400/50000 (76.7%)]	Loss: 0.010261
Train Epoch: 28 [44800/50000 (89.5%)]	Loss: 0.007787

Test set: Average loss: 0.3192, Accuracy: 9264/10000 (92.0%)

Train Epoch: 29 [0/50000 (0.0%)]	Loss: 0.003189
Train Epoch: 29 [6400/50000 (12.8%)]	Loss: 0.027361
Train Epoch: 29 [12800/50000 (25.6%)]	Loss: 0.006468
Train Epoch: 29 [19200/50000 (38.4%)]	Loss: 0.004573
Train Epoch: 29 [25600/50000 (51.2%)]	Loss: 0.027020
Train Epoch: 29 [32000/50000 (63.9%)]	Loss: 0.003730
Train Epoch: 29 [38400/50000 (76.7%)]	Loss: 0.002247
Train Epoch: 29 [44800/50000 (89.5%)]	Loss: 0.003147

Test set: Average loss: 0.3099, Accuracy: 9289/10000 (92.0%)

Train Epoch: 30 [0/50000 (0.0%)]	Loss: 0.003791
Train Epoch: 30 [6400/50000 (12.8%)]	Loss: 0.003908
Train Epoch: 30 [12800/50000 (25.6%)]	Loss: 0.009519
Train Epoch: 30 [19200/50000 (38.4%)]	Loss: 0.006774
Train Epoch: 30 [25600/50000 (51.2%)]	Loss: 0.006093
Train Epoch: 30 [32000/50000 (63.9%)]	Loss: 0.013540
Train Epoch: 30 [38400/50000 (76.7%)]	Loss: 0.018693
Train Epoch: 30 [44800/50000 (89.5%)]	Loss: 0.022064

Test set: Average loss: 0.2894, Accuracy: 9325/10000 (93.0%)

Train Epoch: 31 [0/50000 (0.0%)]	Loss: 0.008396
Train Epoch: 31 [6400/50000 (12.8%)]	Loss: 0.026619
Train Epoch: 31 [12800/50000 (25.6%)]	Loss: 0.049274
Train Epoch: 31 [19200/50000 (38.4%)]	Loss: 0.012388
Train Epoch: 31 [25600/50000 (51.2%)]	Loss: 0.011022
Train Epoch: 31 [32000/50000 (63.9%)]	Loss: 0.010173
Train Epoch: 31 [38400/50000 (76.7%)]	Loss: 0.001800
Train Epoch: 31 [44800/50000 (89.5%)]	Loss: 0.010409

Test set: Average loss: 0.2912, Accuracy: 9309/10000 (93.0%)

Train Epoch: 32 [0/50000 (0.0%)]	Loss: 0.002086
Train Epoch: 32 [6400/50000 (12.8%)]	Loss: 0.012954
Train Epoch: 32 [12800/50000 (25.6%)]	Loss: 0.006368
Train Epoch: 32 [19200/50000 (38.4%)]	Loss: 0.030549
Train Epoch: 32 [25600/50000 (51.2%)]	Loss: 0.003852
Train Epoch: 32 [32000/50000 (63.9%)]	Loss: 0.010138
Train Epoch: 32 [38400/50000 (76.7%)]	Loss: 0.004356
Train Epoch: 32 [44800/50000 (89.5%)]	Loss: 0.008706

Test set: Average loss: 0.2983, Accuracy: 9330/10000 (93.0%)

Train Epoch: 33 [0/50000 (0.0%)]	Loss: 0.008972
Train Epoch: 33 [6400/50000 (12.8%)]	Loss: 0.002253
Train Epoch: 33 [12800/50000 (25.6%)]	Loss: 0.007256
Train Epoch: 33 [19200/50000 (38.4%)]	Loss: 0.006014
Train Epoch: 33 [25600/50000 (51.2%)]	Loss: 0.006045
Train Epoch: 33 [32000/50000 (63.9%)]	Loss: 0.015225
Train Epoch: 33 [38400/50000 (76.7%)]	Loss: 0.005425
Train Epoch: 33 [44800/50000 (89.5%)]	Loss: 0.004395

Test set: Average loss: 0.2831, Accuracy: 9342/10000 (93.0%)

Train Epoch: 34 [0/50000 (0.0%)]	Loss: 0.011237
Train Epoch: 34 [6400/50000 (12.8%)]	Loss: 0.001676
Train Epoch: 34 [12800/50000 (25.6%)]	Loss: 0.024460
Train Epoch: 34 [19200/50000 (38.4%)]	Loss: 0.004777
Train Epoch: 34 [25600/50000 (51.2%)]	Loss: 0.006416
Train Epoch: 34 [32000/50000 (63.9%)]	Loss: 0.005401
Train Epoch: 34 [38400/50000 (76.7%)]	Loss: 0.002666
Train Epoch: 34 [44800/50000 (89.5%)]	Loss: 0.010665

Test set: Average loss: 0.2891, Accuracy: 9328/10000 (93.0%)

Train Epoch: 35 [0/50000 (0.0%)]	Loss: 0.004760
Train Epoch: 35 [6400/50000 (12.8%)]	Loss: 0.024148
Train Epoch: 35 [12800/50000 (25.6%)]	Loss: 0.015368
Train Epoch: 35 [19200/50000 (38.4%)]	Loss: 0.005483
Train Epoch: 35 [25600/50000 (51.2%)]	Loss: 0.002448
Train Epoch: 35 [32000/50000 (63.9%)]	Loss: 0.008323
Train Epoch: 35 [38400/50000 (76.7%)]	Loss: 0.003393
Train Epoch: 35 [44800/50000 (89.5%)]	Loss: 0.001759

Test set: Average loss: 0.2918, Accuracy: 9345/10000 (93.0%)

Train Epoch: 36 [0/50000 (0.0%)]	Loss: 0.013429
Train Epoch: 36 [6400/50000 (12.8%)]	Loss: 0.004098
Train Epoch: 36 [12800/50000 (25.6%)]	Loss: 0.003748
Train Epoch: 36 [19200/50000 (38.4%)]	Loss: 0.009661
Train Epoch: 36 [25600/50000 (51.2%)]	Loss: 0.009445
Train Epoch: 36 [32000/50000 (63.9%)]	Loss: 0.003298
Train Epoch: 36 [38400/50000 (76.7%)]	Loss: 0.015584
Train Epoch: 36 [44800/50000 (89.5%)]	Loss: 0.024142

Test set: Average loss: 0.3022, Accuracy: 9302/10000 (93.0%)

Train Epoch: 37 [0/50000 (0.0%)]	Loss: 0.026044
Train Epoch: 37 [6400/50000 (12.8%)]	Loss: 0.010820
Train Epoch: 37 [12800/50000 (25.6%)]	Loss: 0.006735
Train Epoch: 37 [19200/50000 (38.4%)]	Loss: 0.003707
Train Epoch: 37 [25600/50000 (51.2%)]	Loss: 0.001207
Train Epoch: 37 [32000/50000 (63.9%)]	Loss: 0.003147
Train Epoch: 37 [38400/50000 (76.7%)]	Loss: 0.003582
Train Epoch: 37 [44800/50000 (89.5%)]	Loss: 0.009912

Test set: Average loss: 0.2962, Accuracy: 9348/10000 (93.0%)

Train Epoch: 38 [0/50000 (0.0%)]	Loss: 0.003911
Train Epoch: 38 [6400/50000 (12.8%)]	Loss: 0.001496
Train Epoch: 38 [12800/50000 (25.6%)]	Loss: 0.005891
Train Epoch: 38 [19200/50000 (38.4%)]	Loss: 0.028984
Train Epoch: 38 [25600/50000 (51.2%)]	Loss: 0.019615
Train Epoch: 38 [32000/50000 (63.9%)]	Loss: 0.010517
Train Epoch: 38 [38400/50000 (76.7%)]	Loss: 0.002667
Train Epoch: 38 [44800/50000 (89.5%)]	Loss: 0.005365

Test set: Average loss: 0.2963, Accuracy: 9320/10000 (93.0%)

Train Epoch: 39 [0/50000 (0.0%)]	Loss: 0.004590
Train Epoch: 39 [6400/50000 (12.8%)]	Loss: 0.002107
Train Epoch: 39 [12800/50000 (25.6%)]	Loss: 0.004386
Train Epoch: 39 [19200/50000 (38.4%)]	Loss: 0.003400
Train Epoch: 39 [25600/50000 (51.2%)]	Loss: 0.003936
Train Epoch: 39 [32000/50000 (63.9%)]	Loss: 0.007016
Train Epoch: 39 [38400/50000 (76.7%)]	Loss: 0.006029
Train Epoch: 39 [44800/50000 (89.5%)]	Loss: 0.022313

Test set: Average loss: 0.2970, Accuracy: 9320/10000 (93.0%)

Train Epoch: 40 [0/50000 (0.0%)]	Loss: 0.005049
Train Epoch: 40 [6400/50000 (12.8%)]	Loss: 0.007599
Train Epoch: 40 [12800/50000 (25.6%)]	Loss: 0.004377
Train Epoch: 40 [19200/50000 (38.4%)]	Loss: 0.022756
Train Epoch: 40 [25600/50000 (51.2%)]	Loss: 0.035832
Train Epoch: 40 [32000/50000 (63.9%)]	Loss: 0.015155
Train Epoch: 40 [38400/50000 (76.7%)]	Loss: 0.005855
Train Epoch: 40 [44800/50000 (89.5%)]	Loss: 0.004391

Test set: Average loss: 0.2989, Accuracy: 9333/10000 (93.0%)

Train Epoch: 41 [0/50000 (0.0%)]	Loss: 0.002815
Train Epoch: 41 [6400/50000 (12.8%)]	Loss: 0.003349
Train Epoch: 41 [12800/50000 (25.6%)]	Loss: 0.009020
Train Epoch: 41 [19200/50000 (38.4%)]	Loss: 0.015721
Train Epoch: 41 [25600/50000 (51.2%)]	Loss: 0.004397
Train Epoch: 41 [32000/50000 (63.9%)]	Loss: 0.004518
Train Epoch: 41 [38400/50000 (76.7%)]	Loss: 0.007050
Train Epoch: 41 [44800/50000 (89.5%)]	Loss: 0.028700

Test set: Average loss: 0.2968, Accuracy: 9316/10000 (93.0%)

Train Epoch: 42 [0/50000 (0.0%)]	Loss: 0.019362
Train Epoch: 42 [6400/50000 (12.8%)]	Loss: 0.017362
Train Epoch: 42 [12800/50000 (25.6%)]	Loss: 0.002385
Train Epoch: 42 [19200/50000 (38.4%)]	Loss: 0.003618
Train Epoch: 42 [25600/50000 (51.2%)]	Loss: 0.005009
Train Epoch: 42 [32000/50000 (63.9%)]	Loss: 0.012642
Train Epoch: 42 [38400/50000 (76.7%)]	Loss: 0.001463
Train Epoch: 42 [44800/50000 (89.5%)]	Loss: 0.001748

Test set: Average loss: 0.2946, Accuracy: 9345/10000 (93.0%)

Train Epoch: 43 [0/50000 (0.0%)]	Loss: 0.004942
Train Epoch: 43 [6400/50000 (12.8%)]	Loss: 0.019028
Train Epoch: 43 [12800/50000 (25.6%)]	Loss: 0.002319
Train Epoch: 43 [19200/50000 (38.4%)]	Loss: 0.005364
Train Epoch: 43 [25600/50000 (51.2%)]	Loss: 0.020892
Train Epoch: 43 [32000/50000 (63.9%)]	Loss: 0.014891
Train Epoch: 43 [38400/50000 (76.7%)]	Loss: 0.012540
Train Epoch: 43 [44800/50000 (89.5%)]	Loss: 0.016191

Test set: Average loss: 0.2951, Accuracy: 9332/10000 (93.0%)

Train Epoch: 44 [0/50000 (0.0%)]	Loss: 0.001891
Train Epoch: 44 [6400/50000 (12.8%)]	Loss: 0.014754
Train Epoch: 44 [12800/50000 (25.6%)]	Loss: 0.010358
Train Epoch: 44 [19200/50000 (38.4%)]	Loss: 0.006260
Train Epoch: 44 [25600/50000 (51.2%)]	Loss: 0.002272
Train Epoch: 44 [32000/50000 (63.9%)]	Loss: 0.018654
Train Epoch: 44 [38400/50000 (76.7%)]	Loss: 0.007100
Train Epoch: 44 [44800/50000 (89.5%)]	Loss: 0.010401

Test set: Average loss: 0.2975, Accuracy: 9330/10000 (93.0%)

Train Epoch: 45 [0/50000 (0.0%)]	Loss: 0.003649
Train Epoch: 45 [6400/50000 (12.8%)]	Loss: 0.003954
Train Epoch: 45 [12800/50000 (25.6%)]	Loss: 0.005746
Train Epoch: 45 [19200/50000 (38.4%)]	Loss: 0.003689
Train Epoch: 45 [25600/50000 (51.2%)]	Loss: 0.009170
Train Epoch: 45 [32000/50000 (63.9%)]	Loss: 0.002984
Train Epoch: 45 [38400/50000 (76.7%)]	Loss: 0.045801
Train Epoch: 45 [44800/50000 (89.5%)]	Loss: 0.002488

Test set: Average loss: 0.3026, Accuracy: 9320/10000 (93.0%)

Train Epoch: 46 [0/50000 (0.0%)]	Loss: 0.014918
Train Epoch: 46 [6400/50000 (12.8%)]	Loss: 0.008766
Train Epoch: 46 [12800/50000 (25.6%)]	Loss: 0.033713
Train Epoch: 46 [19200/50000 (38.4%)]	Loss: 0.002785
Train Epoch: 46 [25600/50000 (51.2%)]	Loss: 0.057626
Train Epoch: 46 [32000/50000 (63.9%)]	Loss: 0.002903
Train Epoch: 46 [38400/50000 (76.7%)]	Loss: 0.003006
Train Epoch: 46 [44800/50000 (89.5%)]	Loss: 0.003417

Test set: Average loss: 0.3058, Accuracy: 9314/10000 (93.0%)

Train Epoch: 47 [0/50000 (0.0%)]	Loss: 0.004511
Train Epoch: 47 [6400/50000 (12.8%)]	Loss: 0.004027
Train Epoch: 47 [12800/50000 (25.6%)]	Loss: 0.018853
Train Epoch: 47 [19200/50000 (38.4%)]	Loss: 0.001388
Train Epoch: 47 [25600/50000 (51.2%)]	Loss: 0.003436
Train Epoch: 47 [32000/50000 (63.9%)]	Loss: 0.004437
Train Epoch: 47 [38400/50000 (76.7%)]	Loss: 0.023375
Train Epoch: 47 [44800/50000 (89.5%)]	Loss: 0.002470

Test set: Average loss: 0.2982, Accuracy: 9330/10000 (93.0%)

Train Epoch: 48 [0/50000 (0.0%)]	Loss: 0.001980
Train Epoch: 48 [6400/50000 (12.8%)]	Loss: 0.003268
Train Epoch: 48 [12800/50000 (25.6%)]	Loss: 0.010987
Train Epoch: 48 [19200/50000 (38.4%)]	Loss: 0.009027
Train Epoch: 48 [25600/50000 (51.2%)]	Loss: 0.005350
Train Epoch: 48 [32000/50000 (63.9%)]	Loss: 0.006604
Train Epoch: 48 [38400/50000 (76.7%)]	Loss: 0.006793
Train Epoch: 48 [44800/50000 (89.5%)]	Loss: 0.009666

Test set: Average loss: 0.3052, Accuracy: 9314/10000 (93.0%)

Train Epoch: 49 [0/50000 (0.0%)]	Loss: 0.003110
Train Epoch: 49 [6400/50000 (12.8%)]	Loss: 0.009718
Train Epoch: 49 [12800/50000 (25.6%)]	Loss: 0.004393
Train Epoch: 49 [19200/50000 (38.4%)]	Loss: 0.006831
Train Epoch: 49 [25600/50000 (51.2%)]	Loss: 0.003005
Train Epoch: 49 [32000/50000 (63.9%)]	Loss: 0.003358
Train Epoch: 49 [38400/50000 (76.7%)]	Loss: 0.032026
Train Epoch: 49 [44800/50000 (89.5%)]	Loss: 0.001375

Test set: Average loss: 0.3116, Accuracy: 9315/10000 (93.0%)

Train Epoch: 50 [0/50000 (0.0%)]	Loss: 0.003573
Train Epoch: 50 [6400/50000 (12.8%)]	Loss: 0.001064
Train Epoch: 50 [12800/50000 (25.6%)]	Loss: 0.006807
Train Epoch: 50 [19200/50000 (38.4%)]	Loss: 0.005755
Train Epoch: 50 [25600/50000 (51.2%)]	Loss: 0.003634
Train Epoch: 50 [32000/50000 (63.9%)]	Loss: 0.001127
Train Epoch: 50 [38400/50000 (76.7%)]	Loss: 0.002687
Train Epoch: 50 [44800/50000 (89.5%)]	Loss: 0.001613

Test set: Average loss: 0.3133, Accuracy: 9289/10000 (92.0%)

Train Epoch: 51 [0/50000 (0.0%)]	Loss: 0.002582
Train Epoch: 51 [6400/50000 (12.8%)]	Loss: 0.001217
Train Epoch: 51 [12800/50000 (25.6%)]	Loss: 0.010536
Train Epoch: 51 [19200/50000 (38.4%)]	Loss: 0.019688
Train Epoch: 51 [25600/50000 (51.2%)]	Loss: 0.003489
Train Epoch: 51 [32000/50000 (63.9%)]	Loss: 0.023567
Train Epoch: 51 [38400/50000 (76.7%)]	Loss: 0.002807
Train Epoch: 51 [44800/50000 (89.5%)]	Loss: 0.006697

Test set: Average loss: 0.3024, Accuracy: 9301/10000 (93.0%)

Train Epoch: 52 [0/50000 (0.0%)]	Loss: 0.005516
Train Epoch: 52 [6400/50000 (12.8%)]	Loss: 0.003467
Train Epoch: 52 [12800/50000 (25.6%)]	Loss: 0.004099
Train Epoch: 52 [19200/50000 (38.4%)]	Loss: 0.004432
Train Epoch: 52 [25600/50000 (51.2%)]	Loss: 0.002011
Train Epoch: 52 [32000/50000 (63.9%)]	Loss: 0.001577
Train Epoch: 52 [38400/50000 (76.7%)]	Loss: 0.007564
Train Epoch: 52 [44800/50000 (89.5%)]	Loss: 0.014692

Test set: Average loss: 0.3021, Accuracy: 9326/10000 (93.0%)

Train Epoch: 53 [0/50000 (0.0%)]	Loss: 0.008494
Train Epoch: 53 [6400/50000 (12.8%)]	Loss: 0.002249
Train Epoch: 53 [12800/50000 (25.6%)]	Loss: 0.002217
Train Epoch: 53 [19200/50000 (38.4%)]	Loss: 0.004819
Train Epoch: 53 [25600/50000 (51.2%)]	Loss: 0.004404
Train Epoch: 53 [32000/50000 (63.9%)]	Loss: 0.008143
Train Epoch: 53 [38400/50000 (76.7%)]	Loss: 0.005419
Train Epoch: 53 [44800/50000 (89.5%)]	Loss: 0.017766

Test set: Average loss: 0.3012, Accuracy: 9331/10000 (93.0%)

Train Epoch: 54 [0/50000 (0.0%)]	Loss: 0.039009
Train Epoch: 54 [6400/50000 (12.8%)]	Loss: 0.007036
Train Epoch: 54 [12800/50000 (25.6%)]	Loss: 0.008664
Train Epoch: 54 [19200/50000 (38.4%)]	Loss: 0.006706
Train Epoch: 54 [25600/50000 (51.2%)]	Loss: 0.003660
Train Epoch: 54 [32000/50000 (63.9%)]	Loss: 0.021095
Train Epoch: 54 [38400/50000 (76.7%)]	Loss: 0.003934
Train Epoch: 54 [44800/50000 (89.5%)]	Loss: 0.003618

Test set: Average loss: 0.3013, Accuracy: 9315/10000 (93.0%)

Train Epoch: 55 [0/50000 (0.0%)]	Loss: 0.018406
Train Epoch: 55 [6400/50000 (12.8%)]	Loss: 0.016931
Train Epoch: 55 [12800/50000 (25.6%)]	Loss: 0.004237
Train Epoch: 55 [19200/50000 (38.4%)]	Loss: 0.023578
Train Epoch: 55 [25600/50000 (51.2%)]	Loss: 0.003696
Train Epoch: 55 [32000/50000 (63.9%)]	Loss: 0.009565
Train Epoch: 55 [38400/50000 (76.7%)]	Loss: 0.022571
Train Epoch: 55 [44800/50000 (89.5%)]	Loss: 0.003647

Test set: Average loss: 0.3116, Accuracy: 9312/10000 (93.0%)

Train Epoch: 56 [0/50000 (0.0%)]	Loss: 0.008650
Train Epoch: 56 [6400/50000 (12.8%)]	Loss: 0.002976
Train Epoch: 56 [12800/50000 (25.6%)]	Loss: 0.003572
Train Epoch: 56 [19200/50000 (38.4%)]	Loss: 0.004252
Train Epoch: 56 [25600/50000 (51.2%)]	Loss: 0.007608
Train Epoch: 56 [32000/50000 (63.9%)]	Loss: 0.010004
Train Epoch: 56 [38400/50000 (76.7%)]	Loss: 0.001316
Train Epoch: 56 [44800/50000 (89.5%)]	Loss: 0.020150

Test set: Average loss: 0.3196, Accuracy: 9298/10000 (92.0%)

Train Epoch: 57 [0/50000 (0.0%)]	Loss: 0.007878
Train Epoch: 57 [6400/50000 (12.8%)]	Loss: 0.004768
Train Epoch: 57 [12800/50000 (25.6%)]	Loss: 0.004638
Train Epoch: 57 [19200/50000 (38.4%)]	Loss: 0.020891
Train Epoch: 57 [25600/50000 (51.2%)]	Loss: 0.002900
Train Epoch: 57 [32000/50000 (63.9%)]	Loss: 0.001481
Train Epoch: 57 [38400/50000 (76.7%)]	Loss: 0.002040
Train Epoch: 57 [44800/50000 (89.5%)]	Loss: 0.005084

Test set: Average loss: 0.3089, Accuracy: 9316/10000 (93.0%)

Train Epoch: 58 [0/50000 (0.0%)]	Loss: 0.001498
Train Epoch: 58 [6400/50000 (12.8%)]	Loss: 0.001885
Train Epoch: 58 [12800/50000 (25.6%)]	Loss: 0.004406
Train Epoch: 58 [19200/50000 (38.4%)]	Loss: 0.003264
Train Epoch: 58 [25600/50000 (51.2%)]	Loss: 0.004546
Train Epoch: 58 [32000/50000 (63.9%)]	Loss: 0.002484
Train Epoch: 58 [38400/50000 (76.7%)]	Loss: 0.014331
Train Epoch: 58 [44800/50000 (89.5%)]	Loss: 0.001460

Test set: Average loss: 0.3009, Accuracy: 9337/10000 (93.0%)

Train Epoch: 59 [0/50000 (0.0%)]	Loss: 0.002508
Train Epoch: 59 [6400/50000 (12.8%)]	Loss: 0.004791
Train Epoch: 59 [12800/50000 (25.6%)]	Loss: 0.002341
Train Epoch: 59 [19200/50000 (38.4%)]	Loss: 0.012028
Train Epoch: 59 [25600/50000 (51.2%)]	Loss: 0.033384
Train Epoch: 59 [32000/50000 (63.9%)]	Loss: 0.011240
Train Epoch: 59 [38400/50000 (76.7%)]	Loss: 0.001252
Train Epoch: 59 [44800/50000 (89.5%)]	Loss: 0.008823

Test set: Average loss: 0.3130, Accuracy: 9312/10000 (93.0%)

Train Epoch: 60 [0/50000 (0.0%)]	Loss: 0.015650
Train Epoch: 60 [6400/50000 (12.8%)]	Loss: 0.007380
Train Epoch: 60 [12800/50000 (25.6%)]	Loss: 0.000577
Train Epoch: 60 [19200/50000 (38.4%)]	Loss: 0.015196
Train Epoch: 60 [25600/50000 (51.2%)]	Loss: 0.005224
Train Epoch: 60 [32000/50000 (63.9%)]	Loss: 0.001198
Train Epoch: 60 [38400/50000 (76.7%)]	Loss: 0.002263
Train Epoch: 60 [44800/50000 (89.5%)]	Loss: 0.007281

Test set: Average loss: 0.3069, Accuracy: 9323/10000 (93.0%)

Train Epoch: 61 [0/50000 (0.0%)]	Loss: 0.004099
Train Epoch: 61 [6400/50000 (12.8%)]	Loss: 0.039344
Train Epoch: 61 [12800/50000 (25.6%)]	Loss: 0.004360
Train Epoch: 61 [19200/50000 (38.4%)]	Loss: 0.005286
Train Epoch: 61 [25600/50000 (51.2%)]	Loss: 0.007693
Train Epoch: 61 [32000/50000 (63.9%)]	Loss: 0.026631
Train Epoch: 61 [38400/50000 (76.7%)]	Loss: 0.038764
Train Epoch: 61 [44800/50000 (89.5%)]	Loss: 0.003355

Test set: Average loss: 0.3043, Accuracy: 9339/10000 (93.0%)

Train Epoch: 62 [0/50000 (0.0%)]	Loss: 0.005822
Train Epoch: 62 [6400/50000 (12.8%)]	Loss: 0.006717
Train Epoch: 62 [12800/50000 (25.6%)]	Loss: 0.006922
Train Epoch: 62 [19200/50000 (38.4%)]	Loss: 0.002981
Train Epoch: 62 [25600/50000 (51.2%)]	Loss: 0.001838
Train Epoch: 62 [32000/50000 (63.9%)]	Loss: 0.003172
Train Epoch: 62 [38400/50000 (76.7%)]	Loss: 0.029892
Train Epoch: 62 [44800/50000 (89.5%)]	Loss: 0.003441

Test set: Average loss: 0.3112, Accuracy: 9303/10000 (93.0%)

Train Epoch: 63 [0/50000 (0.0%)]	Loss: 0.003443
Train Epoch: 63 [6400/50000 (12.8%)]	Loss: 0.003890
Train Epoch: 63 [12800/50000 (25.6%)]	Loss: 0.009841
Train Epoch: 63 [19200/50000 (38.4%)]	Loss: 0.006065
Train Epoch: 63 [25600/50000 (51.2%)]	Loss: 0.012464
Train Epoch: 63 [32000/50000 (63.9%)]	Loss: 0.001703
Train Epoch: 63 [38400/50000 (76.7%)]	Loss: 0.054145
Train Epoch: 63 [44800/50000 (89.5%)]	Loss: 0.001507

Test set: Average loss: 0.3082, Accuracy: 9312/10000 (93.0%)

Train Epoch: 64 [0/50000 (0.0%)]	Loss: 0.004275
Train Epoch: 64 [6400/50000 (12.8%)]	Loss: 0.001672
Train Epoch: 64 [12800/50000 (25.6%)]	Loss: 0.002678
Train Epoch: 64 [19200/50000 (38.4%)]	Loss: 0.019264
Train Epoch: 64 [25600/50000 (51.2%)]	Loss: 0.007413
Train Epoch: 64 [32000/50000 (63.9%)]	Loss: 0.009711
Train Epoch: 64 [38400/50000 (76.7%)]	Loss: 0.011115
Train Epoch: 64 [44800/50000 (89.5%)]	Loss: 0.001590

Test set: Average loss: 0.3071, Accuracy: 9327/10000 (93.0%)

Train Epoch: 65 [0/50000 (0.0%)]	Loss: 0.001899
Train Epoch: 65 [6400/50000 (12.8%)]	Loss: 0.002455
Train Epoch: 65 [12800/50000 (25.6%)]	Loss: 0.009316
Train Epoch: 65 [19200/50000 (38.4%)]	Loss: 0.005473
Train Epoch: 65 [25600/50000 (51.2%)]	Loss: 0.002823
Train Epoch: 65 [32000/50000 (63.9%)]	Loss: 0.003363
Train Epoch: 65 [38400/50000 (76.7%)]	Loss: 0.010221
Train Epoch: 65 [44800/50000 (89.5%)]	Loss: 0.003212

Test set: Average loss: 0.3159, Accuracy: 9324/10000 (93.0%)

Train Epoch: 66 [0/50000 (0.0%)]	Loss: 0.001859
Train Epoch: 66 [6400/50000 (12.8%)]	Loss: 0.001945
Train Epoch: 66 [12800/50000 (25.6%)]	Loss: 0.004921
Train Epoch: 66 [19200/50000 (38.4%)]	Loss: 0.019635
Train Epoch: 66 [25600/50000 (51.2%)]	Loss: 0.006451
Train Epoch: 66 [32000/50000 (63.9%)]	Loss: 0.008575
Train Epoch: 66 [38400/50000 (76.7%)]	Loss: 0.002772
Train Epoch: 66 [44800/50000 (89.5%)]	Loss: 0.006157

Test set: Average loss: 0.3070, Accuracy: 9333/10000 (93.0%)

Train Epoch: 67 [0/50000 (0.0%)]	Loss: 0.006674
Train Epoch: 67 [6400/50000 (12.8%)]	Loss: 0.006282
Train Epoch: 67 [12800/50000 (25.6%)]	Loss: 0.003015
Train Epoch: 67 [19200/50000 (38.4%)]	Loss: 0.006049
Train Epoch: 67 [25600/50000 (51.2%)]	Loss: 0.001832
Train Epoch: 67 [32000/50000 (63.9%)]	Loss: 0.019117
Train Epoch: 67 [38400/50000 (76.7%)]	Loss: 0.005184
Train Epoch: 67 [44800/50000 (89.5%)]	Loss: 0.024444

Test set: Average loss: 0.3097, Accuracy: 9301/10000 (93.0%)

Train Epoch: 68 [0/50000 (0.0%)]	Loss: 0.004206
Train Epoch: 68 [6400/50000 (12.8%)]	Loss: 0.003034
Train Epoch: 68 [12800/50000 (25.6%)]	Loss: 0.005322
Train Epoch: 68 [19200/50000 (38.4%)]	Loss: 0.001813
Train Epoch: 68 [25600/50000 (51.2%)]	Loss: 0.004077
Train Epoch: 68 [32000/50000 (63.9%)]	Loss: 0.001972
Train Epoch: 68 [38400/50000 (76.7%)]	Loss: 0.004803
Train Epoch: 68 [44800/50000 (89.5%)]	Loss: 0.001301

Test set: Average loss: 0.3074, Accuracy: 9325/10000 (93.0%)

Train Epoch: 69 [0/50000 (0.0%)]	Loss: 0.003948
Train Epoch: 69 [6400/50000 (12.8%)]	Loss: 0.002364
Train Epoch: 69 [12800/50000 (25.6%)]	Loss: 0.004794
Train Epoch: 69 [19200/50000 (38.4%)]	Loss: 0.013108
Train Epoch: 69 [25600/50000 (51.2%)]	Loss: 0.003418
Train Epoch: 69 [32000/50000 (63.9%)]	Loss: 0.009030
Train Epoch: 69 [38400/50000 (76.7%)]	Loss: 0.004928
Train Epoch: 69 [44800/50000 (89.5%)]	Loss: 0.011637

Test set: Average loss: 0.3115, Accuracy: 9317/10000 (93.0%)

Train Epoch: 70 [0/50000 (0.0%)]	Loss: 0.001355
Train Epoch: 70 [6400/50000 (12.8%)]	Loss: 0.001828
Train Epoch: 70 [12800/50000 (25.6%)]	Loss: 0.010286
Train Epoch: 70 [19200/50000 (38.4%)]	Loss: 0.002504
Train Epoch: 70 [25600/50000 (51.2%)]	Loss: 0.004065
Train Epoch: 70 [32000/50000 (63.9%)]	Loss: 0.011694
Train Epoch: 70 [38400/50000 (76.7%)]	Loss: 0.002232
Train Epoch: 70 [44800/50000 (89.5%)]	Loss: 0.003771

Test set: Average loss: 0.3127, Accuracy: 9320/10000 (93.0%)

Train Epoch: 71 [0/50000 (0.0%)]	Loss: 0.002075
Train Epoch: 71 [6400/50000 (12.8%)]	Loss: 0.013895
Train Epoch: 71 [12800/50000 (25.6%)]	Loss: 0.001732
Train Epoch: 71 [19200/50000 (38.4%)]	Loss: 0.001131
Train Epoch: 71 [25600/50000 (51.2%)]	Loss: 0.002447
Train Epoch: 71 [32000/50000 (63.9%)]	Loss: 0.010432
Train Epoch: 71 [38400/50000 (76.7%)]	Loss: 0.001727
Train Epoch: 71 [44800/50000 (89.5%)]	Loss: 0.019909

Test set: Average loss: 0.3130, Accuracy: 9321/10000 (93.0%)

Train Epoch: 72 [0/50000 (0.0%)]	Loss: 0.017925
Train Epoch: 72 [6400/50000 (12.8%)]	Loss: 0.002603
Train Epoch: 72 [12800/50000 (25.6%)]	Loss: 0.001219
Train Epoch: 72 [19200/50000 (38.4%)]	Loss: 0.016417
Train Epoch: 72 [25600/50000 (51.2%)]	Loss: 0.003741
Train Epoch: 72 [32000/50000 (63.9%)]	Loss: 0.067111
Train Epoch: 72 [38400/50000 (76.7%)]	Loss: 0.002878
Train Epoch: 72 [44800/50000 (89.5%)]	Loss: 0.002746

Test set: Average loss: 0.3267, Accuracy: 9271/10000 (92.0%)

Train Epoch: 73 [0/50000 (0.0%)]	Loss: 0.014619
Train Epoch: 73 [6400/50000 (12.8%)]	Loss: 0.008280
Train Epoch: 73 [12800/50000 (25.6%)]	Loss: 0.005174
Train Epoch: 73 [19200/50000 (38.4%)]	Loss: 0.016557
Train Epoch: 73 [25600/50000 (51.2%)]	Loss: 0.003280
Train Epoch: 73 [32000/50000 (63.9%)]	Loss: 0.007239
Train Epoch: 73 [38400/50000 (76.7%)]	Loss: 0.005514
Train Epoch: 73 [44800/50000 (89.5%)]	Loss: 0.002272

Test set: Average loss: 0.3228, Accuracy: 9311/10000 (93.0%)

Train Epoch: 74 [0/50000 (0.0%)]	Loss: 0.011647
Train Epoch: 74 [6400/50000 (12.8%)]	Loss: 0.008910
Train Epoch: 74 [12800/50000 (25.6%)]	Loss: 0.002543
Train Epoch: 74 [19200/50000 (38.4%)]	Loss: 0.011868
Train Epoch: 74 [25600/50000 (51.2%)]	Loss: 0.003966
Train Epoch: 74 [32000/50000 (63.9%)]	Loss: 0.041080
Train Epoch: 74 [38400/50000 (76.7%)]	Loss: 0.017637
Train Epoch: 74 [44800/50000 (89.5%)]	Loss: 0.002221

Test set: Average loss: 0.3164, Accuracy: 9288/10000 (92.0%)

Train Epoch: 75 [0/50000 (0.0%)]	Loss: 0.000837
Train Epoch: 75 [6400/50000 (12.8%)]	Loss: 0.004149
Train Epoch: 75 [12800/50000 (25.6%)]	Loss: 0.011654
Train Epoch: 75 [19200/50000 (38.4%)]	Loss: 0.003677
Train Epoch: 75 [25600/50000 (51.2%)]	Loss: 0.005411
Train Epoch: 75 [32000/50000 (63.9%)]	Loss: 0.009948
Train Epoch: 75 [38400/50000 (76.7%)]	Loss: 0.005343
Train Epoch: 75 [44800/50000 (89.5%)]	Loss: 0.023131

Test set: Average loss: 0.3067, Accuracy: 9320/10000 (93.0%)

Train Epoch: 76 [0/50000 (0.0%)]	Loss: 0.006577
Train Epoch: 76 [6400/50000 (12.8%)]	Loss: 0.019849
Train Epoch: 76 [12800/50000 (25.6%)]	Loss: 0.005358
Train Epoch: 76 [19200/50000 (38.4%)]	Loss: 0.003300
Train Epoch: 76 [25600/50000 (51.2%)]	Loss: 0.066995
Train Epoch: 76 [32000/50000 (63.9%)]	Loss: 0.004103
Train Epoch: 76 [38400/50000 (76.7%)]	Loss: 0.004615
Train Epoch: 76 [44800/50000 (89.5%)]	Loss: 0.010711

Test set: Average loss: 0.3136, Accuracy: 9314/10000 (93.0%)

Train Epoch: 77 [0/50000 (0.0%)]	Loss: 0.005538
Train Epoch: 77 [6400/50000 (12.8%)]	Loss: 0.043877
Train Epoch: 77 [12800/50000 (25.6%)]	Loss: 0.001730
Train Epoch: 77 [19200/50000 (38.4%)]	Loss: 0.003343
Train Epoch: 77 [25600/50000 (51.2%)]	Loss: 0.004169
Train Epoch: 77 [32000/50000 (63.9%)]	Loss: 0.048423
Train Epoch: 77 [38400/50000 (76.7%)]	Loss: 0.002252
Train Epoch: 77 [44800/50000 (89.5%)]	Loss: 0.003163

Test set: Average loss: 0.3167, Accuracy: 9293/10000 (92.0%)

Train Epoch: 78 [0/50000 (0.0%)]	Loss: 0.010434
Train Epoch: 78 [6400/50000 (12.8%)]	Loss: 0.006414
Train Epoch: 78 [12800/50000 (25.6%)]	Loss: 0.003470
Train Epoch: 78 [19200/50000 (38.4%)]	Loss: 0.007408
Train Epoch: 78 [25600/50000 (51.2%)]	Loss: 0.017094
Train Epoch: 78 [32000/50000 (63.9%)]	Loss: 0.003308
Train Epoch: 78 [38400/50000 (76.7%)]	Loss: 0.005009
Train Epoch: 78 [44800/50000 (89.5%)]	Loss: 0.001689

Test set: Average loss: 0.3097, Accuracy: 9315/10000 (93.0%)

Train Epoch: 79 [0/50000 (0.0%)]	Loss: 0.013946
Train Epoch: 79 [6400/50000 (12.8%)]	Loss: 0.015291
Train Epoch: 79 [12800/50000 (25.6%)]	Loss: 0.006494
Train Epoch: 79 [19200/50000 (38.4%)]	Loss: 0.005948
Train Epoch: 79 [25600/50000 (51.2%)]	Loss: 0.008584
Train Epoch: 79 [32000/50000 (63.9%)]	Loss: 0.001686
Train Epoch: 79 [38400/50000 (76.7%)]	Loss: 0.004698
Train Epoch: 79 [44800/50000 (89.5%)]	Loss: 0.003933

Test set: Average loss: 0.3105, Accuracy: 9307/10000 (93.0%)

Train Epoch: 80 [0/50000 (0.0%)]	Loss: 0.002608
Train Epoch: 80 [6400/50000 (12.8%)]	Loss: 0.001986
Train Epoch: 80 [12800/50000 (25.6%)]	Loss: 0.006341
Train Epoch: 80 [19200/50000 (38.4%)]	Loss: 0.003170
Train Epoch: 80 [25600/50000 (51.2%)]	Loss: 0.003229
Train Epoch: 80 [32000/50000 (63.9%)]	Loss: 0.003054
Train Epoch: 80 [38400/50000 (76.7%)]	Loss: 0.015914
Train Epoch: 80 [44800/50000 (89.5%)]	Loss: 0.005972

Test set: Average loss: 0.3087, Accuracy: 9318/10000 (93.0%)

Train Epoch: 81 [0/50000 (0.0%)]	Loss: 0.005438
Train Epoch: 81 [6400/50000 (12.8%)]	Loss: 0.001664
Train Epoch: 81 [12800/50000 (25.6%)]	Loss: 0.022398
Train Epoch: 81 [19200/50000 (38.4%)]	Loss: 0.001603
Train Epoch: 81 [25600/50000 (51.2%)]	Loss: 0.003475
Train Epoch: 81 [32000/50000 (63.9%)]	Loss: 0.003282
Train Epoch: 81 [38400/50000 (76.7%)]	Loss: 0.012380
Train Epoch: 81 [44800/50000 (89.5%)]	Loss: 0.004123

Test set: Average loss: 0.3138, Accuracy: 9307/10000 (93.0%)

Train Epoch: 82 [0/50000 (0.0%)]	Loss: 0.013276
Train Epoch: 82 [6400/50000 (12.8%)]	Loss: 0.044715
Train Epoch: 82 [12800/50000 (25.6%)]	Loss: 0.002367
Train Epoch: 82 [19200/50000 (38.4%)]	Loss: 0.001077
Train Epoch: 82 [25600/50000 (51.2%)]	Loss: 0.001464
Train Epoch: 82 [32000/50000 (63.9%)]	Loss: 0.001472
Train Epoch: 82 [38400/50000 (76.7%)]	Loss: 0.001598
Train Epoch: 82 [44800/50000 (89.5%)]	Loss: 0.003794

Test set: Average loss: 0.3068, Accuracy: 9333/10000 (93.0%)

Train Epoch: 83 [0/50000 (0.0%)]	Loss: 0.002466
Train Epoch: 83 [6400/50000 (12.8%)]	Loss: 0.008423
Train Epoch: 83 [12800/50000 (25.6%)]	Loss: 0.003822
Train Epoch: 83 [19200/50000 (38.4%)]	Loss: 0.002512
Train Epoch: 83 [25600/50000 (51.2%)]	Loss: 0.060016
Train Epoch: 83 [32000/50000 (63.9%)]	Loss: 0.003471
Train Epoch: 83 [38400/50000 (76.7%)]	Loss: 0.002961
Train Epoch: 83 [44800/50000 (89.5%)]	Loss: 0.006718

Test set: Average loss: 0.3105, Accuracy: 9322/10000 (93.0%)

Train Epoch: 84 [0/50000 (0.0%)]	Loss: 0.001570
Train Epoch: 84 [6400/50000 (12.8%)]	Loss: 0.018438
Train Epoch: 84 [12800/50000 (25.6%)]	Loss: 0.001263
Train Epoch: 84 [19200/50000 (38.4%)]	Loss: 0.005071
Train Epoch: 84 [25600/50000 (51.2%)]	Loss: 0.011664
Train Epoch: 84 [32000/50000 (63.9%)]	Loss: 0.006244
Train Epoch: 84 [38400/50000 (76.7%)]	Loss: 0.004849
Train Epoch: 84 [44800/50000 (89.5%)]	Loss: 0.006225

Test set: Average loss: 0.3071, Accuracy: 9317/10000 (93.0%)

Train Epoch: 85 [0/50000 (0.0%)]	Loss: 0.001367
Train Epoch: 85 [6400/50000 (12.8%)]	Loss: 0.016906
Train Epoch: 85 [12800/50000 (25.6%)]	Loss: 0.000687
Train Epoch: 85 [19200/50000 (38.4%)]	Loss: 0.003261
Train Epoch: 85 [25600/50000 (51.2%)]	Loss: 0.001530
Train Epoch: 85 [32000/50000 (63.9%)]	Loss: 0.003706
Train Epoch: 85 [38400/50000 (76.7%)]	Loss: 0.001015
Train Epoch: 85 [44800/50000 (89.5%)]	Loss: 0.005646

Test set: Average loss: 0.3102, Accuracy: 9316/10000 (93.0%)

Train Epoch: 86 [0/50000 (0.0%)]	Loss: 0.002531
Train Epoch: 86 [6400/50000 (12.8%)]	Loss: 0.007654
Train Epoch: 86 [12800/50000 (25.6%)]	Loss: 0.004474
Train Epoch: 86 [19200/50000 (38.4%)]	Loss: 0.030077
Train Epoch: 86 [25600/50000 (51.2%)]	Loss: 0.002336
Train Epoch: 86 [32000/50000 (63.9%)]	Loss: 0.002141
Train Epoch: 86 [38400/50000 (76.7%)]	Loss: 0.002727
Train Epoch: 86 [44800/50000 (89.5%)]	Loss: 0.002519

Test set: Average loss: 0.3061, Accuracy: 9333/10000 (93.0%)

Train Epoch: 87 [0/50000 (0.0%)]	Loss: 0.009686
Train Epoch: 87 [6400/50000 (12.8%)]	Loss: 0.002232
Train Epoch: 87 [12800/50000 (25.6%)]	Loss: 0.038547
Train Epoch: 87 [19200/50000 (38.4%)]	Loss: 0.021946
Train Epoch: 87 [25600/50000 (51.2%)]	Loss: 0.001409
Train Epoch: 87 [32000/50000 (63.9%)]	Loss: 0.004626
Train Epoch: 87 [38400/50000 (76.7%)]	Loss: 0.005732
Train Epoch: 87 [44800/50000 (89.5%)]	Loss: 0.006770

Test set: Average loss: 0.3032, Accuracy: 9325/10000 (93.0%)

Train Epoch: 88 [0/50000 (0.0%)]	Loss: 0.002119
Train Epoch: 88 [6400/50000 (12.8%)]	Loss: 0.002293
Train Epoch: 88 [12800/50000 (25.6%)]	Loss: 0.001239
Train Epoch: 88 [19200/50000 (38.4%)]	Loss: 0.001199
Train Epoch: 88 [25600/50000 (51.2%)]	Loss: 0.001102
Train Epoch: 88 [32000/50000 (63.9%)]	Loss: 0.007056
Train Epoch: 88 [38400/50000 (76.7%)]	Loss: 0.001228
Train Epoch: 88 [44800/50000 (89.5%)]	Loss: 0.003044

Test set: Average loss: 0.3122, Accuracy: 9308/10000 (93.0%)

Train Epoch: 89 [0/50000 (0.0%)]	Loss: 0.004959
Train Epoch: 89 [6400/50000 (12.8%)]	Loss: 0.005324
Train Epoch: 89 [12800/50000 (25.6%)]	Loss: 0.068917
Train Epoch: 89 [19200/50000 (38.4%)]	Loss: 0.001511
Train Epoch: 89 [25600/50000 (51.2%)]	Loss: 0.016808
Train Epoch: 89 [32000/50000 (63.9%)]	Loss: 0.012614
Train Epoch: 89 [38400/50000 (76.7%)]	Loss: 0.001399
Train Epoch: 89 [44800/50000 (89.5%)]	Loss: 0.001688

Test set: Average loss: 0.3040, Accuracy: 9324/10000 (93.0%)

Train Epoch: 90 [0/50000 (0.0%)]	Loss: 0.008132
Train Epoch: 90 [6400/50000 (12.8%)]	Loss: 0.000836
Train Epoch: 90 [12800/50000 (25.6%)]	Loss: 0.001063
Train Epoch: 90 [19200/50000 (38.4%)]	Loss: 0.002005
Train Epoch: 90 [25600/50000 (51.2%)]	Loss: 0.002997
Train Epoch: 90 [32000/50000 (63.9%)]	Loss: 0.002590
Train Epoch: 90 [38400/50000 (76.7%)]	Loss: 0.002552
Train Epoch: 90 [44800/50000 (89.5%)]	Loss: 0.016216

Test set: Average loss: 0.3047, Accuracy: 9333/10000 (93.0%)

Train Epoch: 91 [0/50000 (0.0%)]	Loss: 0.008896
Train Epoch: 91 [6400/50000 (12.8%)]	Loss: 0.002324
Train Epoch: 91 [12800/50000 (25.6%)]	Loss: 0.001896
Train Epoch: 91 [19200/50000 (38.4%)]	Loss: 0.001515
Train Epoch: 91 [25600/50000 (51.2%)]	Loss: 0.011191
Train Epoch: 91 [32000/50000 (63.9%)]	Loss: 0.003130
Train Epoch: 91 [38400/50000 (76.7%)]	Loss: 0.002391
Train Epoch: 91 [44800/50000 (89.5%)]	Loss: 0.006321

Test set: Average loss: 0.3012, Accuracy: 9332/10000 (93.0%)

Train Epoch: 92 [0/50000 (0.0%)]	Loss: 0.001990
Train Epoch: 92 [6400/50000 (12.8%)]	Loss: 0.001449
Train Epoch: 92 [12800/50000 (25.6%)]	Loss: 0.001727
Train Epoch: 92 [19200/50000 (38.4%)]	Loss: 0.001756
Train Epoch: 92 [25600/50000 (51.2%)]	Loss: 0.005729
Train Epoch: 92 [32000/50000 (63.9%)]	Loss: 0.008253
Train Epoch: 92 [38400/50000 (76.7%)]	Loss: 0.003997
Train Epoch: 92 [44800/50000 (89.5%)]	Loss: 0.002424

Test set: Average loss: 0.3052, Accuracy: 9335/10000 (93.0%)

Train Epoch: 93 [0/50000 (0.0%)]	Loss: 0.002345
Train Epoch: 93 [6400/50000 (12.8%)]	Loss: 0.002316
Train Epoch: 93 [12800/50000 (25.6%)]	Loss: 0.007047
Train Epoch: 93 [19200/50000 (38.4%)]	Loss: 0.019041
Train Epoch: 93 [25600/50000 (51.2%)]	Loss: 0.006743
Train Epoch: 93 [32000/50000 (63.9%)]	Loss: 0.001103
Train Epoch: 93 [38400/50000 (76.7%)]	Loss: 0.004642
Train Epoch: 93 [44800/50000 (89.5%)]	Loss: 0.001483

Test set: Average loss: 0.3076, Accuracy: 9333/10000 (93.0%)

Train Epoch: 94 [0/50000 (0.0%)]	Loss: 0.009480
Train Epoch: 94 [6400/50000 (12.8%)]	Loss: 0.006357
Train Epoch: 94 [12800/50000 (25.6%)]	Loss: 0.001888
Train Epoch: 94 [19200/50000 (38.4%)]	Loss: 0.001346
Train Epoch: 94 [25600/50000 (51.2%)]	Loss: 0.002718
Train Epoch: 94 [32000/50000 (63.9%)]	Loss: 0.040522
Train Epoch: 94 [38400/50000 (76.7%)]	Loss: 0.001535
Train Epoch: 94 [44800/50000 (89.5%)]	Loss: 0.014173

Test set: Average loss: 0.3045, Accuracy: 9347/10000 (93.0%)

Train Epoch: 95 [0/50000 (0.0%)]	Loss: 0.001271
Train Epoch: 95 [6400/50000 (12.8%)]	Loss: 0.004847
Train Epoch: 95 [12800/50000 (25.6%)]	Loss: 0.001705
Train Epoch: 95 [19200/50000 (38.4%)]	Loss: 0.002002
Train Epoch: 95 [25600/50000 (51.2%)]	Loss: 0.005024
Train Epoch: 95 [32000/50000 (63.9%)]	Loss: 0.002367
Train Epoch: 95 [38400/50000 (76.7%)]	Loss: 0.002257
Train Epoch: 95 [44800/50000 (89.5%)]	Loss: 0.003176

Test set: Average loss: 0.3064, Accuracy: 9313/10000 (93.0%)

Train Epoch: 96 [0/50000 (0.0%)]	Loss: 0.008230
Train Epoch: 96 [6400/50000 (12.8%)]	Loss: 0.007115
Train Epoch: 96 [12800/50000 (25.6%)]	Loss: 0.001653
Train Epoch: 96 [19200/50000 (38.4%)]	Loss: 0.001876
Train Epoch: 96 [25600/50000 (51.2%)]	Loss: 0.001480
Train Epoch: 96 [32000/50000 (63.9%)]	Loss: 0.003991
Train Epoch: 96 [38400/50000 (76.7%)]	Loss: 0.003151
Train Epoch: 96 [44800/50000 (89.5%)]	Loss: 0.014950

Test set: Average loss: 0.3049, Accuracy: 9324/10000 (93.0%)

Train Epoch: 97 [0/50000 (0.0%)]	Loss: 0.002308
Train Epoch: 97 [6400/50000 (12.8%)]	Loss: 0.004985
Train Epoch: 97 [12800/50000 (25.6%)]	Loss: 0.010403
Train Epoch: 97 [19200/50000 (38.4%)]	Loss: 0.006098
Train Epoch: 97 [25600/50000 (51.2%)]	Loss: 0.008776
Train Epoch: 97 [32000/50000 (63.9%)]	Loss: 0.002883
Train Epoch: 97 [38400/50000 (76.7%)]	Loss: 0.035671
Train Epoch: 97 [44800/50000 (89.5%)]	Loss: 0.009521

Test set: Average loss: 0.3064, Accuracy: 9325/10000 (93.0%)

Train Epoch: 98 [0/50000 (0.0%)]	Loss: 0.006919
Train Epoch: 98 [6400/50000 (12.8%)]	Loss: 0.002794
Train Epoch: 98 [12800/50000 (25.6%)]	Loss: 0.007164
Train Epoch: 98 [19200/50000 (38.4%)]	Loss: 0.002921
Train Epoch: 98 [25600/50000 (51.2%)]	Loss: 0.003285
Train Epoch: 98 [32000/50000 (63.9%)]	Loss: 0.006096
Train Epoch: 98 [38400/50000 (76.7%)]	Loss: 0.008422
Train Epoch: 98 [44800/50000 (89.5%)]	Loss: 0.001855

Test set: Average loss: 0.3069, Accuracy: 9348/10000 (93.0%)

Train Epoch: 99 [0/50000 (0.0%)]	Loss: 0.003591
Train Epoch: 99 [6400/50000 (12.8%)]	Loss: 0.000807
Train Epoch: 99 [12800/50000 (25.6%)]	Loss: 0.003310
Train Epoch: 99 [19200/50000 (38.4%)]	Loss: 0.003123
Train Epoch: 99 [25600/50000 (51.2%)]	Loss: 0.002149
Train Epoch: 99 [32000/50000 (63.9%)]	Loss: 0.001291
Train Epoch: 99 [38400/50000 (76.7%)]	Loss: 0.016490
Train Epoch: 99 [44800/50000 (89.5%)]	Loss: 0.012615

Test set: Average loss: 0.3093, Accuracy: 9321/10000 (93.0%)

Train Epoch: 100 [0/50000 (0.0%)]	Loss: 0.031497
Train Epoch: 100 [6400/50000 (12.8%)]	Loss: 0.003643
Train Epoch: 100 [12800/50000 (25.6%)]	Loss: 0.000970
Train Epoch: 100 [19200/50000 (38.4%)]	Loss: 0.006768
Train Epoch: 100 [25600/50000 (51.2%)]	Loss: 0.001090
Train Epoch: 100 [32000/50000 (63.9%)]	Loss: 0.001815
Train Epoch: 100 [38400/50000 (76.7%)]	Loss: 0.001883
Train Epoch: 100 [44800/50000 (89.5%)]	Loss: 0.003044

Test set: Average loss: 0.3060, Accuracy: 9343/10000 (93.0%)

Train Epoch: 101 [0/50000 (0.0%)]	Loss: 0.001791
Train Epoch: 101 [6400/50000 (12.8%)]	Loss: 0.002720
Train Epoch: 101 [12800/50000 (25.6%)]	Loss: 0.002471
Train Epoch: 101 [19200/50000 (38.4%)]	Loss: 0.001368
Train Epoch: 101 [25600/50000 (51.2%)]	Loss: 0.002091
Train Epoch: 101 [32000/50000 (63.9%)]	Loss: 0.003848
Train Epoch: 101 [38400/50000 (76.7%)]	Loss: 0.001519
Train Epoch: 101 [44800/50000 (89.5%)]	Loss: 0.006454

Test set: Average loss: 0.3126, Accuracy: 9325/10000 (93.0%)

Train Epoch: 102 [0/50000 (0.0%)]	Loss: 0.003519
Train Epoch: 102 [6400/50000 (12.8%)]	Loss: 0.009930
Train Epoch: 102 [12800/50000 (25.6%)]	Loss: 0.003756
Train Epoch: 102 [19200/50000 (38.4%)]	Loss: 0.001393
Train Epoch: 102 [25600/50000 (51.2%)]	Loss: 0.001503
Train Epoch: 102 [32000/50000 (63.9%)]	Loss: 0.001553
Train Epoch: 102 [38400/50000 (76.7%)]	Loss: 0.003095
Train Epoch: 102 [44800/50000 (89.5%)]	Loss: 0.003528

Test set: Average loss: 0.3029, Accuracy: 9338/10000 (93.0%)

Train Epoch: 103 [0/50000 (0.0%)]	Loss: 0.002476
Train Epoch: 103 [6400/50000 (12.8%)]	Loss: 0.001702
Train Epoch: 103 [12800/50000 (25.6%)]	Loss: 0.010135
Train Epoch: 103 [19200/50000 (38.4%)]	Loss: 0.012721
Train Epoch: 103 [25600/50000 (51.2%)]	Loss: 0.005999
Train Epoch: 103 [32000/50000 (63.9%)]	Loss: 0.023996
Train Epoch: 103 [38400/50000 (76.7%)]	Loss: 0.000804
Train Epoch: 103 [44800/50000 (89.5%)]	Loss: 0.001497

Test set: Average loss: 0.3038, Accuracy: 9348/10000 (93.0%)

Train Epoch: 104 [0/50000 (0.0%)]	Loss: 0.009762
Train Epoch: 104 [6400/50000 (12.8%)]	Loss: 0.001685
Train Epoch: 104 [12800/50000 (25.6%)]	Loss: 0.018726
Train Epoch: 104 [19200/50000 (38.4%)]	Loss: 0.006205
Train Epoch: 104 [25600/50000 (51.2%)]	Loss: 0.002270
Train Epoch: 104 [32000/50000 (63.9%)]	Loss: 0.006073
Train Epoch: 104 [38400/50000 (76.7%)]	Loss: 0.005483
Train Epoch: 104 [44800/50000 (89.5%)]	Loss: 0.003189

Test set: Average loss: 0.3127, Accuracy: 9342/10000 (93.0%)

Train Epoch: 105 [0/50000 (0.0%)]	Loss: 0.008575
Train Epoch: 105 [6400/50000 (12.8%)]	Loss: 0.001428
Train Epoch: 105 [12800/50000 (25.6%)]	Loss: 0.001621
Train Epoch: 105 [19200/50000 (38.4%)]	Loss: 0.002838
Train Epoch: 105 [25600/50000 (51.2%)]	Loss: 0.010688
Train Epoch: 105 [32000/50000 (63.9%)]	Loss: 0.005327
Train Epoch: 105 [38400/50000 (76.7%)]	Loss: 0.001154
Train Epoch: 105 [44800/50000 (89.5%)]	Loss: 0.003001

Test set: Average loss: 0.3036, Accuracy: 9371/10000 (93.0%)

Train Epoch: 106 [0/50000 (0.0%)]	Loss: 0.001053
Train Epoch: 106 [6400/50000 (12.8%)]	Loss: 0.003958
Train Epoch: 106 [12800/50000 (25.6%)]	Loss: 0.003495
Train Epoch: 106 [19200/50000 (38.4%)]	Loss: 0.010090
Train Epoch: 106 [25600/50000 (51.2%)]	Loss: 0.001245
Train Epoch: 106 [32000/50000 (63.9%)]	Loss: 0.003733
Train Epoch: 106 [38400/50000 (76.7%)]	Loss: 0.001562
Train Epoch: 106 [44800/50000 (89.5%)]	Loss: 0.007316

Test set: Average loss: 0.3070, Accuracy: 9343/10000 (93.0%)

Train Epoch: 107 [0/50000 (0.0%)]	Loss: 0.002425
Train Epoch: 107 [6400/50000 (12.8%)]	Loss: 0.011254
Train Epoch: 107 [12800/50000 (25.6%)]	Loss: 0.002169
Train Epoch: 107 [19200/50000 (38.4%)]	Loss: 0.001577
Train Epoch: 107 [25600/50000 (51.2%)]	Loss: 0.006214
Train Epoch: 107 [32000/50000 (63.9%)]	Loss: 0.002759
Train Epoch: 107 [38400/50000 (76.7%)]	Loss: 0.006553
Train Epoch: 107 [44800/50000 (89.5%)]	Loss: 0.001546

Test set: Average loss: 0.3049, Accuracy: 9354/10000 (93.0%)

Train Epoch: 108 [0/50000 (0.0%)]	Loss: 0.022208
Train Epoch: 108 [6400/50000 (12.8%)]	Loss: 0.002312
Train Epoch: 108 [12800/50000 (25.6%)]	Loss: 0.001174
Train Epoch: 108 [19200/50000 (38.4%)]	Loss: 0.014758
Train Epoch: 108 [25600/50000 (51.2%)]	Loss: 0.002016
Train Epoch: 108 [32000/50000 (63.9%)]	Loss: 0.001770
Train Epoch: 108 [38400/50000 (76.7%)]	Loss: 0.005042
Train Epoch: 108 [44800/50000 (89.5%)]	Loss: 0.002860

Test set: Average loss: 0.3085, Accuracy: 9326/10000 (93.0%)

Train Epoch: 109 [0/50000 (0.0%)]	Loss: 0.005218
Train Epoch: 109 [6400/50000 (12.8%)]	Loss: 0.004873
Train Epoch: 109 [12800/50000 (25.6%)]	Loss: 0.002912
Train Epoch: 109 [19200/50000 (38.4%)]	Loss: 0.001140
Train Epoch: 109 [25600/50000 (51.2%)]	Loss: 0.002396
Train Epoch: 109 [32000/50000 (63.9%)]	Loss: 0.037077
Train Epoch: 109 [38400/50000 (76.7%)]	Loss: 0.009012
Train Epoch: 109 [44800/50000 (89.5%)]	Loss: 0.004210

Test set: Average loss: 0.3119, Accuracy: 9327/10000 (93.0%)

Train Epoch: 110 [0/50000 (0.0%)]	Loss: 0.012435
Train Epoch: 110 [6400/50000 (12.8%)]	Loss: 0.001805
Train Epoch: 110 [12800/50000 (25.6%)]	Loss: 0.002203
Train Epoch: 110 [19200/50000 (38.4%)]	Loss: 0.003006
Train Epoch: 110 [25600/50000 (51.2%)]	Loss: 0.001924
Train Epoch: 110 [32000/50000 (63.9%)]	Loss: 0.003543
Train Epoch: 110 [38400/50000 (76.7%)]	Loss: 0.002187
Train Epoch: 110 [44800/50000 (89.5%)]	Loss: 0.004382

Test set: Average loss: 0.3076, Accuracy: 9322/10000 (93.0%)

Train Epoch: 111 [0/50000 (0.0%)]	Loss: 0.001550
Train Epoch: 111 [6400/50000 (12.8%)]	Loss: 0.004137
Train Epoch: 111 [12800/50000 (25.6%)]	Loss: 0.001263
Train Epoch: 111 [19200/50000 (38.4%)]	Loss: 0.002081
Train Epoch: 111 [25600/50000 (51.2%)]	Loss: 0.005270
Train Epoch: 111 [32000/50000 (63.9%)]	Loss: 0.001681
Train Epoch: 111 [38400/50000 (76.7%)]	Loss: 0.014597
Train Epoch: 111 [44800/50000 (89.5%)]	Loss: 0.004067

Test set: Average loss: 0.3057, Accuracy: 9323/10000 (93.0%)

Train Epoch: 112 [0/50000 (0.0%)]	Loss: 0.001374
Train Epoch: 112 [6400/50000 (12.8%)]	Loss: 0.025287
Train Epoch: 112 [12800/50000 (25.6%)]	Loss: 0.002844
Train Epoch: 112 [19200/50000 (38.4%)]	Loss: 0.008242
Train Epoch: 112 [25600/50000 (51.2%)]	Loss: 0.005559
Train Epoch: 112 [32000/50000 (63.9%)]	Loss: 0.001225
Train Epoch: 112 [38400/50000 (76.7%)]	Loss: 0.012766
Train Epoch: 112 [44800/50000 (89.5%)]	Loss: 0.009584

Test set: Average loss: 0.3120, Accuracy: 9327/10000 (93.0%)

Train Epoch: 113 [0/50000 (0.0%)]	Loss: 0.019793
Train Epoch: 113 [6400/50000 (12.8%)]	Loss: 0.011139
Train Epoch: 113 [12800/50000 (25.6%)]	Loss: 0.003038
Train Epoch: 113 [19200/50000 (38.4%)]	Loss: 0.008104
Train Epoch: 113 [25600/50000 (51.2%)]	Loss: 0.005671
Train Epoch: 113 [32000/50000 (63.9%)]	Loss: 0.002485
Train Epoch: 113 [38400/50000 (76.7%)]	Loss: 0.005139
Train Epoch: 113 [44800/50000 (89.5%)]	Loss: 0.003918

Test set: Average loss: 0.3093, Accuracy: 9332/10000 (93.0%)

Train Epoch: 114 [0/50000 (0.0%)]	Loss: 0.001315
Train Epoch: 114 [6400/50000 (12.8%)]	Loss: 0.004031
Train Epoch: 114 [12800/50000 (25.6%)]	Loss: 0.009965
Train Epoch: 114 [19200/50000 (38.4%)]	Loss: 0.007156
Train Epoch: 114 [25600/50000 (51.2%)]	Loss: 0.003188
Train Epoch: 114 [32000/50000 (63.9%)]	Loss: 0.009850
Train Epoch: 114 [38400/50000 (76.7%)]	Loss: 0.020734
Train Epoch: 114 [44800/50000 (89.5%)]	Loss: 0.001420

Test set: Average loss: 0.3091, Accuracy: 9329/10000 (93.0%)

Train Epoch: 115 [0/50000 (0.0%)]	Loss: 0.002664
Train Epoch: 115 [6400/50000 (12.8%)]	Loss: 0.024028
Train Epoch: 115 [12800/50000 (25.6%)]	Loss: 0.037850
Train Epoch: 115 [19200/50000 (38.4%)]	Loss: 0.001003
Train Epoch: 115 [25600/50000 (51.2%)]	Loss: 0.005615
Train Epoch: 115 [32000/50000 (63.9%)]	Loss: 0.000961
Train Epoch: 115 [38400/50000 (76.7%)]	Loss: 0.006463
Train Epoch: 115 [44800/50000 (89.5%)]	Loss: 0.011821

Test set: Average loss: 0.3048, Accuracy: 9326/10000 (93.0%)

Train Epoch: 116 [0/50000 (0.0%)]	Loss: 0.001030
Train Epoch: 116 [6400/50000 (12.8%)]	Loss: 0.001722
Train Epoch: 116 [12800/50000 (25.6%)]	Loss: 0.004488
Train Epoch: 116 [19200/50000 (38.4%)]	Loss: 0.034352
Train Epoch: 116 [25600/50000 (51.2%)]	Loss: 0.001227
Train Epoch: 116 [32000/50000 (63.9%)]	Loss: 0.002997
Train Epoch: 116 [38400/50000 (76.7%)]	Loss: 0.008303
Train Epoch: 116 [44800/50000 (89.5%)]	Loss: 0.002370

Test set: Average loss: 0.3109, Accuracy: 9326/10000 (93.0%)

Train Epoch: 117 [0/50000 (0.0%)]	Loss: 0.002163
Train Epoch: 117 [6400/50000 (12.8%)]	Loss: 0.051378
Train Epoch: 117 [12800/50000 (25.6%)]	Loss: 0.001710
Train Epoch: 117 [19200/50000 (38.4%)]	Loss: 0.040616
Train Epoch: 117 [25600/50000 (51.2%)]	Loss: 0.001707
Train Epoch: 117 [32000/50000 (63.9%)]	Loss: 0.001019
Train Epoch: 117 [38400/50000 (76.7%)]	Loss: 0.002746
Train Epoch: 117 [44800/50000 (89.5%)]	Loss: 0.007342

Test set: Average loss: 0.3134, Accuracy: 9329/10000 (93.0%)

Train Epoch: 118 [0/50000 (0.0%)]	Loss: 0.001224
Train Epoch: 118 [6400/50000 (12.8%)]	Loss: 0.003625
Train Epoch: 118 [12800/50000 (25.6%)]	Loss: 0.003382
Train Epoch: 118 [19200/50000 (38.4%)]	Loss: 0.007534
Train Epoch: 118 [25600/50000 (51.2%)]	Loss: 0.001716
Train Epoch: 118 [32000/50000 (63.9%)]	Loss: 0.004205
Train Epoch: 118 [38400/50000 (76.7%)]	Loss: 0.003869
Train Epoch: 118 [44800/50000 (89.5%)]	Loss: 0.001435

Test set: Average loss: 0.3151, Accuracy: 9318/10000 (93.0%)

Train Epoch: 119 [0/50000 (0.0%)]	Loss: 0.005219
Train Epoch: 119 [6400/50000 (12.8%)]	Loss: 0.002271
Train Epoch: 119 [12800/50000 (25.6%)]	Loss: 0.013957
Train Epoch: 119 [19200/50000 (38.4%)]	Loss: 0.004174
Train Epoch: 119 [25600/50000 (51.2%)]	Loss: 0.002994
Train Epoch: 119 [32000/50000 (63.9%)]	Loss: 0.001951
Train Epoch: 119 [38400/50000 (76.7%)]	Loss: 0.003861
Train Epoch: 119 [44800/50000 (89.5%)]	Loss: 0.011666

Test set: Average loss: 0.3077, Accuracy: 9320/10000 (93.0%)

Train Epoch: 120 [0/50000 (0.0%)]	Loss: 0.002347
Train Epoch: 120 [6400/50000 (12.8%)]	Loss: 0.003995
Train Epoch: 120 [12800/50000 (25.6%)]	Loss: 0.002069
Train Epoch: 120 [19200/50000 (38.4%)]	Loss: 0.002492
Train Epoch: 120 [25600/50000 (51.2%)]	Loss: 0.001467
Train Epoch: 120 [32000/50000 (63.9%)]	Loss: 0.005143
Train Epoch: 120 [38400/50000 (76.7%)]	Loss: 0.002018
Train Epoch: 120 [44800/50000 (89.5%)]	Loss: 0.011958

Test set: Average loss: 0.3196, Accuracy: 9304/10000 (93.0%)

Train Epoch: 121 [0/50000 (0.0%)]	Loss: 0.001443
Train Epoch: 121 [6400/50000 (12.8%)]	Loss: 0.001844
Train Epoch: 121 [12800/50000 (25.6%)]	Loss: 0.001034
Train Epoch: 121 [19200/50000 (38.4%)]	Loss: 0.004780
Train Epoch: 121 [25600/50000 (51.2%)]	Loss: 0.001121
Train Epoch: 121 [32000/50000 (63.9%)]	Loss: 0.002812
Train Epoch: 121 [38400/50000 (76.7%)]	Loss: 0.002121
Train Epoch: 121 [44800/50000 (89.5%)]	Loss: 0.001163

Test set: Average loss: 0.3122, Accuracy: 9316/10000 (93.0%)

Train Epoch: 122 [0/50000 (0.0%)]	Loss: 0.000826
Train Epoch: 122 [6400/50000 (12.8%)]	Loss: 0.006613
Train Epoch: 122 [12800/50000 (25.6%)]	Loss: 0.001009
Train Epoch: 122 [19200/50000 (38.4%)]	Loss: 0.004922
Train Epoch: 122 [25600/50000 (51.2%)]	Loss: 0.003560
Train Epoch: 122 [32000/50000 (63.9%)]	Loss: 0.016462
Train Epoch: 122 [38400/50000 (76.7%)]	Loss: 0.001601
Train Epoch: 122 [44800/50000 (89.5%)]	Loss: 0.003160

Test set: Average loss: 0.3217, Accuracy: 9295/10000 (92.0%)

Train Epoch: 123 [0/50000 (0.0%)]	Loss: 0.017405
Train Epoch: 123 [6400/50000 (12.8%)]	Loss: 0.002037
Train Epoch: 123 [12800/50000 (25.6%)]	Loss: 0.071866
Train Epoch: 123 [19200/50000 (38.4%)]	Loss: 0.003619
Train Epoch: 123 [25600/50000 (51.2%)]	Loss: 0.037454
Train Epoch: 123 [32000/50000 (63.9%)]	Loss: 0.003250
Train Epoch: 123 [38400/50000 (76.7%)]	Loss: 0.001235
Train Epoch: 123 [44800/50000 (89.5%)]	Loss: 0.009273

Test set: Average loss: 0.3187, Accuracy: 9319/10000 (93.0%)

Train Epoch: 124 [0/50000 (0.0%)]	Loss: 0.001552
Train Epoch: 124 [6400/50000 (12.8%)]	Loss: 0.004846
Train Epoch: 124 [12800/50000 (25.6%)]	Loss: 0.005105
Train Epoch: 124 [19200/50000 (38.4%)]	Loss: 0.003831
Train Epoch: 124 [25600/50000 (51.2%)]	Loss: 0.015022
Train Epoch: 124 [32000/50000 (63.9%)]	Loss: 0.005340
Train Epoch: 124 [38400/50000 (76.7%)]	Loss: 0.001200
Train Epoch: 124 [44800/50000 (89.5%)]	Loss: 0.001802

Test set: Average loss: 0.3138, Accuracy: 9317/10000 (93.0%)

Train Epoch: 125 [0/50000 (0.0%)]	Loss: 0.000725
Train Epoch: 125 [6400/50000 (12.8%)]	Loss: 0.001949
Train Epoch: 125 [12800/50000 (25.6%)]	Loss: 0.001505
Train Epoch: 125 [19200/50000 (38.4%)]	Loss: 0.002593
Train Epoch: 125 [25600/50000 (51.2%)]	Loss: 0.005016
Train Epoch: 125 [32000/50000 (63.9%)]	Loss: 0.001699
Train Epoch: 125 [38400/50000 (76.7%)]	Loss: 0.002262
Train Epoch: 125 [44800/50000 (89.5%)]	Loss: 0.004101

Test set: Average loss: 0.3112, Accuracy: 9334/10000 (93.0%)

Train Epoch: 126 [0/50000 (0.0%)]	Loss: 0.007659
Train Epoch: 126 [6400/50000 (12.8%)]	Loss: 0.007012
Train Epoch: 126 [12800/50000 (25.6%)]	Loss: 0.004311
Train Epoch: 126 [19200/50000 (38.4%)]	Loss: 0.002515
Train Epoch: 126 [25600/50000 (51.2%)]	Loss: 0.012843
Train Epoch: 126 [32000/50000 (63.9%)]	Loss: 0.001366
Train Epoch: 126 [38400/50000 (76.7%)]	Loss: 0.013917
Train Epoch: 126 [44800/50000 (89.5%)]	Loss: 0.007143

Test set: Average loss: 0.3171, Accuracy: 9303/10000 (93.0%)

Train Epoch: 127 [0/50000 (0.0%)]	Loss: 0.006057
Train Epoch: 127 [6400/50000 (12.8%)]	Loss: 0.001711
Train Epoch: 127 [12800/50000 (25.6%)]	Loss: 0.022971
Train Epoch: 127 [19200/50000 (38.4%)]	Loss: 0.006075
Train Epoch: 127 [25600/50000 (51.2%)]	Loss: 0.009545
Train Epoch: 127 [32000/50000 (63.9%)]	Loss: 0.001238
Train Epoch: 127 [38400/50000 (76.7%)]	Loss: 0.004526
Train Epoch: 127 [44800/50000 (89.5%)]	Loss: 0.021633

Test set: Average loss: 0.3156, Accuracy: 9318/10000 (93.0%)

Train Epoch: 128 [0/50000 (0.0%)]	Loss: 0.003243
Train Epoch: 128 [6400/50000 (12.8%)]	Loss: 0.001153
Train Epoch: 128 [12800/50000 (25.6%)]	Loss: 0.004356
Train Epoch: 128 [19200/50000 (38.4%)]	Loss: 0.003654
Train Epoch: 128 [25600/50000 (51.2%)]	Loss: 0.032681
Train Epoch: 128 [32000/50000 (63.9%)]	Loss: 0.001649
Train Epoch: 128 [38400/50000 (76.7%)]	Loss: 0.001189
Train Epoch: 128 [44800/50000 (89.5%)]	Loss: 0.004296

Test set: Average loss: 0.3155, Accuracy: 9304/10000 (93.0%)

Train Epoch: 129 [0/50000 (0.0%)]	Loss: 0.004458
Train Epoch: 129 [6400/50000 (12.8%)]	Loss: 0.001372
Train Epoch: 129 [12800/50000 (25.6%)]	Loss: 0.001380
Train Epoch: 129 [19200/50000 (38.4%)]	Loss: 0.003765
Train Epoch: 129 [25600/50000 (51.2%)]	Loss: 0.001980
Train Epoch: 129 [32000/50000 (63.9%)]	Loss: 0.003770
Train Epoch: 129 [38400/50000 (76.7%)]	Loss: 0.002778
Train Epoch: 129 [44800/50000 (89.5%)]	Loss: 0.002039

Test set: Average loss: 0.3179, Accuracy: 9302/10000 (93.0%)

Train Epoch: 130 [0/50000 (0.0%)]	Loss: 0.005720
Train Epoch: 130 [6400/50000 (12.8%)]	Loss: 0.008553
Train Epoch: 130 [12800/50000 (25.6%)]	Loss: 0.002285
Train Epoch: 130 [19200/50000 (38.4%)]	Loss: 0.002420
Train Epoch: 130 [25600/50000 (51.2%)]	Loss: 0.002033
Train Epoch: 130 [32000/50000 (63.9%)]	Loss: 0.039766
Train Epoch: 130 [38400/50000 (76.7%)]	Loss: 0.001386
Train Epoch: 130 [44800/50000 (89.5%)]	Loss: 0.004440

Test set: Average loss: 0.3133, Accuracy: 9321/10000 (93.0%)

Train Epoch: 131 [0/50000 (0.0%)]	Loss: 0.002310
Train Epoch: 131 [6400/50000 (12.8%)]	Loss: 0.003182
Train Epoch: 131 [12800/50000 (25.6%)]	Loss: 0.002133
Train Epoch: 131 [19200/50000 (38.4%)]	Loss: 0.000719
Train Epoch: 131 [25600/50000 (51.2%)]	Loss: 0.011682
Train Epoch: 131 [32000/50000 (63.9%)]	Loss: 0.001371
Train Epoch: 131 [38400/50000 (76.7%)]	Loss: 0.042323
Train Epoch: 131 [44800/50000 (89.5%)]	Loss: 0.001687

Test set: Average loss: 0.3148, Accuracy: 9327/10000 (93.0%)

Train Epoch: 132 [0/50000 (0.0%)]	Loss: 0.001952
Train Epoch: 132 [6400/50000 (12.8%)]	Loss: 0.003386
Train Epoch: 132 [12800/50000 (25.6%)]	Loss: 0.001804
Train Epoch: 132 [19200/50000 (38.4%)]	Loss: 0.001901
Train Epoch: 132 [25600/50000 (51.2%)]	Loss: 0.002570
Train Epoch: 132 [32000/50000 (63.9%)]	Loss: 0.001160
Train Epoch: 132 [38400/50000 (76.7%)]	Loss: 0.007062
Train Epoch: 132 [44800/50000 (89.5%)]	Loss: 0.001193

Test set: Average loss: 0.3179, Accuracy: 9318/10000 (93.0%)

Train Epoch: 133 [0/50000 (0.0%)]	Loss: 0.016535
Train Epoch: 133 [6400/50000 (12.8%)]	Loss: 0.001133
Train Epoch: 133 [12800/50000 (25.6%)]	Loss: 0.001725
Train Epoch: 133 [19200/50000 (38.4%)]	Loss: 0.025046
Train Epoch: 133 [25600/50000 (51.2%)]	Loss: 0.001870
Train Epoch: 133 [32000/50000 (63.9%)]	Loss: 0.001405
Train Epoch: 133 [38400/50000 (76.7%)]	Loss: 0.001569
Train Epoch: 133 [44800/50000 (89.5%)]	Loss: 0.002625

Test set: Average loss: 0.3168, Accuracy: 9319/10000 (93.0%)

Train Epoch: 134 [0/50000 (0.0%)]	Loss: 0.003880
Train Epoch: 134 [6400/50000 (12.8%)]	Loss: 0.002185
Train Epoch: 134 [12800/50000 (25.6%)]	Loss: 0.007835
Train Epoch: 134 [19200/50000 (38.4%)]	Loss: 0.010149
Train Epoch: 134 [25600/50000 (51.2%)]	Loss: 0.001850
Train Epoch: 134 [32000/50000 (63.9%)]	Loss: 0.001473
Train Epoch: 134 [38400/50000 (76.7%)]	Loss: 0.003998
Train Epoch: 134 [44800/50000 (89.5%)]	Loss: 0.005453

Test set: Average loss: 0.3231, Accuracy: 9327/10000 (93.0%)

Train Epoch: 135 [0/50000 (0.0%)]	Loss: 0.009009
Train Epoch: 135 [6400/50000 (12.8%)]	Loss: 0.002170
Train Epoch: 135 [12800/50000 (25.6%)]	Loss: 0.002520
Train Epoch: 135 [19200/50000 (38.4%)]	Loss: 0.005767
Train Epoch: 135 [25600/50000 (51.2%)]	Loss: 0.003034
Train Epoch: 135 [32000/50000 (63.9%)]	Loss: 0.002470
Train Epoch: 135 [38400/50000 (76.7%)]	Loss: 0.001342
Train Epoch: 135 [44800/50000 (89.5%)]	Loss: 0.001589

Test set: Average loss: 0.3163, Accuracy: 9320/10000 (93.0%)

Train Epoch: 136 [0/50000 (0.0%)]	Loss: 0.003030
Train Epoch: 136 [6400/50000 (12.8%)]	Loss: 0.001823
Train Epoch: 136 [12800/50000 (25.6%)]	Loss: 0.005030
Train Epoch: 136 [19200/50000 (38.4%)]	Loss: 0.001093
Train Epoch: 136 [25600/50000 (51.2%)]	Loss: 0.009996
Train Epoch: 136 [32000/50000 (63.9%)]	Loss: 0.007390
Train Epoch: 136 [38400/50000 (76.7%)]	Loss: 0.001897
Train Epoch: 136 [44800/50000 (89.5%)]	Loss: 0.013904

Test set: Average loss: 0.3097, Accuracy: 9328/10000 (93.0%)

Train Epoch: 137 [0/50000 (0.0%)]	Loss: 0.001531
Train Epoch: 137 [6400/50000 (12.8%)]	Loss: 0.011607
Train Epoch: 137 [12800/50000 (25.6%)]	Loss: 0.010233
Train Epoch: 137 [19200/50000 (38.4%)]	Loss: 0.000875
Train Epoch: 137 [25600/50000 (51.2%)]	Loss: 0.003593
Train Epoch: 137 [32000/50000 (63.9%)]	Loss: 0.001875
Train Epoch: 137 [38400/50000 (76.7%)]	Loss: 0.001283
Train Epoch: 137 [44800/50000 (89.5%)]	Loss: 0.001291

Test set: Average loss: 0.3137, Accuracy: 9333/10000 (93.0%)

Train Epoch: 138 [0/50000 (0.0%)]	Loss: 0.001366
Train Epoch: 138 [6400/50000 (12.8%)]	Loss: 0.008753
Train Epoch: 138 [12800/50000 (25.6%)]	Loss: 0.004427
Train Epoch: 138 [19200/50000 (38.4%)]	Loss: 0.001990
Train Epoch: 138 [25600/50000 (51.2%)]	Loss: 0.007292
Train Epoch: 138 [32000/50000 (63.9%)]	Loss: 0.001514
Train Epoch: 138 [38400/50000 (76.7%)]	Loss: 0.001765
Train Epoch: 138 [44800/50000 (89.5%)]	Loss: 0.003209

Test set: Average loss: 0.3193, Accuracy: 9312/10000 (93.0%)

Train Epoch: 139 [0/50000 (0.0%)]	Loss: 0.001498
Train Epoch: 139 [6400/50000 (12.8%)]	Loss: 0.001548
Train Epoch: 139 [12800/50000 (25.6%)]	Loss: 0.003499
Train Epoch: 139 [19200/50000 (38.4%)]	Loss: 0.001845
Train Epoch: 139 [25600/50000 (51.2%)]	Loss: 0.002027
Train Epoch: 139 [32000/50000 (63.9%)]	Loss: 0.010067
Train Epoch: 139 [38400/50000 (76.7%)]	Loss: 0.001275
Train Epoch: 139 [44800/50000 (89.5%)]	Loss: 0.001497

Test set: Average loss: 0.3231, Accuracy: 9312/10000 (93.0%)

Train Epoch: 140 [0/50000 (0.0%)]	Loss: 0.006745
Train Epoch: 140 [6400/50000 (12.8%)]	Loss: 0.001329
Train Epoch: 140 [12800/50000 (25.6%)]	Loss: 0.001705
Train Epoch: 140 [19200/50000 (38.4%)]	Loss: 0.001751
Train Epoch: 140 [25600/50000 (51.2%)]	Loss: 0.001737
Train Epoch: 140 [32000/50000 (63.9%)]	Loss: 0.007830
Train Epoch: 140 [38400/50000 (76.7%)]	Loss: 0.003365
Train Epoch: 140 [44800/50000 (89.5%)]	Loss: 0.002024

Test set: Average loss: 0.3200, Accuracy: 9337/10000 (93.0%)

Train Epoch: 141 [0/50000 (0.0%)]	Loss: 0.006866
Train Epoch: 141 [6400/50000 (12.8%)]	Loss: 0.003819
Train Epoch: 141 [12800/50000 (25.6%)]	Loss: 0.007367
Train Epoch: 141 [19200/50000 (38.4%)]	Loss: 0.000814
Train Epoch: 141 [25600/50000 (51.2%)]	Loss: 0.001806
Train Epoch: 141 [32000/50000 (63.9%)]	Loss: 0.006292
Train Epoch: 141 [38400/50000 (76.7%)]	Loss: 0.004577
Train Epoch: 141 [44800/50000 (89.5%)]	Loss: 0.001986

Test set: Average loss: 0.3131, Accuracy: 9323/10000 (93.0%)

Train Epoch: 142 [0/50000 (0.0%)]	Loss: 0.019976
Train Epoch: 142 [6400/50000 (12.8%)]	Loss: 0.019577
Train Epoch: 142 [12800/50000 (25.6%)]	Loss: 0.001942
Train Epoch: 142 [19200/50000 (38.4%)]	Loss: 0.001891
Train Epoch: 142 [25600/50000 (51.2%)]	Loss: 0.001630
Train Epoch: 142 [32000/50000 (63.9%)]	Loss: 0.003165
Train Epoch: 142 [38400/50000 (76.7%)]	Loss: 0.001666
Train Epoch: 142 [44800/50000 (89.5%)]	Loss: 0.002790

Test set: Average loss: 0.3206, Accuracy: 9307/10000 (93.0%)

Train Epoch: 143 [0/50000 (0.0%)]	Loss: 0.004375
Train Epoch: 143 [6400/50000 (12.8%)]	Loss: 0.001081
Train Epoch: 143 [12800/50000 (25.6%)]	Loss: 0.018210
Train Epoch: 143 [19200/50000 (38.4%)]	Loss: 0.006690
Train Epoch: 143 [25600/50000 (51.2%)]	Loss: 0.002494
Train Epoch: 143 [32000/50000 (63.9%)]	Loss: 0.001448
Train Epoch: 143 [38400/50000 (76.7%)]	Loss: 0.022880
Train Epoch: 143 [44800/50000 (89.5%)]	Loss: 0.001835

Test set: Average loss: 0.3130, Accuracy: 9335/10000 (93.0%)

Train Epoch: 144 [0/50000 (0.0%)]	Loss: 0.004483
Train Epoch: 144 [6400/50000 (12.8%)]	Loss: 0.001735
Train Epoch: 144 [12800/50000 (25.6%)]	Loss: 0.004013
Train Epoch: 144 [19200/50000 (38.4%)]	Loss: 0.004676
Train Epoch: 144 [25600/50000 (51.2%)]	Loss: 0.002496
Train Epoch: 144 [32000/50000 (63.9%)]	Loss: 0.002349
Train Epoch: 144 [38400/50000 (76.7%)]	Loss: 0.006173
Train Epoch: 144 [44800/50000 (89.5%)]	Loss: 0.001692

Test set: Average loss: 0.3193, Accuracy: 9331/10000 (93.0%)

Train Epoch: 145 [0/50000 (0.0%)]	Loss: 0.003325
Train Epoch: 145 [6400/50000 (12.8%)]	Loss: 0.004597
Train Epoch: 145 [12800/50000 (25.6%)]	Loss: 0.002707
Train Epoch: 145 [19200/50000 (38.4%)]	Loss: 0.005090
Train Epoch: 145 [25600/50000 (51.2%)]	Loss: 0.003010
Train Epoch: 145 [32000/50000 (63.9%)]	Loss: 0.011831
Train Epoch: 145 [38400/50000 (76.7%)]	Loss: 0.005194
Train Epoch: 145 [44800/50000 (89.5%)]	Loss: 0.019883

Test set: Average loss: 0.3078, Accuracy: 9338/10000 (93.0%)

Train Epoch: 146 [0/50000 (0.0%)]	Loss: 0.002016
Train Epoch: 146 [6400/50000 (12.8%)]	Loss: 0.004699
Train Epoch: 146 [12800/50000 (25.6%)]	Loss: 0.002242
Train Epoch: 146 [19200/50000 (38.4%)]	Loss: 0.019057
Train Epoch: 146 [25600/50000 (51.2%)]	Loss: 0.001729
Train Epoch: 146 [32000/50000 (63.9%)]	Loss: 0.011671
Train Epoch: 146 [38400/50000 (76.7%)]	Loss: 0.004229
Train Epoch: 146 [44800/50000 (89.5%)]	Loss: 0.001378

Test set: Average loss: 0.3175, Accuracy: 9311/10000 (93.0%)

Train Epoch: 147 [0/50000 (0.0%)]	Loss: 0.006136
Train Epoch: 147 [6400/50000 (12.8%)]	Loss: 0.004887
Train Epoch: 147 [12800/50000 (25.6%)]	Loss: 0.004330
Train Epoch: 147 [19200/50000 (38.4%)]	Loss: 0.003975
Train Epoch: 147 [25600/50000 (51.2%)]	Loss: 0.002676
Train Epoch: 147 [32000/50000 (63.9%)]	Loss: 0.008016
Train Epoch: 147 [38400/50000 (76.7%)]	Loss: 0.000806
Train Epoch: 147 [44800/50000 (89.5%)]	Loss: 0.005511

Test set: Average loss: 0.3095, Accuracy: 9324/10000 (93.0%)

Train Epoch: 148 [0/50000 (0.0%)]	Loss: 0.002586
Train Epoch: 148 [6400/50000 (12.8%)]	Loss: 0.001117
Train Epoch: 148 [12800/50000 (25.6%)]	Loss: 0.001808
Train Epoch: 148 [19200/50000 (38.4%)]	Loss: 0.004770
Train Epoch: 148 [25600/50000 (51.2%)]	Loss: 0.003706
Train Epoch: 148 [32000/50000 (63.9%)]	Loss: 0.002445
Train Epoch: 148 [38400/50000 (76.7%)]	Loss: 0.001269
Train Epoch: 148 [44800/50000 (89.5%)]	Loss: 0.000867

Test set: Average loss: 0.3110, Accuracy: 9329/10000 (93.0%)

Train Epoch: 149 [0/50000 (0.0%)]	Loss: 0.008605
Train Epoch: 149 [6400/50000 (12.8%)]	Loss: 0.004790
Train Epoch: 149 [12800/50000 (25.6%)]	Loss: 0.004279
Train Epoch: 149 [19200/50000 (38.4%)]	Loss: 0.003064
Train Epoch: 149 [25600/50000 (51.2%)]	Loss: 0.002088
Train Epoch: 149 [32000/50000 (63.9%)]	Loss: 0.002643
Train Epoch: 149 [38400/50000 (76.7%)]	Loss: 0.012711
Train Epoch: 149 [44800/50000 (89.5%)]	Loss: 0.000795

Test set: Average loss: 0.3228, Accuracy: 9326/10000 (93.0%)

Train Epoch: 150 [0/50000 (0.0%)]	Loss: 0.007579
Train Epoch: 150 [6400/50000 (12.8%)]	Loss: 0.003488
Train Epoch: 150 [12800/50000 (25.6%)]	Loss: 0.002561
Train Epoch: 150 [19200/50000 (38.4%)]	Loss: 0.002202
Train Epoch: 150 [25600/50000 (51.2%)]	Loss: 0.002336
Train Epoch: 150 [32000/50000 (63.9%)]	Loss: 0.001645
Train Epoch: 150 [38400/50000 (76.7%)]	Loss: 0.002956
Train Epoch: 150 [44800/50000 (89.5%)]	Loss: 0.002788

Test set: Average loss: 0.3158, Accuracy: 9330/10000 (93.0%)

Train Epoch: 151 [0/50000 (0.0%)]	Loss: 0.002161
Train Epoch: 151 [6400/50000 (12.8%)]	Loss: 0.001083
Train Epoch: 151 [12800/50000 (25.6%)]	Loss: 0.003796
Train Epoch: 151 [19200/50000 (38.4%)]	Loss: 0.018670
Train Epoch: 151 [25600/50000 (51.2%)]	Loss: 0.031336
Train Epoch: 151 [32000/50000 (63.9%)]	Loss: 0.001446
Train Epoch: 151 [38400/50000 (76.7%)]	Loss: 0.002776
Train Epoch: 151 [44800/50000 (89.5%)]	Loss: 0.000924

Test set: Average loss: 0.3143, Accuracy: 9336/10000 (93.0%)

Train Epoch: 152 [0/50000 (0.0%)]	Loss: 0.001877
Train Epoch: 152 [6400/50000 (12.8%)]	Loss: 0.003103
Train Epoch: 152 [12800/50000 (25.6%)]	Loss: 0.001953
Train Epoch: 152 [19200/50000 (38.4%)]	Loss: 0.001334
Train Epoch: 152 [25600/50000 (51.2%)]	Loss: 0.004890
Train Epoch: 152 [32000/50000 (63.9%)]	Loss: 0.001778
Train Epoch: 152 [38400/50000 (76.7%)]	Loss: 0.003754
Train Epoch: 152 [44800/50000 (89.5%)]	Loss: 0.007375

Test set: Average loss: 0.3143, Accuracy: 9340/10000 (93.0%)

Train Epoch: 153 [0/50000 (0.0%)]	Loss: 0.002347
Train Epoch: 153 [6400/50000 (12.8%)]	Loss: 0.003791
Train Epoch: 153 [12800/50000 (25.6%)]	Loss: 0.001337
Train Epoch: 153 [19200/50000 (38.4%)]	Loss: 0.001351
Train Epoch: 153 [25600/50000 (51.2%)]	Loss: 0.002968
Train Epoch: 153 [32000/50000 (63.9%)]	Loss: 0.000925
Train Epoch: 153 [38400/50000 (76.7%)]	Loss: 0.001422
Train Epoch: 153 [44800/50000 (89.5%)]	Loss: 0.002653

Test set: Average loss: 0.3123, Accuracy: 9330/10000 (93.0%)

Train Epoch: 154 [0/50000 (0.0%)]	Loss: 0.009515
Train Epoch: 154 [6400/50000 (12.8%)]	Loss: 0.001116
Train Epoch: 154 [12800/50000 (25.6%)]	Loss: 0.023548
Train Epoch: 154 [19200/50000 (38.4%)]	Loss: 0.001658
Train Epoch: 154 [25600/50000 (51.2%)]	Loss: 0.001338
Train Epoch: 154 [32000/50000 (63.9%)]	Loss: 0.007082
Train Epoch: 154 [38400/50000 (76.7%)]	Loss: 0.001838
Train Epoch: 154 [44800/50000 (89.5%)]	Loss: 0.002531

Test set: Average loss: 0.3091, Accuracy: 9351/10000 (93.0%)

Train Epoch: 155 [0/50000 (0.0%)]	Loss: 0.008737
Train Epoch: 155 [6400/50000 (12.8%)]	Loss: 0.001577
Train Epoch: 155 [12800/50000 (25.6%)]	Loss: 0.018458
Train Epoch: 155 [19200/50000 (38.4%)]	Loss: 0.007772
Train Epoch: 155 [25600/50000 (51.2%)]	Loss: 0.002655
Train Epoch: 155 [32000/50000 (63.9%)]	Loss: 0.005838
Train Epoch: 155 [38400/50000 (76.7%)]	Loss: 0.003733
Train Epoch: 155 [44800/50000 (89.5%)]	Loss: 0.007161

Test set: Average loss: 0.3133, Accuracy: 9337/10000 (93.0%)

Train Epoch: 156 [0/50000 (0.0%)]	Loss: 0.002757
Train Epoch: 156 [6400/50000 (12.8%)]	Loss: 0.001037
Train Epoch: 156 [12800/50000 (25.6%)]	Loss: 0.004154
Train Epoch: 156 [19200/50000 (38.4%)]	Loss: 0.003624
Train Epoch: 156 [25600/50000 (51.2%)]	Loss: 0.001068
Train Epoch: 156 [32000/50000 (63.9%)]	Loss: 0.002519
Train Epoch: 156 [38400/50000 (76.7%)]	Loss: 0.001957
Train Epoch: 156 [44800/50000 (89.5%)]	Loss: 0.007121

Test set: Average loss: 0.3088, Accuracy: 9347/10000 (93.0%)

Train Epoch: 157 [0/50000 (0.0%)]	Loss: 0.001859
Train Epoch: 157 [6400/50000 (12.8%)]	Loss: 0.002691
Train Epoch: 157 [12800/50000 (25.6%)]	Loss: 0.000966
Train Epoch: 157 [19200/50000 (38.4%)]	Loss: 0.008704
Train Epoch: 157 [25600/50000 (51.2%)]	Loss: 0.003942
Train Epoch: 157 [32000/50000 (63.9%)]	Loss: 0.016826
Train Epoch: 157 [38400/50000 (76.7%)]	Loss: 0.015562
Train Epoch: 157 [44800/50000 (89.5%)]	Loss: 0.005080

Test set: Average loss: 0.3106, Accuracy: 9339/10000 (93.0%)

Train Epoch: 158 [0/50000 (0.0%)]	Loss: 0.000866
Train Epoch: 158 [6400/50000 (12.8%)]	Loss: 0.003933
Train Epoch: 158 [12800/50000 (25.6%)]	Loss: 0.005353
Train Epoch: 158 [19200/50000 (38.4%)]	Loss: 0.002035
Train Epoch: 158 [25600/50000 (51.2%)]	Loss: 0.008578
Train Epoch: 158 [32000/50000 (63.9%)]	Loss: 0.001000
Train Epoch: 158 [38400/50000 (76.7%)]	Loss: 0.000966
Train Epoch: 158 [44800/50000 (89.5%)]	Loss: 0.001421

Test set: Average loss: 0.3113, Accuracy: 9341/10000 (93.0%)

Train Epoch: 159 [0/50000 (0.0%)]	Loss: 0.001443
Train Epoch: 159 [6400/50000 (12.8%)]	Loss: 0.002599
Train Epoch: 159 [12800/50000 (25.6%)]	Loss: 0.001290
Train Epoch: 159 [19200/50000 (38.4%)]	Loss: 0.006427
Train Epoch: 159 [25600/50000 (51.2%)]	Loss: 0.001834
Train Epoch: 159 [32000/50000 (63.9%)]	Loss: 0.001017
Train Epoch: 159 [38400/50000 (76.7%)]	Loss: 0.002300
Train Epoch: 159 [44800/50000 (89.5%)]	Loss: 0.000964

Test set: Average loss: 0.3069, Accuracy: 9326/10000 (93.0%)

Train Epoch: 160 [0/50000 (0.0%)]	Loss: 0.013313
Train Epoch: 160 [6400/50000 (12.8%)]	Loss: 0.003062
Train Epoch: 160 [12800/50000 (25.6%)]	Loss: 0.002261
Train Epoch: 160 [19200/50000 (38.4%)]	Loss: 0.002316
Train Epoch: 160 [25600/50000 (51.2%)]	Loss: 0.001298
Train Epoch: 160 [32000/50000 (63.9%)]	Loss: 0.002172
Train Epoch: 160 [38400/50000 (76.7%)]	Loss: 0.004283
Train Epoch: 160 [44800/50000 (89.5%)]	Loss: 0.001655

Test set: Average loss: 0.3128, Accuracy: 9338/10000 (93.0%)

Train Epoch: 161 [0/50000 (0.0%)]	Loss: 0.001376
Train Epoch: 161 [6400/50000 (12.8%)]	Loss: 0.000950
Train Epoch: 161 [12800/50000 (25.6%)]	Loss: 0.001438
Train Epoch: 161 [19200/50000 (38.4%)]	Loss: 0.000746
Train Epoch: 161 [25600/50000 (51.2%)]	Loss: 0.013255
Train Epoch: 161 [32000/50000 (63.9%)]	Loss: 0.000764
Train Epoch: 161 [38400/50000 (76.7%)]	Loss: 0.012414
Train Epoch: 161 [44800/50000 (89.5%)]	Loss: 0.002456

Test set: Average loss: 0.3113, Accuracy: 9327/10000 (93.0%)

Train Epoch: 162 [0/50000 (0.0%)]	Loss: 0.003954
Train Epoch: 162 [6400/50000 (12.8%)]	Loss: 0.005889
Train Epoch: 162 [12800/50000 (25.6%)]	Loss: 0.003914
Train Epoch: 162 [19200/50000 (38.4%)]	Loss: 0.006326
Train Epoch: 162 [25600/50000 (51.2%)]	Loss: 0.001383
Train Epoch: 162 [32000/50000 (63.9%)]	Loss: 0.001022
Train Epoch: 162 [38400/50000 (76.7%)]	Loss: 0.006090
Train Epoch: 162 [44800/50000 (89.5%)]	Loss: 0.003201

Test set: Average loss: 0.3082, Accuracy: 9335/10000 (93.0%)

Train Epoch: 163 [0/50000 (0.0%)]	Loss: 0.003801
Train Epoch: 163 [6400/50000 (12.8%)]	Loss: 0.009350
Train Epoch: 163 [12800/50000 (25.6%)]	Loss: 0.003672
Train Epoch: 163 [19200/50000 (38.4%)]	Loss: 0.003401
Train Epoch: 163 [25600/50000 (51.2%)]	Loss: 0.001945
Train Epoch: 163 [32000/50000 (63.9%)]	Loss: 0.002496
Train Epoch: 163 [38400/50000 (76.7%)]	Loss: 0.002303
Train Epoch: 163 [44800/50000 (89.5%)]	Loss: 0.001883

Test set: Average loss: 0.3119, Accuracy: 9322/10000 (93.0%)

Train Epoch: 164 [0/50000 (0.0%)]	Loss: 0.001594
Train Epoch: 164 [6400/50000 (12.8%)]	Loss: 0.001937
Train Epoch: 164 [12800/50000 (25.6%)]	Loss: 0.008026
Train Epoch: 164 [19200/50000 (38.4%)]	Loss: 0.001917
Train Epoch: 164 [25600/50000 (51.2%)]	Loss: 0.002090
Train Epoch: 164 [32000/50000 (63.9%)]	Loss: 0.007599
Train Epoch: 164 [38400/50000 (76.7%)]	Loss: 0.003485
Train Epoch: 164 [44800/50000 (89.5%)]	Loss: 0.000624

Test set: Average loss: 0.3070, Accuracy: 9339/10000 (93.0%)

Train Epoch: 165 [0/50000 (0.0%)]	Loss: 0.001316
Train Epoch: 165 [6400/50000 (12.8%)]	Loss: 0.005347
Train Epoch: 165 [12800/50000 (25.6%)]	Loss: 0.003359
Train Epoch: 165 [19200/50000 (38.4%)]	Loss: 0.002120
Train Epoch: 165 [25600/50000 (51.2%)]	Loss: 0.003635
Train Epoch: 165 [32000/50000 (63.9%)]	Loss: 0.002604
Train Epoch: 165 [38400/50000 (76.7%)]	Loss: 0.000887
Train Epoch: 165 [44800/50000 (89.5%)]	Loss: 0.001659

Test set: Average loss: 0.3102, Accuracy: 9330/10000 (93.0%)

Train Epoch: 166 [0/50000 (0.0%)]	Loss: 0.004002
Train Epoch: 166 [6400/50000 (12.8%)]	Loss: 0.042856
Train Epoch: 166 [12800/50000 (25.6%)]	Loss: 0.001500
Train Epoch: 166 [19200/50000 (38.4%)]	Loss: 0.002029
Train Epoch: 166 [25600/50000 (51.2%)]	Loss: 0.003588
Train Epoch: 166 [32000/50000 (63.9%)]	Loss: 0.002699
Train Epoch: 166 [38400/50000 (76.7%)]	Loss: 0.001541
Train Epoch: 166 [44800/50000 (89.5%)]	Loss: 0.001109

Test set: Average loss: 0.3096, Accuracy: 9337/10000 (93.0%)

Train Epoch: 167 [0/50000 (0.0%)]	Loss: 0.001558
Train Epoch: 167 [6400/50000 (12.8%)]	Loss: 0.001355
Train Epoch: 167 [12800/50000 (25.6%)]	Loss: 0.001921
Train Epoch: 167 [19200/50000 (38.4%)]	Loss: 0.018268
Train Epoch: 167 [25600/50000 (51.2%)]	Loss: 0.006156
Train Epoch: 167 [32000/50000 (63.9%)]	Loss: 0.003142
Train Epoch: 167 [38400/50000 (76.7%)]	Loss: 0.008105
Train Epoch: 167 [44800/50000 (89.5%)]	Loss: 0.001307

Test set: Average loss: 0.3182, Accuracy: 9325/10000 (93.0%)

Train Epoch: 168 [0/50000 (0.0%)]	Loss: 0.002112
Train Epoch: 168 [6400/50000 (12.8%)]	Loss: 0.001030
Train Epoch: 168 [12800/50000 (25.6%)]	Loss: 0.008384
Train Epoch: 168 [19200/50000 (38.4%)]	Loss: 0.001077
Train Epoch: 168 [25600/50000 (51.2%)]	Loss: 0.001144
Train Epoch: 168 [32000/50000 (63.9%)]	Loss: 0.003120
Train Epoch: 168 [38400/50000 (76.7%)]	Loss: 0.002285
Train Epoch: 168 [44800/50000 (89.5%)]	Loss: 0.001276

Test set: Average loss: 0.3166, Accuracy: 9328/10000 (93.0%)

Train Epoch: 169 [0/50000 (0.0%)]	Loss: 0.001584
Train Epoch: 169 [6400/50000 (12.8%)]	Loss: 0.001623
Train Epoch: 169 [12800/50000 (25.6%)]	Loss: 0.001611
Train Epoch: 169 [19200/50000 (38.4%)]	Loss: 0.002401
Train Epoch: 169 [25600/50000 (51.2%)]	Loss: 0.004375
Train Epoch: 169 [32000/50000 (63.9%)]	Loss: 0.000870
Train Epoch: 169 [38400/50000 (76.7%)]	Loss: 0.002830
Train Epoch: 169 [44800/50000 (89.5%)]	Loss: 0.036558

Test set: Average loss: 0.3147, Accuracy: 9317/10000 (93.0%)

Train Epoch: 170 [0/50000 (0.0%)]	Loss: 0.001090
Train Epoch: 170 [6400/50000 (12.8%)]	Loss: 0.007570
Train Epoch: 170 [12800/50000 (25.6%)]	Loss: 0.011315
Train Epoch: 170 [19200/50000 (38.4%)]	Loss: 0.002585
Train Epoch: 170 [25600/50000 (51.2%)]	Loss: 0.001739
Train Epoch: 170 [32000/50000 (63.9%)]	Loss: 0.001041
Train Epoch: 170 [38400/50000 (76.7%)]	Loss: 0.000862
Train Epoch: 170 [44800/50000 (89.5%)]	Loss: 0.005619

Test set: Average loss: 0.3176, Accuracy: 9326/10000 (93.0%)

Train Epoch: 171 [0/50000 (0.0%)]	Loss: 0.000812
Train Epoch: 171 [6400/50000 (12.8%)]	Loss: 0.003587
Train Epoch: 171 [12800/50000 (25.6%)]	Loss: 0.001043
Train Epoch: 171 [19200/50000 (38.4%)]	Loss: 0.004145
Train Epoch: 171 [25600/50000 (51.2%)]	Loss: 0.005532
Train Epoch: 171 [32000/50000 (63.9%)]	Loss: 0.005542
Train Epoch: 171 [38400/50000 (76.7%)]	Loss: 0.001481
Train Epoch: 171 [44800/50000 (89.5%)]	Loss: 0.009408

Test set: Average loss: 0.3112, Accuracy: 9338/10000 (93.0%)

Train Epoch: 172 [0/50000 (0.0%)]	Loss: 0.001381
Train Epoch: 172 [6400/50000 (12.8%)]	Loss: 0.010192
Train Epoch: 172 [12800/50000 (25.6%)]	Loss: 0.002338
Train Epoch: 172 [19200/50000 (38.4%)]	Loss: 0.002039
Train Epoch: 172 [25600/50000 (51.2%)]	Loss: 0.003803
Train Epoch: 172 [32000/50000 (63.9%)]	Loss: 0.015325
Train Epoch: 172 [38400/50000 (76.7%)]	Loss: 0.001817
Train Epoch: 172 [44800/50000 (89.5%)]	Loss: 0.001549

Test set: Average loss: 0.3159, Accuracy: 9331/10000 (93.0%)

Train Epoch: 173 [0/50000 (0.0%)]	Loss: 0.001450
Train Epoch: 173 [6400/50000 (12.8%)]	Loss: 0.001358
Train Epoch: 173 [12800/50000 (25.6%)]	Loss: 0.002085
Train Epoch: 173 [19200/50000 (38.4%)]	Loss: 0.001553
Train Epoch: 173 [25600/50000 (51.2%)]	Loss: 0.006359
Train Epoch: 173 [32000/50000 (63.9%)]	Loss: 0.004064
Train Epoch: 173 [38400/50000 (76.7%)]	Loss: 0.002928
Train Epoch: 173 [44800/50000 (89.5%)]	Loss: 0.002771

Test set: Average loss: 0.3216, Accuracy: 9336/10000 (93.0%)

Train Epoch: 174 [0/50000 (0.0%)]	Loss: 0.005207
Train Epoch: 174 [6400/50000 (12.8%)]	Loss: 0.004590
Train Epoch: 174 [12800/50000 (25.6%)]	Loss: 0.001900
Train Epoch: 174 [19200/50000 (38.4%)]	Loss: 0.002327
Train Epoch: 174 [25600/50000 (51.2%)]	Loss: 0.009807
Train Epoch: 174 [32000/50000 (63.9%)]	Loss: 0.002671
Train Epoch: 174 [38400/50000 (76.7%)]	Loss: 0.000926
Train Epoch: 174 [44800/50000 (89.5%)]	Loss: 0.003024

Test set: Average loss: 0.3148, Accuracy: 9308/10000 (93.0%)

Train Epoch: 175 [0/50000 (0.0%)]	Loss: 0.001735
Train Epoch: 175 [6400/50000 (12.8%)]	Loss: 0.001578
Train Epoch: 175 [12800/50000 (25.6%)]	Loss: 0.001345
Train Epoch: 175 [19200/50000 (38.4%)]	Loss: 0.001849
Train Epoch: 175 [25600/50000 (51.2%)]	Loss: 0.003227
Train Epoch: 175 [32000/50000 (63.9%)]	Loss: 0.001088
Train Epoch: 175 [38400/50000 (76.7%)]	Loss: 0.000727
Train Epoch: 175 [44800/50000 (89.5%)]	Loss: 0.006488

Test set: Average loss: 0.3138, Accuracy: 9331/10000 (93.0%)

Train Epoch: 176 [0/50000 (0.0%)]	Loss: 0.006441
Train Epoch: 176 [6400/50000 (12.8%)]	Loss: 0.001983
Train Epoch: 176 [12800/50000 (25.6%)]	Loss: 0.018742
Train Epoch: 176 [19200/50000 (38.4%)]	Loss: 0.030368
Train Epoch: 176 [25600/50000 (51.2%)]	Loss: 0.003542
Train Epoch: 176 [32000/50000 (63.9%)]	Loss: 0.000885
Train Epoch: 176 [38400/50000 (76.7%)]	Loss: 0.002151
Train Epoch: 176 [44800/50000 (89.5%)]	Loss: 0.001362

Test set: Average loss: 0.3131, Accuracy: 9325/10000 (93.0%)

Train Epoch: 177 [0/50000 (0.0%)]	Loss: 0.005250
Train Epoch: 177 [6400/50000 (12.8%)]	Loss: 0.004543
Train Epoch: 177 [12800/50000 (25.6%)]	Loss: 0.001072
Train Epoch: 177 [19200/50000 (38.4%)]	Loss: 0.045212
Train Epoch: 177 [25600/50000 (51.2%)]	Loss: 0.001765
Train Epoch: 177 [32000/50000 (63.9%)]	Loss: 0.001809
Train Epoch: 177 [38400/50000 (76.7%)]	Loss: 0.004658
Train Epoch: 177 [44800/50000 (89.5%)]	Loss: 0.001333

Test set: Average loss: 0.3165, Accuracy: 9320/10000 (93.0%)

Train Epoch: 178 [0/50000 (0.0%)]	Loss: 0.001349
Train Epoch: 178 [6400/50000 (12.8%)]	Loss: 0.002927
Train Epoch: 178 [12800/50000 (25.6%)]	Loss: 0.025724
Train Epoch: 178 [19200/50000 (38.4%)]	Loss: 0.001484
Train Epoch: 178 [25600/50000 (51.2%)]	Loss: 0.020765
Train Epoch: 178 [32000/50000 (63.9%)]	Loss: 0.000688
Train Epoch: 178 [38400/50000 (76.7%)]	Loss: 0.002688
Train Epoch: 178 [44800/50000 (89.5%)]	Loss: 0.001633

Test set: Average loss: 0.3108, Accuracy: 9339/10000 (93.0%)

Train Epoch: 179 [0/50000 (0.0%)]	Loss: 0.003010
Train Epoch: 179 [6400/50000 (12.8%)]	Loss: 0.001736
Train Epoch: 179 [12800/50000 (25.6%)]	Loss: 0.001218
Train Epoch: 179 [19200/50000 (38.4%)]	Loss: 0.002909
Train Epoch: 179 [25600/50000 (51.2%)]	Loss: 0.004379
Train Epoch: 179 [32000/50000 (63.9%)]	Loss: 0.001578
Train Epoch: 179 [38400/50000 (76.7%)]	Loss: 0.001668
Train Epoch: 179 [44800/50000 (89.5%)]	Loss: 0.006353

Test set: Average loss: 0.3105, Accuracy: 9339/10000 (93.0%)

Train Epoch: 180 [0/50000 (0.0%)]	Loss: 0.002241
Train Epoch: 180 [6400/50000 (12.8%)]	Loss: 0.005066
Train Epoch: 180 [12800/50000 (25.6%)]	Loss: 0.003567
Train Epoch: 180 [19200/50000 (38.4%)]	Loss: 0.002912
Train Epoch: 180 [25600/50000 (51.2%)]	Loss: 0.012656
Train Epoch: 180 [32000/50000 (63.9%)]	Loss: 0.002270
Train Epoch: 180 [38400/50000 (76.7%)]	Loss: 0.001308
Train Epoch: 180 [44800/50000 (89.5%)]	Loss: 0.001561

Test set: Average loss: 0.3141, Accuracy: 9322/10000 (93.0%)

Train Epoch: 181 [0/50000 (0.0%)]	Loss: 0.003034
Train Epoch: 181 [6400/50000 (12.8%)]	Loss: 0.003982
Train Epoch: 181 [12800/50000 (25.6%)]	Loss: 0.000897
Train Epoch: 181 [19200/50000 (38.4%)]	Loss: 0.001267
Train Epoch: 181 [25600/50000 (51.2%)]	Loss: 0.000963
Train Epoch: 181 [32000/50000 (63.9%)]	Loss: 0.001532
Train Epoch: 181 [38400/50000 (76.7%)]	Loss: 0.002198
Train Epoch: 181 [44800/50000 (89.5%)]	Loss: 0.002177

Test set: Average loss: 0.3132, Accuracy: 9330/10000 (93.0%)

Train Epoch: 182 [0/50000 (0.0%)]	Loss: 0.005010
Train Epoch: 182 [6400/50000 (12.8%)]	Loss: 0.000760
Train Epoch: 182 [12800/50000 (25.6%)]	Loss: 0.001605
Train Epoch: 182 [19200/50000 (38.4%)]	Loss: 0.003305
Train Epoch: 182 [25600/50000 (51.2%)]	Loss: 0.004412
Train Epoch: 182 [32000/50000 (63.9%)]	Loss: 0.013076
Train Epoch: 182 [38400/50000 (76.7%)]	Loss: 0.018033
Train Epoch: 182 [44800/50000 (89.5%)]	Loss: 0.003294

Test set: Average loss: 0.3145, Accuracy: 9337/10000 (93.0%)

Train Epoch: 183 [0/50000 (0.0%)]	Loss: 0.017060
Train Epoch: 183 [6400/50000 (12.8%)]	Loss: 0.001286
Train Epoch: 183 [12800/50000 (25.6%)]	Loss: 0.001313
Train Epoch: 183 [19200/50000 (38.4%)]	Loss: 0.003843
Train Epoch: 183 [25600/50000 (51.2%)]	Loss: 0.002088
Train Epoch: 183 [32000/50000 (63.9%)]	Loss: 0.001627
Train Epoch: 183 [38400/50000 (76.7%)]	Loss: 0.002808
Train Epoch: 183 [44800/50000 (89.5%)]	Loss: 0.000933

Test set: Average loss: 0.3115, Accuracy: 9322/10000 (93.0%)

Train Epoch: 184 [0/50000 (0.0%)]	Loss: 0.003317
Train Epoch: 184 [6400/50000 (12.8%)]	Loss: 0.001603
Train Epoch: 184 [12800/50000 (25.6%)]	Loss: 0.001406
Train Epoch: 184 [19200/50000 (38.4%)]	Loss: 0.002493
Train Epoch: 184 [25600/50000 (51.2%)]	Loss: 0.020150
Train Epoch: 184 [32000/50000 (63.9%)]	Loss: 0.000673
Train Epoch: 184 [38400/50000 (76.7%)]	Loss: 0.001954
Train Epoch: 184 [44800/50000 (89.5%)]	Loss: 0.001248

Test set: Average loss: 0.3108, Accuracy: 9331/10000 (93.0%)

Train Epoch: 185 [0/50000 (0.0%)]	Loss: 0.054064
Train Epoch: 185 [6400/50000 (12.8%)]	Loss: 0.001623
Train Epoch: 185 [12800/50000 (25.6%)]	Loss: 0.014002
Train Epoch: 185 [19200/50000 (38.4%)]	Loss: 0.003193
Train Epoch: 185 [25600/50000 (51.2%)]	Loss: 0.001030
Train Epoch: 185 [32000/50000 (63.9%)]	Loss: 0.001118
Train Epoch: 185 [38400/50000 (76.7%)]	Loss: 0.004060
Train Epoch: 185 [44800/50000 (89.5%)]	Loss: 0.005647

Test set: Average loss: 0.3159, Accuracy: 9315/10000 (93.0%)

Train Epoch: 186 [0/50000 (0.0%)]	Loss: 0.002484
Train Epoch: 186 [6400/50000 (12.8%)]	Loss: 0.027034
Train Epoch: 186 [12800/50000 (25.6%)]	Loss: 0.018735
Train Epoch: 186 [19200/50000 (38.4%)]	Loss: 0.004333
Train Epoch: 186 [25600/50000 (51.2%)]	Loss: 0.001505
Train Epoch: 186 [32000/50000 (63.9%)]	Loss: 0.000760
Train Epoch: 186 [38400/50000 (76.7%)]	Loss: 0.014649
Train Epoch: 186 [44800/50000 (89.5%)]	Loss: 0.000822

Test set: Average loss: 0.3128, Accuracy: 9329/10000 (93.0%)

Train Epoch: 187 [0/50000 (0.0%)]	Loss: 0.002337
Train Epoch: 187 [6400/50000 (12.8%)]	Loss: 0.001102
Train Epoch: 187 [12800/50000 (25.6%)]	Loss: 0.003351
Train Epoch: 187 [19200/50000 (38.4%)]	Loss: 0.002220
Train Epoch: 187 [25600/50000 (51.2%)]	Loss: 0.004553
Train Epoch: 187 [32000/50000 (63.9%)]	Loss: 0.013951
Train Epoch: 187 [38400/50000 (76.7%)]	Loss: 0.002106
Train Epoch: 187 [44800/50000 (89.5%)]	Loss: 0.001056

Test set: Average loss: 0.3122, Accuracy: 9334/10000 (93.0%)

Train Epoch: 188 [0/50000 (0.0%)]	Loss: 0.000963
Train Epoch: 188 [6400/50000 (12.8%)]	Loss: 0.020603
Train Epoch: 188 [12800/50000 (25.6%)]	Loss: 0.000926
Train Epoch: 188 [19200/50000 (38.4%)]	Loss: 0.000911
Train Epoch: 188 [25600/50000 (51.2%)]	Loss: 0.000945
Train Epoch: 188 [32000/50000 (63.9%)]	Loss: 0.001472
Train Epoch: 188 [38400/50000 (76.7%)]	Loss: 0.001884
Train Epoch: 188 [44800/50000 (89.5%)]	Loss: 0.002038

Test set: Average loss: 0.3120, Accuracy: 9332/10000 (93.0%)

Train Epoch: 189 [0/50000 (0.0%)]	Loss: 0.006754
Train Epoch: 189 [6400/50000 (12.8%)]	Loss: 0.001282
Train Epoch: 189 [12800/50000 (25.6%)]	Loss: 0.010474
Train Epoch: 189 [19200/50000 (38.4%)]	Loss: 0.001330
Train Epoch: 189 [25600/50000 (51.2%)]	Loss: 0.004430
Train Epoch: 189 [32000/50000 (63.9%)]	Loss: 0.000587
Train Epoch: 189 [38400/50000 (76.7%)]	Loss: 0.001069
Train Epoch: 189 [44800/50000 (89.5%)]	Loss: 0.001933

Test set: Average loss: 0.3128, Accuracy: 9346/10000 (93.0%)

Train Epoch: 190 [0/50000 (0.0%)]	Loss: 0.003338
Train Epoch: 190 [6400/50000 (12.8%)]	Loss: 0.002157
Train Epoch: 190 [12800/50000 (25.6%)]	Loss: 0.007766
Train Epoch: 190 [19200/50000 (38.4%)]	Loss: 0.007542
Train Epoch: 190 [25600/50000 (51.2%)]	Loss: 0.048324
Train Epoch: 190 [32000/50000 (63.9%)]	Loss: 0.003665
Train Epoch: 190 [38400/50000 (76.7%)]	Loss: 0.001223
Train Epoch: 190 [44800/50000 (89.5%)]	Loss: 0.002119

Test set: Average loss: 0.3130, Accuracy: 9349/10000 (93.0%)

Train Epoch: 191 [0/50000 (0.0%)]	Loss: 0.001142
Train Epoch: 191 [6400/50000 (12.8%)]	Loss: 0.001076
Train Epoch: 191 [12800/50000 (25.6%)]	Loss: 0.005048
Train Epoch: 191 [19200/50000 (38.4%)]	Loss: 0.000637
Train Epoch: 191 [25600/50000 (51.2%)]	Loss: 0.000965
Train Epoch: 191 [32000/50000 (63.9%)]	Loss: 0.003191
Train Epoch: 191 [38400/50000 (76.7%)]	Loss: 0.002930
Train Epoch: 191 [44800/50000 (89.5%)]	Loss: 0.002524

Test set: Average loss: 0.3100, Accuracy: 9340/10000 (93.0%)

Train Epoch: 192 [0/50000 (0.0%)]	Loss: 0.001304
Train Epoch: 192 [6400/50000 (12.8%)]	Loss: 0.003272
Train Epoch: 192 [12800/50000 (25.6%)]	Loss: 0.011752
Train Epoch: 192 [19200/50000 (38.4%)]	Loss: 0.004791
Train Epoch: 192 [25600/50000 (51.2%)]	Loss: 0.001026
Train Epoch: 192 [32000/50000 (63.9%)]	Loss: 0.006177
Train Epoch: 192 [38400/50000 (76.7%)]	Loss: 0.012512
Train Epoch: 192 [44800/50000 (89.5%)]	Loss: 0.012818

Test set: Average loss: 0.3122, Accuracy: 9334/10000 (93.0%)

Train Epoch: 193 [0/50000 (0.0%)]	Loss: 0.005541
Train Epoch: 193 [6400/50000 (12.8%)]	Loss: 0.006156
Train Epoch: 193 [12800/50000 (25.6%)]	Loss: 0.001761
Train Epoch: 193 [19200/50000 (38.4%)]	Loss: 0.001709
Train Epoch: 193 [25600/50000 (51.2%)]	Loss: 0.001654
Train Epoch: 193 [32000/50000 (63.9%)]	Loss: 0.004406
Train Epoch: 193 [38400/50000 (76.7%)]	Loss: 0.004194
Train Epoch: 193 [44800/50000 (89.5%)]	Loss: 0.004907

Test set: Average loss: 0.3116, Accuracy: 9337/10000 (93.0%)

Train Epoch: 194 [0/50000 (0.0%)]	Loss: 0.001221
Train Epoch: 194 [6400/50000 (12.8%)]	Loss: 0.002353
Train Epoch: 194 [12800/50000 (25.6%)]	Loss: 0.015466
Train Epoch: 194 [19200/50000 (38.4%)]	Loss: 0.005487
Train Epoch: 194 [25600/50000 (51.2%)]	Loss: 0.014434
Train Epoch: 194 [32000/50000 (63.9%)]	Loss: 0.001212
Train Epoch: 194 [38400/50000 (76.7%)]	Loss: 0.001345
Train Epoch: 194 [44800/50000 (89.5%)]	Loss: 0.005414

Test set: Average loss: 0.3111, Accuracy: 9339/10000 (93.0%)

Train Epoch: 195 [0/50000 (0.0%)]	Loss: 0.002276
Train Epoch: 195 [6400/50000 (12.8%)]	Loss: 0.000877
Train Epoch: 195 [12800/50000 (25.6%)]	Loss: 0.001029
Train Epoch: 195 [19200/50000 (38.4%)]	Loss: 0.008270
Train Epoch: 195 [25600/50000 (51.2%)]	Loss: 0.001860
Train Epoch: 195 [32000/50000 (63.9%)]	Loss: 0.002239
Train Epoch: 195 [38400/50000 (76.7%)]	Loss: 0.001730
Train Epoch: 195 [44800/50000 (89.5%)]	Loss: 0.007199

Test set: Average loss: 0.3155, Accuracy: 9335/10000 (93.0%)

Train Epoch: 196 [0/50000 (0.0%)]	Loss: 0.005030
Train Epoch: 196 [6400/50000 (12.8%)]	Loss: 0.004048
Train Epoch: 196 [12800/50000 (25.6%)]	Loss: 0.001698
Train Epoch: 196 [19200/50000 (38.4%)]	Loss: 0.000930
Train Epoch: 196 [25600/50000 (51.2%)]	Loss: 0.002547
Train Epoch: 196 [32000/50000 (63.9%)]	Loss: 0.001803
Train Epoch: 196 [38400/50000 (76.7%)]	Loss: 0.008550
Train Epoch: 196 [44800/50000 (89.5%)]	Loss: 0.001572

Test set: Average loss: 0.3184, Accuracy: 9339/10000 (93.0%)

Train Epoch: 197 [0/50000 (0.0%)]	Loss: 0.002342
Train Epoch: 197 [6400/50000 (12.8%)]	Loss: 0.001358
Train Epoch: 197 [12800/50000 (25.6%)]	Loss: 0.001287
Train Epoch: 197 [19200/50000 (38.4%)]	Loss: 0.000958
Train Epoch: 197 [25600/50000 (51.2%)]	Loss: 0.001758
Train Epoch: 197 [32000/50000 (63.9%)]	Loss: 0.001625
Train Epoch: 197 [38400/50000 (76.7%)]	Loss: 0.001103
Train Epoch: 197 [44800/50000 (89.5%)]	Loss: 0.001969

Test set: Average loss: 0.3113, Accuracy: 9334/10000 (93.0%)

Train Epoch: 198 [0/50000 (0.0%)]	Loss: 0.001128
Train Epoch: 198 [6400/50000 (12.8%)]	Loss: 0.000980
Train Epoch: 198 [12800/50000 (25.6%)]	Loss: 0.001645
Train Epoch: 198 [19200/50000 (38.4%)]	Loss: 0.001707
Train Epoch: 198 [25600/50000 (51.2%)]	Loss: 0.001724
Train Epoch: 198 [32000/50000 (63.9%)]	Loss: 0.000977
Train Epoch: 198 [38400/50000 (76.7%)]	Loss: 0.001430
Train Epoch: 198 [44800/50000 (89.5%)]	Loss: 0.000872

Test set: Average loss: 0.3127, Accuracy: 9325/10000 (93.0%)

Train Epoch: 199 [0/50000 (0.0%)]	Loss: 0.005478
Train Epoch: 199 [6400/50000 (12.8%)]	Loss: 0.003596
Train Epoch: 199 [12800/50000 (25.6%)]	Loss: 0.002025
Train Epoch: 199 [19200/50000 (38.4%)]	Loss: 0.000885
Train Epoch: 199 [25600/50000 (51.2%)]	Loss: 0.001831
Train Epoch: 199 [32000/50000 (63.9%)]	Loss: 0.002667
Train Epoch: 199 [38400/50000 (76.7%)]	Loss: 0.014237
Train Epoch: 199 [44800/50000 (89.5%)]	Loss: 0.004222

Test set: Average loss: 0.3124, Accuracy: 9321/10000 (93.0%)

Best accuracy: 0.9371
